30-Oct-2023 07:57:40.188 INFO [main] org.apache.catalina.startup.VersionLoggerListener.log Nombre de la versión del servidor: Apache Tomcat/9.0.41
30-Oct-2023 07:57:40.193 INFO [main] org.apache.catalina.startup.VersionLoggerListener.log Server built:                      Dec 3 2020 11:43:00 UTC
30-Oct-2023 07:57:40.193 INFO [main] org.apache.catalina.startup.VersionLoggerListener.log Número de versión de servidor:     9.0.41.0
30-Oct-2023 07:57:40.193 INFO [main] org.apache.catalina.startup.VersionLoggerListener.log OS Name:                           Windows 10
30-Oct-2023 07:57:40.193 INFO [main] org.apache.catalina.startup.VersionLoggerListener.log Versión de Systema Operativo:      10.0
30-Oct-2023 07:57:40.193 INFO [main] org.apache.catalina.startup.VersionLoggerListener.log Arquitectura:                      amd64
30-Oct-2023 07:57:40.194 INFO [main] org.apache.catalina.startup.VersionLoggerListener.log Java Home:                         C:\Program Files\Java\jdk-17.0.2
30-Oct-2023 07:57:40.194 INFO [main] org.apache.catalina.startup.VersionLoggerListener.log JVM Version:                       17.0.2+8-LTS-86
30-Oct-2023 07:57:40.194 INFO [main] org.apache.catalina.startup.VersionLoggerListener.log Vededor JVM:                       Oracle Corporation
30-Oct-2023 07:57:40.194 INFO [main] org.apache.catalina.startup.VersionLoggerListener.log CATALINA_BASE:                     C:\Users\ET36\Desktop\TP_Final_Integrador\Conectores\apache-tomcat-9.0.41
30-Oct-2023 07:57:40.194 INFO [main] org.apache.catalina.startup.VersionLoggerListener.log CATALINA_HOME:                     C:\Users\ET36\Desktop\TP_Final_Integrador\Conectores\apache-tomcat-9.0.41
30-Oct-2023 07:57:40.206 INFO [main] org.apache.catalina.startup.VersionLoggerListener.log Command line argument:             --add-opens=java.base/java.lang=ALL-UNNAMED
30-Oct-2023 07:57:40.206 INFO [main] org.apache.catalina.startup.VersionLoggerListener.log Command line argument:             --add-opens=java.base/java.io=ALL-UNNAMED
30-Oct-2023 07:57:40.207 INFO [main] org.apache.catalina.startup.VersionLoggerListener.log Command line argument:             --add-opens=java.rmi/sun.rmi.transport=ALL-UNNAMED
30-Oct-2023 07:57:40.207 INFO [main] org.apache.catalina.startup.VersionLoggerListener.log Command line argument:             -Djava.util.logging.config.file=C:\Users\ET36\Desktop\TP_Final_Integrador\Conectores\apache-tomcat-9.0.41\conf\logging.properties
30-Oct-2023 07:57:40.207 INFO [main] org.apache.catalina.startup.VersionLoggerListener.log Command line argument:             -Djava.util.logging.manager=org.apache.juli.ClassLoaderLogManager
30-Oct-2023 07:57:40.207 INFO [main] org.apache.catalina.startup.VersionLoggerListener.log Command line argument:             -Dhttp.nonProxyHosts=localhost|127.0.0.1|DESKTOP-U7EIME1
30-Oct-2023 07:57:40.207 INFO [main] org.apache.catalina.startup.VersionLoggerListener.log Command line argument:             -Djdk.tls.ephemeralDHKeySize=2048
30-Oct-2023 07:57:40.207 INFO [main] org.apache.catalina.startup.VersionLoggerListener.log Command line argument:             -Djava.protocol.handler.pkgs=org.apache.catalina.webresources
30-Oct-2023 07:57:40.208 INFO [main] org.apache.catalina.startup.VersionLoggerListener.log Command line argument:             -Dignore.endorsed.dirs=
30-Oct-2023 07:57:40.208 INFO [main] org.apache.catalina.startup.VersionLoggerListener.log Command line argument:             -Dcatalina.base=C:\Users\ET36\Desktop\TP_Final_Integrador\Conectores\apache-tomcat-9.0.41
30-Oct-2023 07:57:40.208 INFO [main] org.apache.catalina.startup.VersionLoggerListener.log Command line argument:             -Dcatalina.home=C:\Users\ET36\Desktop\TP_Final_Integrador\Conectores\apache-tomcat-9.0.41
30-Oct-2023 07:57:40.208 INFO [main] org.apache.catalina.startup.VersionLoggerListener.log Command line argument:             -Djava.io.tmpdir=C:\Users\ET36\Desktop\TP_Final_Integrador\Conectores\apache-tomcat-9.0.41\temp
30-Oct-2023 07:57:40.211 INFO [main] org.apache.catalina.core.AprLifecycleListener.lifecycleEvent Cargada la biblioteca nativa APR de Apache Tomcat [1.2.25] con la versión APR [1.7.0].
30-Oct-2023 07:57:40.286 INFO [main] org.apache.catalina.core.AprLifecycleListener.lifecycleEvent Capacidades APR: IPv6 [true], enviar fichero [true], aceptar filtros [false], aleatorio [true].
30-Oct-2023 07:57:40.286 INFO [main] org.apache.catalina.core.AprLifecycleListener.lifecycleEvent APR/OpenSSL configuration: useAprConnector [false], useOpenSSL [true]
30-Oct-2023 07:57:40.290 INFO [main] org.apache.catalina.core.AprLifecycleListener.initializeSSL OpenSSL inicializado correctamente [OpenSSL 1.1.1g  21 Apr 2020]
30-Oct-2023 07:57:40.571 INFO [main] org.apache.coyote.AbstractProtocol.init Inicializando el manejador de protocolo ["http-nio-8089"]

30-Oct-2023 07:57:40.804 INFO [main] org.apache.catalina.startup.Catalina.load Server initialization in [1057] milliseconds
30-Oct-2023 07:57:41.279 INFO [main] org.apache.catalina.core.StandardService.startInternal Arrancando servicio [Catalina]
30-Oct-2023 07:57:41.279 INFO [main] org.apache.catalina.core.StandardEngine.startInternal Starting Servlet engine: [Apache Tomcat/9.0.41]
30-Oct-2023 07:57:41.286 INFO [main] org.apache.catalina.startup.HostConfig.deployDescriptor Desplieque del descriptor de configuración [C:\Users\ET36\Desktop\TP_Final_Integrador\Conectores\apache-tomcat-9.0.41\conf\Catalina\localhost\Tienda.xml]
30-Oct-2023 07:57:41.297 WARNING [main] org.apache.catalina.startup.HostConfig.deployDescriptor The path attribute with value [/Tienda] in deployment descriptor [C:\Users\ET36\Desktop\TP_Final_Integrador\Conectores\apache-tomcat-9.0.41\conf\Catalina\localhost\Tienda.xml] has been ignored
30-Oct-2023 07:57:41.318 SEVERE [main] org.apache.catalina.startup.HostConfig.deployDescriptor Error durante el despliegue del descriptor de configuración [C:\Users\ET36\Desktop\TP_Final_Integrador\Conectores\apache-tomcat-9.0.41\conf\Catalina\localhost\Tienda.xml]
	java.lang.IllegalStateException: Error starting child
		at org.apache.catalina.core.ContainerBase.addChildInternal(ContainerBase.java:720)
		at org.apache.catalina.core.ContainerBase.addChild(ContainerBase.java:690)
		at org.apache.catalina.core.StandardHost.addChild(StandardHost.java:706)
		at org.apache.catalina.startup.HostConfig.deployDescriptor(HostConfig.java:631)
		at org.apache.catalina.startup.HostConfig$DeployDescriptor.run(HostConfig.java:1830)
		at java.base/java.util.concurrent.Executors$RunnableAdapter.call(Executors.java:539)
		at java.base/java.util.concurrent.FutureTask.run(FutureTask.java:264)
		at org.apache.tomcat.util.threads.InlineExecutorService.execute(InlineExecutorService.java:75)
		at java.base/java.util.concurrent.AbstractExecutorService.submit(AbstractExecutorService.java:123)
		at org.apache.catalina.startup.HostConfig.deployDescriptors(HostConfig.java:526)
		at org.apache.catalina.startup.HostConfig.deployApps(HostConfig.java:425)
		at org.apache.catalina.startup.HostConfig.start(HostConfig.java:1576)
		at org.apache.catalina.startup.HostConfig.lifecycleEvent(HostConfig.java:309)
		at org.apache.catalina.util.LifecycleBase.fireLifecycleEvent(LifecycleBase.java:123)
		at org.apache.catalina.util.LifecycleBase.setStateInternal(LifecycleBase.java:423)
		at org.apache.catalina.util.LifecycleBase.setState(LifecycleBase.java:366)
		at org.apache.catalina.core.ContainerBase.startInternal(ContainerBase.java:936)
		at org.apache.catalina.core.StandardHost.startInternal(StandardHost.java:843)
		at org.apache.catalina.util.LifecycleBase.start(LifecycleBase.java:183)
		at org.apache.catalina.core.ContainerBase$StartChild.call(ContainerBase.java:1384)
		at org.apache.catalina.core.ContainerBase$StartChild.call(ContainerBase.java:1374)
		at java.base/java.util.concurrent.FutureTask.run(FutureTask.java:264)
		at org.apache.tomcat.util.threads.InlineExecutorService.execute(InlineExecutorService.java:75)
		at java.base/java.util.concurrent.AbstractExecutorService.submit(AbstractExecutorService.java:145)
		at org.apache.catalina.core.ContainerBase.startInternal(ContainerBase.java:909)
		at org.apache.catalina.core.StandardEngine.startInternal(StandardEngine.java:262)
		at org.apache.catalina.util.LifecycleBase.start(LifecycleBase.java:183)
		at org.apache.catalina.core.StandardService.startInternal(StandardService.java:434)
		at org.apache.catalina.util.LifecycleBase.start(LifecycleBase.java:183)
		at org.apache.catalina.core.StandardServer.startInternal(StandardServer.java:930)
		at org.apache.catalina.util.LifecycleBase.start(LifecycleBase.java:183)
		at org.apache.catalina.startup.Catalina.start(Catalina.java:772)
		at java.base/jdk.internal.reflect.NativeMethodAccessorImpl.invoke0(Native Method)
		at java.base/jdk.internal.reflect.NativeMethodAccessorImpl.invoke(NativeMethodAccessorImpl.java:77)
		at java.base/jdk.internal.reflect.DelegatingMethodAccessorImpl.invoke(DelegatingMethodAccessorImpl.java:43)
		at java.base/java.lang.reflect.Method.invoke(Method.java:568)
		at org.apache.catalina.startup.Bootstrap.start(Bootstrap.java:342)
		at org.apache.catalina.startup.Bootstrap.main(Bootstrap.java:473)
	Caused by: org.apache.catalina.LifecycleException: Failed to start component [org.apache.catalina.webresources.StandardRoot@4b7dc788]
		at org.apache.catalina.util.LifecycleBase.handleSubClassException(LifecycleBase.java:440)
		at org.apache.catalina.util.LifecycleBase.start(LifecycleBase.java:198)
		at org.apache.catalina.core.StandardContext.resourcesStart(StandardContext.java:4830)
		at org.apache.catalina.core.StandardContext.startInternal(StandardContext.java:4966)
		at org.apache.catalina.util.LifecycleBase.start(LifecycleBase.java:183)
		at org.apache.catalina.core.ContainerBase.addChildInternal(ContainerBase.java:717)
		... 37 more
	Caused by: java.lang.IllegalArgumentException: The main resource set specified [C:\Users\karin\OneDrive\Escritorio\TP_Final_Integrador\Tienda\build\web] is not valid
		at org.apache.catalina.webresources.StandardRoot.createMainResourceSet(StandardRoot.java:751)
		at org.apache.catalina.webresources.StandardRoot.startInternal(StandardRoot.java:708)
		at org.apache.catalina.util.LifecycleBase.start(LifecycleBase.java:183)
		... 41 more
30-Oct-2023 07:57:41.366 INFO [main] org.apache.catalina.startup.HostConfig.deployDescriptor Deployment of deployment descriptor [C:\Users\ET36\Desktop\TP_Final_Integrador\Conectores\apache-tomcat-9.0.41\conf\Catalina\localhost\Tienda.xml] has finished in [78] ms
30-Oct-2023 07:57:41.367 INFO [main] org.apache.catalina.startup.HostConfig.deployDirectory Desplegando el directorio [C:\Users\ET36\Desktop\TP_Final_Integrador\Conectores\apache-tomcat-9.0.41\webapps\docs] de la aplicación web
30-Oct-2023 07:57:41.632 INFO [main] org.apache.jasper.servlet.TldScanner.scanJars Al menos un JAR, que se ha explorado buscando TLDs, aún no contenía TLDs. Activar historial de depuración para este historiador para una completa lista de los JARs que fueron explorados y de los que nos se halló TLDs. Saltarse JARs no necesarios durante la exploración puede dar lugar a una mejora de tiempo significativa en el arranque y compilación de JSP .
30-Oct-2023 07:57:41.686 INFO [main] org.apache.catalina.startup.HostConfig.deployDirectory Deployment of web application directory [C:\Users\ET36\Desktop\TP_Final_Integrador\Conectores\apache-tomcat-9.0.41\webapps\docs] has finished in [319] ms
30-Oct-2023 07:57:41.687 INFO [main] org.apache.catalina.startup.HostConfig.deployDirectory Desplegando el directorio [C:\Users\ET36\Desktop\TP_Final_Integrador\Conectores\apache-tomcat-9.0.41\webapps\examples] de la aplicación web
30-Oct-2023 07:57:42.141 INFO [main] org.apache.jasper.servlet.TldScanner.scanJars Al menos un JAR, que se ha explorado buscando TLDs, aún no contenía TLDs. Activar historial de depuración para este historiador para una completa lista de los JARs que fueron explorados y de los que nos se halló TLDs. Saltarse JARs no necesarios durante la exploración puede dar lugar a una mejora de tiempo significativa en el arranque y compilación de JSP .
30-Oct-2023 07:57:42.201 INFO [main] org.apache.catalina.startup.HostConfig.deployDirectory Deployment of web application directory [C:\Users\ET36\Desktop\TP_Final_Integrador\Conectores\apache-tomcat-9.0.41\webapps\examples] has finished in [514] ms
30-Oct-2023 07:57:42.201 INFO [main] org.apache.catalina.startup.HostConfig.deployDirectory Desplegando el directorio [C:\Users\ET36\Desktop\TP_Final_Integrador\Conectores\apache-tomcat-9.0.41\webapps\host-manager] de la aplicación web
30-Oct-2023 07:57:42.281 INFO [main] org.apache.jasper.servlet.TldScanner.scanJars Al menos un JAR, que se ha explorado buscando TLDs, aún no contenía TLDs. Activar historial de depuración para este historiador para una completa lista de los JARs que fueron explorados y de los que nos se halló TLDs. Saltarse JARs no necesarios durante la exploración puede dar lugar a una mejora de tiempo significativa en el arranque y compilación de JSP .
30-Oct-2023 07:57:42.281 INFO [main] org.apache.catalina.startup.HostConfig.deployDirectory Deployment of web application directory [C:\Users\ET36\Desktop\TP_Final_Integrador\Conectores\apache-tomcat-9.0.41\webapps\host-manager] has finished in [80] ms
30-Oct-2023 07:57:42.281 INFO [main] org.apache.catalina.startup.HostConfig.deployDirectory Desplegando el directorio [C:\Users\ET36\Desktop\TP_Final_Integrador\Conectores\apache-tomcat-9.0.41\webapps\manager] de la aplicación web
30-Oct-2023 07:57:42.395 INFO [main] org.apache.jasper.servlet.TldScanner.scanJars Al menos un JAR, que se ha explorado buscando TLDs, aún no contenía TLDs. Activar historial de depuración para este historiador para una completa lista de los JARs que fueron explorados y de los que nos se halló TLDs. Saltarse JARs no necesarios durante la exploración puede dar lugar a una mejora de tiempo significativa en el arranque y compilación de JSP .
30-Oct-2023 07:57:42.398 INFO [main] org.apache.catalina.startup.HostConfig.deployDirectory Deployment of web application directory [C:\Users\ET36\Desktop\TP_Final_Integrador\Conectores\apache-tomcat-9.0.41\webapps\manager] has finished in [117] ms
30-Oct-2023 07:57:42.398 INFO [main] org.apache.catalina.startup.HostConfig.deployDirectory Desplegando el directorio [C:\Users\ET36\Desktop\TP_Final_Integrador\Conectores\apache-tomcat-9.0.41\webapps\ROOT] de la aplicación web
30-Oct-2023 07:57:42.459 INFO [main] org.apache.jasper.servlet.TldScanner.scanJars Al menos un JAR, que se ha explorado buscando TLDs, aún no contenía TLDs. Activar historial de depuración para este historiador para una completa lista de los JARs que fueron explorados y de los que nos se halló TLDs. Saltarse JARs no necesarios durante la exploración puede dar lugar a una mejora de tiempo significativa en el arranque y compilación de JSP .
30-Oct-2023 07:57:42.459 INFO [main] org.apache.catalina.startup.HostConfig.deployDirectory Deployment of web application directory [C:\Users\ET36\Desktop\TP_Final_Integrador\Conectores\apache-tomcat-9.0.41\webapps\ROOT] has finished in [61] ms
30-Oct-2023 07:57:42.480 INFO [main] org.apache.coyote.AbstractProtocol.start Starting ProtocolHandler ["http-nio-8089"]
30-Oct-2023 07:57:42.489 INFO [main] org.apache.catalina.startup.Catalina.start Server startup in [1685] milliseconds
30-Oct-2023 07:57:51.112 INFO [http-nio-8089-exec-8] org.apache.catalina.startup.HostConfig.undeploy Repliegue (undeploy) de la aplicación web que tiene como trayectoria de contexto [/Tienda]
30-Oct-2023 07:57:51.128 INFO [http-nio-8089-exec-7] org.apache.catalina.startup.HostConfig.deployDescriptor Desplieque del descriptor de configuración [C:\Users\ET36\Desktop\TP_Final_Integrador\Conectores\apache-tomcat-9.0.41\conf\Catalina\localhost\Tienda.xml]
30-Oct-2023 07:57:51.129 WARNING [http-nio-8089-exec-7] org.apache.catalina.startup.HostConfig.deployDescriptor The path attribute with value [/Tienda] in deployment descriptor [C:\Users\ET36\Desktop\TP_Final_Integrador\Conectores\apache-tomcat-9.0.41\conf\Catalina\localhost\Tienda.xml] has been ignored
30-Oct-2023 07:57:51.520 INFO [http-nio-8089-exec-7] org.apache.jasper.servlet.TldScanner.scanJars Al menos un JAR, que se ha explorado buscando TLDs, aún no contenía TLDs. Activar historial de depuración para este historiador para una completa lista de los JARs que fueron explorados y de los que nos se halló TLDs. Saltarse JARs no necesarios durante la exploración puede dar lugar a una mejora de tiempo significativa en el arranque y compilación de JSP .
30-Oct-2023 07:57:51.526 INFO [http-nio-8089-exec-7] org.apache.catalina.startup.HostConfig.deployDescriptor Deployment of deployment descriptor [C:\Users\ET36\Desktop\TP_Final_Integrador\Conectores\apache-tomcat-9.0.41\conf\Catalina\localhost\Tienda.xml] has finished in [398] ms
30-Oct-2023 07:57:51.530 INFO [http-nio-8089-exec-3] org.apache.catalina.util.LifecycleBase.start The start() method was called on component [StandardEngine[Catalina].StandardHost[localhost].StandardContext[/Tienda]] after start() had already been called. The second call will be ignored.
