25-Oct-2023 08:11:18.459 INFO [main] org.apache.catalina.startup.VersionLoggerListener.log Nombre de la versión del servidor: Apache Tomcat/9.0.41
25-Oct-2023 08:11:18.476 INFO [main] org.apache.catalina.startup.VersionLoggerListener.log Server built:                      Dec 3 2020 11:43:00 UTC
25-Oct-2023 08:11:18.476 INFO [main] org.apache.catalina.startup.VersionLoggerListener.log Número de versión de servidor:     9.0.41.0
25-Oct-2023 08:11:18.476 INFO [main] org.apache.catalina.startup.VersionLoggerListener.log OS Name:                           Windows 10
25-Oct-2023 08:11:18.476 INFO [main] org.apache.catalina.startup.VersionLoggerListener.log Versión de Systema Operativo:      10.0
25-Oct-2023 08:11:18.476 INFO [main] org.apache.catalina.startup.VersionLoggerListener.log Arquitectura:                      amd64
25-Oct-2023 08:11:18.477 INFO [main] org.apache.catalina.startup.VersionLoggerListener.log Java Home:                         C:\Program Files\Java\jdk-17.0.2
25-Oct-2023 08:11:18.477 INFO [main] org.apache.catalina.startup.VersionLoggerListener.log JVM Version:                       17.0.2+8-LTS-86
25-Oct-2023 08:11:18.477 INFO [main] org.apache.catalina.startup.VersionLoggerListener.log Vededor JVM:                       Oracle Corporation
25-Oct-2023 08:11:18.477 INFO [main] org.apache.catalina.startup.VersionLoggerListener.log CATALINA_BASE:                     C:\Users\ET36\Desktop\TP_Final_Integrador\Conectores\apache-tomcat-9.0.41
25-Oct-2023 08:11:18.477 INFO [main] org.apache.catalina.startup.VersionLoggerListener.log CATALINA_HOME:                     C:\Users\ET36\Desktop\TP_Final_Integrador\Conectores\apache-tomcat-9.0.41
25-Oct-2023 08:11:18.478 INFO [main] org.apache.catalina.startup.VersionLoggerListener.log Command line argument:             --add-opens=java.base/java.lang=ALL-UNNAMED
25-Oct-2023 08:11:18.478 INFO [main] org.apache.catalina.startup.VersionLoggerListener.log Command line argument:             --add-opens=java.base/java.io=ALL-UNNAMED
25-Oct-2023 08:11:18.478 INFO [main] org.apache.catalina.startup.VersionLoggerListener.log Command line argument:             --add-opens=java.rmi/sun.rmi.transport=ALL-UNNAMED
25-Oct-2023 08:11:18.478 INFO [main] org.apache.catalina.startup.VersionLoggerListener.log Command line argument:             -Djava.util.logging.config.file=C:\Users\ET36\Desktop\TP_Final_Integrador\Conectores\apache-tomcat-9.0.41\conf\logging.properties
25-Oct-2023 08:11:18.478 INFO [main] org.apache.catalina.startup.VersionLoggerListener.log Command line argument:             -Djava.util.logging.manager=org.apache.juli.ClassLoaderLogManager
25-Oct-2023 08:11:18.478 INFO [main] org.apache.catalina.startup.VersionLoggerListener.log Command line argument:             -Dhttp.nonProxyHosts=localhost|127.0.0.1|DESKTOP-U7EIME1
25-Oct-2023 08:11:18.479 INFO [main] org.apache.catalina.startup.VersionLoggerListener.log Command line argument:             -Djdk.tls.ephemeralDHKeySize=2048
25-Oct-2023 08:11:18.479 INFO [main] org.apache.catalina.startup.VersionLoggerListener.log Command line argument:             -Djava.protocol.handler.pkgs=org.apache.catalina.webresources
25-Oct-2023 08:11:18.479 INFO [main] org.apache.catalina.startup.VersionLoggerListener.log Command line argument:             -Dignore.endorsed.dirs=
25-Oct-2023 08:11:18.479 INFO [main] org.apache.catalina.startup.VersionLoggerListener.log Command line argument:             -Dcatalina.base=C:\Users\ET36\Desktop\TP_Final_Integrador\Conectores\apache-tomcat-9.0.41
25-Oct-2023 08:11:18.479 INFO [main] org.apache.catalina.startup.VersionLoggerListener.log Command line argument:             -Dcatalina.home=C:\Users\ET36\Desktop\TP_Final_Integrador\Conectores\apache-tomcat-9.0.41
25-Oct-2023 08:11:18.479 INFO [main] org.apache.catalina.startup.VersionLoggerListener.log Command line argument:             -Djava.io.tmpdir=C:\Users\ET36\Desktop\TP_Final_Integrador\Conectores\apache-tomcat-9.0.41\temp
25-Oct-2023 08:11:18.483 INFO [main] org.apache.catalina.core.AprLifecycleListener.lifecycleEvent Cargada la biblioteca nativa APR de Apache Tomcat [1.2.25] con la versión APR [1.7.0].
25-Oct-2023 08:11:18.514 INFO [main] org.apache.catalina.core.AprLifecycleListener.lifecycleEvent Capacidades APR: IPv6 [true], enviar fichero [true], aceptar filtros [false], aleatorio [true].
25-Oct-2023 08:11:18.514 INFO [main] org.apache.catalina.core.AprLifecycleListener.lifecycleEvent APR/OpenSSL configuration: useAprConnector [false], useOpenSSL [true]
25-Oct-2023 08:11:18.519 INFO [main] org.apache.catalina.core.AprLifecycleListener.initializeSSL OpenSSL inicializado correctamente [OpenSSL 1.1.1g  21 Apr 2020]
25-Oct-2023 08:11:18.824 INFO [main] org.apache.coyote.AbstractProtocol.init Inicializando el manejador de protocolo ["http-nio-8089"]

25-Oct-2023 08:11:18.959 INFO [main] org.apache.catalina.startup.Catalina.load Server initialization in [724] milliseconds
25-Oct-2023 08:11:19.029 INFO [main] org.apache.catalina.core.StandardService.startInternal Arrancando servicio [Catalina]
25-Oct-2023 08:11:19.029 INFO [main] org.apache.catalina.core.StandardEngine.startInternal Starting Servlet engine: [Apache Tomcat/9.0.41]
25-Oct-2023 08:11:19.039 INFO [main] org.apache.catalina.startup.HostConfig.deployDirectory Desplegando el directorio [C:\Users\ET36\Desktop\TP_Final_Integrador\Conectores\apache-tomcat-9.0.41\webapps\docs] de la aplicación web
25-Oct-2023 08:11:19.296 INFO [main] org.apache.jasper.servlet.TldScanner.scanJars Al menos un JAR, que se ha explorado buscando TLDs, aún no contenía TLDs. Activar historial de depuración para este historiador para una completa lista de los JARs que fueron explorados y de los que nos se halló TLDs. Saltarse JARs no necesarios durante la exploración puede dar lugar a una mejora de tiempo significativa en el arranque y compilación de JSP .
25-Oct-2023 08:11:19.349 INFO [main] org.apache.catalina.startup.HostConfig.deployDirectory Deployment of web application directory [C:\Users\ET36\Desktop\TP_Final_Integrador\Conectores\apache-tomcat-9.0.41\webapps\docs] has finished in [309] ms
25-Oct-2023 08:11:19.349 INFO [main] org.apache.catalina.startup.HostConfig.deployDirectory Desplegando el directorio [C:\Users\ET36\Desktop\TP_Final_Integrador\Conectores\apache-tomcat-9.0.41\webapps\examples] de la aplicación web
25-Oct-2023 08:11:19.664 INFO [main] org.apache.jasper.servlet.TldScanner.scanJars Al menos un JAR, que se ha explorado buscando TLDs, aún no contenía TLDs. Activar historial de depuración para este historiador para una completa lista de los JARs que fueron explorados y de los que nos se halló TLDs. Saltarse JARs no necesarios durante la exploración puede dar lugar a una mejora de tiempo significativa en el arranque y compilación de JSP .
25-Oct-2023 08:11:19.727 INFO [main] org.apache.catalina.startup.HostConfig.deployDirectory Deployment of web application directory [C:\Users\ET36\Desktop\TP_Final_Integrador\Conectores\apache-tomcat-9.0.41\webapps\examples] has finished in [378] ms
25-Oct-2023 08:11:19.727 INFO [main] org.apache.catalina.startup.HostConfig.deployDirectory Desplegando el directorio [C:\Users\ET36\Desktop\TP_Final_Integrador\Conectores\apache-tomcat-9.0.41\webapps\host-manager] de la aplicación web
25-Oct-2023 08:11:19.829 INFO [main] org.apache.jasper.servlet.TldScanner.scanJars Al menos un JAR, que se ha explorado buscando TLDs, aún no contenía TLDs. Activar historial de depuración para este historiador para una completa lista de los JARs que fueron explorados y de los que nos se halló TLDs. Saltarse JARs no necesarios durante la exploración puede dar lugar a una mejora de tiempo significativa en el arranque y compilación de JSP .
25-Oct-2023 08:11:19.835 INFO [main] org.apache.catalina.startup.HostConfig.deployDirectory Deployment of web application directory [C:\Users\ET36\Desktop\TP_Final_Integrador\Conectores\apache-tomcat-9.0.41\webapps\host-manager] has finished in [108] ms
25-Oct-2023 08:11:19.835 INFO [main] org.apache.catalina.startup.HostConfig.deployDirectory Desplegando el directorio [C:\Users\ET36\Desktop\TP_Final_Integrador\Conectores\apache-tomcat-9.0.41\webapps\manager] de la aplicación web
25-Oct-2023 08:11:19.930 INFO [main] org.apache.jasper.servlet.TldScanner.scanJars Al menos un JAR, que se ha explorado buscando TLDs, aún no contenía TLDs. Activar historial de depuración para este historiador para una completa lista de los JARs que fueron explorados y de los que nos se halló TLDs. Saltarse JARs no necesarios durante la exploración puede dar lugar a una mejora de tiempo significativa en el arranque y compilación de JSP .
25-Oct-2023 08:11:19.934 INFO [main] org.apache.catalina.startup.HostConfig.deployDirectory Deployment of web application directory [C:\Users\ET36\Desktop\TP_Final_Integrador\Conectores\apache-tomcat-9.0.41\webapps\manager] has finished in [98] ms
25-Oct-2023 08:11:19.934 INFO [main] org.apache.catalina.startup.HostConfig.deployDirectory Desplegando el directorio [C:\Users\ET36\Desktop\TP_Final_Integrador\Conectores\apache-tomcat-9.0.41\webapps\ROOT] de la aplicación web
25-Oct-2023 08:11:20.007 INFO [main] org.apache.jasper.servlet.TldScanner.scanJars Al menos un JAR, que se ha explorado buscando TLDs, aún no contenía TLDs. Activar historial de depuración para este historiador para una completa lista de los JARs que fueron explorados y de los que nos se halló TLDs. Saltarse JARs no necesarios durante la exploración puede dar lugar a una mejora de tiempo significativa en el arranque y compilación de JSP .
25-Oct-2023 08:11:20.011 INFO [main] org.apache.catalina.startup.HostConfig.deployDirectory Deployment of web application directory [C:\Users\ET36\Desktop\TP_Final_Integrador\Conectores\apache-tomcat-9.0.41\webapps\ROOT] has finished in [77] ms
25-Oct-2023 08:11:20.014 INFO [main] org.apache.coyote.AbstractProtocol.start Starting ProtocolHandler ["http-nio-8089"]
25-Oct-2023 08:11:20.024 INFO [main] org.apache.catalina.startup.Catalina.start Server startup in [1051] milliseconds
25-Oct-2023 08:11:26.784 INFO [http-nio-8089-exec-8] org.apache.catalina.startup.HostConfig.deployDescriptor Desplieque del descriptor de configuración [C:\Users\ET36\Desktop\TP_Final_Integrador\Conectores\apache-tomcat-9.0.41\conf\Catalina\localhost\Tienda.xml]
25-Oct-2023 08:11:26.785 WARNING [http-nio-8089-exec-8] org.apache.catalina.startup.HostConfig.deployDescriptor The path attribute with value [/Tienda] in deployment descriptor [C:\Users\ET36\Desktop\TP_Final_Integrador\Conectores\apache-tomcat-9.0.41\conf\Catalina\localhost\Tienda.xml] has been ignored
25-Oct-2023 08:11:26.848 INFO [http-nio-8089-exec-8] org.apache.jasper.servlet.TldScanner.scanJars Al menos un JAR, que se ha explorado buscando TLDs, aún no contenía TLDs. Activar historial de depuración para este historiador para una completa lista de los JARs que fueron explorados y de los que nos se halló TLDs. Saltarse JARs no necesarios durante la exploración puede dar lugar a una mejora de tiempo significativa en el arranque y compilación de JSP .
25-Oct-2023 08:11:26.854 INFO [http-nio-8089-exec-8] org.apache.catalina.startup.HostConfig.deployDescriptor Deployment of deployment descriptor [C:\Users\ET36\Desktop\TP_Final_Integrador\Conectores\apache-tomcat-9.0.41\conf\Catalina\localhost\Tienda.xml] has finished in [70] ms
25-Oct-2023 08:11:26.858 INFO [http-nio-8089-exec-9] org.apache.catalina.util.LifecycleBase.start The start() method was called on component [StandardEngine[Catalina].StandardHost[localhost].StandardContext[/Tienda]] after start() had already been called. The second call will be ignored.
25-Oct-2023 09:30:22.032 INFO [main] org.apache.catalina.core.StandardServer.await Se ha recibido un comando de apagado a través del puerto de apagado. Parando la instancia del Servidor.
25-Oct-2023 09:30:22.032 INFO [main] org.apache.coyote.AbstractProtocol.pause Pausing ProtocolHandler ["http-nio-8089"]
25-Oct-2023 09:30:22.045 INFO [main] org.apache.catalina.core.StandardService.stopInternal Parando servicio [Catalina]
25-Oct-2023 09:30:22.100 INFO [main] org.apache.coyote.AbstractProtocol.stop Stopping ProtocolHandler ["http-nio-8089"]
25-Oct-2023 09:30:22.149 INFO [main] org.apache.coyote.AbstractProtocol.destroy Destroying ProtocolHandler ["http-nio-8089"]
