31-Oct-2023 10:42:07.324 INFO [main] org.apache.catalina.startup.VersionLoggerListener.log Nombre de la versión del servidor: Apache Tomcat/9.0.41
31-Oct-2023 10:42:07.343 INFO [main] org.apache.catalina.startup.VersionLoggerListener.log Server built:                      Dec 3 2020 11:43:00 UTC
31-Oct-2023 10:42:07.343 INFO [main] org.apache.catalina.startup.VersionLoggerListener.log Número de versión de servidor:     9.0.41.0
31-Oct-2023 10:42:07.343 INFO [main] org.apache.catalina.startup.VersionLoggerListener.log OS Name:                           Windows 10
31-Oct-2023 10:42:07.343 INFO [main] org.apache.catalina.startup.VersionLoggerListener.log Versión de Systema Operativo:      10.0
31-Oct-2023 10:42:07.343 INFO [main] org.apache.catalina.startup.VersionLoggerListener.log Arquitectura:                      amd64
31-Oct-2023 10:42:07.343 INFO [main] org.apache.catalina.startup.VersionLoggerListener.log Java Home:                         C:\Program Files\Java\jdk-17.0.2
31-Oct-2023 10:42:07.344 INFO [main] org.apache.catalina.startup.VersionLoggerListener.log JVM Version:                       17.0.2+8-LTS-86
31-Oct-2023 10:42:07.344 INFO [main] org.apache.catalina.startup.VersionLoggerListener.log Vededor JVM:                       Oracle Corporation
31-Oct-2023 10:42:07.344 INFO [main] org.apache.catalina.startup.VersionLoggerListener.log CATALINA_BASE:                     C:\Users\ET36\Desktop\TP_Final_Integrador\Conectores\apache-tomcat-9.0.41
31-Oct-2023 10:42:07.344 INFO [main] org.apache.catalina.startup.VersionLoggerListener.log CATALINA_HOME:                     C:\Users\ET36\Desktop\TP_Final_Integrador\Conectores\apache-tomcat-9.0.41
31-Oct-2023 10:42:07.358 INFO [main] org.apache.catalina.startup.VersionLoggerListener.log Command line argument:             --add-opens=java.base/java.lang=ALL-UNNAMED
31-Oct-2023 10:42:07.358 INFO [main] org.apache.catalina.startup.VersionLoggerListener.log Command line argument:             --add-opens=java.base/java.io=ALL-UNNAMED
31-Oct-2023 10:42:07.358 INFO [main] org.apache.catalina.startup.VersionLoggerListener.log Command line argument:             --add-opens=java.rmi/sun.rmi.transport=ALL-UNNAMED
31-Oct-2023 10:42:07.359 INFO [main] org.apache.catalina.startup.VersionLoggerListener.log Command line argument:             -Djava.util.logging.config.file=C:\Users\ET36\Desktop\TP_Final_Integrador\Conectores\apache-tomcat-9.0.41\conf\logging.properties
31-Oct-2023 10:42:07.359 INFO [main] org.apache.catalina.startup.VersionLoggerListener.log Command line argument:             -Djava.util.logging.manager=org.apache.juli.ClassLoaderLogManager
31-Oct-2023 10:42:07.359 INFO [main] org.apache.catalina.startup.VersionLoggerListener.log Command line argument:             -Dhttp.nonProxyHosts=localhost|127.0.0.1|DESKTOP-U7EIME1
31-Oct-2023 10:42:07.359 INFO [main] org.apache.catalina.startup.VersionLoggerListener.log Command line argument:             -Djdk.tls.ephemeralDHKeySize=2048
31-Oct-2023 10:42:07.359 INFO [main] org.apache.catalina.startup.VersionLoggerListener.log Command line argument:             -Djava.protocol.handler.pkgs=org.apache.catalina.webresources
31-Oct-2023 10:42:07.359 INFO [main] org.apache.catalina.startup.VersionLoggerListener.log Command line argument:             -Dignore.endorsed.dirs=
31-Oct-2023 10:42:07.359 INFO [main] org.apache.catalina.startup.VersionLoggerListener.log Command line argument:             -Dcatalina.base=C:\Users\ET36\Desktop\TP_Final_Integrador\Conectores\apache-tomcat-9.0.41
31-Oct-2023 10:42:07.359 INFO [main] org.apache.catalina.startup.VersionLoggerListener.log Command line argument:             -Dcatalina.home=C:\Users\ET36\Desktop\TP_Final_Integrador\Conectores\apache-tomcat-9.0.41
31-Oct-2023 10:42:07.360 INFO [main] org.apache.catalina.startup.VersionLoggerListener.log Command line argument:             -Djava.io.tmpdir=C:\Users\ET36\Desktop\TP_Final_Integrador\Conectores\apache-tomcat-9.0.41\temp
31-Oct-2023 10:42:07.363 INFO [main] org.apache.catalina.core.AprLifecycleListener.lifecycleEvent Cargada la biblioteca nativa APR de Apache Tomcat [1.2.25] con la versión APR [1.7.0].
31-Oct-2023 10:42:07.388 INFO [main] org.apache.catalina.core.AprLifecycleListener.lifecycleEvent Capacidades APR: IPv6 [true], enviar fichero [true], aceptar filtros [false], aleatorio [true].
31-Oct-2023 10:42:07.388 INFO [main] org.apache.catalina.core.AprLifecycleListener.lifecycleEvent APR/OpenSSL configuration: useAprConnector [false], useOpenSSL [true]
31-Oct-2023 10:42:07.394 INFO [main] org.apache.catalina.core.AprLifecycleListener.initializeSSL OpenSSL inicializado correctamente [OpenSSL 1.1.1g  21 Apr 2020]
31-Oct-2023 10:42:07.705 INFO [main] org.apache.coyote.AbstractProtocol.init Inicializando el manejador de protocolo ["http-nio-8089"]

31-Oct-2023 10:42:07.905 INFO [main] org.apache.catalina.startup.Catalina.load Server initialization in [813] milliseconds
31-Oct-2023 10:42:07.978 INFO [main] org.apache.catalina.core.StandardService.startInternal Arrancando servicio [Catalina]
31-Oct-2023 10:42:07.979 INFO [main] org.apache.catalina.core.StandardEngine.startInternal Starting Servlet engine: [Apache Tomcat/9.0.41]
31-Oct-2023 10:42:07.982 INFO [main] org.apache.catalina.startup.HostConfig.deployDescriptor Desplieque del descriptor de configuración [C:\Users\ET36\Desktop\TP_Final_Integrador\Conectores\apache-tomcat-9.0.41\conf\Catalina\localhost\Tienda.xml]
31-Oct-2023 10:42:07.997 WARNING [main] org.apache.catalina.startup.HostConfig.deployDescriptor The path attribute with value [/Tienda] in deployment descriptor [C:\Users\ET36\Desktop\TP_Final_Integrador\Conectores\apache-tomcat-9.0.41\conf\Catalina\localhost\Tienda.xml] has been ignored
31-Oct-2023 10:42:08.696 INFO [main] org.apache.jasper.servlet.TldScanner.scanJars Al menos un JAR, que se ha explorado buscando TLDs, aún no contenía TLDs. Activar historial de depuración para este historiador para una completa lista de los JARs que fueron explorados y de los que nos se halló TLDs. Saltarse JARs no necesarios durante la exploración puede dar lugar a una mejora de tiempo significativa en el arranque y compilación de JSP .
31-Oct-2023 10:42:08.744 INFO [main] org.apache.catalina.startup.HostConfig.deployDescriptor Deployment of deployment descriptor [C:\Users\ET36\Desktop\TP_Final_Integrador\Conectores\apache-tomcat-9.0.41\conf\Catalina\localhost\Tienda.xml] has finished in [761] ms
31-Oct-2023 10:42:08.745 INFO [main] org.apache.catalina.startup.HostConfig.deployDirectory Desplegando el directorio [C:\Users\ET36\Desktop\TP_Final_Integrador\Conectores\apache-tomcat-9.0.41\webapps\docs] de la aplicación web
31-Oct-2023 10:42:08.825 INFO [main] org.apache.jasper.servlet.TldScanner.scanJars Al menos un JAR, que se ha explorado buscando TLDs, aún no contenía TLDs. Activar historial de depuración para este historiador para una completa lista de los JARs que fueron explorados y de los que nos se halló TLDs. Saltarse JARs no necesarios durante la exploración puede dar lugar a una mejora de tiempo significativa en el arranque y compilación de JSP .
31-Oct-2023 10:42:08.828 INFO [main] org.apache.catalina.startup.HostConfig.deployDirectory Deployment of web application directory [C:\Users\ET36\Desktop\TP_Final_Integrador\Conectores\apache-tomcat-9.0.41\webapps\docs] has finished in [83] ms
31-Oct-2023 10:42:08.828 INFO [main] org.apache.catalina.startup.HostConfig.deployDirectory Desplegando el directorio [C:\Users\ET36\Desktop\TP_Final_Integrador\Conectores\apache-tomcat-9.0.41\webapps\examples] de la aplicación web
31-Oct-2023 10:42:09.148 INFO [main] org.apache.jasper.servlet.TldScanner.scanJars Al menos un JAR, que se ha explorado buscando TLDs, aún no contenía TLDs. Activar historial de depuración para este historiador para una completa lista de los JARs que fueron explorados y de los que nos se halló TLDs. Saltarse JARs no necesarios durante la exploración puede dar lugar a una mejora de tiempo significativa en el arranque y compilación de JSP .
31-Oct-2023 10:42:09.202 INFO [main] org.apache.catalina.startup.HostConfig.deployDirectory Deployment of web application directory [C:\Users\ET36\Desktop\TP_Final_Integrador\Conectores\apache-tomcat-9.0.41\webapps\examples] has finished in [374] ms
31-Oct-2023 10:42:09.202 INFO [main] org.apache.catalina.startup.HostConfig.deployDirectory Desplegando el directorio [C:\Users\ET36\Desktop\TP_Final_Integrador\Conectores\apache-tomcat-9.0.41\webapps\host-manager] de la aplicación web
31-Oct-2023 10:42:09.262 INFO [main] org.apache.jasper.servlet.TldScanner.scanJars Al menos un JAR, que se ha explorado buscando TLDs, aún no contenía TLDs. Activar historial de depuración para este historiador para una completa lista de los JARs que fueron explorados y de los que nos se halló TLDs. Saltarse JARs no necesarios durante la exploración puede dar lugar a una mejora de tiempo significativa en el arranque y compilación de JSP .
31-Oct-2023 10:42:09.262 INFO [main] org.apache.catalina.startup.HostConfig.deployDirectory Deployment of web application directory [C:\Users\ET36\Desktop\TP_Final_Integrador\Conectores\apache-tomcat-9.0.41\webapps\host-manager] has finished in [60] ms
31-Oct-2023 10:42:09.262 INFO [main] org.apache.catalina.startup.HostConfig.deployDirectory Desplegando el directorio [C:\Users\ET36\Desktop\TP_Final_Integrador\Conectores\apache-tomcat-9.0.41\webapps\manager] de la aplicación web
31-Oct-2023 10:42:09.351 INFO [main] org.apache.jasper.servlet.TldScanner.scanJars Al menos un JAR, que se ha explorado buscando TLDs, aún no contenía TLDs. Activar historial de depuración para este historiador para una completa lista de los JARs que fueron explorados y de los que nos se halló TLDs. Saltarse JARs no necesarios durante la exploración puede dar lugar a una mejora de tiempo significativa en el arranque y compilación de JSP .
31-Oct-2023 10:42:09.352 INFO [main] org.apache.catalina.startup.HostConfig.deployDirectory Deployment of web application directory [C:\Users\ET36\Desktop\TP_Final_Integrador\Conectores\apache-tomcat-9.0.41\webapps\manager] has finished in [90] ms
31-Oct-2023 10:42:09.352 INFO [main] org.apache.catalina.startup.HostConfig.deployDirectory Desplegando el directorio [C:\Users\ET36\Desktop\TP_Final_Integrador\Conectores\apache-tomcat-9.0.41\webapps\ROOT] de la aplicación web
31-Oct-2023 10:42:09.405 INFO [main] org.apache.jasper.servlet.TldScanner.scanJars Al menos un JAR, que se ha explorado buscando TLDs, aún no contenía TLDs. Activar historial de depuración para este historiador para una completa lista de los JARs que fueron explorados y de los que nos se halló TLDs. Saltarse JARs no necesarios durante la exploración puede dar lugar a una mejora de tiempo significativa en el arranque y compilación de JSP .
31-Oct-2023 10:42:09.407 INFO [main] org.apache.catalina.startup.HostConfig.deployDirectory Deployment of web application directory [C:\Users\ET36\Desktop\TP_Final_Integrador\Conectores\apache-tomcat-9.0.41\webapps\ROOT] has finished in [55] ms
31-Oct-2023 10:42:09.411 INFO [main] org.apache.coyote.AbstractProtocol.start Starting ProtocolHandler ["http-nio-8089"]
31-Oct-2023 10:42:09.412 INFO [main] org.apache.catalina.startup.Catalina.start Server startup in [1513] milliseconds
31-Oct-2023 10:42:16.594 INFO [http-nio-8089-exec-8] org.apache.catalina.startup.HostConfig.undeploy Repliegue (undeploy) de la aplicación web que tiene como trayectoria de contexto [/Tienda]
31-Oct-2023 10:42:16.615 INFO [http-nio-8089-exec-4] org.apache.catalina.startup.HostConfig.deployDescriptor Desplieque del descriptor de configuración [C:\Users\ET36\Desktop\TP_Final_Integrador\Conectores\apache-tomcat-9.0.41\conf\Catalina\localhost\Tienda.xml]
31-Oct-2023 10:42:16.617 WARNING [http-nio-8089-exec-4] org.apache.catalina.startup.HostConfig.deployDescriptor The path attribute with value [/Tienda] in deployment descriptor [C:\Users\ET36\Desktop\TP_Final_Integrador\Conectores\apache-tomcat-9.0.41\conf\Catalina\localhost\Tienda.xml] has been ignored
31-Oct-2023 10:42:16.939 INFO [http-nio-8089-exec-4] org.apache.jasper.servlet.TldScanner.scanJars Al menos un JAR, que se ha explorado buscando TLDs, aún no contenía TLDs. Activar historial de depuración para este historiador para una completa lista de los JARs que fueron explorados y de los que nos se halló TLDs. Saltarse JARs no necesarios durante la exploración puede dar lugar a una mejora de tiempo significativa en el arranque y compilación de JSP .
31-Oct-2023 10:42:16.939 INFO [http-nio-8089-exec-4] org.apache.catalina.startup.HostConfig.deployDescriptor Deployment of deployment descriptor [C:\Users\ET36\Desktop\TP_Final_Integrador\Conectores\apache-tomcat-9.0.41\conf\Catalina\localhost\Tienda.xml] has finished in [325] ms
31-Oct-2023 10:42:16.957 INFO [http-nio-8089-exec-7] org.apache.catalina.util.LifecycleBase.start The start() method was called on component [StandardEngine[Catalina].StandardHost[localhost].StandardContext[/Tienda]] after start() had already been called. The second call will be ignored.
31-Oct-2023 10:50:06.171 INFO [http-nio-8089-exec-11] org.apache.catalina.core.StandardContext.reload Ha comenzado la recarga de Contexto [/Tienda]
31-Oct-2023 10:50:06.487 INFO [http-nio-8089-exec-11] org.apache.jasper.servlet.TldScanner.scanJars Al menos un JAR, que se ha explorado buscando TLDs, aún no contenía TLDs. Activar historial de depuración para este historiador para una completa lista de los JARs que fueron explorados y de los que nos se halló TLDs. Saltarse JARs no necesarios durante la exploración puede dar lugar a una mejora de tiempo significativa en el arranque y compilación de JSP .
31-Oct-2023 10:50:06.492 INFO [http-nio-8089-exec-11] org.apache.catalina.core.StandardContext.reload Se ha completado la recarga de este Contexto
31-Oct-2023 10:50:23.141 INFO [http-nio-8089-exec-19] org.apache.catalina.core.StandardContext.reload Ha comenzado la recarga de Contexto [/Tienda]
31-Oct-2023 10:50:23.457 INFO [http-nio-8089-exec-19] org.apache.jasper.servlet.TldScanner.scanJars Al menos un JAR, que se ha explorado buscando TLDs, aún no contenía TLDs. Activar historial de depuración para este historiador para una completa lista de los JARs que fueron explorados y de los que nos se halló TLDs. Saltarse JARs no necesarios durante la exploración puede dar lugar a una mejora de tiempo significativa en el arranque y compilación de JSP .
31-Oct-2023 10:50:23.459 INFO [http-nio-8089-exec-19] org.apache.catalina.core.StandardContext.reload Se ha completado la recarga de este Contexto
31-Oct-2023 10:51:14.029 INFO [http-nio-8089-exec-21] org.apache.catalina.core.StandardContext.reload Ha comenzado la recarga de Contexto [/Tienda]
31-Oct-2023 10:51:14.333 INFO [http-nio-8089-exec-21] org.apache.jasper.servlet.TldScanner.scanJars Al menos un JAR, que se ha explorado buscando TLDs, aún no contenía TLDs. Activar historial de depuración para este historiador para una completa lista de los JARs que fueron explorados y de los que nos se halló TLDs. Saltarse JARs no necesarios durante la exploración puede dar lugar a una mejora de tiempo significativa en el arranque y compilación de JSP .
31-Oct-2023 10:51:14.335 INFO [http-nio-8089-exec-21] org.apache.catalina.core.StandardContext.reload Se ha completado la recarga de este Contexto
31-Oct-2023 10:52:54.020 INFO [http-nio-8089-exec-14] org.apache.catalina.core.StandardContext.reload Ha comenzado la recarga de Contexto [/Tienda]
31-Oct-2023 10:52:54.325 INFO [http-nio-8089-exec-14] org.apache.jasper.servlet.TldScanner.scanJars Al menos un JAR, que se ha explorado buscando TLDs, aún no contenía TLDs. Activar historial de depuración para este historiador para una completa lista de los JARs que fueron explorados y de los que nos se halló TLDs. Saltarse JARs no necesarios durante la exploración puede dar lugar a una mejora de tiempo significativa en el arranque y compilación de JSP .
31-Oct-2023 10:52:54.327 INFO [http-nio-8089-exec-14] org.apache.catalina.core.StandardContext.reload Se ha completado la recarga de este Contexto
31-Oct-2023 10:55:23.185 INFO [http-nio-8089-exec-22] org.apache.catalina.core.StandardContext.reload Ha comenzado la recarga de Contexto [/Tienda]
31-Oct-2023 10:55:23.491 INFO [http-nio-8089-exec-22] org.apache.jasper.servlet.TldScanner.scanJars Al menos un JAR, que se ha explorado buscando TLDs, aún no contenía TLDs. Activar historial de depuración para este historiador para una completa lista de los JARs que fueron explorados y de los que nos se halló TLDs. Saltarse JARs no necesarios durante la exploración puede dar lugar a una mejora de tiempo significativa en el arranque y compilación de JSP .
31-Oct-2023 10:55:23.493 INFO [http-nio-8089-exec-22] org.apache.catalina.core.StandardContext.reload Se ha completado la recarga de este Contexto
31-Oct-2023 10:55:31.274 INFO [http-nio-8089-exec-12] org.apache.catalina.core.StandardContext.reload Ha comenzado la recarga de Contexto [/Tienda]
31-Oct-2023 10:55:31.578 INFO [http-nio-8089-exec-12] org.apache.jasper.servlet.TldScanner.scanJars Al menos un JAR, que se ha explorado buscando TLDs, aún no contenía TLDs. Activar historial de depuración para este historiador para una completa lista de los JARs que fueron explorados y de los que nos se halló TLDs. Saltarse JARs no necesarios durante la exploración puede dar lugar a una mejora de tiempo significativa en el arranque y compilación de JSP .
31-Oct-2023 10:55:31.579 INFO [http-nio-8089-exec-12] org.apache.catalina.core.StandardContext.reload Se ha completado la recarga de este Contexto
31-Oct-2023 10:58:41.080 INFO [http-nio-8089-exec-33] org.apache.catalina.core.StandardContext.reload Ha comenzado la recarga de Contexto [/Tienda]
31-Oct-2023 10:58:41.381 INFO [http-nio-8089-exec-33] org.apache.jasper.servlet.TldScanner.scanJars Al menos un JAR, que se ha explorado buscando TLDs, aún no contenía TLDs. Activar historial de depuración para este historiador para una completa lista de los JARs que fueron explorados y de los que nos se halló TLDs. Saltarse JARs no necesarios durante la exploración puede dar lugar a una mejora de tiempo significativa en el arranque y compilación de JSP .
31-Oct-2023 10:58:41.384 INFO [http-nio-8089-exec-33] org.apache.catalina.core.StandardContext.reload Se ha completado la recarga de este Contexto
31-Oct-2023 10:59:07.837 INFO [http-nio-8089-exec-30] org.apache.catalina.core.StandardContext.reload Ha comenzado la recarga de Contexto [/Tienda]
31-Oct-2023 10:59:08.142 INFO [http-nio-8089-exec-30] org.apache.jasper.servlet.TldScanner.scanJars Al menos un JAR, que se ha explorado buscando TLDs, aún no contenía TLDs. Activar historial de depuración para este historiador para una completa lista de los JARs que fueron explorados y de los que nos se halló TLDs. Saltarse JARs no necesarios durante la exploración puede dar lugar a una mejora de tiempo significativa en el arranque y compilación de JSP .
31-Oct-2023 10:59:08.145 INFO [http-nio-8089-exec-30] org.apache.catalina.core.StandardContext.reload Se ha completado la recarga de este Contexto
31-Oct-2023 10:59:20.464 INFO [http-nio-8089-exec-33] org.apache.catalina.core.StandardContext.reload Ha comenzado la recarga de Contexto [/Tienda]
31-Oct-2023 10:59:20.772 INFO [http-nio-8089-exec-33] org.apache.jasper.servlet.TldScanner.scanJars Al menos un JAR, que se ha explorado buscando TLDs, aún no contenía TLDs. Activar historial de depuración para este historiador para una completa lista de los JARs que fueron explorados y de los que nos se halló TLDs. Saltarse JARs no necesarios durante la exploración puede dar lugar a una mejora de tiempo significativa en el arranque y compilación de JSP .
31-Oct-2023 10:59:20.775 INFO [http-nio-8089-exec-33] org.apache.catalina.core.StandardContext.reload Se ha completado la recarga de este Contexto
31-Oct-2023 11:00:13.731 INFO [http-nio-8089-exec-32] org.apache.catalina.core.StandardContext.reload Ha comenzado la recarga de Contexto [/Tienda]
31-Oct-2023 11:00:14.017 INFO [http-nio-8089-exec-32] org.apache.jasper.servlet.TldScanner.scanJars Al menos un JAR, que se ha explorado buscando TLDs, aún no contenía TLDs. Activar historial de depuración para este historiador para una completa lista de los JARs que fueron explorados y de los que nos se halló TLDs. Saltarse JARs no necesarios durante la exploración puede dar lugar a una mejora de tiempo significativa en el arranque y compilación de JSP .
31-Oct-2023 11:00:14.019 INFO [http-nio-8089-exec-32] org.apache.catalina.core.StandardContext.reload Se ha completado la recarga de este Contexto
31-Oct-2023 11:00:21.514 INFO [http-nio-8089-exec-16] org.apache.catalina.core.StandardContext.reload Ha comenzado la recarga de Contexto [/Tienda]
31-Oct-2023 11:00:21.822 INFO [http-nio-8089-exec-16] org.apache.jasper.servlet.TldScanner.scanJars Al menos un JAR, que se ha explorado buscando TLDs, aún no contenía TLDs. Activar historial de depuración para este historiador para una completa lista de los JARs que fueron explorados y de los que nos se halló TLDs. Saltarse JARs no necesarios durante la exploración puede dar lugar a una mejora de tiempo significativa en el arranque y compilación de JSP .
31-Oct-2023 11:00:21.824 INFO [http-nio-8089-exec-16] org.apache.catalina.core.StandardContext.reload Se ha completado la recarga de este Contexto
31-Oct-2023 11:00:45.616 INFO [http-nio-8089-exec-33] org.apache.catalina.core.StandardContext.reload Ha comenzado la recarga de Contexto [/Tienda]
31-Oct-2023 11:00:45.898 INFO [http-nio-8089-exec-33] org.apache.jasper.servlet.TldScanner.scanJars Al menos un JAR, que se ha explorado buscando TLDs, aún no contenía TLDs. Activar historial de depuración para este historiador para una completa lista de los JARs que fueron explorados y de los que nos se halló TLDs. Saltarse JARs no necesarios durante la exploración puede dar lugar a una mejora de tiempo significativa en el arranque y compilación de JSP .
31-Oct-2023 11:00:45.914 INFO [http-nio-8089-exec-33] org.apache.catalina.core.StandardContext.reload Se ha completado la recarga de este Contexto
31-Oct-2023 11:00:54.901 INFO [http-nio-8089-exec-38] org.apache.catalina.core.StandardContext.reload Ha comenzado la recarga de Contexto [/Tienda]
31-Oct-2023 11:00:55.203 INFO [http-nio-8089-exec-38] org.apache.jasper.servlet.TldScanner.scanJars Al menos un JAR, que se ha explorado buscando TLDs, aún no contenía TLDs. Activar historial de depuración para este historiador para una completa lista de los JARs que fueron explorados y de los que nos se halló TLDs. Saltarse JARs no necesarios durante la exploración puede dar lugar a una mejora de tiempo significativa en el arranque y compilación de JSP .
31-Oct-2023 11:00:55.203 INFO [http-nio-8089-exec-38] org.apache.catalina.core.StandardContext.reload Se ha completado la recarga de este Contexto
31-Oct-2023 11:02:33.223 INFO [http-nio-8089-exec-27] org.apache.catalina.core.StandardContext.reload Ha comenzado la recarga de Contexto [/Tienda]
31-Oct-2023 11:02:33.532 INFO [http-nio-8089-exec-27] org.apache.jasper.servlet.TldScanner.scanJars Al menos un JAR, que se ha explorado buscando TLDs, aún no contenía TLDs. Activar historial de depuración para este historiador para una completa lista de los JARs que fueron explorados y de los que nos se halló TLDs. Saltarse JARs no necesarios durante la exploración puede dar lugar a una mejora de tiempo significativa en el arranque y compilación de JSP .
31-Oct-2023 11:02:33.534 INFO [http-nio-8089-exec-27] org.apache.catalina.core.StandardContext.reload Se ha completado la recarga de este Contexto
31-Oct-2023 11:06:19.224 INFO [http-nio-8089-exec-48] org.apache.catalina.core.StandardContext.reload Ha comenzado la recarga de Contexto [/Tienda]
31-Oct-2023 11:06:19.516 INFO [http-nio-8089-exec-48] org.apache.jasper.servlet.TldScanner.scanJars Al menos un JAR, que se ha explorado buscando TLDs, aún no contenía TLDs. Activar historial de depuración para este historiador para una completa lista de los JARs que fueron explorados y de los que nos se halló TLDs. Saltarse JARs no necesarios durante la exploración puede dar lugar a una mejora de tiempo significativa en el arranque y compilación de JSP .
31-Oct-2023 11:06:19.516 INFO [http-nio-8089-exec-48] org.apache.catalina.core.StandardContext.reload Se ha completado la recarga de este Contexto
31-Oct-2023 11:07:05.842 INFO [http-nio-8089-exec-39] org.apache.catalina.core.StandardContext.reload Ha comenzado la recarga de Contexto [/Tienda]
31-Oct-2023 11:07:06.157 INFO [http-nio-8089-exec-39] org.apache.jasper.servlet.TldScanner.scanJars Al menos un JAR, que se ha explorado buscando TLDs, aún no contenía TLDs. Activar historial de depuración para este historiador para una completa lista de los JARs que fueron explorados y de los que nos se halló TLDs. Saltarse JARs no necesarios durante la exploración puede dar lugar a una mejora de tiempo significativa en el arranque y compilación de JSP .
31-Oct-2023 11:07:06.159 INFO [http-nio-8089-exec-39] org.apache.catalina.core.StandardContext.reload Se ha completado la recarga de este Contexto
31-Oct-2023 11:07:53.610 INFO [http-nio-8089-exec-27] org.apache.catalina.core.StandardContext.reload Ha comenzado la recarga de Contexto [/Tienda]
31-Oct-2023 11:07:53.902 INFO [http-nio-8089-exec-27] org.apache.jasper.servlet.TldScanner.scanJars Al menos un JAR, que se ha explorado buscando TLDs, aún no contenía TLDs. Activar historial de depuración para este historiador para una completa lista de los JARs que fueron explorados y de los que nos se halló TLDs. Saltarse JARs no necesarios durante la exploración puede dar lugar a una mejora de tiempo significativa en el arranque y compilación de JSP .
31-Oct-2023 11:07:53.904 INFO [http-nio-8089-exec-27] org.apache.catalina.core.StandardContext.reload Se ha completado la recarga de este Contexto
31-Oct-2023 11:08:13.310 INFO [http-nio-8089-exec-48] org.apache.catalina.core.StandardContext.reload Ha comenzado la recarga de Contexto [/Tienda]
31-Oct-2023 11:08:13.610 INFO [http-nio-8089-exec-48] org.apache.jasper.servlet.TldScanner.scanJars Al menos un JAR, que se ha explorado buscando TLDs, aún no contenía TLDs. Activar historial de depuración para este historiador para una completa lista de los JARs que fueron explorados y de los que nos se halló TLDs. Saltarse JARs no necesarios durante la exploración puede dar lugar a una mejora de tiempo significativa en el arranque y compilación de JSP .
31-Oct-2023 11:08:13.610 INFO [http-nio-8089-exec-48] org.apache.catalina.core.StandardContext.reload Se ha completado la recarga de este Contexto
31-Oct-2023 11:08:25.422 INFO [http-nio-8089-exec-40] org.apache.catalina.core.StandardContext.reload Ha comenzado la recarga de Contexto [/Tienda]
31-Oct-2023 11:08:25.720 INFO [http-nio-8089-exec-40] org.apache.jasper.servlet.TldScanner.scanJars Al menos un JAR, que se ha explorado buscando TLDs, aún no contenía TLDs. Activar historial de depuración para este historiador para una completa lista de los JARs que fueron explorados y de los que nos se halló TLDs. Saltarse JARs no necesarios durante la exploración puede dar lugar a una mejora de tiempo significativa en el arranque y compilación de JSP .
31-Oct-2023 11:08:25.723 INFO [http-nio-8089-exec-40] org.apache.catalina.core.StandardContext.reload Se ha completado la recarga de este Contexto
31-Oct-2023 11:10:10.908 INFO [http-nio-8089-exec-52] org.apache.catalina.core.StandardContext.reload Ha comenzado la recarga de Contexto [/Tienda]
31-Oct-2023 11:10:11.193 INFO [http-nio-8089-exec-52] org.apache.jasper.servlet.TldScanner.scanJars Al menos un JAR, que se ha explorado buscando TLDs, aún no contenía TLDs. Activar historial de depuración para este historiador para una completa lista de los JARs que fueron explorados y de los que nos se halló TLDs. Saltarse JARs no necesarios durante la exploración puede dar lugar a una mejora de tiempo significativa en el arranque y compilación de JSP .
31-Oct-2023 11:10:11.193 INFO [http-nio-8089-exec-52] org.apache.catalina.core.StandardContext.reload Se ha completado la recarga de este Contexto
31-Oct-2023 11:10:26.732 INFO [http-nio-8089-exec-27] org.apache.catalina.core.StandardContext.reload Ha comenzado la recarga de Contexto [/Tienda]
31-Oct-2023 11:10:27.026 INFO [http-nio-8089-exec-27] org.apache.jasper.servlet.TldScanner.scanJars Al menos un JAR, que se ha explorado buscando TLDs, aún no contenía TLDs. Activar historial de depuración para este historiador para una completa lista de los JARs que fueron explorados y de los que nos se halló TLDs. Saltarse JARs no necesarios durante la exploración puede dar lugar a una mejora de tiempo significativa en el arranque y compilación de JSP .
31-Oct-2023 11:10:27.026 INFO [http-nio-8089-exec-27] org.apache.catalina.core.StandardContext.reload Se ha completado la recarga de este Contexto
31-Oct-2023 11:11:41.228 INFO [http-nio-8089-exec-51] org.apache.catalina.core.StandardContext.reload Ha comenzado la recarga de Contexto [/Tienda]
31-Oct-2023 11:11:41.529 INFO [http-nio-8089-exec-51] org.apache.jasper.servlet.TldScanner.scanJars Al menos un JAR, que se ha explorado buscando TLDs, aún no contenía TLDs. Activar historial de depuración para este historiador para una completa lista de los JARs que fueron explorados y de los que nos se halló TLDs. Saltarse JARs no necesarios durante la exploración puede dar lugar a una mejora de tiempo significativa en el arranque y compilación de JSP .
31-Oct-2023 11:11:41.531 INFO [http-nio-8089-exec-51] org.apache.catalina.core.StandardContext.reload Se ha completado la recarga de este Contexto
31-Oct-2023 11:12:01.210 INFO [http-nio-8089-exec-57] org.apache.catalina.core.StandardContext.reload Ha comenzado la recarga de Contexto [/Tienda]
31-Oct-2023 11:12:01.514 INFO [http-nio-8089-exec-57] org.apache.jasper.servlet.TldScanner.scanJars Al menos un JAR, que se ha explorado buscando TLDs, aún no contenía TLDs. Activar historial de depuración para este historiador para una completa lista de los JARs que fueron explorados y de los que nos se halló TLDs. Saltarse JARs no necesarios durante la exploración puede dar lugar a una mejora de tiempo significativa en el arranque y compilación de JSP .
31-Oct-2023 11:12:01.516 INFO [http-nio-8089-exec-57] org.apache.catalina.core.StandardContext.reload Se ha completado la recarga de este Contexto
31-Oct-2023 11:12:33.598 INFO [http-nio-8089-exec-53] org.apache.catalina.core.StandardContext.reload Ha comenzado la recarga de Contexto [/Tienda]
31-Oct-2023 11:12:33.896 INFO [http-nio-8089-exec-53] org.apache.jasper.servlet.TldScanner.scanJars Al menos un JAR, que se ha explorado buscando TLDs, aún no contenía TLDs. Activar historial de depuración para este historiador para una completa lista de los JARs que fueron explorados y de los que nos se halló TLDs. Saltarse JARs no necesarios durante la exploración puede dar lugar a una mejora de tiempo significativa en el arranque y compilación de JSP .
31-Oct-2023 11:12:33.897 INFO [http-nio-8089-exec-53] org.apache.catalina.core.StandardContext.reload Se ha completado la recarga de este Contexto
31-Oct-2023 11:13:47.749 INFO [http-nio-8089-exec-51] org.apache.catalina.core.StandardContext.reload Ha comenzado la recarga de Contexto [/Tienda]
31-Oct-2023 11:13:48.047 INFO [http-nio-8089-exec-51] org.apache.jasper.servlet.TldScanner.scanJars Al menos un JAR, que se ha explorado buscando TLDs, aún no contenía TLDs. Activar historial de depuración para este historiador para una completa lista de los JARs que fueron explorados y de los que nos se halló TLDs. Saltarse JARs no necesarios durante la exploración puede dar lugar a una mejora de tiempo significativa en el arranque y compilación de JSP .
31-Oct-2023 11:13:48.050 INFO [http-nio-8089-exec-51] org.apache.catalina.core.StandardContext.reload Se ha completado la recarga de este Contexto
31-Oct-2023 11:14:05.003 INFO [http-nio-8089-exec-39] org.apache.catalina.core.StandardContext.reload Ha comenzado la recarga de Contexto [/Tienda]
31-Oct-2023 11:14:05.312 INFO [http-nio-8089-exec-39] org.apache.jasper.servlet.TldScanner.scanJars Al menos un JAR, que se ha explorado buscando TLDs, aún no contenía TLDs. Activar historial de depuración para este historiador para una completa lista de los JARs que fueron explorados y de los que nos se halló TLDs. Saltarse JARs no necesarios durante la exploración puede dar lugar a una mejora de tiempo significativa en el arranque y compilación de JSP .
31-Oct-2023 11:14:05.314 INFO [http-nio-8089-exec-39] org.apache.catalina.core.StandardContext.reload Se ha completado la recarga de este Contexto
31-Oct-2023 11:14:29.249 INFO [http-nio-8089-exec-62] org.apache.catalina.core.StandardContext.reload Ha comenzado la recarga de Contexto [/Tienda]
31-Oct-2023 11:14:29.551 INFO [http-nio-8089-exec-62] org.apache.jasper.servlet.TldScanner.scanJars Al menos un JAR, que se ha explorado buscando TLDs, aún no contenía TLDs. Activar historial de depuración para este historiador para una completa lista de los JARs que fueron explorados y de los que nos se halló TLDs. Saltarse JARs no necesarios durante la exploración puede dar lugar a una mejora de tiempo significativa en el arranque y compilación de JSP .
31-Oct-2023 11:14:29.553 INFO [http-nio-8089-exec-62] org.apache.catalina.core.StandardContext.reload Se ha completado la recarga de este Contexto
31-Oct-2023 11:14:29.645 INFO [http-nio-8089-exec-39] org.apache.catalina.core.StandardContext.reload Ha comenzado la recarga de Contexto [/Tienda]
31-Oct-2023 11:14:29.919 INFO [http-nio-8089-exec-39] org.apache.jasper.servlet.TldScanner.scanJars Al menos un JAR, que se ha explorado buscando TLDs, aún no contenía TLDs. Activar historial de depuración para este historiador para una completa lista de los JARs que fueron explorados y de los que nos se halló TLDs. Saltarse JARs no necesarios durante la exploración puede dar lugar a una mejora de tiempo significativa en el arranque y compilación de JSP .
31-Oct-2023 11:14:29.936 INFO [http-nio-8089-exec-39] org.apache.catalina.core.StandardContext.reload Se ha completado la recarga de este Contexto
31-Oct-2023 11:14:47.809 INFO [http-nio-8089-exec-58] org.apache.catalina.core.StandardContext.reload Ha comenzado la recarga de Contexto [/Tienda]
31-Oct-2023 11:14:48.113 INFO [http-nio-8089-exec-58] org.apache.jasper.servlet.TldScanner.scanJars Al menos un JAR, que se ha explorado buscando TLDs, aún no contenía TLDs. Activar historial de depuración para este historiador para una completa lista de los JARs que fueron explorados y de los que nos se halló TLDs. Saltarse JARs no necesarios durante la exploración puede dar lugar a una mejora de tiempo significativa en el arranque y compilación de JSP .
31-Oct-2023 11:14:48.115 INFO [http-nio-8089-exec-58] org.apache.catalina.core.StandardContext.reload Se ha completado la recarga de este Contexto
31-Oct-2023 11:15:06.580 INFO [http-nio-8089-exec-62] org.apache.catalina.core.StandardContext.reload Ha comenzado la recarga de Contexto [/Tienda]
31-Oct-2023 11:15:06.877 INFO [http-nio-8089-exec-62] org.apache.jasper.servlet.TldScanner.scanJars Al menos un JAR, que se ha explorado buscando TLDs, aún no contenía TLDs. Activar historial de depuración para este historiador para una completa lista de los JARs que fueron explorados y de los que nos se halló TLDs. Saltarse JARs no necesarios durante la exploración puede dar lugar a una mejora de tiempo significativa en el arranque y compilación de JSP .
31-Oct-2023 11:15:06.879 INFO [http-nio-8089-exec-62] org.apache.catalina.core.StandardContext.reload Se ha completado la recarga de este Contexto
31-Oct-2023 11:15:42.910 INFO [http-nio-8089-exec-58] org.apache.catalina.core.StandardContext.reload Ha comenzado la recarga de Contexto [/Tienda]
31-Oct-2023 11:15:43.204 INFO [http-nio-8089-exec-58] org.apache.jasper.servlet.TldScanner.scanJars Al menos un JAR, que se ha explorado buscando TLDs, aún no contenía TLDs. Activar historial de depuración para este historiador para una completa lista de los JARs que fueron explorados y de los que nos se halló TLDs. Saltarse JARs no necesarios durante la exploración puede dar lugar a una mejora de tiempo significativa en el arranque y compilación de JSP .
31-Oct-2023 11:15:43.206 INFO [http-nio-8089-exec-58] org.apache.catalina.core.StandardContext.reload Se ha completado la recarga de este Contexto
31-Oct-2023 11:15:43.370 INFO [http-nio-8089-exec-62] org.apache.catalina.core.StandardContext.reload Ha comenzado la recarga de Contexto [/Tienda]
31-Oct-2023 11:15:43.663 INFO [http-nio-8089-exec-62] org.apache.jasper.servlet.TldScanner.scanJars Al menos un JAR, que se ha explorado buscando TLDs, aún no contenía TLDs. Activar historial de depuración para este historiador para una completa lista de los JARs que fueron explorados y de los que nos se halló TLDs. Saltarse JARs no necesarios durante la exploración puede dar lugar a una mejora de tiempo significativa en el arranque y compilación de JSP .
31-Oct-2023 11:15:43.666 INFO [http-nio-8089-exec-62] org.apache.catalina.core.StandardContext.reload Se ha completado la recarga de este Contexto
31-Oct-2023 11:18:30.803 INFO [http-nio-8089-exec-66] org.apache.catalina.core.StandardContext.reload Ha comenzado la recarga de Contexto [/Tienda]
31-Oct-2023 11:18:31.103 INFO [http-nio-8089-exec-66] org.apache.jasper.servlet.TldScanner.scanJars Al menos un JAR, que se ha explorado buscando TLDs, aún no contenía TLDs. Activar historial de depuración para este historiador para una completa lista de los JARs que fueron explorados y de los que nos se halló TLDs. Saltarse JARs no necesarios durante la exploración puede dar lugar a una mejora de tiempo significativa en el arranque y compilación de JSP .
31-Oct-2023 11:18:31.106 INFO [http-nio-8089-exec-66] org.apache.catalina.core.StandardContext.reload Se ha completado la recarga de este Contexto
31-Oct-2023 11:18:37.944 INFO [http-nio-8089-exec-53] org.apache.catalina.core.StandardContext.reload Ha comenzado la recarga de Contexto [/Tienda]
31-Oct-2023 11:18:38.241 INFO [http-nio-8089-exec-53] org.apache.jasper.servlet.TldScanner.scanJars Al menos un JAR, que se ha explorado buscando TLDs, aún no contenía TLDs. Activar historial de depuración para este historiador para una completa lista de los JARs que fueron explorados y de los que nos se halló TLDs. Saltarse JARs no necesarios durante la exploración puede dar lugar a una mejora de tiempo significativa en el arranque y compilación de JSP .
31-Oct-2023 11:18:38.241 INFO [http-nio-8089-exec-53] org.apache.catalina.core.StandardContext.reload Se ha completado la recarga de este Contexto
31-Oct-2023 11:19:25.968 INFO [http-nio-8089-exec-70] org.apache.catalina.core.StandardContext.reload Ha comenzado la recarga de Contexto [/Tienda]
31-Oct-2023 11:19:26.254 INFO [http-nio-8089-exec-70] org.apache.jasper.servlet.TldScanner.scanJars Al menos un JAR, que se ha explorado buscando TLDs, aún no contenía TLDs. Activar historial de depuración para este historiador para una completa lista de los JARs que fueron explorados y de los que nos se halló TLDs. Saltarse JARs no necesarios durante la exploración puede dar lugar a una mejora de tiempo significativa en el arranque y compilación de JSP .
31-Oct-2023 11:19:26.256 INFO [http-nio-8089-exec-70] org.apache.catalina.core.StandardContext.reload Se ha completado la recarga de este Contexto
31-Oct-2023 11:21:02.388 INFO [http-nio-8089-exec-63] org.apache.catalina.core.StandardContext.reload Ha comenzado la recarga de Contexto [/Tienda]
31-Oct-2023 11:21:02.704 INFO [http-nio-8089-exec-63] org.apache.jasper.servlet.TldScanner.scanJars Al menos un JAR, que se ha explorado buscando TLDs, aún no contenía TLDs. Activar historial de depuración para este historiador para una completa lista de los JARs que fueron explorados y de los que nos se halló TLDs. Saltarse JARs no necesarios durante la exploración puede dar lugar a una mejora de tiempo significativa en el arranque y compilación de JSP .
31-Oct-2023 11:21:02.707 INFO [http-nio-8089-exec-63] org.apache.catalina.core.StandardContext.reload Se ha completado la recarga de este Contexto
31-Oct-2023 11:21:03.024 INFO [http-nio-8089-exec-68] org.apache.catalina.core.StandardContext.reload Ha comenzado la recarga de Contexto [/Tienda]
31-Oct-2023 11:21:03.323 INFO [http-nio-8089-exec-68] org.apache.jasper.servlet.TldScanner.scanJars Al menos un JAR, que se ha explorado buscando TLDs, aún no contenía TLDs. Activar historial de depuración para este historiador para una completa lista de los JARs que fueron explorados y de los que nos se halló TLDs. Saltarse JARs no necesarios durante la exploración puede dar lugar a una mejora de tiempo significativa en el arranque y compilación de JSP .
31-Oct-2023 11:21:03.325 INFO [http-nio-8089-exec-68] org.apache.catalina.core.StandardContext.reload Se ha completado la recarga de este Contexto
31-Oct-2023 11:21:07.189 INFO [http-nio-8089-exec-72] org.apache.catalina.core.StandardContext.reload Ha comenzado la recarga de Contexto [/Tienda]
31-Oct-2023 11:21:07.490 INFO [http-nio-8089-exec-72] org.apache.jasper.servlet.TldScanner.scanJars Al menos un JAR, que se ha explorado buscando TLDs, aún no contenía TLDs. Activar historial de depuración para este historiador para una completa lista de los JARs que fueron explorados y de los que nos se halló TLDs. Saltarse JARs no necesarios durante la exploración puede dar lugar a una mejora de tiempo significativa en el arranque y compilación de JSP .
31-Oct-2023 11:21:07.492 INFO [http-nio-8089-exec-72] org.apache.catalina.core.StandardContext.reload Se ha completado la recarga de este Contexto
31-Oct-2023 11:22:34.415 INFO [http-nio-8089-exec-53] org.apache.catalina.core.StandardContext.reload Ha comenzado la recarga de Contexto [/Tienda]
31-Oct-2023 11:22:34.732 INFO [http-nio-8089-exec-53] org.apache.jasper.servlet.TldScanner.scanJars Al menos un JAR, que se ha explorado buscando TLDs, aún no contenía TLDs. Activar historial de depuración para este historiador para una completa lista de los JARs que fueron explorados y de los que nos se halló TLDs. Saltarse JARs no necesarios durante la exploración puede dar lugar a una mejora de tiempo significativa en el arranque y compilación de JSP .
31-Oct-2023 11:22:34.735 INFO [http-nio-8089-exec-53] org.apache.catalina.core.StandardContext.reload Se ha completado la recarga de este Contexto
31-Oct-2023 11:22:34.953 INFO [http-nio-8089-exec-74] org.apache.catalina.core.StandardContext.reload Ha comenzado la recarga de Contexto [/Tienda]
31-Oct-2023 11:22:35.259 INFO [http-nio-8089-exec-74] org.apache.jasper.servlet.TldScanner.scanJars Al menos un JAR, que se ha explorado buscando TLDs, aún no contenía TLDs. Activar historial de depuración para este historiador para una completa lista de los JARs que fueron explorados y de los que nos se halló TLDs. Saltarse JARs no necesarios durante la exploración puede dar lugar a una mejora de tiempo significativa en el arranque y compilación de JSP .
31-Oct-2023 11:22:35.261 INFO [http-nio-8089-exec-74] org.apache.catalina.core.StandardContext.reload Se ha completado la recarga de este Contexto
31-Oct-2023 11:22:47.990 INFO [http-nio-8089-exec-75] org.apache.catalina.core.StandardContext.reload Ha comenzado la recarga de Contexto [/Tienda]
31-Oct-2023 11:22:48.287 INFO [http-nio-8089-exec-75] org.apache.jasper.servlet.TldScanner.scanJars Al menos un JAR, que se ha explorado buscando TLDs, aún no contenía TLDs. Activar historial de depuración para este historiador para una completa lista de los JARs que fueron explorados y de los que nos se halló TLDs. Saltarse JARs no necesarios durante la exploración puede dar lugar a una mejora de tiempo significativa en el arranque y compilación de JSP .
31-Oct-2023 11:22:48.290 INFO [http-nio-8089-exec-75] org.apache.catalina.core.StandardContext.reload Se ha completado la recarga de este Contexto
31-Oct-2023 11:22:55.384 INFO [http-nio-8089-exec-53] org.apache.catalina.core.StandardContext.reload Ha comenzado la recarga de Contexto [/Tienda]
31-Oct-2023 11:22:55.714 INFO [http-nio-8089-exec-53] org.apache.jasper.servlet.TldScanner.scanJars Al menos un JAR, que se ha explorado buscando TLDs, aún no contenía TLDs. Activar historial de depuración para este historiador para una completa lista de los JARs que fueron explorados y de los que nos se halló TLDs. Saltarse JARs no necesarios durante la exploración puede dar lugar a una mejora de tiempo significativa en el arranque y compilación de JSP .
31-Oct-2023 11:22:55.717 INFO [http-nio-8089-exec-53] org.apache.catalina.core.StandardContext.reload Se ha completado la recarga de este Contexto
31-Oct-2023 11:23:46.926 INFO [http-nio-8089-exec-77] org.apache.catalina.core.StandardContext.reload Ha comenzado la recarga de Contexto [/Tienda]
31-Oct-2023 11:23:47.241 INFO [http-nio-8089-exec-77] org.apache.jasper.servlet.TldScanner.scanJars Al menos un JAR, que se ha explorado buscando TLDs, aún no contenía TLDs. Activar historial de depuración para este historiador para una completa lista de los JARs que fueron explorados y de los que nos se halló TLDs. Saltarse JARs no necesarios durante la exploración puede dar lugar a una mejora de tiempo significativa en el arranque y compilación de JSP .
31-Oct-2023 11:23:47.244 INFO [http-nio-8089-exec-77] org.apache.catalina.core.StandardContext.reload Se ha completado la recarga de este Contexto
31-Oct-2023 11:23:47.428 INFO [http-nio-8089-exec-74] org.apache.catalina.core.StandardContext.reload Ha comenzado la recarga de Contexto [/Tienda]
31-Oct-2023 11:23:47.712 INFO [http-nio-8089-exec-74] org.apache.jasper.servlet.TldScanner.scanJars Al menos un JAR, que se ha explorado buscando TLDs, aún no contenía TLDs. Activar historial de depuración para este historiador para una completa lista de los JARs que fueron explorados y de los que nos se halló TLDs. Saltarse JARs no necesarios durante la exploración puede dar lugar a una mejora de tiempo significativa en el arranque y compilación de JSP .
31-Oct-2023 11:23:47.714 INFO [http-nio-8089-exec-74] org.apache.catalina.core.StandardContext.reload Se ha completado la recarga de este Contexto
31-Oct-2023 11:24:05.948 INFO [http-nio-8089-exec-75] org.apache.catalina.core.StandardContext.reload Ha comenzado la recarga de Contexto [/Tienda]
31-Oct-2023 11:24:06.247 INFO [http-nio-8089-exec-75] org.apache.jasper.servlet.TldScanner.scanJars Al menos un JAR, que se ha explorado buscando TLDs, aún no contenía TLDs. Activar historial de depuración para este historiador para una completa lista de los JARs que fueron explorados y de los que nos se halló TLDs. Saltarse JARs no necesarios durante la exploración puede dar lugar a una mejora de tiempo significativa en el arranque y compilación de JSP .
31-Oct-2023 11:24:06.249 INFO [http-nio-8089-exec-75] org.apache.catalina.core.StandardContext.reload Se ha completado la recarga de este Contexto
31-Oct-2023 11:24:28.741 INFO [http-nio-8089-exec-72] org.apache.catalina.core.StandardContext.reload Ha comenzado la recarga de Contexto [/Tienda]
31-Oct-2023 11:24:29.023 INFO [http-nio-8089-exec-72] org.apache.jasper.servlet.TldScanner.scanJars Al menos un JAR, que se ha explorado buscando TLDs, aún no contenía TLDs. Activar historial de depuración para este historiador para una completa lista de los JARs que fueron explorados y de los que nos se halló TLDs. Saltarse JARs no necesarios durante la exploración puede dar lugar a una mejora de tiempo significativa en el arranque y compilación de JSP .
31-Oct-2023 11:24:29.024 INFO [http-nio-8089-exec-72] org.apache.catalina.core.StandardContext.reload Se ha completado la recarga de este Contexto
31-Oct-2023 11:24:55.138 INFO [http-nio-8089-exec-74] org.apache.catalina.core.StandardContext.reload Ha comenzado la recarga de Contexto [/Tienda]
31-Oct-2023 11:24:55.443 INFO [http-nio-8089-exec-74] org.apache.jasper.servlet.TldScanner.scanJars Al menos un JAR, que se ha explorado buscando TLDs, aún no contenía TLDs. Activar historial de depuración para este historiador para una completa lista de los JARs que fueron explorados y de los que nos se halló TLDs. Saltarse JARs no necesarios durante la exploración puede dar lugar a una mejora de tiempo significativa en el arranque y compilación de JSP .
31-Oct-2023 11:24:55.445 INFO [http-nio-8089-exec-74] org.apache.catalina.core.StandardContext.reload Se ha completado la recarga de este Contexto
31-Oct-2023 11:25:08.764 INFO [http-nio-8089-exec-77] org.apache.catalina.core.StandardContext.reload Ha comenzado la recarga de Contexto [/Tienda]
31-Oct-2023 11:25:09.053 INFO [http-nio-8089-exec-77] org.apache.jasper.servlet.TldScanner.scanJars Al menos un JAR, que se ha explorado buscando TLDs, aún no contenía TLDs. Activar historial de depuración para este historiador para una completa lista de los JARs que fueron explorados y de los que nos se halló TLDs. Saltarse JARs no necesarios durante la exploración puede dar lugar a una mejora de tiempo significativa en el arranque y compilación de JSP .
31-Oct-2023 11:25:09.055 INFO [http-nio-8089-exec-77] org.apache.catalina.core.StandardContext.reload Se ha completado la recarga de este Contexto
31-Oct-2023 11:27:17.729 INFO [http-nio-8089-exec-80] org.apache.catalina.core.StandardContext.reload Ha comenzado la recarga de Contexto [/Tienda]
31-Oct-2023 11:27:18.009 INFO [http-nio-8089-exec-80] org.apache.jasper.servlet.TldScanner.scanJars Al menos un JAR, que se ha explorado buscando TLDs, aún no contenía TLDs. Activar historial de depuración para este historiador para una completa lista de los JARs que fueron explorados y de los que nos se halló TLDs. Saltarse JARs no necesarios durante la exploración puede dar lugar a una mejora de tiempo significativa en el arranque y compilación de JSP .
31-Oct-2023 11:27:18.025 INFO [http-nio-8089-exec-80] org.apache.catalina.core.StandardContext.reload Se ha completado la recarga de este Contexto
31-Oct-2023 11:27:55.243 INFO [http-nio-8089-exec-77] org.apache.catalina.core.StandardContext.reload Ha comenzado la recarga de Contexto [/Tienda]
31-Oct-2023 11:27:55.546 INFO [http-nio-8089-exec-77] org.apache.jasper.servlet.TldScanner.scanJars Al menos un JAR, que se ha explorado buscando TLDs, aún no contenía TLDs. Activar historial de depuración para este historiador para una completa lista de los JARs que fueron explorados y de los que nos se halló TLDs. Saltarse JARs no necesarios durante la exploración puede dar lugar a una mejora de tiempo significativa en el arranque y compilación de JSP .
31-Oct-2023 11:27:55.548 INFO [http-nio-8089-exec-77] org.apache.catalina.core.StandardContext.reload Se ha completado la recarga de este Contexto
31-Oct-2023 11:27:55.860 INFO [http-nio-8089-exec-81] org.apache.catalina.core.StandardContext.reload Ha comenzado la recarga de Contexto [/Tienda]
31-Oct-2023 11:27:56.128 INFO [http-nio-8089-exec-81] org.apache.jasper.servlet.TldScanner.scanJars Al menos un JAR, que se ha explorado buscando TLDs, aún no contenía TLDs. Activar historial de depuración para este historiador para una completa lista de los JARs que fueron explorados y de los que nos se halló TLDs. Saltarse JARs no necesarios durante la exploración puede dar lugar a una mejora de tiempo significativa en el arranque y compilación de JSP .
31-Oct-2023 11:27:56.146 INFO [http-nio-8089-exec-81] org.apache.catalina.core.StandardContext.reload Se ha completado la recarga de este Contexto
31-Oct-2023 11:28:04.207 INFO [http-nio-8089-exec-72] org.apache.catalina.core.StandardContext.reload Ha comenzado la recarga de Contexto [/Tienda]
31-Oct-2023 11:28:04.501 INFO [http-nio-8089-exec-72] org.apache.jasper.servlet.TldScanner.scanJars Al menos un JAR, que se ha explorado buscando TLDs, aún no contenía TLDs. Activar historial de depuración para este historiador para una completa lista de los JARs que fueron explorados y de los que nos se halló TLDs. Saltarse JARs no necesarios durante la exploración puede dar lugar a una mejora de tiempo significativa en el arranque y compilación de JSP .
31-Oct-2023 11:28:04.503 INFO [http-nio-8089-exec-72] org.apache.catalina.core.StandardContext.reload Se ha completado la recarga de este Contexto
31-Oct-2023 11:28:25.114 INFO [http-nio-8089-exec-87] org.apache.catalina.core.StandardContext.reload Ha comenzado la recarga de Contexto [/Tienda]
31-Oct-2023 11:28:25.409 INFO [http-nio-8089-exec-87] org.apache.jasper.servlet.TldScanner.scanJars Al menos un JAR, que se ha explorado buscando TLDs, aún no contenía TLDs. Activar historial de depuración para este historiador para una completa lista de los JARs que fueron explorados y de los que nos se halló TLDs. Saltarse JARs no necesarios durante la exploración puede dar lugar a una mejora de tiempo significativa en el arranque y compilación de JSP .
31-Oct-2023 11:28:25.411 INFO [http-nio-8089-exec-87] org.apache.catalina.core.StandardContext.reload Se ha completado la recarga de este Contexto
31-Oct-2023 11:28:35.369 INFO [http-nio-8089-exec-72] org.apache.catalina.core.StandardContext.reload Ha comenzado la recarga de Contexto [/Tienda]
31-Oct-2023 11:28:35.664 INFO [http-nio-8089-exec-72] org.apache.jasper.servlet.TldScanner.scanJars Al menos un JAR, que se ha explorado buscando TLDs, aún no contenía TLDs. Activar historial de depuración para este historiador para una completa lista de los JARs que fueron explorados y de los que nos se halló TLDs. Saltarse JARs no necesarios durante la exploración puede dar lugar a una mejora de tiempo significativa en el arranque y compilación de JSP .
31-Oct-2023 11:28:35.664 INFO [http-nio-8089-exec-72] org.apache.catalina.core.StandardContext.reload Se ha completado la recarga de este Contexto
31-Oct-2023 11:29:05.505 INFO [http-nio-8089-exec-87] org.apache.catalina.core.StandardContext.reload Ha comenzado la recarga de Contexto [/Tienda]
31-Oct-2023 11:29:05.784 INFO [http-nio-8089-exec-87] org.apache.jasper.servlet.TldScanner.scanJars Al menos un JAR, que se ha explorado buscando TLDs, aún no contenía TLDs. Activar historial de depuración para este historiador para una completa lista de los JARs que fueron explorados y de los que nos se halló TLDs. Saltarse JARs no necesarios durante la exploración puede dar lugar a una mejora de tiempo significativa en el arranque y compilación de JSP .
31-Oct-2023 11:29:05.784 INFO [http-nio-8089-exec-87] org.apache.catalina.core.StandardContext.reload Se ha completado la recarga de este Contexto
31-Oct-2023 11:31:57.767 INFO [http-nio-8089-exec-94] org.apache.catalina.core.StandardContext.reload Ha comenzado la recarga de Contexto [/Tienda]
31-Oct-2023 11:31:58.073 INFO [http-nio-8089-exec-94] org.apache.jasper.servlet.TldScanner.scanJars Al menos un JAR, que se ha explorado buscando TLDs, aún no contenía TLDs. Activar historial de depuración para este historiador para una completa lista de los JARs que fueron explorados y de los que nos se halló TLDs. Saltarse JARs no necesarios durante la exploración puede dar lugar a una mejora de tiempo significativa en el arranque y compilación de JSP .
31-Oct-2023 11:31:58.075 INFO [http-nio-8089-exec-94] org.apache.catalina.core.StandardContext.reload Se ha completado la recarga de este Contexto
31-Oct-2023 11:32:11.959 INFO [http-nio-8089-exec-93] org.apache.catalina.core.StandardContext.reload Ha comenzado la recarga de Contexto [/Tienda]
31-Oct-2023 11:32:12.257 INFO [http-nio-8089-exec-93] org.apache.jasper.servlet.TldScanner.scanJars Al menos un JAR, que se ha explorado buscando TLDs, aún no contenía TLDs. Activar historial de depuración para este historiador para una completa lista de los JARs que fueron explorados y de los que nos se halló TLDs. Saltarse JARs no necesarios durante la exploración puede dar lugar a una mejora de tiempo significativa en el arranque y compilación de JSP .
31-Oct-2023 11:32:12.258 INFO [http-nio-8089-exec-93] org.apache.catalina.core.StandardContext.reload Se ha completado la recarga de este Contexto
31-Oct-2023 11:35:13.121 INFO [http-nio-8089-exec-99] org.apache.catalina.core.StandardContext.reload Ha comenzado la recarga de Contexto [/Tienda]
31-Oct-2023 11:35:13.427 INFO [http-nio-8089-exec-99] org.apache.jasper.servlet.TldScanner.scanJars Al menos un JAR, que se ha explorado buscando TLDs, aún no contenía TLDs. Activar historial de depuración para este historiador para una completa lista de los JARs que fueron explorados y de los que nos se halló TLDs. Saltarse JARs no necesarios durante la exploración puede dar lugar a una mejora de tiempo significativa en el arranque y compilación de JSP .
31-Oct-2023 11:35:13.429 INFO [http-nio-8089-exec-99] org.apache.catalina.core.StandardContext.reload Se ha completado la recarga de este Contexto
31-Oct-2023 11:37:26.016 INFO [http-nio-8089-exec-105] org.apache.catalina.core.StandardContext.reload Ha comenzado la recarga de Contexto [/Tienda]
31-Oct-2023 11:37:26.306 INFO [http-nio-8089-exec-105] org.apache.jasper.servlet.TldScanner.scanJars Al menos un JAR, que se ha explorado buscando TLDs, aún no contenía TLDs. Activar historial de depuración para este historiador para una completa lista de los JARs que fueron explorados y de los que nos se halló TLDs. Saltarse JARs no necesarios durante la exploración puede dar lugar a una mejora de tiempo significativa en el arranque y compilación de JSP .
31-Oct-2023 11:37:26.308 INFO [http-nio-8089-exec-105] org.apache.catalina.core.StandardContext.reload Se ha completado la recarga de este Contexto
31-Oct-2023 11:38:13.731 INFO [main] org.apache.catalina.core.StandardServer.await Se ha recibido un comando de apagado a través del puerto de apagado. Parando la instancia del Servidor.
31-Oct-2023 11:38:13.731 INFO [main] org.apache.coyote.AbstractProtocol.pause Pausing ProtocolHandler ["http-nio-8089"]
31-Oct-2023 11:38:13.744 INFO [main] org.apache.catalina.core.StandardService.stopInternal Parando servicio [Catalina]
31-Oct-2023 11:38:13.750 INFO [main] org.apache.coyote.AbstractProtocol.stop Stopping ProtocolHandler ["http-nio-8089"]
31-Oct-2023 11:38:13.790 INFO [main] org.apache.coyote.AbstractProtocol.destroy Destroying ProtocolHandler ["http-nio-8089"]
