14-Nov-2023 11:28:38.820 INFO [main] org.apache.catalina.startup.VersionLoggerListener.log Nombre de la versión del servidor: Apache Tomcat/9.0.41
14-Nov-2023 11:28:38.823 INFO [main] org.apache.catalina.startup.VersionLoggerListener.log Server built:                      Dec 3 2020 11:43:00 UTC
14-Nov-2023 11:28:38.823 INFO [main] org.apache.catalina.startup.VersionLoggerListener.log Número de versión de servidor:     9.0.41.0
14-Nov-2023 11:28:38.823 INFO [main] org.apache.catalina.startup.VersionLoggerListener.log OS Name:                           Windows 10
14-Nov-2023 11:28:38.823 INFO [main] org.apache.catalina.startup.VersionLoggerListener.log Versión de Systema Operativo:      10.0
14-Nov-2023 11:28:38.823 INFO [main] org.apache.catalina.startup.VersionLoggerListener.log Arquitectura:                      amd64
14-Nov-2023 11:28:38.824 INFO [main] org.apache.catalina.startup.VersionLoggerListener.log Java Home:                         C:\Program Files\Java\jdk-17.0.2
14-Nov-2023 11:28:38.824 INFO [main] org.apache.catalina.startup.VersionLoggerListener.log JVM Version:                       17.0.2+8-LTS-86
14-Nov-2023 11:28:38.824 INFO [main] org.apache.catalina.startup.VersionLoggerListener.log Vededor JVM:                       Oracle Corporation
14-Nov-2023 11:28:38.824 INFO [main] org.apache.catalina.startup.VersionLoggerListener.log CATALINA_BASE:                     E:\TP_Final_Integrador\Conectores\apache-tomcat-9.0.41
14-Nov-2023 11:28:38.824 INFO [main] org.apache.catalina.startup.VersionLoggerListener.log CATALINA_HOME:                     E:\TP_Final_Integrador\Conectores\apache-tomcat-9.0.41
14-Nov-2023 11:28:38.833 INFO [main] org.apache.catalina.startup.VersionLoggerListener.log Command line argument:             --add-opens=java.base/java.lang=ALL-UNNAMED
14-Nov-2023 11:28:38.833 INFO [main] org.apache.catalina.startup.VersionLoggerListener.log Command line argument:             --add-opens=java.base/java.io=ALL-UNNAMED
14-Nov-2023 11:28:38.833 INFO [main] org.apache.catalina.startup.VersionLoggerListener.log Command line argument:             --add-opens=java.rmi/sun.rmi.transport=ALL-UNNAMED
14-Nov-2023 11:28:38.833 INFO [main] org.apache.catalina.startup.VersionLoggerListener.log Command line argument:             -Djava.util.logging.config.file=E:\TP_Final_Integrador\Conectores\apache-tomcat-9.0.41\conf\logging.properties
14-Nov-2023 11:28:38.834 INFO [main] org.apache.catalina.startup.VersionLoggerListener.log Command line argument:             -Djava.util.logging.manager=org.apache.juli.ClassLoaderLogManager
14-Nov-2023 11:28:38.834 INFO [main] org.apache.catalina.startup.VersionLoggerListener.log Command line argument:             -Dhttp.nonProxyHosts=localhost|127.0.0.1|DESKTOP-U7EIME1
14-Nov-2023 11:28:38.834 INFO [main] org.apache.catalina.startup.VersionLoggerListener.log Command line argument:             -Djdk.tls.ephemeralDHKeySize=2048
14-Nov-2023 11:28:38.834 INFO [main] org.apache.catalina.startup.VersionLoggerListener.log Command line argument:             -Djava.protocol.handler.pkgs=org.apache.catalina.webresources
14-Nov-2023 11:28:38.834 INFO [main] org.apache.catalina.startup.VersionLoggerListener.log Command line argument:             -Dignore.endorsed.dirs=
14-Nov-2023 11:28:38.834 INFO [main] org.apache.catalina.startup.VersionLoggerListener.log Command line argument:             -Dcatalina.base=E:\TP_Final_Integrador\Conectores\apache-tomcat-9.0.41
14-Nov-2023 11:28:38.834 INFO [main] org.apache.catalina.startup.VersionLoggerListener.log Command line argument:             -Dcatalina.home=E:\TP_Final_Integrador\Conectores\apache-tomcat-9.0.41
14-Nov-2023 11:28:38.834 INFO [main] org.apache.catalina.startup.VersionLoggerListener.log Command line argument:             -Djava.io.tmpdir=E:\TP_Final_Integrador\Conectores\apache-tomcat-9.0.41\temp
14-Nov-2023 11:28:38.950 INFO [main] org.apache.catalina.core.AprLifecycleListener.lifecycleEvent Cargada la biblioteca nativa APR de Apache Tomcat [1.2.25] con la versión APR [1.7.0].
14-Nov-2023 11:28:38.950 INFO [main] org.apache.catalina.core.AprLifecycleListener.lifecycleEvent Capacidades APR: IPv6 [true], enviar fichero [true], aceptar filtros [false], aleatorio [true].
14-Nov-2023 11:28:38.950 INFO [main] org.apache.catalina.core.AprLifecycleListener.lifecycleEvent APR/OpenSSL configuration: useAprConnector [false], useOpenSSL [true]
14-Nov-2023 11:28:39.169 INFO [main] org.apache.catalina.core.AprLifecycleListener.initializeSSL OpenSSL inicializado correctamente [OpenSSL 1.1.1g  21 Apr 2020]
14-Nov-2023 11:28:39.574 INFO [main] org.apache.coyote.AbstractProtocol.init Inicializando el manejador de protocolo ["http-nio-8089"]

14-Nov-2023 11:28:39.780 INFO [main] org.apache.catalina.startup.Catalina.load Server initialization in [1182] milliseconds
14-Nov-2023 11:28:39.864 INFO [main] org.apache.catalina.core.StandardService.startInternal Arrancando servicio [Catalina]
14-Nov-2023 11:28:39.864 INFO [main] org.apache.catalina.core.StandardEngine.startInternal Starting Servlet engine: [Apache Tomcat/9.0.41]
14-Nov-2023 11:28:41.575 INFO [main] org.apache.catalina.startup.HostConfig.deployDescriptor Desplieque del descriptor de configuración [E:\TP_Final_Integrador\Conectores\apache-tomcat-9.0.41\conf\Catalina\localhost\Tienda.xml]
14-Nov-2023 11:28:41.654 WARNING [main] org.apache.catalina.startup.HostConfig.deployDescriptor The path attribute with value [/Tienda] in deployment descriptor [E:\TP_Final_Integrador\Conectores\apache-tomcat-9.0.41\conf\Catalina\localhost\Tienda.xml] has been ignored
14-Nov-2023 11:28:44.206 INFO [main] org.apache.jasper.servlet.TldScanner.scanJars Al menos un JAR, que se ha explorado buscando TLDs, aún no contenía TLDs. Activar historial de depuración para este historiador para una completa lista de los JARs que fueron explorados y de los que nos se halló TLDs. Saltarse JARs no necesarios durante la exploración puede dar lugar a una mejora de tiempo significativa en el arranque y compilación de JSP .
14-Nov-2023 11:28:46.086 INFO [main] org.apache.catalina.startup.HostConfig.deployDescriptor Deployment of deployment descriptor [E:\TP_Final_Integrador\Conectores\apache-tomcat-9.0.41\conf\Catalina\localhost\Tienda.xml] has finished in [4.509] ms
14-Nov-2023 11:28:46.086 INFO [main] org.apache.catalina.startup.HostConfig.deployDirectory Desplegando el directorio [E:\TP_Final_Integrador\Conectores\apache-tomcat-9.0.41\webapps\docs] de la aplicación web
14-Nov-2023 11:28:47.727 INFO [main] org.apache.jasper.servlet.TldScanner.scanJars Al menos un JAR, que se ha explorado buscando TLDs, aún no contenía TLDs. Activar historial de depuración para este historiador para una completa lista de los JARs que fueron explorados y de los que nos se halló TLDs. Saltarse JARs no necesarios durante la exploración puede dar lugar a una mejora de tiempo significativa en el arranque y compilación de JSP .
14-Nov-2023 11:28:47.729 INFO [main] org.apache.catalina.startup.HostConfig.deployDirectory Deployment of web application directory [E:\TP_Final_Integrador\Conectores\apache-tomcat-9.0.41\webapps\docs] has finished in [1.642] ms
14-Nov-2023 11:28:47.729 INFO [main] org.apache.catalina.startup.HostConfig.deployDirectory Desplegando el directorio [E:\TP_Final_Integrador\Conectores\apache-tomcat-9.0.41\webapps\examples] de la aplicación web
14-Nov-2023 11:28:48.675 INFO [main] org.apache.jasper.servlet.TldScanner.scanJars Al menos un JAR, que se ha explorado buscando TLDs, aún no contenía TLDs. Activar historial de depuración para este historiador para una completa lista de los JARs que fueron explorados y de los que nos se halló TLDs. Saltarse JARs no necesarios durante la exploración puede dar lugar a una mejora de tiempo significativa en el arranque y compilación de JSP .
14-Nov-2023 11:28:48.728 INFO [main] org.apache.catalina.startup.HostConfig.deployDirectory Deployment of web application directory [E:\TP_Final_Integrador\Conectores\apache-tomcat-9.0.41\webapps\examples] has finished in [999] ms
14-Nov-2023 11:28:48.729 INFO [main] org.apache.catalina.startup.HostConfig.deployDirectory Desplegando el directorio [E:\TP_Final_Integrador\Conectores\apache-tomcat-9.0.41\webapps\host-manager] de la aplicación web
14-Nov-2023 11:28:48.798 INFO [main] org.apache.jasper.servlet.TldScanner.scanJars Al menos un JAR, que se ha explorado buscando TLDs, aún no contenía TLDs. Activar historial de depuración para este historiador para una completa lista de los JARs que fueron explorados y de los que nos se halló TLDs. Saltarse JARs no necesarios durante la exploración puede dar lugar a una mejora de tiempo significativa en el arranque y compilación de JSP .
14-Nov-2023 11:28:48.804 INFO [main] org.apache.catalina.startup.HostConfig.deployDirectory Deployment of web application directory [E:\TP_Final_Integrador\Conectores\apache-tomcat-9.0.41\webapps\host-manager] has finished in [76] ms
14-Nov-2023 11:28:48.804 INFO [main] org.apache.catalina.startup.HostConfig.deployDirectory Desplegando el directorio [E:\TP_Final_Integrador\Conectores\apache-tomcat-9.0.41\webapps\manager] de la aplicación web
14-Nov-2023 11:28:48.863 INFO [main] org.apache.jasper.servlet.TldScanner.scanJars Al menos un JAR, que se ha explorado buscando TLDs, aún no contenía TLDs. Activar historial de depuración para este historiador para una completa lista de los JARs que fueron explorados y de los que nos se halló TLDs. Saltarse JARs no necesarios durante la exploración puede dar lugar a una mejora de tiempo significativa en el arranque y compilación de JSP .
14-Nov-2023 11:28:48.865 INFO [main] org.apache.catalina.startup.HostConfig.deployDirectory Deployment of web application directory [E:\TP_Final_Integrador\Conectores\apache-tomcat-9.0.41\webapps\manager] has finished in [61] ms
14-Nov-2023 11:28:48.866 INFO [main] org.apache.catalina.startup.HostConfig.deployDirectory Desplegando el directorio [E:\TP_Final_Integrador\Conectores\apache-tomcat-9.0.41\webapps\ROOT] de la aplicación web
14-Nov-2023 11:28:48.909 INFO [main] org.apache.jasper.servlet.TldScanner.scanJars Al menos un JAR, que se ha explorado buscando TLDs, aún no contenía TLDs. Activar historial de depuración para este historiador para una completa lista de los JARs que fueron explorados y de los que nos se halló TLDs. Saltarse JARs no necesarios durante la exploración puede dar lugar a una mejora de tiempo significativa en el arranque y compilación de JSP .
14-Nov-2023 11:28:48.910 INFO [main] org.apache.catalina.startup.HostConfig.deployDirectory Deployment of web application directory [E:\TP_Final_Integrador\Conectores\apache-tomcat-9.0.41\webapps\ROOT] has finished in [45] ms
14-Nov-2023 11:28:48.913 INFO [main] org.apache.coyote.AbstractProtocol.start Starting ProtocolHandler ["http-nio-8089"]
14-Nov-2023 11:28:48.922 INFO [main] org.apache.catalina.startup.Catalina.start Server startup in [9141] milliseconds
14-Nov-2023 11:28:54.840 INFO [http-nio-8089-exec-10] org.apache.catalina.startup.HostConfig.undeploy Repliegue (undeploy) de la aplicación web que tiene como trayectoria de contexto [/Tienda]
14-Nov-2023 11:28:55.868 INFO [http-nio-8089-exec-6] org.apache.catalina.startup.HostConfig.deployDescriptor Desplieque del descriptor de configuración [E:\TP_Final_Integrador\Conectores\apache-tomcat-9.0.41\conf\Catalina\localhost\Tienda.xml]
14-Nov-2023 11:28:55.870 WARNING [http-nio-8089-exec-6] org.apache.catalina.startup.HostConfig.deployDescriptor The path attribute with value [/Tienda] in deployment descriptor [E:\TP_Final_Integrador\Conectores\apache-tomcat-9.0.41\conf\Catalina\localhost\Tienda.xml] has been ignored
14-Nov-2023 11:28:56.298 INFO [http-nio-8089-exec-6] org.apache.jasper.servlet.TldScanner.scanJars Al menos un JAR, que se ha explorado buscando TLDs, aún no contenía TLDs. Activar historial de depuración para este historiador para una completa lista de los JARs que fueron explorados y de los que nos se halló TLDs. Saltarse JARs no necesarios durante la exploración puede dar lugar a una mejora de tiempo significativa en el arranque y compilación de JSP .
14-Nov-2023 11:28:56.315 INFO [http-nio-8089-exec-6] org.apache.catalina.startup.HostConfig.deployDescriptor Deployment of deployment descriptor [E:\TP_Final_Integrador\Conectores\apache-tomcat-9.0.41\conf\Catalina\localhost\Tienda.xml] has finished in [446] ms
14-Nov-2023 11:28:56.318 INFO [http-nio-8089-exec-8] org.apache.catalina.util.LifecycleBase.start The start() method was called on component [StandardEngine[Catalina].StandardHost[localhost].StandardContext[/Tienda]] after start() had already been called. The second call will be ignored.
14-Nov-2023 11:29:51.734 INFO [http-nio-8089-exec-12] org.apache.catalina.core.StandardContext.reload Ha comenzado la recarga de Contexto [/Tienda]
14-Nov-2023 11:29:51.767 WARNING [http-nio-8089-exec-12] org.apache.catalina.loader.WebappClassLoaderBase.clearReferencesJdbc La aplicación web [Tienda] registró el conductor JDBC [com.mysql.cj.jdbc.Driver] pero falló al anular el registro mientras la aplicación web estaba parada. Para prevenir un fallo de memoria, se ha anulado el registro del conductor JDBC por la fuerza.
14-Nov-2023 11:29:51.768 WARNING [http-nio-8089-exec-12] org.apache.catalina.loader.WebappClassLoaderBase.clearReferencesThreads The web application [Tienda] appears to have started a thread named [mysql-cj-abandoned-connection-cleanup] but has failed to stop it. This is very likely to create a memory leak. Stack trace of thread:
 java.base@17.0.2/java.lang.Object.wait(Native Method)
 java.base@17.0.2/java.lang.ref.ReferenceQueue.remove(ReferenceQueue.java:155)
 com.mysql.cj.jdbc.AbandonedConnectionCleanupThread.run(AbandonedConnectionCleanupThread.java:91)
 java.base@17.0.2/java.util.concurrent.ThreadPoolExecutor.runWorker(ThreadPoolExecutor.java:1136)
 java.base@17.0.2/java.util.concurrent.ThreadPoolExecutor$Worker.run(ThreadPoolExecutor.java:635)
 java.base@17.0.2/java.lang.Thread.run(Thread.java:833)
14-Nov-2023 11:29:52.136 INFO [http-nio-8089-exec-12] org.apache.jasper.servlet.TldScanner.scanJars Al menos un JAR, que se ha explorado buscando TLDs, aún no contenía TLDs. Activar historial de depuración para este historiador para una completa lista de los JARs que fueron explorados y de los que nos se halló TLDs. Saltarse JARs no necesarios durante la exploración puede dar lugar a una mejora de tiempo significativa en el arranque y compilación de JSP .
14-Nov-2023 11:29:52.310 INFO [http-nio-8089-exec-12] org.apache.catalina.core.StandardContext.reload Se ha completado la recarga de este Contexto
14-Nov-2023 11:29:56.037 INFO [mysql-cj-abandoned-connection-cleanup] org.apache.catalina.loader.WebappClassLoaderBase.checkStateForResourceLoading Acceso ilegal: esta instancia de aplicación web ya ha sido parada.  Could not load [].  La eventual traza de pila que sigue ha sido motivada por un error lanzado con motivos de depuración así como para intentar terminar el hilo que motivó el acceso ilegal y no tiene impacto funcional.
	java.lang.IllegalStateException: Acceso ilegal: esta instancia de aplicación web ya ha sido parada.  Could not load [].  La eventual traza de pila que sigue ha sido motivada por un error lanzado con motivos de depuración así como para intentar terminar el hilo que motivó el acceso ilegal y no tiene impacto funcional.
		at org.apache.catalina.loader.WebappClassLoaderBase.checkStateForResourceLoading(WebappClassLoaderBase.java:1385)
		at org.apache.catalina.loader.WebappClassLoaderBase.getResource(WebappClassLoaderBase.java:1038)
		at com.mysql.cj.jdbc.AbandonedConnectionCleanupThread.checkThreadContextClassLoader(AbandonedConnectionCleanupThread.java:123)
		at com.mysql.cj.jdbc.AbandonedConnectionCleanupThread.run(AbandonedConnectionCleanupThread.java:90)
		at java.base/java.util.concurrent.ThreadPoolExecutor.runWorker(ThreadPoolExecutor.java:1136)
		at java.base/java.util.concurrent.ThreadPoolExecutor$Worker.run(ThreadPoolExecutor.java:635)
		at java.base/java.lang.Thread.run(Thread.java:833)
14-Nov-2023 11:30:36.878 INFO [http-nio-8089-exec-2] org.apache.catalina.core.StandardContext.reload Ha comenzado la recarga de Contexto [/Tienda]
14-Nov-2023 11:30:37.289 INFO [http-nio-8089-exec-2] org.apache.jasper.servlet.TldScanner.scanJars Al menos un JAR, que se ha explorado buscando TLDs, aún no contenía TLDs. Activar historial de depuración para este historiador para una completa lista de los JARs que fueron explorados y de los que nos se halló TLDs. Saltarse JARs no necesarios durante la exploración puede dar lugar a una mejora de tiempo significativa en el arranque y compilación de JSP .
14-Nov-2023 11:30:37.335 INFO [http-nio-8089-exec-2] org.apache.catalina.core.StandardContext.reload Se ha completado la recarga de este Contexto
14-Nov-2023 11:31:27.108 INFO [http-nio-8089-exec-18] org.apache.catalina.core.StandardContext.reload Ha comenzado la recarga de Contexto [/Tienda]
14-Nov-2023 11:31:27.477 INFO [http-nio-8089-exec-18] org.apache.jasper.servlet.TldScanner.scanJars Al menos un JAR, que se ha explorado buscando TLDs, aún no contenía TLDs. Activar historial de depuración para este historiador para una completa lista de los JARs que fueron explorados y de los que nos se halló TLDs. Saltarse JARs no necesarios durante la exploración puede dar lugar a una mejora de tiempo significativa en el arranque y compilación de JSP .
14-Nov-2023 11:31:27.524 INFO [http-nio-8089-exec-18] org.apache.catalina.core.StandardContext.reload Se ha completado la recarga de este Contexto
14-Nov-2023 11:35:13.252 INFO [http-nio-8089-exec-31] org.apache.catalina.core.StandardContext.reload Ha comenzado la recarga de Contexto [/Tienda]
14-Nov-2023 11:35:13.291 WARNING [http-nio-8089-exec-31] org.apache.catalina.loader.WebappClassLoaderBase.clearReferencesJdbc La aplicación web [Tienda] registró el conductor JDBC [com.mysql.cj.jdbc.Driver] pero falló al anular el registro mientras la aplicación web estaba parada. Para prevenir un fallo de memoria, se ha anulado el registro del conductor JDBC por la fuerza.
14-Nov-2023 11:35:13.291 WARNING [http-nio-8089-exec-31] org.apache.catalina.loader.WebappClassLoaderBase.clearReferencesThreads The web application [Tienda] appears to have started a thread named [mysql-cj-abandoned-connection-cleanup] but has failed to stop it. This is very likely to create a memory leak. Stack trace of thread:
 java.base@17.0.2/java.lang.Object.wait(Native Method)
 java.base@17.0.2/java.lang.ref.ReferenceQueue.remove(ReferenceQueue.java:155)
 com.mysql.cj.jdbc.AbandonedConnectionCleanupThread.run(AbandonedConnectionCleanupThread.java:91)
 java.base@17.0.2/java.util.concurrent.ThreadPoolExecutor.runWorker(ThreadPoolExecutor.java:1136)
 java.base@17.0.2/java.util.concurrent.ThreadPoolExecutor$Worker.run(ThreadPoolExecutor.java:635)
 java.base@17.0.2/java.lang.Thread.run(Thread.java:833)
14-Nov-2023 11:35:13.636 INFO [http-nio-8089-exec-31] org.apache.jasper.servlet.TldScanner.scanJars Al menos un JAR, que se ha explorado buscando TLDs, aún no contenía TLDs. Activar historial de depuración para este historiador para una completa lista de los JARs que fueron explorados y de los que nos se halló TLDs. Saltarse JARs no necesarios durante la exploración puede dar lugar a una mejora de tiempo significativa en el arranque y compilación de JSP .
14-Nov-2023 11:35:13.681 INFO [http-nio-8089-exec-31] org.apache.catalina.core.StandardContext.reload Se ha completado la recarga de este Contexto
14-Nov-2023 11:35:15.319 INFO [mysql-cj-abandoned-connection-cleanup] org.apache.catalina.loader.WebappClassLoaderBase.checkStateForResourceLoading Acceso ilegal: esta instancia de aplicación web ya ha sido parada.  Could not load [].  La eventual traza de pila que sigue ha sido motivada por un error lanzado con motivos de depuración así como para intentar terminar el hilo que motivó el acceso ilegal y no tiene impacto funcional.
	java.lang.IllegalStateException: Acceso ilegal: esta instancia de aplicación web ya ha sido parada.  Could not load [].  La eventual traza de pila que sigue ha sido motivada por un error lanzado con motivos de depuración así como para intentar terminar el hilo que motivó el acceso ilegal y no tiene impacto funcional.
		at org.apache.catalina.loader.WebappClassLoaderBase.checkStateForResourceLoading(WebappClassLoaderBase.java:1385)
		at org.apache.catalina.loader.WebappClassLoaderBase.getResource(WebappClassLoaderBase.java:1038)
		at com.mysql.cj.jdbc.AbandonedConnectionCleanupThread.checkThreadContextClassLoader(AbandonedConnectionCleanupThread.java:123)
		at com.mysql.cj.jdbc.AbandonedConnectionCleanupThread.run(AbandonedConnectionCleanupThread.java:90)
		at java.base/java.util.concurrent.ThreadPoolExecutor.runWorker(ThreadPoolExecutor.java:1136)
		at java.base/java.util.concurrent.ThreadPoolExecutor$Worker.run(ThreadPoolExecutor.java:635)
		at java.base/java.lang.Thread.run(Thread.java:833)
14-Nov-2023 11:40:13.721 INFO [http-nio-8089-exec-40] org.apache.catalina.core.StandardContext.reload Ha comenzado la recarga de Contexto [/Tienda]
14-Nov-2023 11:40:13.761 WARNING [http-nio-8089-exec-40] org.apache.catalina.loader.WebappClassLoaderBase.clearReferencesJdbc La aplicación web [Tienda] registró el conductor JDBC [com.mysql.cj.jdbc.Driver] pero falló al anular el registro mientras la aplicación web estaba parada. Para prevenir un fallo de memoria, se ha anulado el registro del conductor JDBC por la fuerza.
14-Nov-2023 11:40:13.762 WARNING [http-nio-8089-exec-40] org.apache.catalina.loader.WebappClassLoaderBase.clearReferencesThreads The web application [Tienda] appears to have started a thread named [mysql-cj-abandoned-connection-cleanup] but has failed to stop it. This is very likely to create a memory leak. Stack trace of thread:
 java.base@17.0.2/java.lang.Object.wait(Native Method)
 java.base@17.0.2/java.lang.ref.ReferenceQueue.remove(ReferenceQueue.java:155)
 com.mysql.cj.jdbc.AbandonedConnectionCleanupThread.run(AbandonedConnectionCleanupThread.java:91)
 java.base@17.0.2/java.util.concurrent.ThreadPoolExecutor.runWorker(ThreadPoolExecutor.java:1136)
 java.base@17.0.2/java.util.concurrent.ThreadPoolExecutor$Worker.run(ThreadPoolExecutor.java:635)
 java.base@17.0.2/java.lang.Thread.run(Thread.java:833)
14-Nov-2023 11:40:13.822 INFO [mysql-cj-abandoned-connection-cleanup] org.apache.catalina.loader.WebappClassLoaderBase.checkStateForResourceLoading Acceso ilegal: esta instancia de aplicación web ya ha sido parada.  Could not load [].  La eventual traza de pila que sigue ha sido motivada por un error lanzado con motivos de depuración así como para intentar terminar el hilo que motivó el acceso ilegal y no tiene impacto funcional.
	java.lang.IllegalStateException: Acceso ilegal: esta instancia de aplicación web ya ha sido parada.  Could not load [].  La eventual traza de pila que sigue ha sido motivada por un error lanzado con motivos de depuración así como para intentar terminar el hilo que motivó el acceso ilegal y no tiene impacto funcional.
		at org.apache.catalina.loader.WebappClassLoaderBase.checkStateForResourceLoading(WebappClassLoaderBase.java:1385)
		at org.apache.catalina.loader.WebappClassLoaderBase.getResource(WebappClassLoaderBase.java:1038)
		at com.mysql.cj.jdbc.AbandonedConnectionCleanupThread.checkThreadContextClassLoader(AbandonedConnectionCleanupThread.java:123)
		at com.mysql.cj.jdbc.AbandonedConnectionCleanupThread.run(AbandonedConnectionCleanupThread.java:90)
		at java.base/java.util.concurrent.ThreadPoolExecutor.runWorker(ThreadPoolExecutor.java:1136)
		at java.base/java.util.concurrent.ThreadPoolExecutor$Worker.run(ThreadPoolExecutor.java:635)
		at java.base/java.lang.Thread.run(Thread.java:833)
14-Nov-2023 11:40:14.103 INFO [http-nio-8089-exec-40] org.apache.jasper.servlet.TldScanner.scanJars Al menos un JAR, que se ha explorado buscando TLDs, aún no contenía TLDs. Activar historial de depuración para este historiador para una completa lista de los JARs que fueron explorados y de los que nos se halló TLDs. Saltarse JARs no necesarios durante la exploración puede dar lugar a una mejora de tiempo significativa en el arranque y compilación de JSP .
14-Nov-2023 11:40:14.147 INFO [http-nio-8089-exec-40] org.apache.catalina.core.StandardContext.reload Se ha completado la recarga de este Contexto
14-Nov-2023 11:44:51.315 INFO [http-nio-8089-exec-50] org.apache.catalina.core.StandardContext.reload Ha comenzado la recarga de Contexto [/Tienda]
14-Nov-2023 11:44:51.357 WARNING [http-nio-8089-exec-50] org.apache.catalina.loader.WebappClassLoaderBase.clearReferencesJdbc La aplicación web [Tienda] registró el conductor JDBC [com.mysql.cj.jdbc.Driver] pero falló al anular el registro mientras la aplicación web estaba parada. Para prevenir un fallo de memoria, se ha anulado el registro del conductor JDBC por la fuerza.
14-Nov-2023 11:44:51.357 WARNING [http-nio-8089-exec-50] org.apache.catalina.loader.WebappClassLoaderBase.clearReferencesThreads The web application [Tienda] appears to have started a thread named [mysql-cj-abandoned-connection-cleanup] but has failed to stop it. This is very likely to create a memory leak. Stack trace of thread:
 java.base@17.0.2/java.lang.Object.wait(Native Method)
 java.base@17.0.2/java.lang.ref.ReferenceQueue.remove(ReferenceQueue.java:155)
 com.mysql.cj.jdbc.AbandonedConnectionCleanupThread.run(AbandonedConnectionCleanupThread.java:91)
 java.base@17.0.2/java.util.concurrent.ThreadPoolExecutor.runWorker(ThreadPoolExecutor.java:1136)
 java.base@17.0.2/java.util.concurrent.ThreadPoolExecutor$Worker.run(ThreadPoolExecutor.java:635)
 java.base@17.0.2/java.lang.Thread.run(Thread.java:833)
14-Nov-2023 11:44:51.369 INFO [mysql-cj-abandoned-connection-cleanup] org.apache.catalina.loader.WebappClassLoaderBase.checkStateForResourceLoading Acceso ilegal: esta instancia de aplicación web ya ha sido parada.  Could not load [].  La eventual traza de pila que sigue ha sido motivada por un error lanzado con motivos de depuración así como para intentar terminar el hilo que motivó el acceso ilegal y no tiene impacto funcional.
	java.lang.IllegalStateException: Acceso ilegal: esta instancia de aplicación web ya ha sido parada.  Could not load [].  La eventual traza de pila que sigue ha sido motivada por un error lanzado con motivos de depuración así como para intentar terminar el hilo que motivó el acceso ilegal y no tiene impacto funcional.
		at org.apache.catalina.loader.WebappClassLoaderBase.checkStateForResourceLoading(WebappClassLoaderBase.java:1385)
		at org.apache.catalina.loader.WebappClassLoaderBase.getResource(WebappClassLoaderBase.java:1038)
		at com.mysql.cj.jdbc.AbandonedConnectionCleanupThread.checkThreadContextClassLoader(AbandonedConnectionCleanupThread.java:123)
		at com.mysql.cj.jdbc.AbandonedConnectionCleanupThread.run(AbandonedConnectionCleanupThread.java:90)
		at java.base/java.util.concurrent.ThreadPoolExecutor.runWorker(ThreadPoolExecutor.java:1136)
		at java.base/java.util.concurrent.ThreadPoolExecutor$Worker.run(ThreadPoolExecutor.java:635)
		at java.base/java.lang.Thread.run(Thread.java:833)
14-Nov-2023 11:44:51.702 INFO [http-nio-8089-exec-50] org.apache.jasper.servlet.TldScanner.scanJars Al menos un JAR, que se ha explorado buscando TLDs, aún no contenía TLDs. Activar historial de depuración para este historiador para una completa lista de los JARs que fueron explorados y de los que nos se halló TLDs. Saltarse JARs no necesarios durante la exploración puede dar lugar a una mejora de tiempo significativa en el arranque y compilación de JSP .
14-Nov-2023 11:44:51.876 INFO [http-nio-8089-exec-50] org.apache.catalina.core.StandardContext.reload Se ha completado la recarga de este Contexto
14-Nov-2023 11:48:34.761 INFO [main] org.apache.catalina.core.StandardServer.await Se ha recibido un comando de apagado a través del puerto de apagado. Parando la instancia del Servidor.
14-Nov-2023 11:48:34.761 INFO [main] org.apache.coyote.AbstractProtocol.pause Pausing ProtocolHandler ["http-nio-8089"]
14-Nov-2023 11:48:34.774 INFO [main] org.apache.catalina.core.StandardService.stopInternal Parando servicio [Catalina]
14-Nov-2023 11:48:39.224 WARNING [main] org.apache.catalina.loader.WebappClassLoaderBase.clearReferencesJdbc La aplicación web [Tienda] registró el conductor JDBC [com.mysql.cj.jdbc.Driver] pero falló al anular el registro mientras la aplicación web estaba parada. Para prevenir un fallo de memoria, se ha anulado el registro del conductor JDBC por la fuerza.
14-Nov-2023 11:48:39.225 WARNING [main] org.apache.catalina.loader.WebappClassLoaderBase.clearReferencesThreads The web application [Tienda] appears to have started a thread named [mysql-cj-abandoned-connection-cleanup] but has failed to stop it. This is very likely to create a memory leak. Stack trace of thread:
 java.base@17.0.2/java.lang.Object.wait(Native Method)
 java.base@17.0.2/java.lang.ref.ReferenceQueue.remove(ReferenceQueue.java:155)
 com.mysql.cj.jdbc.AbandonedConnectionCleanupThread.run(AbandonedConnectionCleanupThread.java:91)
 java.base@17.0.2/java.util.concurrent.ThreadPoolExecutor.runWorker(ThreadPoolExecutor.java:1136)
 java.base@17.0.2/java.util.concurrent.ThreadPoolExecutor$Worker.run(ThreadPoolExecutor.java:635)
 java.base@17.0.2/java.lang.Thread.run(Thread.java:833)
14-Nov-2023 11:48:39.229 INFO [main] org.apache.coyote.AbstractProtocol.stop Stopping ProtocolHandler ["http-nio-8089"]
14-Nov-2023 11:48:39.261 INFO [main] org.apache.coyote.AbstractProtocol.destroy Destroying ProtocolHandler ["http-nio-8089"]
