21-Nov-2023 08:12:12.356 INFO [main] org.apache.catalina.startup.VersionLoggerListener.log Nombre de la versión del servidor: Apache Tomcat/9.0.41
21-Nov-2023 08:12:12.369 INFO [main] org.apache.catalina.startup.VersionLoggerListener.log Server built:                      Dec 3 2020 11:43:00 UTC
21-Nov-2023 08:12:12.369 INFO [main] org.apache.catalina.startup.VersionLoggerListener.log Número de versión de servidor:     9.0.41.0
21-Nov-2023 08:12:12.369 INFO [main] org.apache.catalina.startup.VersionLoggerListener.log OS Name:                           Windows 10
21-Nov-2023 08:12:12.369 INFO [main] org.apache.catalina.startup.VersionLoggerListener.log Versión de Systema Operativo:      10.0
21-Nov-2023 08:12:12.369 INFO [main] org.apache.catalina.startup.VersionLoggerListener.log Arquitectura:                      amd64
21-Nov-2023 08:12:12.369 INFO [main] org.apache.catalina.startup.VersionLoggerListener.log Java Home:                         C:\Program Files\Java\jdk-17.0.2
21-Nov-2023 08:12:12.369 INFO [main] org.apache.catalina.startup.VersionLoggerListener.log JVM Version:                       17.0.2+8-LTS-86
21-Nov-2023 08:12:12.370 INFO [main] org.apache.catalina.startup.VersionLoggerListener.log Vededor JVM:                       Oracle Corporation
21-Nov-2023 08:12:12.370 INFO [main] org.apache.catalina.startup.VersionLoggerListener.log CATALINA_BASE:                     C:\Users\ET36\Desktop\TP_Final_Integrador\Conectores\apache-tomcat-9.0.41
21-Nov-2023 08:12:12.370 INFO [main] org.apache.catalina.startup.VersionLoggerListener.log CATALINA_HOME:                     C:\Users\ET36\Desktop\TP_Final_Integrador\Conectores\apache-tomcat-9.0.41
21-Nov-2023 08:12:12.370 INFO [main] org.apache.catalina.startup.VersionLoggerListener.log Command line argument:             --add-opens=java.base/java.lang=ALL-UNNAMED
21-Nov-2023 08:12:12.371 INFO [main] org.apache.catalina.startup.VersionLoggerListener.log Command line argument:             --add-opens=java.base/java.io=ALL-UNNAMED
21-Nov-2023 08:12:12.371 INFO [main] org.apache.catalina.startup.VersionLoggerListener.log Command line argument:             --add-opens=java.rmi/sun.rmi.transport=ALL-UNNAMED
21-Nov-2023 08:12:12.371 INFO [main] org.apache.catalina.startup.VersionLoggerListener.log Command line argument:             -Djava.util.logging.config.file=C:\Users\ET36\Desktop\TP_Final_Integrador\Conectores\apache-tomcat-9.0.41\conf\logging.properties
21-Nov-2023 08:12:12.371 INFO [main] org.apache.catalina.startup.VersionLoggerListener.log Command line argument:             -Djava.util.logging.manager=org.apache.juli.ClassLoaderLogManager
21-Nov-2023 08:12:12.371 INFO [main] org.apache.catalina.startup.VersionLoggerListener.log Command line argument:             -Dhttp.nonProxyHosts=localhost|127.0.0.1|DESKTOP-U7EIME1
21-Nov-2023 08:12:12.371 INFO [main] org.apache.catalina.startup.VersionLoggerListener.log Command line argument:             -Djdk.tls.ephemeralDHKeySize=2048
21-Nov-2023 08:12:12.371 INFO [main] org.apache.catalina.startup.VersionLoggerListener.log Command line argument:             -Djava.protocol.handler.pkgs=org.apache.catalina.webresources
21-Nov-2023 08:12:12.372 INFO [main] org.apache.catalina.startup.VersionLoggerListener.log Command line argument:             -Dignore.endorsed.dirs=
21-Nov-2023 08:12:12.372 INFO [main] org.apache.catalina.startup.VersionLoggerListener.log Command line argument:             -Dcatalina.base=C:\Users\ET36\Desktop\TP_Final_Integrador\Conectores\apache-tomcat-9.0.41
21-Nov-2023 08:12:12.372 INFO [main] org.apache.catalina.startup.VersionLoggerListener.log Command line argument:             -Dcatalina.home=C:\Users\ET36\Desktop\TP_Final_Integrador\Conectores\apache-tomcat-9.0.41
21-Nov-2023 08:12:12.373 INFO [main] org.apache.catalina.startup.VersionLoggerListener.log Command line argument:             -Djava.io.tmpdir=C:\Users\ET36\Desktop\TP_Final_Integrador\Conectores\apache-tomcat-9.0.41\temp
21-Nov-2023 08:12:12.376 INFO [main] org.apache.catalina.core.AprLifecycleListener.lifecycleEvent Cargada la biblioteca nativa APR de Apache Tomcat [1.2.25] con la versión APR [1.7.0].
21-Nov-2023 08:12:12.419 INFO [main] org.apache.catalina.core.AprLifecycleListener.lifecycleEvent Capacidades APR: IPv6 [true], enviar fichero [true], aceptar filtros [false], aleatorio [true].
21-Nov-2023 08:12:12.419 INFO [main] org.apache.catalina.core.AprLifecycleListener.lifecycleEvent APR/OpenSSL configuration: useAprConnector [false], useOpenSSL [true]
21-Nov-2023 08:12:12.426 INFO [main] org.apache.catalina.core.AprLifecycleListener.initializeSSL OpenSSL inicializado correctamente [OpenSSL 1.1.1g  21 Apr 2020]
21-Nov-2023 08:12:12.696 INFO [main] org.apache.coyote.AbstractProtocol.init Inicializando el manejador de protocolo ["http-nio-8089"]

21-Nov-2023 08:12:12.855 INFO [main] org.apache.catalina.startup.Catalina.load Server initialization in [738] milliseconds
21-Nov-2023 08:12:12.937 INFO [main] org.apache.catalina.core.StandardService.startInternal Arrancando servicio [Catalina]
21-Nov-2023 08:12:12.938 INFO [main] org.apache.catalina.core.StandardEngine.startInternal Starting Servlet engine: [Apache Tomcat/9.0.41]
21-Nov-2023 08:12:12.945 INFO [main] org.apache.catalina.startup.HostConfig.deployDescriptor Desplieque del descriptor de configuración [C:\Users\ET36\Desktop\TP_Final_Integrador\Conectores\apache-tomcat-9.0.41\conf\Catalina\localhost\Tienda.xml]
21-Nov-2023 08:12:12.957 WARNING [main] org.apache.catalina.startup.HostConfig.deployDescriptor The path attribute with value [/Tienda] in deployment descriptor [C:\Users\ET36\Desktop\TP_Final_Integrador\Conectores\apache-tomcat-9.0.41\conf\Catalina\localhost\Tienda.xml] has been ignored
21-Nov-2023 08:12:13.766 INFO [main] org.apache.jasper.servlet.TldScanner.scanJars Al menos un JAR, que se ha explorado buscando TLDs, aún no contenía TLDs. Activar historial de depuración para este historiador para una completa lista de los JARs que fueron explorados y de los que nos se halló TLDs. Saltarse JARs no necesarios durante la exploración puede dar lugar a una mejora de tiempo significativa en el arranque y compilación de JSP .
21-Nov-2023 08:12:13.850 INFO [main] org.apache.catalina.startup.HostConfig.deployDescriptor Deployment of deployment descriptor [C:\Users\ET36\Desktop\TP_Final_Integrador\Conectores\apache-tomcat-9.0.41\conf\Catalina\localhost\Tienda.xml] has finished in [904] ms
21-Nov-2023 08:12:13.851 INFO [main] org.apache.catalina.startup.HostConfig.deployDirectory Desplegando el directorio [C:\Users\ET36\Desktop\TP_Final_Integrador\Conectores\apache-tomcat-9.0.41\webapps\docs] de la aplicación web
21-Nov-2023 08:12:13.914 INFO [main] org.apache.jasper.servlet.TldScanner.scanJars Al menos un JAR, que se ha explorado buscando TLDs, aún no contenía TLDs. Activar historial de depuración para este historiador para una completa lista de los JARs que fueron explorados y de los que nos se halló TLDs. Saltarse JARs no necesarios durante la exploración puede dar lugar a una mejora de tiempo significativa en el arranque y compilación de JSP .
21-Nov-2023 08:12:13.917 INFO [main] org.apache.catalina.startup.HostConfig.deployDirectory Deployment of web application directory [C:\Users\ET36\Desktop\TP_Final_Integrador\Conectores\apache-tomcat-9.0.41\webapps\docs] has finished in [66] ms
21-Nov-2023 08:12:13.917 INFO [main] org.apache.catalina.startup.HostConfig.deployDirectory Desplegando el directorio [C:\Users\ET36\Desktop\TP_Final_Integrador\Conectores\apache-tomcat-9.0.41\webapps\examples] de la aplicación web
21-Nov-2023 08:12:14.180 INFO [main] org.apache.jasper.servlet.TldScanner.scanJars Al menos un JAR, que se ha explorado buscando TLDs, aún no contenía TLDs. Activar historial de depuración para este historiador para una completa lista de los JARs que fueron explorados y de los que nos se halló TLDs. Saltarse JARs no necesarios durante la exploración puede dar lugar a una mejora de tiempo significativa en el arranque y compilación de JSP .
21-Nov-2023 08:12:14.250 INFO [main] org.apache.catalina.startup.HostConfig.deployDirectory Deployment of web application directory [C:\Users\ET36\Desktop\TP_Final_Integrador\Conectores\apache-tomcat-9.0.41\webapps\examples] has finished in [333] ms
21-Nov-2023 08:12:14.250 INFO [main] org.apache.catalina.startup.HostConfig.deployDirectory Desplegando el directorio [C:\Users\ET36\Desktop\TP_Final_Integrador\Conectores\apache-tomcat-9.0.41\webapps\host-manager] de la aplicación web
21-Nov-2023 08:12:14.333 INFO [main] org.apache.jasper.servlet.TldScanner.scanJars Al menos un JAR, que se ha explorado buscando TLDs, aún no contenía TLDs. Activar historial de depuración para este historiador para una completa lista de los JARs que fueron explorados y de los que nos se halló TLDs. Saltarse JARs no necesarios durante la exploración puede dar lugar a una mejora de tiempo significativa en el arranque y compilación de JSP .
21-Nov-2023 08:12:14.333 INFO [main] org.apache.catalina.startup.HostConfig.deployDirectory Deployment of web application directory [C:\Users\ET36\Desktop\TP_Final_Integrador\Conectores\apache-tomcat-9.0.41\webapps\host-manager] has finished in [83] ms
21-Nov-2023 08:12:14.333 INFO [main] org.apache.catalina.startup.HostConfig.deployDirectory Desplegando el directorio [C:\Users\ET36\Desktop\TP_Final_Integrador\Conectores\apache-tomcat-9.0.41\webapps\manager] de la aplicación web
21-Nov-2023 08:12:14.399 INFO [main] org.apache.jasper.servlet.TldScanner.scanJars Al menos un JAR, que se ha explorado buscando TLDs, aún no contenía TLDs. Activar historial de depuración para este historiador para una completa lista de los JARs que fueron explorados y de los que nos se halló TLDs. Saltarse JARs no necesarios durante la exploración puede dar lugar a una mejora de tiempo significativa en el arranque y compilación de JSP .
21-Nov-2023 08:12:14.401 INFO [main] org.apache.catalina.startup.HostConfig.deployDirectory Deployment of web application directory [C:\Users\ET36\Desktop\TP_Final_Integrador\Conectores\apache-tomcat-9.0.41\webapps\manager] has finished in [68] ms
21-Nov-2023 08:12:14.401 INFO [main] org.apache.catalina.startup.HostConfig.deployDirectory Desplegando el directorio [C:\Users\ET36\Desktop\TP_Final_Integrador\Conectores\apache-tomcat-9.0.41\webapps\ROOT] de la aplicación web
21-Nov-2023 08:12:14.453 INFO [main] org.apache.jasper.servlet.TldScanner.scanJars Al menos un JAR, que se ha explorado buscando TLDs, aún no contenía TLDs. Activar historial de depuración para este historiador para una completa lista de los JARs que fueron explorados y de los que nos se halló TLDs. Saltarse JARs no necesarios durante la exploración puede dar lugar a una mejora de tiempo significativa en el arranque y compilación de JSP .
21-Nov-2023 08:12:14.453 INFO [main] org.apache.catalina.startup.HostConfig.deployDirectory Deployment of web application directory [C:\Users\ET36\Desktop\TP_Final_Integrador\Conectores\apache-tomcat-9.0.41\webapps\ROOT] has finished in [52] ms
21-Nov-2023 08:12:14.464 INFO [main] org.apache.coyote.AbstractProtocol.start Starting ProtocolHandler ["http-nio-8089"]
21-Nov-2023 08:12:14.474 INFO [main] org.apache.catalina.startup.Catalina.start Server startup in [1619] milliseconds
21-Nov-2023 08:12:21.133 INFO [http-nio-8089-exec-8] org.apache.catalina.startup.HostConfig.undeploy Repliegue (undeploy) de la aplicación web que tiene como trayectoria de contexto [/Tienda]
21-Nov-2023 08:12:21.149 INFO [http-nio-8089-exec-5] org.apache.catalina.startup.HostConfig.deployDescriptor Desplieque del descriptor de configuración [C:\Users\ET36\Desktop\TP_Final_Integrador\Conectores\apache-tomcat-9.0.41\conf\Catalina\localhost\Tienda.xml]
21-Nov-2023 08:12:21.149 WARNING [http-nio-8089-exec-5] org.apache.catalina.startup.HostConfig.deployDescriptor The path attribute with value [/Tienda] in deployment descriptor [C:\Users\ET36\Desktop\TP_Final_Integrador\Conectores\apache-tomcat-9.0.41\conf\Catalina\localhost\Tienda.xml] has been ignored
21-Nov-2023 08:12:21.529 INFO [http-nio-8089-exec-5] org.apache.jasper.servlet.TldScanner.scanJars Al menos un JAR, que se ha explorado buscando TLDs, aún no contenía TLDs. Activar historial de depuración para este historiador para una completa lista de los JARs que fueron explorados y de los que nos se halló TLDs. Saltarse JARs no necesarios durante la exploración puede dar lugar a una mejora de tiempo significativa en el arranque y compilación de JSP .
21-Nov-2023 08:12:21.549 INFO [http-nio-8089-exec-5] org.apache.catalina.startup.HostConfig.deployDescriptor Deployment of deployment descriptor [C:\Users\ET36\Desktop\TP_Final_Integrador\Conectores\apache-tomcat-9.0.41\conf\Catalina\localhost\Tienda.xml] has finished in [400] ms
21-Nov-2023 08:12:21.559 INFO [http-nio-8089-exec-7] org.apache.catalina.util.LifecycleBase.start The start() method was called on component [StandardEngine[Catalina].StandardHost[localhost].StandardContext[/Tienda]] after start() had already been called. The second call will be ignored.
