15-Nov-2023 11:21:18.146 INFO [main] org.apache.catalina.core.ApplicationContext.log ContextListener: contextInitialized()
15-Nov-2023 11:21:18.146 INFO [main] org.apache.catalina.core.ApplicationContext.log SessionListener: contextInitialized()
15-Nov-2023 11:21:18.149 INFO [main] org.apache.catalina.core.ApplicationContext.log ContextListener: attributeAdded('StockTicker', 'async.Stockticker@2def7a7a')
15-Nov-2023 11:42:47.003 SEVERE [http-nio-8089-exec-79] org.apache.catalina.core.StandardWrapperValve.invoke Servlet.service() para servlet [Vender] lanz贸 excepci贸n
	java.lang.RuntimeException: Uncompilable code - cannot find symbol
  symbol:   variable idVenta
  location: class modelo.GestorBD
		at modelo.GestorBD.crearVenta(GestorBD.java:1)
		at controlador.Vender.processRequest(Vender.java:35)
		at controlador.Vender.doPost(Vender.java:80)
		at javax.servlet.http.HttpServlet.service(HttpServlet.java:652)
		at javax.servlet.http.HttpServlet.service(HttpServlet.java:733)
		at org.apache.catalina.core.ApplicationFilterChain.internalDoFilter(ApplicationFilterChain.java:231)
		at org.apache.catalina.core.ApplicationFilterChain.doFilter(ApplicationFilterChain.java:166)
		at org.apache.tomcat.websocket.server.WsFilter.doFilter(WsFilter.java:53)
		at org.apache.catalina.core.ApplicationFilterChain.internalDoFilter(ApplicationFilterChain.java:193)
		at org.apache.catalina.core.ApplicationFilterChain.doFilter(ApplicationFilterChain.java:166)
		at org.apache.catalina.core.StandardWrapperValve.invoke(StandardWrapperValve.java:202)
		at org.apache.catalina.core.StandardContextValve.invoke(StandardContextValve.java:97)
		at org.apache.catalina.authenticator.AuthenticatorBase.invoke(AuthenticatorBase.java:542)
		at org.apache.catalina.core.StandardHostValve.invoke(StandardHostValve.java:143)
		at org.apache.catalina.valves.ErrorReportValve.invoke(ErrorReportValve.java:92)
		at org.apache.catalina.valves.AbstractAccessLogValve.invoke(AbstractAccessLogValve.java:690)
		at org.apache.catalina.core.StandardEngineValve.invoke(StandardEngineValve.java:78)
		at org.apache.catalina.connector.CoyoteAdapter.service(CoyoteAdapter.java:343)
		at org.apache.coyote.http11.Http11Processor.service(Http11Processor.java:374)
		at org.apache.coyote.AbstractProcessorLight.process(AbstractProcessorLight.java:65)
		at org.apache.coyote.AbstractProtocol$ConnectionHandler.process(AbstractProtocol.java:888)
		at org.apache.tomcat.util.net.NioEndpoint$SocketProcessor.doRun(NioEndpoint.java:1597)
		at org.apache.tomcat.util.net.SocketProcessorBase.run(SocketProcessorBase.java:49)
		at java.base/java.util.concurrent.ThreadPoolExecutor.runWorker(ThreadPoolExecutor.java:1136)
		at java.base/java.util.concurrent.ThreadPoolExecutor$Worker.run(ThreadPoolExecutor.java:635)
		at org.apache.tomcat.util.threads.TaskThread$WrappingRunnable.run(TaskThread.java:61)
		at java.base/java.lang.Thread.run(Thread.java:833)
15-Nov-2023 11:43:37.612 WARNING [http-nio-8089-exec-78] org.apache.catalina.session.StandardSession.doWriteObject No puedo serializar atributo de sesi贸n [carrito] para sesi贸n [0E747F8BCF1656CC97E0C9095ABAAA92]
	java.io.NotSerializableException: modelo.ItemCarrito
		at java.base/java.io.ObjectOutputStream.writeObject0(ObjectOutputStream.java:1197)
		at java.base/java.io.ObjectOutputStream.writeObject(ObjectOutputStream.java:354)
		at java.base/java.util.ArrayList.writeObject(ArrayList.java:866)
		at java.base/jdk.internal.reflect.GeneratedMethodAccessor63.invoke(Unknown Source)
		at java.base/jdk.internal.reflect.DelegatingMethodAccessorImpl.invoke(DelegatingMethodAccessorImpl.java:43)
		at java.base/java.lang.reflect.Method.invoke(Method.java:568)
		at java.base/java.io.ObjectStreamClass.invokeWriteObject(ObjectStreamClass.java:1201)
		at java.base/java.io.ObjectOutputStream.writeSerialData(ObjectOutputStream.java:1526)
		at java.base/java.io.ObjectOutputStream.writeOrdinaryObject(ObjectOutputStream.java:1448)
		at java.base/java.io.ObjectOutputStream.writeObject0(ObjectOutputStream.java:1191)
		at java.base/java.io.ObjectOutputStream.writeObject(ObjectOutputStream.java:354)
		at org.apache.catalina.session.StandardSession.doWriteObject(StandardSession.java:1702)
		at org.apache.catalina.session.StandardSession.writeObjectData(StandardSession.java:1057)
		at org.apache.catalina.session.StandardManager.doUnload(StandardManager.java:315)
		at org.apache.catalina.session.StandardManager.unload(StandardManager.java:267)
		at org.apache.catalina.session.StandardManager.stopInternal(StandardManager.java:382)
		at org.apache.catalina.util.LifecycleBase.stop(LifecycleBase.java:257)
		at org.apache.catalina.core.StandardContext.stopInternal(StandardContext.java:5429)
		at org.apache.catalina.util.LifecycleBase.stop(LifecycleBase.java:257)
		at org.apache.catalina.core.StandardContext.reload(StandardContext.java:3785)
		at org.apache.catalina.manager.ManagerServlet.reload(ManagerServlet.java:1127)
		at org.apache.catalina.manager.ManagerServlet.doGet(ManagerServlet.java:366)
		at javax.servlet.http.HttpServlet.service(HttpServlet.java:626)
		at javax.servlet.http.HttpServlet.service(HttpServlet.java:733)
		at org.apache.catalina.core.ApplicationFilterChain.internalDoFilter(ApplicationFilterChain.java:231)
		at org.apache.catalina.core.ApplicationFilterChain.doFilter(ApplicationFilterChain.java:166)
		at org.apache.tomcat.websocket.server.WsFilter.doFilter(WsFilter.java:53)
		at org.apache.catalina.core.ApplicationFilterChain.internalDoFilter(ApplicationFilterChain.java:193)
		at org.apache.catalina.core.ApplicationFilterChain.doFilter(ApplicationFilterChain.java:166)
		at org.apache.catalina.filters.HttpHeaderSecurityFilter.doFilter(HttpHeaderSecurityFilter.java:126)
		at org.apache.catalina.core.ApplicationFilterChain.internalDoFilter(ApplicationFilterChain.java:193)
		at org.apache.catalina.core.ApplicationFilterChain.doFilter(ApplicationFilterChain.java:166)
		at org.apache.catalina.core.StandardWrapperValve.invoke(StandardWrapperValve.java:202)
		at org.apache.catalina.core.StandardContextValve.invoke(StandardContextValve.java:97)
		at org.apache.catalina.authenticator.AuthenticatorBase.invoke(AuthenticatorBase.java:667)
		at org.apache.catalina.valves.RequestFilterValve.process(RequestFilterValve.java:348)
		at org.apache.catalina.valves.RemoteAddrValve.invoke(RemoteAddrValve.java:53)
		at org.apache.catalina.core.StandardHostValve.invoke(StandardHostValve.java:143)
		at org.apache.catalina.valves.ErrorReportValve.invoke(ErrorReportValve.java:92)
		at org.apache.catalina.valves.AbstractAccessLogValve.invoke(AbstractAccessLogValve.java:690)
		at org.apache.catalina.core.StandardEngineValve.invoke(StandardEngineValve.java:78)
		at org.apache.catalina.connector.CoyoteAdapter.service(CoyoteAdapter.java:343)
		at org.apache.coyote.http11.Http11Processor.service(Http11Processor.java:374)
		at org.apache.coyote.AbstractProcessorLight.process(AbstractProcessorLight.java:65)
		at org.apache.coyote.AbstractProtocol$ConnectionHandler.process(AbstractProtocol.java:888)
		at org.apache.tomcat.util.net.NioEndpoint$SocketProcessor.doRun(NioEndpoint.java:1597)
		at org.apache.tomcat.util.net.SocketProcessorBase.run(SocketProcessorBase.java:49)
		at java.base/java.util.concurrent.ThreadPoolExecutor.runWorker(ThreadPoolExecutor.java:1136)
		at java.base/java.util.concurrent.ThreadPoolExecutor$Worker.run(ThreadPoolExecutor.java:635)
		at org.apache.tomcat.util.threads.TaskThread$WrappingRunnable.run(TaskThread.java:61)
		at java.base/java.lang.Thread.run(Thread.java:833)
15-Nov-2023 11:43:38.425 WARNING [http-nio-8089-exec-78] org.apache.catalina.session.StandardSession.doReadObject Cannot deserialize session attribute [carrito] for session [0E747F8BCF1656CC97E0C9095ABAAA92]
15-Nov-2023 11:48:24.896 INFO [main] org.apache.catalina.core.ApplicationContext.log SessionListener: contextDestroyed()
15-Nov-2023 11:48:24.896 INFO [main] org.apache.catalina.core.ApplicationContext.log ContextListener: contextDestroyed()
