15-Nov-2023 11:21:24.610 INFO [http-nio-8089-exec-7] org.apache.catalina.core.ApplicationContext.log Manager: init: Associated with Deployer 'Catalina:type=Deployer,host=localhost'
15-Nov-2023 11:21:24.610 INFO [http-nio-8089-exec-7] org.apache.catalina.core.ApplicationContext.log Manager: init: Global resources are available
15-Nov-2023 11:21:24.683 INFO [http-nio-8089-exec-10] org.apache.catalina.core.ApplicationContext.log Manager: list: Listing contexts for virtual host 'localhost'
15-Nov-2023 11:21:24.703 INFO [http-nio-8089-exec-2] org.apache.catalina.core.ApplicationContext.log Manager: undeploy: Undeploying web application at '/Tienda'
15-Nov-2023 11:21:25.961 INFO [http-nio-8089-exec-8] org.apache.catalina.core.ApplicationContext.log Manager: install: Installing context configuration at 'file:/C:/Users/ET36/AppData/Local/Temp/context17737118203725913602.xml'
15-Nov-2023 11:21:26.991 INFO [http-nio-8089-exec-8] org.apache.catalina.core.ApplicationContext.log Manager: start: Starting web application '/Tienda'
15-Nov-2023 11:29:27.748 INFO [http-nio-8089-exec-12] org.apache.catalina.core.ApplicationContext.log Manager: list: Listing contexts for virtual host 'localhost'
15-Nov-2023 11:29:27.905 INFO [http-nio-8089-exec-13] org.apache.catalina.core.ApplicationContext.log Manager: restart: Reloading web application '/Tienda'
15-Nov-2023 11:29:46.962 INFO [http-nio-8089-exec-22] org.apache.catalina.core.ApplicationContext.log Manager: list: Listing contexts for virtual host 'localhost'
15-Nov-2023 11:29:46.971 INFO [http-nio-8089-exec-11] org.apache.catalina.core.ApplicationContext.log Manager: restart: Reloading web application '/Tienda'
15-Nov-2023 11:30:34.094 INFO [http-nio-8089-exec-30] org.apache.catalina.core.ApplicationContext.log Manager: list: Listing contexts for virtual host 'localhost'
15-Nov-2023 11:30:34.098 INFO [http-nio-8089-exec-24] org.apache.catalina.core.ApplicationContext.log Manager: restart: Reloading web application '/Tienda'
15-Nov-2023 11:30:38.397 INFO [http-nio-8089-exec-25] org.apache.catalina.core.ApplicationContext.log Manager: list: Listing contexts for virtual host 'localhost'
15-Nov-2023 11:30:38.404 INFO [http-nio-8089-exec-27] org.apache.catalina.core.ApplicationContext.log Manager: restart: Reloading web application '/Tienda'
15-Nov-2023 11:30:47.997 INFO [http-nio-8089-exec-32] org.apache.catalina.core.ApplicationContext.log Manager: list: Listing contexts for virtual host 'localhost'
15-Nov-2023 11:30:48.005 INFO [http-nio-8089-exec-24] org.apache.catalina.core.ApplicationContext.log Manager: restart: Reloading web application '/Tienda'
15-Nov-2023 11:31:35.351 INFO [http-nio-8089-exec-27] org.apache.catalina.core.ApplicationContext.log Manager: list: Listing contexts for virtual host 'localhost'
15-Nov-2023 11:31:35.359 INFO [http-nio-8089-exec-33] org.apache.catalina.core.ApplicationContext.log Manager: restart: Reloading web application '/Tienda'
15-Nov-2023 11:33:03.842 INFO [http-nio-8089-exec-35] org.apache.catalina.core.ApplicationContext.log Manager: list: Listing contexts for virtual host 'localhost'
15-Nov-2023 11:33:03.852 INFO [http-nio-8089-exec-40] org.apache.catalina.core.ApplicationContext.log Manager: restart: Reloading web application '/Tienda'
15-Nov-2023 11:34:29.157 INFO [http-nio-8089-exec-43] org.apache.catalina.core.ApplicationContext.log Manager: list: Listing contexts for virtual host 'localhost'
15-Nov-2023 11:34:29.166 INFO [http-nio-8089-exec-41] org.apache.catalina.core.ApplicationContext.log Manager: restart: Reloading web application '/Tienda'
15-Nov-2023 11:34:40.349 INFO [http-nio-8089-exec-49] org.apache.catalina.core.ApplicationContext.log Manager: list: Listing contexts for virtual host 'localhost'
15-Nov-2023 11:34:40.358 INFO [http-nio-8089-exec-42] org.apache.catalina.core.ApplicationContext.log Manager: restart: Reloading web application '/Tienda'
15-Nov-2023 11:36:32.356 INFO [http-nio-8089-exec-51] org.apache.catalina.core.ApplicationContext.log Manager: list: Listing contexts for virtual host 'localhost'
15-Nov-2023 11:36:32.365 INFO [http-nio-8089-exec-52] org.apache.catalina.core.ApplicationContext.log Manager: restart: Reloading web application '/Tienda'
15-Nov-2023 11:36:34.245 INFO [http-nio-8089-exec-42] org.apache.catalina.core.ApplicationContext.log Manager: list: Listing contexts for virtual host 'localhost'
15-Nov-2023 11:36:34.255 INFO [http-nio-8089-exec-54] org.apache.catalina.core.ApplicationContext.log Manager: restart: Reloading web application '/Tienda'
15-Nov-2023 11:39:06.678 INFO [http-nio-8089-exec-59] org.apache.catalina.core.ApplicationContext.log Manager: list: Listing contexts for virtual host 'localhost'
15-Nov-2023 11:39:06.685 INFO [http-nio-8089-exec-61] org.apache.catalina.core.ApplicationContext.log Manager: restart: Reloading web application '/Tienda'
15-Nov-2023 11:40:22.294 INFO [http-nio-8089-exec-60] org.apache.catalina.core.ApplicationContext.log Manager: list: Listing contexts for virtual host 'localhost'
15-Nov-2023 11:40:22.296 INFO [http-nio-8089-exec-63] org.apache.catalina.core.ApplicationContext.log Manager: restart: Reloading web application '/Tienda'
15-Nov-2023 11:41:24.100 INFO [http-nio-8089-exec-64] org.apache.catalina.core.ApplicationContext.log Manager: list: Listing contexts for virtual host 'localhost'
15-Nov-2023 11:41:24.106 INFO [http-nio-8089-exec-68] org.apache.catalina.core.ApplicationContext.log Manager: restart: Reloading web application '/Tienda'
15-Nov-2023 11:42:31.526 INFO [http-nio-8089-exec-74] org.apache.catalina.core.ApplicationContext.log Manager: list: Listing contexts for virtual host 'localhost'
15-Nov-2023 11:42:31.530 INFO [http-nio-8089-exec-76] org.apache.catalina.core.ApplicationContext.log Manager: restart: Reloading web application '/Tienda'
15-Nov-2023 11:42:37.216 INFO [http-nio-8089-exec-82] org.apache.catalina.core.ApplicationContext.log Manager: list: Listing contexts for virtual host 'localhost'
15-Nov-2023 11:42:37.225 INFO [http-nio-8089-exec-73] org.apache.catalina.core.ApplicationContext.log Manager: restart: Reloading web application '/Tienda'
15-Nov-2023 11:43:37.526 INFO [http-nio-8089-exec-88] org.apache.catalina.core.ApplicationContext.log Manager: list: Listing contexts for virtual host 'localhost'
15-Nov-2023 11:43:37.534 INFO [http-nio-8089-exec-78] org.apache.catalina.core.ApplicationContext.log Manager: restart: Reloading web application '/Tienda'
