21-Nov-2023 08:12:20.511 INFO [http-nio-8089-exec-4] org.apache.catalina.core.ApplicationContext.log Manager: init: Associated with Deployer 'Catalina:type=Deployer,host=localhost'
21-Nov-2023 08:12:20.511 INFO [http-nio-8089-exec-4] org.apache.catalina.core.ApplicationContext.log Manager: init: Global resources are available
21-Nov-2023 08:12:20.577 INFO [http-nio-8089-exec-7] org.apache.catalina.core.ApplicationContext.log Manager: list: Listing contexts for virtual host 'localhost'
21-Nov-2023 08:12:20.604 INFO [http-nio-8089-exec-8] org.apache.catalina.core.ApplicationContext.log Manager: undeploy: Undeploying web application at '/Tienda'
21-Nov-2023 08:12:21.149 INFO [http-nio-8089-exec-5] org.apache.catalina.core.ApplicationContext.log Manager: install: Installing context configuration at 'file:/C:/Users/ET36/AppData/Local/Temp/context12360698596783196727.xml'
21-Nov-2023 08:12:21.558 INFO [http-nio-8089-exec-7] org.apache.catalina.core.ApplicationContext.log Manager: start: Starting web application '/Tienda'
21-Nov-2023 08:13:12.513 INFO [http-nio-8089-exec-14] org.apache.catalina.core.ApplicationContext.log Manager: list: Listing contexts for virtual host 'localhost'
21-Nov-2023 08:13:12.514 INFO [http-nio-8089-exec-11] org.apache.catalina.core.ApplicationContext.log Manager: list: Listing contexts for virtual host 'localhost'
21-Nov-2023 08:13:46.070 INFO [http-nio-8089-exec-12] org.apache.catalina.core.ApplicationContext.log Manager: list: Listing contexts for virtual host 'localhost'
21-Nov-2023 08:13:46.070 INFO [http-nio-8089-exec-15] org.apache.catalina.core.ApplicationContext.log Manager: list: Listing contexts for virtual host 'localhost'
21-Nov-2023 09:22:46.065 INFO [http-nio-8089-exec-4] org.apache.catalina.core.ApplicationContext.log Manager: init: Associated with Deployer 'Catalina:type=Deployer,host=localhost'
21-Nov-2023 09:22:46.065 INFO [http-nio-8089-exec-4] org.apache.catalina.core.ApplicationContext.log Manager: init: Global resources are available
21-Nov-2023 09:22:46.135 INFO [http-nio-8089-exec-7] org.apache.catalina.core.ApplicationContext.log Manager: list: Listing contexts for virtual host 'localhost'
21-Nov-2023 09:22:46.135 INFO [http-nio-8089-exec-8] org.apache.catalina.core.ApplicationContext.log Manager: undeploy: Undeploying web application at '/Tienda'
21-Nov-2023 09:22:46.691 INFO [http-nio-8089-exec-4] org.apache.catalina.core.ApplicationContext.log Manager: install: Installing context configuration at 'file:/C:/Users/ET36/AppData/Local/Temp/context16435100303069071275.xml'
21-Nov-2023 09:22:46.779 INFO [http-nio-8089-exec-6] org.apache.catalina.core.ApplicationContext.log Manager: start: Starting web application '/Tienda'
21-Nov-2023 09:24:10.606 INFO [http-nio-8089-exec-3] org.apache.catalina.core.ApplicationContext.log Manager: list: Listing contexts for virtual host 'localhost'
21-Nov-2023 09:24:10.639 INFO [http-nio-8089-exec-11] org.apache.catalina.core.ApplicationContext.log Manager: restart: Reloading web application '/Tienda'
21-Nov-2023 09:26:07.779 INFO [http-nio-8089-exec-18] org.apache.catalina.core.ApplicationContext.log Manager: list: Listing contexts for virtual host 'localhost'
21-Nov-2023 09:26:07.786 INFO [http-nio-8089-exec-6] org.apache.catalina.core.ApplicationContext.log Manager: restart: Reloading web application '/Tienda'
21-Nov-2023 09:26:09.303 INFO [http-nio-8089-exec-23] org.apache.catalina.core.ApplicationContext.log Manager: list: Listing contexts for virtual host 'localhost'
21-Nov-2023 09:26:09.323 INFO [http-nio-8089-exec-20] org.apache.catalina.core.ApplicationContext.log Manager: restart: Reloading web application '/Tienda'
21-Nov-2023 09:26:22.693 INFO [http-nio-8089-exec-19] org.apache.catalina.core.ApplicationContext.log Manager: list: Listing contexts for virtual host 'localhost'
21-Nov-2023 09:26:22.698 INFO [http-nio-8089-exec-24] org.apache.catalina.core.ApplicationContext.log Manager: restart: Reloading web application '/Tienda'
21-Nov-2023 09:26:24.488 INFO [http-nio-8089-exec-25] org.apache.catalina.core.ApplicationContext.log Manager: list: Listing contexts for virtual host 'localhost'
21-Nov-2023 09:26:24.494 INFO [http-nio-8089-exec-6] org.apache.catalina.core.ApplicationContext.log Manager: restart: Reloading web application '/Tienda'
