31-Oct-2023 10:42:16.003 INFO [http-nio-8089-exec-4] org.apache.catalina.core.ApplicationContext.log Manager: init: Associated with Deployer 'Catalina:type=Deployer,host=localhost'
31-Oct-2023 10:42:16.003 INFO [http-nio-8089-exec-4] org.apache.catalina.core.ApplicationContext.log Manager: init: Global resources are available
31-Oct-2023 10:42:16.063 INFO [http-nio-8089-exec-7] org.apache.catalina.core.ApplicationContext.log Manager: list: Listing contexts for virtual host 'localhost'
31-Oct-2023 10:42:16.073 INFO [http-nio-8089-exec-8] org.apache.catalina.core.ApplicationContext.log Manager: undeploy: Undeploying web application at '/Tienda'
31-Oct-2023 10:42:16.612 INFO [http-nio-8089-exec-4] org.apache.catalina.core.ApplicationContext.log Manager: install: Installing context configuration at 'file:/C:/Users/ET36/AppData/Local/Temp/context3433003892048985391.xml'
31-Oct-2023 10:42:16.956 INFO [http-nio-8089-exec-7] org.apache.catalina.core.ApplicationContext.log Manager: start: Starting web application '/Tienda'
31-Oct-2023 10:50:06.158 INFO [http-nio-8089-exec-19] org.apache.catalina.core.ApplicationContext.log Manager: list: Listing contexts for virtual host 'localhost'
31-Oct-2023 10:50:06.171 INFO [http-nio-8089-exec-11] org.apache.catalina.core.ApplicationContext.log Manager: restart: Reloading web application '/Tienda'
31-Oct-2023 10:50:23.141 INFO [http-nio-8089-exec-13] org.apache.catalina.core.ApplicationContext.log Manager: list: Listing contexts for virtual host 'localhost'
31-Oct-2023 10:50:23.141 INFO [http-nio-8089-exec-19] org.apache.catalina.core.ApplicationContext.log Manager: restart: Reloading web application '/Tienda'
31-Oct-2023 10:51:14.029 INFO [http-nio-8089-exec-14] org.apache.catalina.core.ApplicationContext.log Manager: list: Listing contexts for virtual host 'localhost'
31-Oct-2023 10:51:14.029 INFO [http-nio-8089-exec-21] org.apache.catalina.core.ApplicationContext.log Manager: restart: Reloading web application '/Tienda'
31-Oct-2023 10:52:54.017 INFO [http-nio-8089-exec-23] org.apache.catalina.core.ApplicationContext.log Manager: list: Listing contexts for virtual host 'localhost'
31-Oct-2023 10:52:54.020 INFO [http-nio-8089-exec-14] org.apache.catalina.core.ApplicationContext.log Manager: restart: Reloading web application '/Tienda'
31-Oct-2023 10:55:23.180 INFO [http-nio-8089-exec-28] org.apache.catalina.core.ApplicationContext.log Manager: list: Listing contexts for virtual host 'localhost'
31-Oct-2023 10:55:23.185 INFO [http-nio-8089-exec-22] org.apache.catalina.core.ApplicationContext.log Manager: restart: Reloading web application '/Tienda'
31-Oct-2023 10:55:31.254 INFO [http-nio-8089-exec-28] org.apache.catalina.core.ApplicationContext.log Manager: list: Listing contexts for virtual host 'localhost'
31-Oct-2023 10:55:31.274 INFO [http-nio-8089-exec-12] org.apache.catalina.core.ApplicationContext.log Manager: restart: Reloading web application '/Tienda'
31-Oct-2023 10:58:41.064 INFO [http-nio-8089-exec-26] org.apache.catalina.core.ApplicationContext.log Manager: list: Listing contexts for virtual host 'localhost'
31-Oct-2023 10:58:41.080 INFO [http-nio-8089-exec-33] org.apache.catalina.core.ApplicationContext.log Manager: restart: Reloading web application '/Tienda'
31-Oct-2023 10:59:07.837 INFO [http-nio-8089-exec-32] org.apache.catalina.core.ApplicationContext.log Manager: list: Listing contexts for virtual host 'localhost'
31-Oct-2023 10:59:07.837 INFO [http-nio-8089-exec-30] org.apache.catalina.core.ApplicationContext.log Manager: restart: Reloading web application '/Tienda'
31-Oct-2023 10:59:20.464 INFO [http-nio-8089-exec-32] org.apache.catalina.core.ApplicationContext.log Manager: list: Listing contexts for virtual host 'localhost'
31-Oct-2023 10:59:20.464 INFO [http-nio-8089-exec-33] org.apache.catalina.core.ApplicationContext.log Manager: restart: Reloading web application '/Tienda'
31-Oct-2023 11:00:13.727 INFO [http-nio-8089-exec-23] org.apache.catalina.core.ApplicationContext.log Manager: list: Listing contexts for virtual host 'localhost'
31-Oct-2023 11:00:13.731 INFO [http-nio-8089-exec-32] org.apache.catalina.core.ApplicationContext.log Manager: restart: Reloading web application '/Tienda'
31-Oct-2023 11:00:21.496 INFO [http-nio-8089-exec-31] org.apache.catalina.core.ApplicationContext.log Manager: list: Listing contexts for virtual host 'localhost'
31-Oct-2023 11:00:21.514 INFO [http-nio-8089-exec-16] org.apache.catalina.core.ApplicationContext.log Manager: restart: Reloading web application '/Tienda'
31-Oct-2023 11:00:45.600 INFO [http-nio-8089-exec-32] org.apache.catalina.core.ApplicationContext.log Manager: list: Listing contexts for virtual host 'localhost'
31-Oct-2023 11:00:45.616 INFO [http-nio-8089-exec-33] org.apache.catalina.core.ApplicationContext.log Manager: restart: Reloading web application '/Tienda'
31-Oct-2023 11:00:54.901 INFO [http-nio-8089-exec-31] org.apache.catalina.core.ApplicationContext.log Manager: list: Listing contexts for virtual host 'localhost'
31-Oct-2023 11:00:54.901 INFO [http-nio-8089-exec-38] org.apache.catalina.core.ApplicationContext.log Manager: restart: Reloading web application '/Tienda'
31-Oct-2023 11:02:33.223 INFO [http-nio-8089-exec-44] org.apache.catalina.core.ApplicationContext.log Manager: list: Listing contexts for virtual host 'localhost'
31-Oct-2023 11:02:33.223 INFO [http-nio-8089-exec-27] org.apache.catalina.core.ApplicationContext.log Manager: restart: Reloading web application '/Tienda'
31-Oct-2023 11:06:19.219 INFO [http-nio-8089-exec-40] org.apache.catalina.core.ApplicationContext.log Manager: list: Listing contexts for virtual host 'localhost'
31-Oct-2023 11:06:19.224 INFO [http-nio-8089-exec-48] org.apache.catalina.core.ApplicationContext.log Manager: restart: Reloading web application '/Tienda'
31-Oct-2023 11:07:05.842 INFO [http-nio-8089-exec-40] org.apache.catalina.core.ApplicationContext.log Manager: list: Listing contexts for virtual host 'localhost'
31-Oct-2023 11:07:05.842 INFO [http-nio-8089-exec-39] org.apache.catalina.core.ApplicationContext.log Manager: restart: Reloading web application '/Tienda'
31-Oct-2023 11:07:53.594 INFO [http-nio-8089-exec-40] org.apache.catalina.core.ApplicationContext.log Manager: list: Listing contexts for virtual host 'localhost'
31-Oct-2023 11:07:53.610 INFO [http-nio-8089-exec-27] org.apache.catalina.core.ApplicationContext.log Manager: restart: Reloading web application '/Tienda'
31-Oct-2023 11:08:13.310 INFO [http-nio-8089-exec-46] org.apache.catalina.core.ApplicationContext.log Manager: list: Listing contexts for virtual host 'localhost'
31-Oct-2023 11:08:13.310 INFO [http-nio-8089-exec-48] org.apache.catalina.core.ApplicationContext.log Manager: restart: Reloading web application '/Tienda'
31-Oct-2023 11:08:25.418 INFO [http-nio-8089-exec-37] org.apache.catalina.core.ApplicationContext.log Manager: list: Listing contexts for virtual host 'localhost'
31-Oct-2023 11:08:25.422 INFO [http-nio-8089-exec-40] org.apache.catalina.core.ApplicationContext.log Manager: restart: Reloading web application '/Tienda'
31-Oct-2023 11:10:10.904 INFO [http-nio-8089-exec-27] org.apache.catalina.core.ApplicationContext.log Manager: list: Listing contexts for virtual host 'localhost'
31-Oct-2023 11:10:10.908 INFO [http-nio-8089-exec-52] org.apache.catalina.core.ApplicationContext.log Manager: restart: Reloading web application '/Tienda'
31-Oct-2023 11:10:26.714 INFO [http-nio-8089-exec-40] org.apache.catalina.core.ApplicationContext.log Manager: list: Listing contexts for virtual host 'localhost'
31-Oct-2023 11:10:26.732 INFO [http-nio-8089-exec-27] org.apache.catalina.core.ApplicationContext.log Manager: restart: Reloading web application '/Tienda'
31-Oct-2023 11:11:41.223 INFO [http-nio-8089-exec-53] org.apache.catalina.core.ApplicationContext.log Manager: list: Listing contexts for virtual host 'localhost'
31-Oct-2023 11:11:41.227 INFO [http-nio-8089-exec-51] org.apache.catalina.core.ApplicationContext.log Manager: restart: Reloading web application '/Tienda'
31-Oct-2023 11:12:01.210 INFO [http-nio-8089-exec-39] org.apache.catalina.core.ApplicationContext.log Manager: list: Listing contexts for virtual host 'localhost'
31-Oct-2023 11:12:01.210 INFO [http-nio-8089-exec-57] org.apache.catalina.core.ApplicationContext.log Manager: restart: Reloading web application '/Tienda'
31-Oct-2023 11:12:33.593 INFO [http-nio-8089-exec-51] org.apache.catalina.core.ApplicationContext.log Manager: list: Listing contexts for virtual host 'localhost'
31-Oct-2023 11:12:33.598 INFO [http-nio-8089-exec-53] org.apache.catalina.core.ApplicationContext.log Manager: restart: Reloading web application '/Tienda'
31-Oct-2023 11:13:47.749 INFO [http-nio-8089-exec-55] org.apache.catalina.core.ApplicationContext.log Manager: list: Listing contexts for virtual host 'localhost'
31-Oct-2023 11:13:47.749 INFO [http-nio-8089-exec-51] org.apache.catalina.core.ApplicationContext.log Manager: restart: Reloading web application '/Tienda'
31-Oct-2023 11:14:05.003 INFO [http-nio-8089-exec-58] org.apache.catalina.core.ApplicationContext.log Manager: list: Listing contexts for virtual host 'localhost'
31-Oct-2023 11:14:05.003 INFO [http-nio-8089-exec-39] org.apache.catalina.core.ApplicationContext.log Manager: restart: Reloading web application '/Tienda'
31-Oct-2023 11:14:29.233 INFO [http-nio-8089-exec-60] org.apache.catalina.core.ApplicationContext.log Manager: list: Listing contexts for virtual host 'localhost'
31-Oct-2023 11:14:29.249 INFO [http-nio-8089-exec-62] org.apache.catalina.core.ApplicationContext.log Manager: restart: Reloading web application '/Tienda'
31-Oct-2023 11:14:29.640 INFO [http-nio-8089-exec-58] org.apache.catalina.core.ApplicationContext.log Manager: list: Listing contexts for virtual host 'localhost'
31-Oct-2023 11:14:29.645 INFO [http-nio-8089-exec-39] org.apache.catalina.core.ApplicationContext.log Manager: restart: Reloading web application '/Tienda'
31-Oct-2023 11:14:47.809 INFO [http-nio-8089-exec-60] org.apache.catalina.core.ApplicationContext.log Manager: list: Listing contexts for virtual host 'localhost'
31-Oct-2023 11:14:47.809 INFO [http-nio-8089-exec-58] org.apache.catalina.core.ApplicationContext.log Manager: restart: Reloading web application '/Tienda'
31-Oct-2023 11:15:06.561 INFO [http-nio-8089-exec-53] org.apache.catalina.core.ApplicationContext.log Manager: list: Listing contexts for virtual host 'localhost'
31-Oct-2023 11:15:06.580 INFO [http-nio-8089-exec-62] org.apache.catalina.core.ApplicationContext.log Manager: restart: Reloading web application '/Tienda'
31-Oct-2023 11:15:42.906 INFO [http-nio-8089-exec-60] org.apache.catalina.core.ApplicationContext.log Manager: list: Listing contexts for virtual host 'localhost'
31-Oct-2023 11:15:42.910 INFO [http-nio-8089-exec-58] org.apache.catalina.core.ApplicationContext.log Manager: restart: Reloading web application '/Tienda'
31-Oct-2023 11:15:43.367 INFO [http-nio-8089-exec-61] org.apache.catalina.core.ApplicationContext.log Manager: list: Listing contexts for virtual host 'localhost'
31-Oct-2023 11:15:43.370 INFO [http-nio-8089-exec-62] org.apache.catalina.core.ApplicationContext.log Manager: restart: Reloading web application '/Tienda'
31-Oct-2023 11:18:30.803 INFO [http-nio-8089-exec-69] org.apache.catalina.core.ApplicationContext.log Manager: list: Listing contexts for virtual host 'localhost'
31-Oct-2023 11:18:30.803 INFO [http-nio-8089-exec-66] org.apache.catalina.core.ApplicationContext.log Manager: restart: Reloading web application '/Tienda'
31-Oct-2023 11:18:37.944 INFO [http-nio-8089-exec-63] org.apache.catalina.core.ApplicationContext.log Manager: list: Listing contexts for virtual host 'localhost'
31-Oct-2023 11:18:37.944 INFO [http-nio-8089-exec-53] org.apache.catalina.core.ApplicationContext.log Manager: restart: Reloading web application '/Tienda'
31-Oct-2023 11:19:25.952 INFO [http-nio-8089-exec-69] org.apache.catalina.core.ApplicationContext.log Manager: list: Listing contexts for virtual host 'localhost'
31-Oct-2023 11:19:25.968 INFO [http-nio-8089-exec-70] org.apache.catalina.core.ApplicationContext.log Manager: restart: Reloading web application '/Tienda'
31-Oct-2023 11:21:02.384 INFO [http-nio-8089-exec-69] org.apache.catalina.core.ApplicationContext.log Manager: list: Listing contexts for virtual host 'localhost'
31-Oct-2023 11:21:02.388 INFO [http-nio-8089-exec-63] org.apache.catalina.core.ApplicationContext.log Manager: restart: Reloading web application '/Tienda'
31-Oct-2023 11:21:03.019 INFO [http-nio-8089-exec-67] org.apache.catalina.core.ApplicationContext.log Manager: list: Listing contexts for virtual host 'localhost'
31-Oct-2023 11:21:03.024 INFO [http-nio-8089-exec-68] org.apache.catalina.core.ApplicationContext.log Manager: restart: Reloading web application '/Tienda'
31-Oct-2023 11:21:07.185 INFO [http-nio-8089-exec-70] org.apache.catalina.core.ApplicationContext.log Manager: list: Listing contexts for virtual host 'localhost'
31-Oct-2023 11:21:07.189 INFO [http-nio-8089-exec-72] org.apache.catalina.core.ApplicationContext.log Manager: restart: Reloading web application '/Tienda'
31-Oct-2023 11:22:34.411 INFO [http-nio-8089-exec-73] org.apache.catalina.core.ApplicationContext.log Manager: list: Listing contexts for virtual host 'localhost'
31-Oct-2023 11:22:34.415 INFO [http-nio-8089-exec-53] org.apache.catalina.core.ApplicationContext.log Manager: restart: Reloading web application '/Tienda'
31-Oct-2023 11:22:34.948 INFO [http-nio-8089-exec-63] org.apache.catalina.core.ApplicationContext.log Manager: list: Listing contexts for virtual host 'localhost'
31-Oct-2023 11:22:34.953 INFO [http-nio-8089-exec-74] org.apache.catalina.core.ApplicationContext.log Manager: restart: Reloading web application '/Tienda'
31-Oct-2023 11:22:47.986 INFO [http-nio-8089-exec-72] org.apache.catalina.core.ApplicationContext.log Manager: list: Listing contexts for virtual host 'localhost'
31-Oct-2023 11:22:47.990 INFO [http-nio-8089-exec-75] org.apache.catalina.core.ApplicationContext.log Manager: restart: Reloading web application '/Tienda'
31-Oct-2023 11:22:55.379 INFO [http-nio-8089-exec-73] org.apache.catalina.core.ApplicationContext.log Manager: list: Listing contexts for virtual host 'localhost'
31-Oct-2023 11:22:55.383 INFO [http-nio-8089-exec-53] org.apache.catalina.core.ApplicationContext.log Manager: restart: Reloading web application '/Tienda'
31-Oct-2023 11:23:46.926 INFO [http-nio-8089-exec-73] org.apache.catalina.core.ApplicationContext.log Manager: list: Listing contexts for virtual host 'localhost'
31-Oct-2023 11:23:46.926 INFO [http-nio-8089-exec-77] org.apache.catalina.core.ApplicationContext.log Manager: restart: Reloading web application '/Tienda'
31-Oct-2023 11:23:47.425 INFO [http-nio-8089-exec-63] org.apache.catalina.core.ApplicationContext.log Manager: list: Listing contexts for virtual host 'localhost'
31-Oct-2023 11:23:47.428 INFO [http-nio-8089-exec-74] org.apache.catalina.core.ApplicationContext.log Manager: restart: Reloading web application '/Tienda'
31-Oct-2023 11:24:05.948 INFO [http-nio-8089-exec-53] org.apache.catalina.core.ApplicationContext.log Manager: list: Listing contexts for virtual host 'localhost'
31-Oct-2023 11:24:05.948 INFO [http-nio-8089-exec-75] org.apache.catalina.core.ApplicationContext.log Manager: restart: Reloading web application '/Tienda'
31-Oct-2023 11:24:28.737 INFO [http-nio-8089-exec-77] org.apache.catalina.core.ApplicationContext.log Manager: list: Listing contexts for virtual host 'localhost'
31-Oct-2023 11:24:28.741 INFO [http-nio-8089-exec-72] org.apache.catalina.core.ApplicationContext.log Manager: restart: Reloading web application '/Tienda'
31-Oct-2023 11:24:55.138 INFO [http-nio-8089-exec-75] org.apache.catalina.core.ApplicationContext.log Manager: list: Listing contexts for virtual host 'localhost'
31-Oct-2023 11:24:55.138 INFO [http-nio-8089-exec-74] org.apache.catalina.core.ApplicationContext.log Manager: restart: Reloading web application '/Tienda'
31-Oct-2023 11:25:08.761 INFO [http-nio-8089-exec-53] org.apache.catalina.core.ApplicationContext.log Manager: list: Listing contexts for virtual host 'localhost'
31-Oct-2023 11:25:08.764 INFO [http-nio-8089-exec-77] org.apache.catalina.core.ApplicationContext.log Manager: restart: Reloading web application '/Tienda'
31-Oct-2023 11:27:17.726 INFO [http-nio-8089-exec-83] org.apache.catalina.core.ApplicationContext.log Manager: list: Listing contexts for virtual host 'localhost'
31-Oct-2023 11:27:17.729 INFO [http-nio-8089-exec-80] org.apache.catalina.core.ApplicationContext.log Manager: restart: Reloading web application '/Tienda'
31-Oct-2023 11:27:55.243 INFO [http-nio-8089-exec-74] org.apache.catalina.core.ApplicationContext.log Manager: list: Listing contexts for virtual host 'localhost'
31-Oct-2023 11:27:55.243 INFO [http-nio-8089-exec-77] org.apache.catalina.core.ApplicationContext.log Manager: restart: Reloading web application '/Tienda'
31-Oct-2023 11:27:55.859 INFO [http-nio-8089-exec-76] org.apache.catalina.core.ApplicationContext.log Manager: list: Listing contexts for virtual host 'localhost'
31-Oct-2023 11:27:55.860 INFO [http-nio-8089-exec-81] org.apache.catalina.core.ApplicationContext.log Manager: restart: Reloading web application '/Tienda'
31-Oct-2023 11:28:04.207 INFO [http-nio-8089-exec-80] org.apache.catalina.core.ApplicationContext.log Manager: list: Listing contexts for virtual host 'localhost'
31-Oct-2023 11:28:04.207 INFO [http-nio-8089-exec-72] org.apache.catalina.core.ApplicationContext.log Manager: restart: Reloading web application '/Tienda'
31-Oct-2023 11:28:25.114 INFO [http-nio-8089-exec-80] org.apache.catalina.core.ApplicationContext.log Manager: list: Listing contexts for virtual host 'localhost'
31-Oct-2023 11:28:25.114 INFO [http-nio-8089-exec-87] org.apache.catalina.core.ApplicationContext.log Manager: restart: Reloading web application '/Tienda'
31-Oct-2023 11:28:35.369 INFO [http-nio-8089-exec-80] org.apache.catalina.core.ApplicationContext.log Manager: list: Listing contexts for virtual host 'localhost'
31-Oct-2023 11:28:35.369 INFO [http-nio-8089-exec-72] org.apache.catalina.core.ApplicationContext.log Manager: restart: Reloading web application '/Tienda'
31-Oct-2023 11:29:05.505 INFO [http-nio-8089-exec-74] org.apache.catalina.core.ApplicationContext.log Manager: list: Listing contexts for virtual host 'localhost'
31-Oct-2023 11:29:05.505 INFO [http-nio-8089-exec-87] org.apache.catalina.core.ApplicationContext.log Manager: restart: Reloading web application '/Tienda'
31-Oct-2023 11:31:57.767 INFO [http-nio-8089-exec-91] org.apache.catalina.core.ApplicationContext.log Manager: list: Listing contexts for virtual host 'localhost'
31-Oct-2023 11:31:57.767 INFO [http-nio-8089-exec-94] org.apache.catalina.core.ApplicationContext.log Manager: restart: Reloading web application '/Tienda'
31-Oct-2023 11:32:11.954 INFO [http-nio-8089-exec-72] org.apache.catalina.core.ApplicationContext.log Manager: list: Listing contexts for virtual host 'localhost'
31-Oct-2023 11:32:11.959 INFO [http-nio-8089-exec-93] org.apache.catalina.core.ApplicationContext.log Manager: restart: Reloading web application '/Tienda'
31-Oct-2023 11:35:13.121 INFO [http-nio-8089-exec-98] org.apache.catalina.core.ApplicationContext.log Manager: list: Listing contexts for virtual host 'localhost'
31-Oct-2023 11:35:13.121 INFO [http-nio-8089-exec-99] org.apache.catalina.core.ApplicationContext.log Manager: restart: Reloading web application '/Tienda'
31-Oct-2023 11:37:26.012 INFO [http-nio-8089-exec-102] org.apache.catalina.core.ApplicationContext.log Manager: list: Listing contexts for virtual host 'localhost'
31-Oct-2023 11:37:26.016 INFO [http-nio-8089-exec-105] org.apache.catalina.core.ApplicationContext.log Manager: restart: Reloading web application '/Tienda'
