13-Nov-2023 07:56:56.646 INFO [http-nio-8089-exec-5] org.apache.catalina.core.ApplicationContext.log Manager: init: Associated with Deployer 'Catalina:type=Deployer,host=localhost'
13-Nov-2023 07:56:56.646 INFO [http-nio-8089-exec-5] org.apache.catalina.core.ApplicationContext.log Manager: init: Global resources are available
13-Nov-2023 07:56:56.696 INFO [http-nio-8089-exec-7] org.apache.catalina.core.ApplicationContext.log Manager: list: Listing contexts for virtual host 'localhost'
13-Nov-2023 07:56:56.726 INFO [http-nio-8089-exec-8] org.apache.catalina.core.ApplicationContext.log Manager: undeploy: Undeploying web application at '/Tienda'
13-Nov-2023 07:56:57.247 INFO [http-nio-8089-exec-9] org.apache.catalina.core.ApplicationContext.log Manager: install: Installing context configuration at 'file:/C:/Users/ET36/AppData/Local/Temp/context1990524686883214462.xml'
13-Nov-2023 07:56:57.350 INFO [http-nio-8089-exec-1] org.apache.catalina.core.ApplicationContext.log Manager: start: Starting web application '/Tienda'
13-Nov-2023 07:57:19.542 INFO [http-nio-8089-exec-4] org.apache.catalina.core.ApplicationContext.log Manager: list: Listing contexts for virtual host 'localhost'
13-Nov-2023 07:57:19.562 INFO [http-nio-8089-exec-7] org.apache.catalina.core.ApplicationContext.log Manager: restart: Reloading web application '/Tienda'
13-Nov-2023 07:57:20.951 INFO [http-nio-8089-exec-13] org.apache.catalina.core.ApplicationContext.log Manager: list: Listing contexts for virtual host 'localhost'
13-Nov-2023 07:57:20.969 INFO [http-nio-8089-exec-2] org.apache.catalina.core.ApplicationContext.log Manager: restart: Reloading web application '/Tienda'
13-Nov-2023 08:11:01.611 INFO [http-nio-8089-exec-15] org.apache.catalina.core.ApplicationContext.log Manager: list: Listing contexts for virtual host 'localhost'
13-Nov-2023 08:11:01.616 INFO [http-nio-8089-exec-22] org.apache.catalina.core.ApplicationContext.log Manager: restart: Reloading web application '/Tienda'
13-Nov-2023 08:11:38.612 INFO [http-nio-8089-exec-28] org.apache.catalina.core.ApplicationContext.log Manager: list: Listing contexts for virtual host 'localhost'
13-Nov-2023 08:11:38.622 INFO [http-nio-8089-exec-27] org.apache.catalina.core.ApplicationContext.log Manager: restart: Reloading web application '/Tienda'
13-Nov-2023 08:12:12.995 INFO [http-nio-8089-exec-31] org.apache.catalina.core.ApplicationContext.log Manager: list: Listing contexts for virtual host 'localhost'
13-Nov-2023 08:13:26.308 INFO [http-nio-8089-exec-33] org.apache.catalina.core.ApplicationContext.log Manager: list: Listing contexts for virtual host 'localhost'
13-Nov-2023 08:13:26.312 INFO [http-nio-8089-exec-34] org.apache.catalina.core.ApplicationContext.log Manager: restart: Reloading web application '/Tienda'
13-Nov-2023 08:14:38.629 INFO [http-nio-8089-exec-42] org.apache.catalina.core.ApplicationContext.log Manager: list: Listing contexts for virtual host 'localhost'
13-Nov-2023 08:14:38.633 INFO [http-nio-8089-exec-43] org.apache.catalina.core.ApplicationContext.log Manager: restart: Reloading web application '/Tienda'
13-Nov-2023 08:14:55.104 INFO [http-nio-8089-exec-48] org.apache.catalina.core.ApplicationContext.log Manager: list: Listing contexts for virtual host 'localhost'
13-Nov-2023 08:14:55.104 INFO [http-nio-8089-exec-36] org.apache.catalina.core.ApplicationContext.log Manager: restart: Reloading web application '/Tienda'
13-Nov-2023 08:15:37.974 INFO [http-nio-8089-exec-48] org.apache.catalina.core.ApplicationContext.log Manager: list: Listing contexts for virtual host 'localhost'
13-Nov-2023 08:15:37.974 INFO [http-nio-8089-exec-43] org.apache.catalina.core.ApplicationContext.log Manager: restart: Reloading web application '/Tienda'
13-Nov-2023 08:16:30.640 INFO [http-nio-8089-exec-55] org.apache.catalina.core.ApplicationContext.log Manager: list: Listing contexts for virtual host 'localhost'
13-Nov-2023 08:16:30.644 INFO [http-nio-8089-exec-48] org.apache.catalina.core.ApplicationContext.log Manager: restart: Reloading web application '/Tienda'
13-Nov-2023 08:17:00.339 INFO [http-nio-8089-exec-54] org.apache.catalina.core.ApplicationContext.log Manager: list: Listing contexts for virtual host 'localhost'
13-Nov-2023 08:17:00.339 INFO [http-nio-8089-exec-52] org.apache.catalina.core.ApplicationContext.log Manager: restart: Reloading web application '/Tienda'
13-Nov-2023 08:17:54.759 INFO [http-nio-8089-exec-63] org.apache.catalina.core.ApplicationContext.log Manager: list: Listing contexts for virtual host 'localhost'
13-Nov-2023 08:17:54.764 INFO [http-nio-8089-exec-59] org.apache.catalina.core.ApplicationContext.log Manager: restart: Reloading web application '/Tienda'
13-Nov-2023 08:18:54.278 INFO [http-nio-8089-exec-69] org.apache.catalina.core.ApplicationContext.log Manager: list: Listing contexts for virtual host 'localhost'
13-Nov-2023 08:18:54.279 INFO [http-nio-8089-exec-55] org.apache.catalina.core.ApplicationContext.log Manager: restart: Reloading web application '/Tienda'
13-Nov-2023 08:19:06.802 INFO [http-nio-8089-exec-68] org.apache.catalina.core.ApplicationContext.log Manager: list: Listing contexts for virtual host 'localhost'
13-Nov-2023 08:19:06.807 INFO [http-nio-8089-exec-69] org.apache.catalina.core.ApplicationContext.log Manager: restart: Reloading web application '/Tienda'
13-Nov-2023 08:20:18.632 INFO [http-nio-8089-exec-73] org.apache.catalina.core.ApplicationContext.log Manager: list: Listing contexts for virtual host 'localhost'
13-Nov-2023 08:20:18.635 INFO [http-nio-8089-exec-74] org.apache.catalina.core.ApplicationContext.log Manager: restart: Reloading web application '/Tienda'
13-Nov-2023 08:20:41.054 INFO [http-nio-8089-exec-66] org.apache.catalina.core.ApplicationContext.log Manager: list: Listing contexts for virtual host 'localhost'
13-Nov-2023 08:20:41.054 INFO [http-nio-8089-exec-77] org.apache.catalina.core.ApplicationContext.log Manager: restart: Reloading web application '/Tienda'
13-Nov-2023 08:36:16.086 INFO [http-nio-8089-exec-89] org.apache.catalina.core.ApplicationContext.log Manager: list: Listing contexts for virtual host 'localhost'
13-Nov-2023 08:36:16.089 INFO [http-nio-8089-exec-90] org.apache.catalina.core.ApplicationContext.log Manager: restart: Reloading web application '/Tienda'
13-Nov-2023 08:36:53.909 INFO [http-nio-8089-exec-87] org.apache.catalina.core.ApplicationContext.log Manager: list: Listing contexts for virtual host 'localhost'
13-Nov-2023 08:37:10.351 INFO [http-nio-8089-exec-91] org.apache.catalina.core.ApplicationContext.log Manager: list: Listing contexts for virtual host 'localhost'
13-Nov-2023 08:37:30.870 INFO [http-nio-8089-exec-94] org.apache.catalina.core.ApplicationContext.log Manager: list: Listing contexts for virtual host 'localhost'
13-Nov-2023 08:37:46.785 INFO [http-nio-8089-exec-95] org.apache.catalina.core.ApplicationContext.log Manager: list: Listing contexts for virtual host 'localhost'
13-Nov-2023 08:37:58.193 INFO [http-nio-8089-exec-92] org.apache.catalina.core.ApplicationContext.log Manager: list: Listing contexts for virtual host 'localhost'
13-Nov-2023 08:38:07.082 INFO [http-nio-8089-exec-99] org.apache.catalina.core.ApplicationContext.log Manager: list: Listing contexts for virtual host 'localhost'
13-Nov-2023 08:38:12.930 INFO [http-nio-8089-exec-96] org.apache.catalina.core.ApplicationContext.log Manager: list: Listing contexts for virtual host 'localhost'
13-Nov-2023 08:41:40.898 INFO [http-nio-8089-exec-94] org.apache.catalina.core.ApplicationContext.log Manager: list: Listing contexts for virtual host 'localhost'
13-Nov-2023 08:41:40.902 INFO [http-nio-8089-exec-91] org.apache.catalina.core.ApplicationContext.log Manager: restart: Reloading web application '/Tienda'
13-Nov-2023 08:41:42.280 INFO [http-nio-8089-exec-94] org.apache.catalina.core.ApplicationContext.log Manager: list: Listing contexts for virtual host 'localhost'
13-Nov-2023 08:41:42.280 INFO [http-nio-8089-exec-92] org.apache.catalina.core.ApplicationContext.log Manager: restart: Reloading web application '/Tienda'
13-Nov-2023 08:42:51.224 INFO [http-nio-8089-exec-104] org.apache.catalina.core.ApplicationContext.log Manager: list: Listing contexts for virtual host 'localhost'
13-Nov-2023 08:43:05.643 INFO [http-nio-8089-exec-96] org.apache.catalina.core.ApplicationContext.log Manager: list: Listing contexts for virtual host 'localhost'
13-Nov-2023 08:43:15.069 INFO [http-nio-8089-exec-98] org.apache.catalina.core.ApplicationContext.log Manager: list: Listing contexts for virtual host 'localhost'
13-Nov-2023 08:43:46.298 INFO [http-nio-8089-exec-94] org.apache.catalina.core.ApplicationContext.log Manager: list: Listing contexts for virtual host 'localhost'
13-Nov-2023 08:43:54.026 INFO [http-nio-8089-exec-103] org.apache.catalina.core.ApplicationContext.log Manager: list: Listing contexts for virtual host 'localhost'
13-Nov-2023 08:44:16.026 INFO [http-nio-8089-exec-106] org.apache.catalina.core.ApplicationContext.log Manager: list: Listing contexts for virtual host 'localhost'
13-Nov-2023 08:44:23.445 INFO [http-nio-8089-exec-102] org.apache.catalina.core.ApplicationContext.log Manager: list: Listing contexts for virtual host 'localhost'
13-Nov-2023 08:45:37.086 INFO [http-nio-8089-exec-103] org.apache.catalina.core.ApplicationContext.log Manager: list: Listing contexts for virtual host 'localhost'
13-Nov-2023 08:45:56.518 INFO [http-nio-8089-exec-109] org.apache.catalina.core.ApplicationContext.log Manager: list: Listing contexts for virtual host 'localhost'
13-Nov-2023 08:46:14.530 INFO [http-nio-8089-exec-109] org.apache.catalina.core.ApplicationContext.log Manager: list: Listing contexts for virtual host 'localhost'
13-Nov-2023 08:46:25.325 INFO [http-nio-8089-exec-110] org.apache.catalina.core.ApplicationContext.log Manager: list: Listing contexts for virtual host 'localhost'
13-Nov-2023 08:46:40.626 INFO [http-nio-8089-exec-110] org.apache.catalina.core.ApplicationContext.log Manager: list: Listing contexts for virtual host 'localhost'
13-Nov-2023 08:46:47.300 INFO [http-nio-8089-exec-111] org.apache.catalina.core.ApplicationContext.log Manager: list: Listing contexts for virtual host 'localhost'
13-Nov-2023 08:47:06.719 INFO [http-nio-8089-exec-103] org.apache.catalina.core.ApplicationContext.log Manager: list: Listing contexts for virtual host 'localhost'
13-Nov-2023 08:47:32.222 INFO [http-nio-8089-exec-103] org.apache.catalina.core.ApplicationContext.log Manager: list: Listing contexts for virtual host 'localhost'
13-Nov-2023 08:53:03.076 INFO [http-nio-8089-exec-104] org.apache.catalina.core.ApplicationContext.log Manager: list: Listing contexts for virtual host 'localhost'
13-Nov-2023 08:53:03.076 INFO [http-nio-8089-exec-109] org.apache.catalina.core.ApplicationContext.log Manager: restart: Reloading web application '/Tienda'
13-Nov-2023 08:53:16.052 INFO [http-nio-8089-exec-107] org.apache.catalina.core.ApplicationContext.log Manager: list: Listing contexts for virtual host 'localhost'
13-Nov-2023 08:53:16.052 INFO [http-nio-8089-exec-106] org.apache.catalina.core.ApplicationContext.log Manager: restart: Reloading web application '/Tienda'
13-Nov-2023 08:55:38.849 INFO [http-nio-8089-exec-110] org.apache.catalina.core.ApplicationContext.log Manager: list: Listing contexts for virtual host 'localhost'
13-Nov-2023 08:55:38.850 INFO [http-nio-8089-exec-116] org.apache.catalina.core.ApplicationContext.log Manager: restart: Reloading web application '/Tienda'
13-Nov-2023 08:59:55.021 INFO [http-nio-8089-exec-124] org.apache.catalina.core.ApplicationContext.log Manager: list: Listing contexts for virtual host 'localhost'
13-Nov-2023 08:59:55.021 INFO [http-nio-8089-exec-117] org.apache.catalina.core.ApplicationContext.log Manager: restart: Reloading web application '/Tienda'
13-Nov-2023 09:01:41.402 INFO [http-nio-8089-exec-118] org.apache.catalina.core.ApplicationContext.log Manager: list: Listing contexts for virtual host 'localhost'
13-Nov-2023 09:01:41.402 INFO [http-nio-8089-exec-132] org.apache.catalina.core.ApplicationContext.log Manager: restart: Reloading web application '/Tienda'
13-Nov-2023 09:03:14.355 INFO [http-nio-8089-exec-121] org.apache.catalina.core.ApplicationContext.log Manager: list: Listing contexts for virtual host 'localhost'
13-Nov-2023 09:03:14.374 INFO [http-nio-8089-exec-134] org.apache.catalina.core.ApplicationContext.log Manager: restart: Reloading web application '/Tienda'
13-Nov-2023 09:03:42.352 INFO [http-nio-8089-exec-137] org.apache.catalina.core.ApplicationContext.log Manager: list: Listing contexts for virtual host 'localhost'
13-Nov-2023 09:03:42.357 INFO [http-nio-8089-exec-118] org.apache.catalina.core.ApplicationContext.log Manager: restart: Reloading web application '/Tienda'
13-Nov-2023 09:03:58.279 INFO [http-nio-8089-exec-128] org.apache.catalina.core.ApplicationContext.log Manager: list: Listing contexts for virtual host 'localhost'
13-Nov-2023 09:03:58.279 INFO [http-nio-8089-exec-138] org.apache.catalina.core.ApplicationContext.log Manager: restart: Reloading web application '/Tienda'
13-Nov-2023 09:04:05.339 INFO [http-nio-8089-exec-131] org.apache.catalina.core.ApplicationContext.log Manager: list: Listing contexts for virtual host 'localhost'
13-Nov-2023 09:04:05.339 INFO [http-nio-8089-exec-139] org.apache.catalina.core.ApplicationContext.log Manager: restart: Reloading web application '/Tienda'
13-Nov-2023 09:04:08.473 INFO [http-nio-8089-exec-138] org.apache.catalina.core.ApplicationContext.log Manager: list: Listing contexts for virtual host 'localhost'
13-Nov-2023 09:04:08.473 INFO [http-nio-8089-exec-135] org.apache.catalina.core.ApplicationContext.log Manager: restart: Reloading web application '/Tienda'
13-Nov-2023 09:04:41.700 INFO [http-nio-8089-exec-140] org.apache.catalina.core.ApplicationContext.log Manager: list: Listing contexts for virtual host 'localhost'
13-Nov-2023 09:04:41.700 INFO [http-nio-8089-exec-139] org.apache.catalina.core.ApplicationContext.log Manager: restart: Reloading web application '/Tienda'
13-Nov-2023 09:05:56.202 INFO [http-nio-8089-exec-142] org.apache.catalina.core.ApplicationContext.log Manager: list: Listing contexts for virtual host 'localhost'
13-Nov-2023 09:05:56.202 INFO [http-nio-8089-exec-138] org.apache.catalina.core.ApplicationContext.log Manager: restart: Reloading web application '/Tienda'
13-Nov-2023 09:06:41.974 INFO [http-nio-8089-exec-153] org.apache.catalina.core.ApplicationContext.log Manager: list: Listing contexts for virtual host 'localhost'
13-Nov-2023 09:06:41.974 INFO [http-nio-8089-exec-152] org.apache.catalina.core.ApplicationContext.log Manager: restart: Reloading web application '/Tienda'
13-Nov-2023 09:08:54.714 INFO [http-nio-8089-exec-161] org.apache.catalina.core.ApplicationContext.log Manager: list: Listing contexts for virtual host 'localhost'
13-Nov-2023 09:08:54.718 INFO [http-nio-8089-exec-162] org.apache.catalina.core.ApplicationContext.log Manager: restart: Reloading web application '/Tienda'
13-Nov-2023 09:13:21.989 INFO [http-nio-8089-exec-172] org.apache.catalina.core.ApplicationContext.log Manager: list: Listing contexts for virtual host 'localhost'
13-Nov-2023 09:13:21.991 INFO [http-nio-8089-exec-170] org.apache.catalina.core.ApplicationContext.log Manager: restart: Reloading web application '/Tienda'
13-Nov-2023 09:13:33.523 INFO [http-nio-8089-exec-175] org.apache.catalina.core.ApplicationContext.log Manager: list: Listing contexts for virtual host 'localhost'
13-Nov-2023 09:13:33.523 INFO [http-nio-8089-exec-174] org.apache.catalina.core.ApplicationContext.log Manager: restart: Reloading web application '/Tienda'
13-Nov-2023 09:13:47.327 INFO [http-nio-8089-exec-168] org.apache.catalina.core.ApplicationContext.log Manager: list: Listing contexts for virtual host 'localhost'
13-Nov-2023 09:13:47.327 INFO [http-nio-8089-exec-176] org.apache.catalina.core.ApplicationContext.log Manager: restart: Reloading web application '/Tienda'
13-Nov-2023 09:14:02.693 INFO [http-nio-8089-exec-167] org.apache.catalina.core.ApplicationContext.log Manager: list: Listing contexts for virtual host 'localhost'
13-Nov-2023 09:14:02.698 INFO [http-nio-8089-exec-179] org.apache.catalina.core.ApplicationContext.log Manager: restart: Reloading web application '/Tienda'
13-Nov-2023 09:14:20.449 INFO [http-nio-8089-exec-173] org.apache.catalina.core.ApplicationContext.log Manager: list: Listing contexts for virtual host 'localhost'
13-Nov-2023 09:14:20.454 INFO [http-nio-8089-exec-179] org.apache.catalina.core.ApplicationContext.log Manager: restart: Reloading web application '/Tienda'
13-Nov-2023 09:16:40.847 INFO [http-nio-8089-exec-186] org.apache.catalina.core.ApplicationContext.log Manager: list: Listing contexts for virtual host 'localhost'
13-Nov-2023 09:16:40.863 INFO [http-nio-8089-exec-188] org.apache.catalina.core.ApplicationContext.log Manager: restart: Reloading web application '/Tienda'
13-Nov-2023 09:18:13.324 INFO [http-nio-8089-exec-191] org.apache.catalina.core.ApplicationContext.log Manager: list: Listing contexts for virtual host 'localhost'
13-Nov-2023 09:18:13.342 INFO [http-nio-8089-exec-192] org.apache.catalina.core.ApplicationContext.log Manager: restart: Reloading web application '/Tienda'
13-Nov-2023 09:18:43.244 INFO [http-nio-8089-exec-191] org.apache.catalina.core.ApplicationContext.log Manager: list: Listing contexts for virtual host 'localhost'
13-Nov-2023 09:18:43.244 INFO [http-nio-8089-exec-185] org.apache.catalina.core.ApplicationContext.log Manager: restart: Reloading web application '/Tienda'
13-Nov-2023 09:18:54.274 INFO [http-nio-8089-exec-197] org.apache.catalina.core.ApplicationContext.log Manager: list: Listing contexts for virtual host 'localhost'
13-Nov-2023 09:18:54.276 INFO [http-nio-8089-exec-191] org.apache.catalina.core.ApplicationContext.log Manager: restart: Reloading web application '/Tienda'
13-Nov-2023 09:23:27.069 INFO [http-nio-8089-exec-201] org.apache.catalina.core.ApplicationContext.log Manager: list: Listing contexts for virtual host 'localhost'
13-Nov-2023 09:23:27.069 INFO [http-nio-8089-exec-202] org.apache.catalina.core.ApplicationContext.log Manager: restart: Reloading web application '/Tienda'
13-Nov-2023 09:23:30.098 INFO [http-nio-8089-exec-204] org.apache.catalina.core.ApplicationContext.log Manager: list: Listing contexts for virtual host 'localhost'
13-Nov-2023 09:23:30.098 INFO [http-nio-8089-exec-200] org.apache.catalina.core.ApplicationContext.log Manager: restart: Reloading web application '/Tienda'
13-Nov-2023 09:24:41.178 INFO [http-nio-8089-exec-213] org.apache.catalina.core.ApplicationContext.log Manager: list: Listing contexts for virtual host 'localhost'
13-Nov-2023 09:24:41.178 INFO [http-nio-8089-exec-215] org.apache.catalina.core.ApplicationContext.log Manager: restart: Reloading web application '/Tienda'
13-Nov-2023 09:24:58.782 INFO [http-nio-8089-exec-199] org.apache.catalina.core.ApplicationContext.log Manager: list: Listing contexts for virtual host 'localhost'
13-Nov-2023 09:24:58.782 INFO [http-nio-8089-exec-213] org.apache.catalina.core.ApplicationContext.log Manager: restart: Reloading web application '/Tienda'
13-Nov-2023 09:25:20.800 INFO [http-nio-8089-exec-199] org.apache.catalina.core.ApplicationContext.log Manager: list: Listing contexts for virtual host 'localhost'
13-Nov-2023 09:25:20.800 INFO [http-nio-8089-exec-214] org.apache.catalina.core.ApplicationContext.log Manager: restart: Reloading web application '/Tienda'
13-Nov-2023 09:25:23.342 INFO [http-nio-8089-exec-206] org.apache.catalina.core.ApplicationContext.log Manager: list: Listing contexts for virtual host 'localhost'
13-Nov-2023 09:25:23.342 INFO [http-nio-8089-exec-205] org.apache.catalina.core.ApplicationContext.log Manager: restart: Reloading web application '/Tienda'
13-Nov-2023 09:26:11.688 INFO [http-nio-8089-exec-219] org.apache.catalina.core.ApplicationContext.log Manager: list: Listing contexts for virtual host 'localhost'
13-Nov-2023 09:26:11.688 INFO [http-nio-8089-exec-206] org.apache.catalina.core.ApplicationContext.log Manager: restart: Reloading web application '/Tienda'
