25-Oct-2023 08:11:26.704 INFO [http-nio-8089-exec-4] org.apache.catalina.core.ApplicationContext.log Manager: init: Associated with Deployer 'Catalina:type=Deployer,host=localhost'
25-Oct-2023 08:11:26.704 INFO [http-nio-8089-exec-4] org.apache.catalina.core.ApplicationContext.log Manager: init: Global resources are available
25-Oct-2023 08:11:26.740 INFO [http-nio-8089-exec-7] org.apache.catalina.core.ApplicationContext.log Manager: list: Listing contexts for virtual host 'localhost'
25-Oct-2023 08:11:26.758 INFO [http-nio-8089-exec-10] org.apache.catalina.core.ApplicationContext.log Manager: list: Listing contexts for virtual host 'localhost'
25-Oct-2023 08:11:26.780 INFO [http-nio-8089-exec-8] org.apache.catalina.core.ApplicationContext.log Manager: install: Installing context configuration at 'file:/C:/Users/ET36/AppData/Local/Temp/context8714726682182548624.xml'
25-Oct-2023 08:11:26.857 INFO [http-nio-8089-exec-9] org.apache.catalina.core.ApplicationContext.log Manager: start: Starting web application '/Tienda'
25-Oct-2023 08:17:08.015 INFO [http-nio-8089-exec-3] org.apache.catalina.core.ApplicationContext.log Manager: list: Listing contexts for virtual host 'localhost'
25-Oct-2023 08:18:15.250 INFO [http-nio-8089-exec-4] org.apache.catalina.core.ApplicationContext.log Manager: list: Listing contexts for virtual host 'localhost'
25-Oct-2023 08:19:10.104 INFO [http-nio-8089-exec-6] org.apache.catalina.core.ApplicationContext.log Manager: list: Listing contexts for virtual host 'localhost'
25-Oct-2023 08:19:13.295 INFO [http-nio-8089-exec-8] org.apache.catalina.core.ApplicationContext.log Manager: list: Listing contexts for virtual host 'localhost'
25-Oct-2023 08:20:05.316 INFO [http-nio-8089-exec-5] org.apache.catalina.core.ApplicationContext.log Manager: list: Listing contexts for virtual host 'localhost'
25-Oct-2023 08:21:02.326 INFO [http-nio-8089-exec-5] org.apache.catalina.core.ApplicationContext.log Manager: list: Listing contexts for virtual host 'localhost'
25-Oct-2023 08:21:13.560 INFO [http-nio-8089-exec-1] org.apache.catalina.core.ApplicationContext.log Manager: list: Listing contexts for virtual host 'localhost'
25-Oct-2023 08:21:32.412 INFO [http-nio-8089-exec-9] org.apache.catalina.core.ApplicationContext.log Manager: list: Listing contexts for virtual host 'localhost'
25-Oct-2023 08:21:39.797 INFO [http-nio-8089-exec-8] org.apache.catalina.core.ApplicationContext.log Manager: list: Listing contexts for virtual host 'localhost'
25-Oct-2023 08:22:15.365 INFO [http-nio-8089-exec-8] org.apache.catalina.core.ApplicationContext.log Manager: list: Listing contexts for virtual host 'localhost'
25-Oct-2023 08:22:18.135 INFO [http-nio-8089-exec-5] org.apache.catalina.core.ApplicationContext.log Manager: list: Listing contexts for virtual host 'localhost'
25-Oct-2023 08:22:29.266 INFO [http-nio-8089-exec-2] org.apache.catalina.core.ApplicationContext.log Manager: list: Listing contexts for virtual host 'localhost'
25-Oct-2023 08:22:31.950 INFO [http-nio-8089-exec-10] org.apache.catalina.core.ApplicationContext.log Manager: list: Listing contexts for virtual host 'localhost'
25-Oct-2023 08:22:43.781 INFO [http-nio-8089-exec-8] org.apache.catalina.core.ApplicationContext.log Manager: list: Listing contexts for virtual host 'localhost'
25-Oct-2023 08:24:16.917 INFO [http-nio-8089-exec-8] org.apache.catalina.core.ApplicationContext.log Manager: list: Listing contexts for virtual host 'localhost'
25-Oct-2023 08:24:22.969 INFO [http-nio-8089-exec-1] org.apache.catalina.core.ApplicationContext.log Manager: list: Listing contexts for virtual host 'localhost'
25-Oct-2023 08:24:26.010 INFO [http-nio-8089-exec-2] org.apache.catalina.core.ApplicationContext.log Manager: list: Listing contexts for virtual host 'localhost'
25-Oct-2023 08:24:35.226 INFO [http-nio-8089-exec-9] org.apache.catalina.core.ApplicationContext.log Manager: list: Listing contexts for virtual host 'localhost'
25-Oct-2023 08:25:05.033 INFO [http-nio-8089-exec-9] org.apache.catalina.core.ApplicationContext.log Manager: list: Listing contexts for virtual host 'localhost'
25-Oct-2023 08:25:16.108 INFO [http-nio-8089-exec-8] org.apache.catalina.core.ApplicationContext.log Manager: list: Listing contexts for virtual host 'localhost'
25-Oct-2023 08:25:22.141 INFO [http-nio-8089-exec-4] org.apache.catalina.core.ApplicationContext.log Manager: list: Listing contexts for virtual host 'localhost'
25-Oct-2023 08:25:38.392 INFO [http-nio-8089-exec-6] org.apache.catalina.core.ApplicationContext.log Manager: list: Listing contexts for virtual host 'localhost'
25-Oct-2023 08:25:46.652 INFO [http-nio-8089-exec-1] org.apache.catalina.core.ApplicationContext.log Manager: list: Listing contexts for virtual host 'localhost'
25-Oct-2023 08:26:46.428 INFO [http-nio-8089-exec-7] org.apache.catalina.core.ApplicationContext.log Manager: list: Listing contexts for virtual host 'localhost'
25-Oct-2023 08:27:04.660 INFO [http-nio-8089-exec-1] org.apache.catalina.core.ApplicationContext.log Manager: list: Listing contexts for virtual host 'localhost'
25-Oct-2023 08:27:08.585 INFO [http-nio-8089-exec-8] org.apache.catalina.core.ApplicationContext.log Manager: list: Listing contexts for virtual host 'localhost'
25-Oct-2023 08:27:21.016 INFO [http-nio-8089-exec-8] org.apache.catalina.core.ApplicationContext.log Manager: list: Listing contexts for virtual host 'localhost'
25-Oct-2023 08:27:33.549 INFO [http-nio-8089-exec-4] org.apache.catalina.core.ApplicationContext.log Manager: list: Listing contexts for virtual host 'localhost'
25-Oct-2023 08:27:38.514 INFO [http-nio-8089-exec-2] org.apache.catalina.core.ApplicationContext.log Manager: list: Listing contexts for virtual host 'localhost'
25-Oct-2023 08:27:42.916 INFO [http-nio-8089-exec-1] org.apache.catalina.core.ApplicationContext.log Manager: list: Listing contexts for virtual host 'localhost'
25-Oct-2023 08:27:48.553 INFO [http-nio-8089-exec-3] org.apache.catalina.core.ApplicationContext.log Manager: list: Listing contexts for virtual host 'localhost'
25-Oct-2023 08:27:54.778 INFO [http-nio-8089-exec-10] org.apache.catalina.core.ApplicationContext.log Manager: list: Listing contexts for virtual host 'localhost'
25-Oct-2023 08:28:11.575 INFO [http-nio-8089-exec-2] org.apache.catalina.core.ApplicationContext.log Manager: list: Listing contexts for virtual host 'localhost'
25-Oct-2023 08:28:21.249 INFO [http-nio-8089-exec-7] org.apache.catalina.core.ApplicationContext.log Manager: list: Listing contexts for virtual host 'localhost'
25-Oct-2023 08:29:15.242 INFO [http-nio-8089-exec-1] org.apache.catalina.core.ApplicationContext.log Manager: list: Listing contexts for virtual host 'localhost'
25-Oct-2023 08:29:28.127 INFO [http-nio-8089-exec-1] org.apache.catalina.core.ApplicationContext.log Manager: list: Listing contexts for virtual host 'localhost'
25-Oct-2023 08:29:38.330 INFO [http-nio-8089-exec-8] org.apache.catalina.core.ApplicationContext.log Manager: list: Listing contexts for virtual host 'localhost'
25-Oct-2023 08:30:33.424 INFO [http-nio-8089-exec-6] org.apache.catalina.core.ApplicationContext.log Manager: list: Listing contexts for virtual host 'localhost'
25-Oct-2023 08:34:12.732 INFO [http-nio-8089-exec-10] org.apache.catalina.core.ApplicationContext.log Manager: list: Listing contexts for virtual host 'localhost'
25-Oct-2023 08:34:27.733 INFO [http-nio-8089-exec-6] org.apache.catalina.core.ApplicationContext.log Manager: list: Listing contexts for virtual host 'localhost'
25-Oct-2023 08:34:32.300 INFO [http-nio-8089-exec-2] org.apache.catalina.core.ApplicationContext.log Manager: list: Listing contexts for virtual host 'localhost'
25-Oct-2023 08:35:51.159 INFO [http-nio-8089-exec-1] org.apache.catalina.core.ApplicationContext.log Manager: list: Listing contexts for virtual host 'localhost'
25-Oct-2023 08:35:51.479 INFO [http-nio-8089-exec-2] org.apache.catalina.core.ApplicationContext.log Manager: list: Listing contexts for virtual host 'localhost'
25-Oct-2023 08:36:29.977 INFO [http-nio-8089-exec-4] org.apache.catalina.core.ApplicationContext.log Manager: list: Listing contexts for virtual host 'localhost'
25-Oct-2023 08:36:49.765 INFO [http-nio-8089-exec-10] org.apache.catalina.core.ApplicationContext.log Manager: list: Listing contexts for virtual host 'localhost'
25-Oct-2023 08:37:06.044 INFO [http-nio-8089-exec-8] org.apache.catalina.core.ApplicationContext.log Manager: list: Listing contexts for virtual host 'localhost'
25-Oct-2023 08:37:13.932 INFO [http-nio-8089-exec-2] org.apache.catalina.core.ApplicationContext.log Manager: list: Listing contexts for virtual host 'localhost'
25-Oct-2023 08:37:20.865 INFO [http-nio-8089-exec-4] org.apache.catalina.core.ApplicationContext.log Manager: list: Listing contexts for virtual host 'localhost'
25-Oct-2023 08:37:54.865 INFO [http-nio-8089-exec-10] org.apache.catalina.core.ApplicationContext.log Manager: list: Listing contexts for virtual host 'localhost'
25-Oct-2023 08:38:25.907 INFO [http-nio-8089-exec-7] org.apache.catalina.core.ApplicationContext.log Manager: list: Listing contexts for virtual host 'localhost'
25-Oct-2023 08:38:32.468 INFO [http-nio-8089-exec-3] org.apache.catalina.core.ApplicationContext.log Manager: list: Listing contexts for virtual host 'localhost'
25-Oct-2023 08:38:47.850 INFO [http-nio-8089-exec-10] org.apache.catalina.core.ApplicationContext.log Manager: list: Listing contexts for virtual host 'localhost'
25-Oct-2023 08:38:52.904 INFO [http-nio-8089-exec-8] org.apache.catalina.core.ApplicationContext.log Manager: list: Listing contexts for virtual host 'localhost'
25-Oct-2023 08:38:57.469 INFO [http-nio-8089-exec-5] org.apache.catalina.core.ApplicationContext.log Manager: list: Listing contexts for virtual host 'localhost'
25-Oct-2023 08:39:16.198 INFO [http-nio-8089-exec-1] org.apache.catalina.core.ApplicationContext.log Manager: list: Listing contexts for virtual host 'localhost'
25-Oct-2023 08:39:25.338 INFO [http-nio-8089-exec-1] org.apache.catalina.core.ApplicationContext.log Manager: list: Listing contexts for virtual host 'localhost'
25-Oct-2023 08:39:53.788 INFO [http-nio-8089-exec-1] org.apache.catalina.core.ApplicationContext.log Manager: list: Listing contexts for virtual host 'localhost'
25-Oct-2023 08:40:09.276 INFO [http-nio-8089-exec-9] org.apache.catalina.core.ApplicationContext.log Manager: list: Listing contexts for virtual host 'localhost'
25-Oct-2023 08:40:17.227 INFO [http-nio-8089-exec-7] org.apache.catalina.core.ApplicationContext.log Manager: list: Listing contexts for virtual host 'localhost'
25-Oct-2023 08:40:48.855 INFO [http-nio-8089-exec-9] org.apache.catalina.core.ApplicationContext.log Manager: list: Listing contexts for virtual host 'localhost'
25-Oct-2023 08:41:15.961 INFO [http-nio-8089-exec-2] org.apache.catalina.core.ApplicationContext.log Manager: list: Listing contexts for virtual host 'localhost'
25-Oct-2023 08:41:43.905 INFO [http-nio-8089-exec-8] org.apache.catalina.core.ApplicationContext.log Manager: list: Listing contexts for virtual host 'localhost'
25-Oct-2023 08:41:50.436 INFO [http-nio-8089-exec-2] org.apache.catalina.core.ApplicationContext.log Manager: list: Listing contexts for virtual host 'localhost'
25-Oct-2023 08:42:25.491 INFO [http-nio-8089-exec-2] org.apache.catalina.core.ApplicationContext.log Manager: list: Listing contexts for virtual host 'localhost'
25-Oct-2023 08:42:25.812 INFO [http-nio-8089-exec-1] org.apache.catalina.core.ApplicationContext.log Manager: list: Listing contexts for virtual host 'localhost'
25-Oct-2023 08:42:31.091 INFO [http-nio-8089-exec-4] org.apache.catalina.core.ApplicationContext.log Manager: list: Listing contexts for virtual host 'localhost'
25-Oct-2023 08:42:41.546 INFO [http-nio-8089-exec-5] org.apache.catalina.core.ApplicationContext.log Manager: list: Listing contexts for virtual host 'localhost'
25-Oct-2023 08:42:44.356 INFO [http-nio-8089-exec-3] org.apache.catalina.core.ApplicationContext.log Manager: list: Listing contexts for virtual host 'localhost'
25-Oct-2023 08:43:08.617 INFO [http-nio-8089-exec-3] org.apache.catalina.core.ApplicationContext.log Manager: list: Listing contexts for virtual host 'localhost'
25-Oct-2023 08:43:20.665 INFO [http-nio-8089-exec-1] org.apache.catalina.core.ApplicationContext.log Manager: list: Listing contexts for virtual host 'localhost'
25-Oct-2023 08:44:38.633 INFO [http-nio-8089-exec-1] org.apache.catalina.core.ApplicationContext.log Manager: list: Listing contexts for virtual host 'localhost'
25-Oct-2023 08:44:48.973 INFO [http-nio-8089-exec-1] org.apache.catalina.core.ApplicationContext.log Manager: list: Listing contexts for virtual host 'localhost'
25-Oct-2023 08:50:23.874 INFO [http-nio-8089-exec-4] org.apache.catalina.core.ApplicationContext.log Manager: list: Listing contexts for virtual host 'localhost'
25-Oct-2023 08:50:35.335 INFO [http-nio-8089-exec-1] org.apache.catalina.core.ApplicationContext.log Manager: list: Listing contexts for virtual host 'localhost'
25-Oct-2023 08:50:44.949 INFO [http-nio-8089-exec-10] org.apache.catalina.core.ApplicationContext.log Manager: list: Listing contexts for virtual host 'localhost'
25-Oct-2023 08:58:12.168 INFO [http-nio-8089-exec-10] org.apache.catalina.core.ApplicationContext.log Manager: list: Listing contexts for virtual host 'localhost'
25-Oct-2023 08:58:42.186 INFO [http-nio-8089-exec-8] org.apache.catalina.core.ApplicationContext.log Manager: list: Listing contexts for virtual host 'localhost'
25-Oct-2023 08:58:57.311 INFO [http-nio-8089-exec-3] org.apache.catalina.core.ApplicationContext.log Manager: list: Listing contexts for virtual host 'localhost'
25-Oct-2023 08:58:59.703 INFO [http-nio-8089-exec-7] org.apache.catalina.core.ApplicationContext.log Manager: list: Listing contexts for virtual host 'localhost'
25-Oct-2023 08:59:18.217 INFO [http-nio-8089-exec-2] org.apache.catalina.core.ApplicationContext.log Manager: list: Listing contexts for virtual host 'localhost'
25-Oct-2023 08:59:30.528 INFO [http-nio-8089-exec-6] org.apache.catalina.core.ApplicationContext.log Manager: list: Listing contexts for virtual host 'localhost'
25-Oct-2023 08:59:38.156 INFO [http-nio-8089-exec-3] org.apache.catalina.core.ApplicationContext.log Manager: list: Listing contexts for virtual host 'localhost'
25-Oct-2023 08:59:51.434 INFO [http-nio-8089-exec-8] org.apache.catalina.core.ApplicationContext.log Manager: list: Listing contexts for virtual host 'localhost'
25-Oct-2023 09:00:04.481 INFO [http-nio-8089-exec-8] org.apache.catalina.core.ApplicationContext.log Manager: list: Listing contexts for virtual host 'localhost'
25-Oct-2023 09:00:10.508 INFO [http-nio-8089-exec-9] org.apache.catalina.core.ApplicationContext.log Manager: list: Listing contexts for virtual host 'localhost'
25-Oct-2023 09:01:06.729 INFO [http-nio-8089-exec-2] org.apache.catalina.core.ApplicationContext.log Manager: list: Listing contexts for virtual host 'localhost'
25-Oct-2023 09:01:23.457 INFO [http-nio-8089-exec-10] org.apache.catalina.core.ApplicationContext.log Manager: list: Listing contexts for virtual host 'localhost'
25-Oct-2023 09:01:36.945 INFO [http-nio-8089-exec-6] org.apache.catalina.core.ApplicationContext.log Manager: list: Listing contexts for virtual host 'localhost'
25-Oct-2023 09:01:51.521 INFO [http-nio-8089-exec-9] org.apache.catalina.core.ApplicationContext.log Manager: list: Listing contexts for virtual host 'localhost'
25-Oct-2023 09:01:57.960 INFO [http-nio-8089-exec-4] org.apache.catalina.core.ApplicationContext.log Manager: list: Listing contexts for virtual host 'localhost'
25-Oct-2023 09:02:01.512 INFO [http-nio-8089-exec-5] org.apache.catalina.core.ApplicationContext.log Manager: list: Listing contexts for virtual host 'localhost'
25-Oct-2023 09:02:10.385 INFO [http-nio-8089-exec-6] org.apache.catalina.core.ApplicationContext.log Manager: list: Listing contexts for virtual host 'localhost'
25-Oct-2023 09:02:17.393 INFO [http-nio-8089-exec-7] org.apache.catalina.core.ApplicationContext.log Manager: list: Listing contexts for virtual host 'localhost'
25-Oct-2023 09:03:40.241 INFO [http-nio-8089-exec-9] org.apache.catalina.core.ApplicationContext.log Manager: list: Listing contexts for virtual host 'localhost'
25-Oct-2023 09:03:57.794 INFO [http-nio-8089-exec-9] org.apache.catalina.core.ApplicationContext.log Manager: list: Listing contexts for virtual host 'localhost'
25-Oct-2023 09:04:04.117 INFO [http-nio-8089-exec-4] org.apache.catalina.core.ApplicationContext.log Manager: list: Listing contexts for virtual host 'localhost'
25-Oct-2023 09:04:11.134 INFO [http-nio-8089-exec-5] org.apache.catalina.core.ApplicationContext.log Manager: list: Listing contexts for virtual host 'localhost'
25-Oct-2023 09:04:43.369 INFO [http-nio-8089-exec-10] org.apache.catalina.core.ApplicationContext.log Manager: list: Listing contexts for virtual host 'localhost'
25-Oct-2023 09:04:58.293 INFO [http-nio-8089-exec-7] org.apache.catalina.core.ApplicationContext.log Manager: list: Listing contexts for virtual host 'localhost'
25-Oct-2023 09:05:24.607 INFO [http-nio-8089-exec-7] org.apache.catalina.core.ApplicationContext.log Manager: list: Listing contexts for virtual host 'localhost'
25-Oct-2023 09:05:39.794 INFO [http-nio-8089-exec-9] org.apache.catalina.core.ApplicationContext.log Manager: list: Listing contexts for virtual host 'localhost'
25-Oct-2023 09:05:44.073 INFO [http-nio-8089-exec-4] org.apache.catalina.core.ApplicationContext.log Manager: list: Listing contexts for virtual host 'localhost'
25-Oct-2023 09:05:49.005 INFO [http-nio-8089-exec-8] org.apache.catalina.core.ApplicationContext.log Manager: list: Listing contexts for virtual host 'localhost'
25-Oct-2023 09:05:56.120 INFO [http-nio-8089-exec-10] org.apache.catalina.core.ApplicationContext.log Manager: list: Listing contexts for virtual host 'localhost'
25-Oct-2023 09:06:28.086 INFO [http-nio-8089-exec-10] org.apache.catalina.core.ApplicationContext.log Manager: list: Listing contexts for virtual host 'localhost'
25-Oct-2023 09:06:39.602 INFO [http-nio-8089-exec-3] org.apache.catalina.core.ApplicationContext.log Manager: list: Listing contexts for virtual host 'localhost'
25-Oct-2023 09:07:03.473 INFO [http-nio-8089-exec-7] org.apache.catalina.core.ApplicationContext.log Manager: list: Listing contexts for virtual host 'localhost'
25-Oct-2023 09:07:09.101 INFO [http-nio-8089-exec-6] org.apache.catalina.core.ApplicationContext.log Manager: list: Listing contexts for virtual host 'localhost'
25-Oct-2023 09:09:13.207 INFO [http-nio-8089-exec-6] org.apache.catalina.core.ApplicationContext.log Manager: list: Listing contexts for virtual host 'localhost'
25-Oct-2023 09:09:20.141 INFO [http-nio-8089-exec-5] org.apache.catalina.core.ApplicationContext.log Manager: list: Listing contexts for virtual host 'localhost'
25-Oct-2023 09:09:39.293 INFO [http-nio-8089-exec-2] org.apache.catalina.core.ApplicationContext.log Manager: list: Listing contexts for virtual host 'localhost'
25-Oct-2023 09:09:44.501 INFO [http-nio-8089-exec-2] org.apache.catalina.core.ApplicationContext.log Manager: list: Listing contexts for virtual host 'localhost'
25-Oct-2023 09:10:14.835 INFO [http-nio-8089-exec-1] org.apache.catalina.core.ApplicationContext.log Manager: list: Listing contexts for virtual host 'localhost'
25-Oct-2023 09:10:21.112 INFO [http-nio-8089-exec-8] org.apache.catalina.core.ApplicationContext.log Manager: list: Listing contexts for virtual host 'localhost'
25-Oct-2023 09:10:45.184 INFO [http-nio-8089-exec-4] org.apache.catalina.core.ApplicationContext.log Manager: list: Listing contexts for virtual host 'localhost'
25-Oct-2023 09:10:56.191 INFO [http-nio-8089-exec-6] org.apache.catalina.core.ApplicationContext.log Manager: list: Listing contexts for virtual host 'localhost'
25-Oct-2023 09:11:03.496 INFO [http-nio-8089-exec-10] org.apache.catalina.core.ApplicationContext.log Manager: list: Listing contexts for virtual host 'localhost'
25-Oct-2023 09:11:05.001 INFO [http-nio-8089-exec-7] org.apache.catalina.core.ApplicationContext.log Manager: list: Listing contexts for virtual host 'localhost'
25-Oct-2023 09:12:11.593 INFO [http-nio-8089-exec-7] org.apache.catalina.core.ApplicationContext.log Manager: list: Listing contexts for virtual host 'localhost'
25-Oct-2023 09:12:44.177 INFO [http-nio-8089-exec-10] org.apache.catalina.core.ApplicationContext.log Manager: list: Listing contexts for virtual host 'localhost'
25-Oct-2023 09:12:50.661 INFO [http-nio-8089-exec-8] org.apache.catalina.core.ApplicationContext.log Manager: list: Listing contexts for virtual host 'localhost'
25-Oct-2023 09:13:10.401 INFO [http-nio-8089-exec-9] org.apache.catalina.core.ApplicationContext.log Manager: list: Listing contexts for virtual host 'localhost'
25-Oct-2023 09:13:18.928 INFO [http-nio-8089-exec-6] org.apache.catalina.core.ApplicationContext.log Manager: list: Listing contexts for virtual host 'localhost'
25-Oct-2023 09:13:26.205 INFO [http-nio-8089-exec-5] org.apache.catalina.core.ApplicationContext.log Manager: list: Listing contexts for virtual host 'localhost'
25-Oct-2023 09:13:53.074 INFO [http-nio-8089-exec-5] org.apache.catalina.core.ApplicationContext.log Manager: list: Listing contexts for virtual host 'localhost'
25-Oct-2023 09:14:41.360 INFO [http-nio-8089-exec-6] org.apache.catalina.core.ApplicationContext.log Manager: list: Listing contexts for virtual host 'localhost'
25-Oct-2023 09:14:47.863 INFO [http-nio-8089-exec-5] org.apache.catalina.core.ApplicationContext.log Manager: list: Listing contexts for virtual host 'localhost'
25-Oct-2023 09:14:56.548 INFO [http-nio-8089-exec-2] org.apache.catalina.core.ApplicationContext.log Manager: list: Listing contexts for virtual host 'localhost'
25-Oct-2023 09:15:14.490 INFO [http-nio-8089-exec-9] org.apache.catalina.core.ApplicationContext.log Manager: list: Listing contexts for virtual host 'localhost'
25-Oct-2023 09:15:49.729 INFO [http-nio-8089-exec-9] org.apache.catalina.core.ApplicationContext.log Manager: list: Listing contexts for virtual host 'localhost'
25-Oct-2023 09:16:07.624 INFO [http-nio-8089-exec-6] org.apache.catalina.core.ApplicationContext.log Manager: list: Listing contexts for virtual host 'localhost'
25-Oct-2023 09:16:16.728 INFO [http-nio-8089-exec-6] org.apache.catalina.core.ApplicationContext.log Manager: list: Listing contexts for virtual host 'localhost'
25-Oct-2023 09:16:21.466 INFO [http-nio-8089-exec-3] org.apache.catalina.core.ApplicationContext.log Manager: list: Listing contexts for virtual host 'localhost'
25-Oct-2023 09:16:27.408 INFO [http-nio-8089-exec-1] org.apache.catalina.core.ApplicationContext.log Manager: list: Listing contexts for virtual host 'localhost'
25-Oct-2023 09:16:45.087 INFO [http-nio-8089-exec-4] org.apache.catalina.core.ApplicationContext.log Manager: list: Listing contexts for virtual host 'localhost'
25-Oct-2023 09:16:49.971 INFO [http-nio-8089-exec-9] org.apache.catalina.core.ApplicationContext.log Manager: list: Listing contexts for virtual host 'localhost'
25-Oct-2023 09:16:54.318 INFO [http-nio-8089-exec-10] org.apache.catalina.core.ApplicationContext.log Manager: list: Listing contexts for virtual host 'localhost'
25-Oct-2023 09:17:09.953 INFO [http-nio-8089-exec-3] org.apache.catalina.core.ApplicationContext.log Manager: list: Listing contexts for virtual host 'localhost'
25-Oct-2023 09:17:16.491 INFO [http-nio-8089-exec-4] org.apache.catalina.core.ApplicationContext.log Manager: list: Listing contexts for virtual host 'localhost'
25-Oct-2023 09:17:33.812 INFO [http-nio-8089-exec-8] org.apache.catalina.core.ApplicationContext.log Manager: list: Listing contexts for virtual host 'localhost'
25-Oct-2023 09:17:43.176 INFO [http-nio-8089-exec-6] org.apache.catalina.core.ApplicationContext.log Manager: list: Listing contexts for virtual host 'localhost'
25-Oct-2023 09:19:19.623 INFO [http-nio-8089-exec-5] org.apache.catalina.core.ApplicationContext.log Manager: list: Listing contexts for virtual host 'localhost'
25-Oct-2023 09:19:30.353 INFO [http-nio-8089-exec-8] org.apache.catalina.core.ApplicationContext.log Manager: list: Listing contexts for virtual host 'localhost'
25-Oct-2023 09:21:21.307 INFO [http-nio-8089-exec-8] org.apache.catalina.core.ApplicationContext.log Manager: list: Listing contexts for virtual host 'localhost'
25-Oct-2023 09:21:32.455 INFO [http-nio-8089-exec-2] org.apache.catalina.core.ApplicationContext.log Manager: list: Listing contexts for virtual host 'localhost'
25-Oct-2023 09:22:38.113 INFO [http-nio-8089-exec-3] org.apache.catalina.core.ApplicationContext.log Manager: list: Listing contexts for virtual host 'localhost'
25-Oct-2023 09:23:24.682 INFO [http-nio-8089-exec-3] org.apache.catalina.core.ApplicationContext.log Manager: list: Listing contexts for virtual host 'localhost'
25-Oct-2023 09:23:39.287 INFO [http-nio-8089-exec-5] org.apache.catalina.core.ApplicationContext.log Manager: list: Listing contexts for virtual host 'localhost'
25-Oct-2023 09:23:45.032 INFO [http-nio-8089-exec-7] org.apache.catalina.core.ApplicationContext.log Manager: list: Listing contexts for virtual host 'localhost'
25-Oct-2023 09:23:47.027 INFO [http-nio-8089-exec-5] org.apache.catalina.core.ApplicationContext.log Manager: list: Listing contexts for virtual host 'localhost'
25-Oct-2023 09:23:50.494 INFO [http-nio-8089-exec-8] org.apache.catalina.core.ApplicationContext.log Manager: list: Listing contexts for virtual host 'localhost'
25-Oct-2023 09:26:18.770 INFO [http-nio-8089-exec-7] org.apache.catalina.core.ApplicationContext.log Manager: list: Listing contexts for virtual host 'localhost'
25-Oct-2023 09:26:47.558 INFO [http-nio-8089-exec-7] org.apache.catalina.core.ApplicationContext.log Manager: list: Listing contexts for virtual host 'localhost'
25-Oct-2023 09:26:57.618 INFO [http-nio-8089-exec-10] org.apache.catalina.core.ApplicationContext.log Manager: list: Listing contexts for virtual host 'localhost'
