05-Nov-2023 18:47:30.216 INFO [http-nio-8089-exec-10] org.apache.catalina.core.ApplicationContext.log Manager: init: Associated with Deployer 'Catalina:type=Deployer,host=localhost'
05-Nov-2023 18:47:30.324 INFO [http-nio-8089-exec-10] org.apache.catalina.core.ApplicationContext.log Manager: init: Global resources are available
05-Nov-2023 18:47:32.133 INFO [http-nio-8089-exec-12] org.apache.catalina.core.ApplicationContext.log Manager: list: Listing contexts for virtual host 'localhost'
05-Nov-2023 18:47:32.153 INFO [http-nio-8089-exec-4] org.apache.catalina.core.ApplicationContext.log Manager: list: Listing contexts for virtual host 'localhost'
05-Nov-2023 18:47:32.474 INFO [http-nio-8089-exec-10] org.apache.catalina.core.ApplicationContext.log Manager: undeploy: Undeploying web application at '/Tienda'
05-Nov-2023 18:47:39.852 INFO [http-nio-8089-exec-10] org.apache.catalina.core.ApplicationContext.log Manager: install: Installing context configuration at 'file:/C:/Users/karin/AppData/Local/Temp/context15565070422072252064.xml'
05-Nov-2023 18:47:46.743 INFO [http-nio-8089-exec-8] org.apache.catalina.core.ApplicationContext.log Manager: start: Starting web application '/Tienda'
05-Nov-2023 18:50:30.076 INFO [http-nio-8089-exec-20] org.apache.catalina.core.ApplicationContext.log Manager: list: Listing contexts for virtual host 'localhost'
05-Nov-2023 18:50:30.210 INFO [http-nio-8089-exec-25] org.apache.catalina.core.ApplicationContext.log Manager: restart: Reloading web application '/Tienda'
05-Nov-2023 18:50:36.869 INFO [http-nio-8089-exec-26] org.apache.catalina.core.ApplicationContext.log Manager: list: Listing contexts for virtual host 'localhost'
05-Nov-2023 18:50:36.982 INFO [http-nio-8089-exec-29] org.apache.catalina.core.ApplicationContext.log Manager: list: Listing contexts for virtual host 'localhost'
05-Nov-2023 18:50:37.048 INFO [http-nio-8089-exec-22] org.apache.catalina.core.ApplicationContext.log Manager: undeploy: Undeploying web application at '/Tienda'
05-Nov-2023 18:50:38.271 INFO [http-nio-8089-exec-22] org.apache.catalina.core.ApplicationContext.log Manager: install: Installing context configuration at 'file:/C:/Users/karin/AppData/Local/Temp/context5897263342510781603.xml'
05-Nov-2023 18:50:44.125 INFO [http-nio-8089-exec-28] org.apache.catalina.core.ApplicationContext.log Manager: start: Starting web application '/Tienda'
05-Nov-2023 18:52:16.204 INFO [http-nio-8089-exec-31] org.apache.catalina.core.ApplicationContext.log Manager: list: Listing contexts for virtual host 'localhost'
05-Nov-2023 18:52:16.247 INFO [http-nio-8089-exec-34] org.apache.catalina.core.ApplicationContext.log Manager: restart: Reloading web application '/Tienda'
05-Nov-2023 18:52:33.922 INFO [http-nio-8089-exec-39] org.apache.catalina.core.ApplicationContext.log Manager: list: Listing contexts for virtual host 'localhost'
05-Nov-2023 18:52:33.972 INFO [http-nio-8089-exec-31] org.apache.catalina.core.ApplicationContext.log Manager: restart: Reloading web application '/Tienda'
05-Nov-2023 18:52:46.258 INFO [http-nio-8089-exec-35] org.apache.catalina.core.ApplicationContext.log Manager: list: Listing contexts for virtual host 'localhost'
05-Nov-2023 18:52:46.305 INFO [http-nio-8089-exec-38] org.apache.catalina.core.ApplicationContext.log Manager: restart: Reloading web application '/Tienda'
05-Nov-2023 18:55:10.457 INFO [http-nio-8089-exec-41] org.apache.catalina.core.ApplicationContext.log Manager: list: Listing contexts for virtual host 'localhost'
05-Nov-2023 18:55:10.501 INFO [http-nio-8089-exec-43] org.apache.catalina.core.ApplicationContext.log Manager: restart: Reloading web application '/Tienda'
05-Nov-2023 18:56:26.324 INFO [http-nio-8089-exec-40] org.apache.catalina.core.ApplicationContext.log Manager: list: Listing contexts for virtual host 'localhost'
05-Nov-2023 18:56:26.375 INFO [http-nio-8089-exec-55] org.apache.catalina.core.ApplicationContext.log Manager: restart: Reloading web application '/Tienda'
05-Nov-2023 18:56:40.166 INFO [http-nio-8089-exec-46] org.apache.catalina.core.ApplicationContext.log Manager: list: Listing contexts for virtual host 'localhost'
05-Nov-2023 18:56:40.196 INFO [http-nio-8089-exec-44] org.apache.catalina.core.ApplicationContext.log Manager: restart: Reloading web application '/Tienda'
05-Nov-2023 18:57:50.073 INFO [http-nio-8089-exec-61] org.apache.catalina.core.ApplicationContext.log Manager: list: Listing contexts for virtual host 'localhost'
05-Nov-2023 18:58:10.305 INFO [http-nio-8089-exec-56] org.apache.catalina.core.ApplicationContext.log Manager: list: Listing contexts for virtual host 'localhost'
05-Nov-2023 18:58:41.964 INFO [http-nio-8089-exec-64] org.apache.catalina.core.ApplicationContext.log Manager: list: Listing contexts for virtual host 'localhost'
05-Nov-2023 18:59:02.930 INFO [http-nio-8089-exec-64] org.apache.catalina.core.ApplicationContext.log Manager: list: Listing contexts for virtual host 'localhost'
05-Nov-2023 18:59:45.088 INFO [http-nio-8089-exec-65] org.apache.catalina.core.ApplicationContext.log Manager: list: Listing contexts for virtual host 'localhost'
05-Nov-2023 19:00:31.196 INFO [http-nio-8089-exec-60] org.apache.catalina.core.ApplicationContext.log Manager: list: Listing contexts for virtual host 'localhost'
05-Nov-2023 19:00:31.231 INFO [http-nio-8089-exec-60] org.apache.catalina.core.ApplicationContext.log Manager: restart: Reloading web application '/Tienda'
05-Nov-2023 19:00:39.799 INFO [http-nio-8089-exec-68] org.apache.catalina.core.ApplicationContext.log Manager: list: Listing contexts for virtual host 'localhost'
05-Nov-2023 19:00:39.824 INFO [http-nio-8089-exec-67] org.apache.catalina.core.ApplicationContext.log Manager: restart: Reloading web application '/Tienda'
05-Nov-2023 19:01:04.110 INFO [http-nio-8089-exec-68] org.apache.catalina.core.ApplicationContext.log Manager: list: Listing contexts for virtual host 'localhost'
05-Nov-2023 19:01:04.224 INFO [http-nio-8089-exec-72] org.apache.catalina.core.ApplicationContext.log Manager: restart: Reloading web application '/Tienda'
05-Nov-2023 19:03:36.790 INFO [http-nio-8089-exec-69] org.apache.catalina.core.ApplicationContext.log Manager: list: Listing contexts for virtual host 'localhost'
05-Nov-2023 19:03:36.823 INFO [http-nio-8089-exec-69] org.apache.catalina.core.ApplicationContext.log Manager: restart: Reloading web application '/Tienda'
05-Nov-2023 19:06:07.621 INFO [http-nio-8089-exec-84] org.apache.catalina.core.ApplicationContext.log Manager: list: Listing contexts for virtual host 'localhost'
05-Nov-2023 19:06:33.986 INFO [http-nio-8089-exec-87] org.apache.catalina.core.ApplicationContext.log Manager: list: Listing contexts for virtual host 'localhost'
05-Nov-2023 19:06:57.370 INFO [http-nio-8089-exec-85] org.apache.catalina.core.ApplicationContext.log Manager: list: Listing contexts for virtual host 'localhost'
05-Nov-2023 19:07:20.471 INFO [http-nio-8089-exec-89] org.apache.catalina.core.ApplicationContext.log Manager: list: Listing contexts for virtual host 'localhost'
05-Nov-2023 19:09:47.756 INFO [http-nio-8089-exec-90] org.apache.catalina.core.ApplicationContext.log Manager: list: Listing contexts for virtual host 'localhost'
05-Nov-2023 19:09:47.843 INFO [http-nio-8089-exec-86] org.apache.catalina.core.ApplicationContext.log Manager: list: Listing contexts for virtual host 'localhost'
05-Nov-2023 19:09:47.910 INFO [http-nio-8089-exec-89] org.apache.catalina.core.ApplicationContext.log Manager: undeploy: Undeploying web application at '/Tienda'
05-Nov-2023 19:09:48.875 INFO [http-nio-8089-exec-88] org.apache.catalina.core.ApplicationContext.log Manager: install: Installing context configuration at 'file:/C:/Users/karin/AppData/Local/Temp/context14726138885938280167.xml'
05-Nov-2023 19:09:52.704 INFO [http-nio-8089-exec-84] org.apache.catalina.core.ApplicationContext.log Manager: start: Starting web application '/Tienda'
05-Nov-2023 19:12:14.929 INFO [http-nio-8089-exec-101] org.apache.catalina.core.ApplicationContext.log Manager: list: Listing contexts for virtual host 'localhost'
05-Nov-2023 19:12:14.948 INFO [http-nio-8089-exec-95] org.apache.catalina.core.ApplicationContext.log Manager: restart: Reloading web application '/Tienda'
05-Nov-2023 19:12:23.251 INFO [http-nio-8089-exec-100] org.apache.catalina.core.ApplicationContext.log Manager: list: Listing contexts for virtual host 'localhost'
05-Nov-2023 19:12:23.302 INFO [http-nio-8089-exec-96] org.apache.catalina.core.ApplicationContext.log Manager: restart: Reloading web application '/Tienda'
05-Nov-2023 19:13:59.487 INFO [http-nio-8089-exec-111] org.apache.catalina.core.ApplicationContext.log Manager: list: Listing contexts for virtual host 'localhost'
05-Nov-2023 19:13:59.515 INFO [http-nio-8089-exec-106] org.apache.catalina.core.ApplicationContext.log Manager: restart: Reloading web application '/Tienda'
05-Nov-2023 19:14:17.346 INFO [http-nio-8089-exec-111] org.apache.catalina.core.ApplicationContext.log Manager: list: Listing contexts for virtual host 'localhost'
05-Nov-2023 19:14:17.405 INFO [http-nio-8089-exec-113] org.apache.catalina.core.ApplicationContext.log Manager: restart: Reloading web application '/Tienda'
05-Nov-2023 19:14:50.063 INFO [http-nio-8089-exec-111] org.apache.catalina.core.ApplicationContext.log Manager: list: Listing contexts for virtual host 'localhost'
05-Nov-2023 19:14:50.150 INFO [http-nio-8089-exec-115] org.apache.catalina.core.ApplicationContext.log Manager: restart: Reloading web application '/Tienda'
05-Nov-2023 19:15:06.844 INFO [http-nio-8089-exec-120] org.apache.catalina.core.ApplicationContext.log Manager: list: Listing contexts for virtual host 'localhost'
05-Nov-2023 19:15:06.868 INFO [http-nio-8089-exec-107] org.apache.catalina.core.ApplicationContext.log Manager: restart: Reloading web application '/Tienda'
05-Nov-2023 19:15:09.148 INFO [http-nio-8089-exec-120] org.apache.catalina.core.ApplicationContext.log Manager: list: Listing contexts for virtual host 'localhost'
05-Nov-2023 19:15:09.200 INFO [http-nio-8089-exec-121] org.apache.catalina.core.ApplicationContext.log Manager: list: Listing contexts for virtual host 'localhost'
05-Nov-2023 19:15:11.859 INFO [http-nio-8089-exec-107] org.apache.catalina.core.ApplicationContext.log Manager: undeploy: Undeploying web application at '/Tienda'
05-Nov-2023 19:15:12.837 INFO [http-nio-8089-exec-122] org.apache.catalina.core.ApplicationContext.log Manager: install: Installing context configuration at 'file:/C:/Users/karin/AppData/Local/Temp/context585984750711685485.xml'
05-Nov-2023 19:15:15.216 INFO [http-nio-8089-exec-117] org.apache.catalina.core.ApplicationContext.log Manager: start: Starting web application '/Tienda'
05-Nov-2023 19:15:36.075 INFO [http-nio-8089-exec-99] org.apache.catalina.core.ApplicationContext.log Manager: list: Listing contexts for virtual host 'localhost'
05-Nov-2023 19:15:36.089 INFO [http-nio-8089-exec-120] org.apache.catalina.core.ApplicationContext.log Manager: restart: Reloading web application '/Tienda'
05-Nov-2023 19:16:05.008 INFO [http-nio-8089-exec-127] org.apache.catalina.core.ApplicationContext.log Manager: list: Listing contexts for virtual host 'localhost'
05-Nov-2023 19:16:05.060 INFO [http-nio-8089-exec-99] org.apache.catalina.core.ApplicationContext.log Manager: restart: Reloading web application '/Tienda'
05-Nov-2023 19:16:13.625 INFO [http-nio-8089-exec-128] org.apache.catalina.core.ApplicationContext.log Manager: list: Listing contexts for virtual host 'localhost'
05-Nov-2023 19:16:13.645 INFO [http-nio-8089-exec-119] org.apache.catalina.core.ApplicationContext.log Manager: restart: Reloading web application '/Tienda'
05-Nov-2023 19:17:31.965 INFO [http-nio-8089-exec-123] org.apache.catalina.core.ApplicationContext.log Manager: list: Listing contexts for virtual host 'localhost'
05-Nov-2023 19:17:32.009 INFO [http-nio-8089-exec-123] org.apache.catalina.core.ApplicationContext.log Manager: restart: Reloading web application '/Tienda'
05-Nov-2023 19:19:56.515 INFO [http-nio-8089-exec-131] org.apache.catalina.core.ApplicationContext.log Manager: list: Listing contexts for virtual host 'localhost'
05-Nov-2023 19:19:56.547 INFO [http-nio-8089-exec-136] org.apache.catalina.core.ApplicationContext.log Manager: restart: Reloading web application '/Tienda'
05-Nov-2023 19:21:34.060 INFO [http-nio-8089-exec-145] org.apache.catalina.core.ApplicationContext.log Manager: list: Listing contexts for virtual host 'localhost'
05-Nov-2023 19:21:34.092 INFO [http-nio-8089-exec-129] org.apache.catalina.core.ApplicationContext.log Manager: restart: Reloading web application '/Tienda'
05-Nov-2023 19:28:26.070 INFO [http-nio-8089-exec-151] org.apache.catalina.core.ApplicationContext.log Manager: list: Listing contexts for virtual host 'localhost'
05-Nov-2023 19:28:26.090 INFO [http-nio-8089-exec-154] org.apache.catalina.core.ApplicationContext.log Manager: restart: Reloading web application '/Tienda'
05-Nov-2023 19:29:40.016 INFO [http-nio-8089-exec-158] org.apache.catalina.core.ApplicationContext.log Manager: list: Listing contexts for virtual host 'localhost'
05-Nov-2023 19:30:00.408 INFO [http-nio-8089-exec-156] org.apache.catalina.core.ApplicationContext.log Manager: list: Listing contexts for virtual host 'localhost'
05-Nov-2023 19:30:07.210 INFO [http-nio-8089-exec-160] org.apache.catalina.core.ApplicationContext.log Manager: list: Listing contexts for virtual host 'localhost'
05-Nov-2023 19:30:20.641 INFO [http-nio-8089-exec-160] org.apache.catalina.core.ApplicationContext.log Manager: list: Listing contexts for virtual host 'localhost'
05-Nov-2023 19:31:59.505 INFO [http-nio-8089-exec-164] org.apache.catalina.core.ApplicationContext.log Manager: list: Listing contexts for virtual host 'localhost'
05-Nov-2023 19:31:59.519 INFO [http-nio-8089-exec-157] org.apache.catalina.core.ApplicationContext.log Manager: restart: Reloading web application '/Tienda'
05-Nov-2023 19:34:16.900 INFO [http-nio-8089-exec-169] org.apache.catalina.core.ApplicationContext.log Manager: list: Listing contexts for virtual host 'localhost'
05-Nov-2023 19:34:17.002 INFO [http-nio-8089-exec-167] org.apache.catalina.core.ApplicationContext.log Manager: restart: Reloading web application '/Tienda'
05-Nov-2023 19:34:38.484 INFO [http-nio-8089-exec-162] org.apache.catalina.core.ApplicationContext.log Manager: list: Listing contexts for virtual host 'localhost'
05-Nov-2023 19:34:38.535 INFO [http-nio-8089-exec-156] org.apache.catalina.core.ApplicationContext.log Manager: restart: Reloading web application '/Tienda'
05-Nov-2023 19:34:45.346 INFO [http-nio-8089-exec-172] org.apache.catalina.core.ApplicationContext.log Manager: list: Listing contexts for virtual host 'localhost'
05-Nov-2023 19:34:45.383 INFO [http-nio-8089-exec-170] org.apache.catalina.core.ApplicationContext.log Manager: restart: Reloading web application '/Tienda'
05-Nov-2023 19:35:43.377 INFO [http-nio-8089-exec-174] org.apache.catalina.core.ApplicationContext.log Manager: list: Listing contexts for virtual host 'localhost'
05-Nov-2023 19:35:43.428 INFO [http-nio-8089-exec-175] org.apache.catalina.core.ApplicationContext.log Manager: restart: Reloading web application '/Tienda'
05-Nov-2023 19:37:59.636 INFO [http-nio-8089-exec-182] org.apache.catalina.core.ApplicationContext.log Manager: list: Listing contexts for virtual host 'localhost'
05-Nov-2023 19:37:59.666 INFO [http-nio-8089-exec-179] org.apache.catalina.core.ApplicationContext.log Manager: restart: Reloading web application '/Tienda'
05-Nov-2023 19:38:04.241 INFO [http-nio-8089-exec-168] org.apache.catalina.core.ApplicationContext.log Manager: list: Listing contexts for virtual host 'localhost'
05-Nov-2023 19:38:04.726 INFO [http-nio-8089-exec-156] org.apache.catalina.core.ApplicationContext.log Manager: restart: Reloading web application '/Tienda'
05-Nov-2023 19:38:14.995 INFO [http-nio-8089-exec-174] org.apache.catalina.core.ApplicationContext.log Manager: list: Listing contexts for virtual host 'localhost'
05-Nov-2023 19:38:15.003 INFO [http-nio-8089-exec-180] org.apache.catalina.core.ApplicationContext.log Manager: restart: Reloading web application '/Tienda'
05-Nov-2023 19:42:46.683 INFO [http-nio-8089-exec-194] org.apache.catalina.core.ApplicationContext.log Manager: list: Listing contexts for virtual host 'localhost'
05-Nov-2023 19:42:46.689 INFO [http-nio-8089-exec-186] org.apache.catalina.core.ApplicationContext.log Manager: restart: Reloading web application '/Tienda'
05-Nov-2023 19:43:23.222 INFO [http-nio-8089-exec-195] org.apache.catalina.core.ApplicationContext.log Manager: list: Listing contexts for virtual host 'localhost'
05-Nov-2023 19:43:23.237 INFO [http-nio-8089-exec-193] org.apache.catalina.core.ApplicationContext.log Manager: restart: Reloading web application '/Tienda'
05-Nov-2023 19:43:31.046 INFO [http-nio-8089-exec-189] org.apache.catalina.core.ApplicationContext.log Manager: list: Listing contexts for virtual host 'localhost'
05-Nov-2023 19:43:31.074 INFO [http-nio-8089-exec-194] org.apache.catalina.core.ApplicationContext.log Manager: restart: Reloading web application '/Tienda'
05-Nov-2023 19:43:42.772 INFO [http-nio-8089-exec-196] org.apache.catalina.core.ApplicationContext.log Manager: list: Listing contexts for virtual host 'localhost'
05-Nov-2023 19:43:42.859 INFO [http-nio-8089-exec-196] org.apache.catalina.core.ApplicationContext.log Manager: restart: Reloading web application '/Tienda'
05-Nov-2023 19:44:17.258 INFO [http-nio-8089-exec-189] org.apache.catalina.core.ApplicationContext.log Manager: list: Listing contexts for virtual host 'localhost'
05-Nov-2023 19:44:17.277 INFO [http-nio-8089-exec-198] org.apache.catalina.core.ApplicationContext.log Manager: restart: Reloading web application '/Tienda'
05-Nov-2023 19:45:01.475 INFO [http-nio-8089-exec-202] org.apache.catalina.core.ApplicationContext.log Manager: list: Listing contexts for virtual host 'localhost'
05-Nov-2023 19:45:01.501 INFO [http-nio-8089-exec-178] org.apache.catalina.core.ApplicationContext.log Manager: restart: Reloading web application '/Tienda'
05-Nov-2023 19:50:29.249 INFO [http-nio-8089-exec-210] org.apache.catalina.core.ApplicationContext.log Manager: list: Listing contexts for virtual host 'localhost'
05-Nov-2023 19:50:29.261 INFO [http-nio-8089-exec-213] org.apache.catalina.core.ApplicationContext.log Manager: restart: Reloading web application '/Tienda'
05-Nov-2023 19:50:32.844 INFO [http-nio-8089-exec-215] org.apache.catalina.core.ApplicationContext.log Manager: list: Listing contexts for virtual host 'localhost'
05-Nov-2023 19:50:32.879 INFO [http-nio-8089-exec-210] org.apache.catalina.core.ApplicationContext.log Manager: restart: Reloading web application '/Tienda'
05-Nov-2023 19:50:55.423 INFO [http-nio-8089-exec-209] org.apache.catalina.core.ApplicationContext.log Manager: list: Listing contexts for virtual host 'localhost'
05-Nov-2023 19:50:55.480 INFO [http-nio-8089-exec-216] org.apache.catalina.core.ApplicationContext.log Manager: restart: Reloading web application '/Tienda'
05-Nov-2023 19:51:03.730 INFO [http-nio-8089-exec-215] org.apache.catalina.core.ApplicationContext.log Manager: list: Listing contexts for virtual host 'localhost'
05-Nov-2023 19:51:03.737 INFO [http-nio-8089-exec-209] org.apache.catalina.core.ApplicationContext.log Manager: restart: Reloading web application '/Tienda'
05-Nov-2023 19:51:26.771 INFO [http-nio-8089-exec-214] org.apache.catalina.core.ApplicationContext.log Manager: list: Listing contexts for virtual host 'localhost'
05-Nov-2023 19:51:26.781 INFO [http-nio-8089-exec-212] org.apache.catalina.core.ApplicationContext.log Manager: restart: Reloading web application '/Tienda'
05-Nov-2023 19:51:50.502 INFO [http-nio-8089-exec-214] org.apache.catalina.core.ApplicationContext.log Manager: list: Listing contexts for virtual host 'localhost'
05-Nov-2023 19:51:50.612 INFO [http-nio-8089-exec-225] org.apache.catalina.core.ApplicationContext.log Manager: restart: Reloading web application '/Tienda'
05-Nov-2023 19:52:00.725 INFO [http-nio-8089-exec-214] org.apache.catalina.core.ApplicationContext.log Manager: list: Listing contexts for virtual host 'localhost'
05-Nov-2023 19:52:00.818 INFO [http-nio-8089-exec-211] org.apache.catalina.core.ApplicationContext.log Manager: restart: Reloading web application '/Tienda'
05-Nov-2023 19:52:25.593 INFO [http-nio-8089-exec-227] org.apache.catalina.core.ApplicationContext.log Manager: list: Listing contexts for virtual host 'localhost'
05-Nov-2023 19:52:25.612 INFO [http-nio-8089-exec-224] org.apache.catalina.core.ApplicationContext.log Manager: restart: Reloading web application '/Tienda'
05-Nov-2023 19:53:15.098 INFO [http-nio-8089-exec-230] org.apache.catalina.core.ApplicationContext.log Manager: list: Listing contexts for virtual host 'localhost'
05-Nov-2023 19:55:05.074 INFO [http-nio-8089-exec-231] org.apache.catalina.core.ApplicationContext.log Manager: list: Listing contexts for virtual host 'localhost'
05-Nov-2023 19:55:05.396 INFO [http-nio-8089-exec-237] org.apache.catalina.core.ApplicationContext.log Manager: restart: Reloading web application '/Tienda'
05-Nov-2023 19:56:20.616 INFO [http-nio-8089-exec-241] org.apache.catalina.core.ApplicationContext.log Manager: list: Listing contexts for virtual host 'localhost'
05-Nov-2023 19:56:20.642 INFO [http-nio-8089-exec-242] org.apache.catalina.core.ApplicationContext.log Manager: restart: Reloading web application '/Tienda'
05-Nov-2023 19:57:23.557 INFO [http-nio-8089-exec-247] org.apache.catalina.core.ApplicationContext.log Manager: list: Listing contexts for virtual host 'localhost'
05-Nov-2023 19:57:23.576 INFO [http-nio-8089-exec-244] org.apache.catalina.core.ApplicationContext.log Manager: restart: Reloading web application '/Tienda'
05-Nov-2023 19:57:33.123 INFO [http-nio-8089-exec-253] org.apache.catalina.core.ApplicationContext.log Manager: list: Listing contexts for virtual host 'localhost'
05-Nov-2023 19:57:33.143 INFO [http-nio-8089-exec-248] org.apache.catalina.core.ApplicationContext.log Manager: restart: Reloading web application '/Tienda'
05-Nov-2023 19:58:02.092 INFO [http-nio-8089-exec-243] org.apache.catalina.core.ApplicationContext.log Manager: list: Listing contexts for virtual host 'localhost'
05-Nov-2023 19:58:02.159 INFO [http-nio-8089-exec-250] org.apache.catalina.core.ApplicationContext.log Manager: restart: Reloading web application '/Tienda'
05-Nov-2023 19:58:19.456 INFO [http-nio-8089-exec-243] org.apache.catalina.core.ApplicationContext.log Manager: list: Listing contexts for virtual host 'localhost'
05-Nov-2023 19:58:19.520 INFO [http-nio-8089-exec-254] org.apache.catalina.core.ApplicationContext.log Manager: restart: Reloading web application '/Tienda'
05-Nov-2023 19:59:17.855 INFO [http-nio-8089-exec-259] org.apache.catalina.core.ApplicationContext.log Manager: list: Listing contexts for virtual host 'localhost'
05-Nov-2023 19:59:18.002 INFO [http-nio-8089-exec-252] org.apache.catalina.core.ApplicationContext.log Manager: restart: Reloading web application '/Tienda'
05-Nov-2023 19:59:57.828 INFO [http-nio-8089-exec-249] org.apache.catalina.core.ApplicationContext.log Manager: list: Listing contexts for virtual host 'localhost'
05-Nov-2023 19:59:57.843 INFO [http-nio-8089-exec-263] org.apache.catalina.core.ApplicationContext.log Manager: restart: Reloading web application '/Tienda'
05-Nov-2023 20:00:09.913 INFO [http-nio-8089-exec-249] org.apache.catalina.core.ApplicationContext.log Manager: list: Listing contexts for virtual host 'localhost'
05-Nov-2023 20:00:09.935 INFO [http-nio-8089-exec-240] org.apache.catalina.core.ApplicationContext.log Manager: restart: Reloading web application '/Tienda'
05-Nov-2023 20:00:28.677 INFO [http-nio-8089-exec-243] org.apache.catalina.core.ApplicationContext.log Manager: list: Listing contexts for virtual host 'localhost'
05-Nov-2023 20:00:28.778 INFO [http-nio-8089-exec-266] org.apache.catalina.core.ApplicationContext.log Manager: restart: Reloading web application '/Tienda'
05-Nov-2023 20:03:02.650 INFO [http-nio-8089-exec-267] org.apache.catalina.core.ApplicationContext.log Manager: list: Listing contexts for virtual host 'localhost'
05-Nov-2023 20:03:02.710 INFO [http-nio-8089-exec-270] org.apache.catalina.core.ApplicationContext.log Manager: restart: Reloading web application '/Tienda'
05-Nov-2023 20:03:08.251 INFO [http-nio-8089-exec-276] org.apache.catalina.core.ApplicationContext.log Manager: list: Listing contexts for virtual host 'localhost'
05-Nov-2023 20:03:08.282 INFO [http-nio-8089-exec-272] org.apache.catalina.core.ApplicationContext.log Manager: restart: Reloading web application '/Tienda'
05-Nov-2023 20:03:45.809 INFO [http-nio-8089-exec-277] org.apache.catalina.core.ApplicationContext.log Manager: list: Listing contexts for virtual host 'localhost'
05-Nov-2023 20:03:45.814 INFO [http-nio-8089-exec-271] org.apache.catalina.core.ApplicationContext.log Manager: restart: Reloading web application '/Tienda'
05-Nov-2023 20:04:51.122 INFO [http-nio-8089-exec-281] org.apache.catalina.core.ApplicationContext.log Manager: list: Listing contexts for virtual host 'localhost'
05-Nov-2023 20:04:51.153 INFO [http-nio-8089-exec-243] org.apache.catalina.core.ApplicationContext.log Manager: restart: Reloading web application '/Tienda'
05-Nov-2023 20:05:26.364 INFO [http-nio-8089-exec-281] org.apache.catalina.core.ApplicationContext.log Manager: list: Listing contexts for virtual host 'localhost'
05-Nov-2023 20:05:32.943 INFO [http-nio-8089-exec-278] org.apache.catalina.core.ApplicationContext.log Manager: list: Listing contexts for virtual host 'localhost'
05-Nov-2023 20:07:46.044 INFO [http-nio-8089-exec-294] org.apache.catalina.core.ApplicationContext.log Manager: list: Listing contexts for virtual host 'localhost'
05-Nov-2023 20:09:03.933 INFO [http-nio-8089-exec-293] org.apache.catalina.core.ApplicationContext.log Manager: list: Listing contexts for virtual host 'localhost'
05-Nov-2023 20:09:03.987 INFO [http-nio-8089-exec-294] org.apache.catalina.core.ApplicationContext.log Manager: restart: Reloading web application '/Tienda'
05-Nov-2023 20:09:49.790 INFO [http-nio-8089-exec-287] org.apache.catalina.core.ApplicationContext.log Manager: list: Listing contexts for virtual host 'localhost'
05-Nov-2023 20:09:49.815 INFO [http-nio-8089-exec-295] org.apache.catalina.core.ApplicationContext.log Manager: restart: Reloading web application '/Tienda'
05-Nov-2023 20:10:04.524 INFO [http-nio-8089-exec-286] org.apache.catalina.core.ApplicationContext.log Manager: list: Listing contexts for virtual host 'localhost'
05-Nov-2023 20:10:04.911 INFO [http-nio-8089-exec-285] org.apache.catalina.core.ApplicationContext.log Manager: list: Listing contexts for virtual host 'localhost'
05-Nov-2023 20:10:11.909 INFO [http-nio-8089-exec-287] org.apache.catalina.core.ApplicationContext.log Manager: list: Listing contexts for virtual host 'localhost'
05-Nov-2023 20:10:11.920 INFO [http-nio-8089-exec-292] org.apache.catalina.core.ApplicationContext.log Manager: restart: Reloading web application '/Tienda'
05-Nov-2023 20:10:23.929 INFO [http-nio-8089-exec-285] org.apache.catalina.core.ApplicationContext.log Manager: list: Listing contexts for virtual host 'localhost'
05-Nov-2023 20:10:24.733 INFO [http-nio-8089-exec-297] org.apache.catalina.core.ApplicationContext.log Manager: list: Listing contexts for virtual host 'localhost'
05-Nov-2023 20:10:29.020 INFO [http-nio-8089-exec-301] org.apache.catalina.core.ApplicationContext.log Manager: list: Listing contexts for virtual host 'localhost'
05-Nov-2023 20:10:29.039 INFO [http-nio-8089-exec-287] org.apache.catalina.core.ApplicationContext.log Manager: restart: Reloading web application '/Tienda'
05-Nov-2023 20:11:40.613 INFO [http-nio-8089-exec-310] org.apache.catalina.core.ApplicationContext.log Manager: list: Listing contexts for virtual host 'localhost'
05-Nov-2023 20:11:40.670 INFO [http-nio-8089-exec-305] org.apache.catalina.core.ApplicationContext.log Manager: restart: Reloading web application '/Tienda'
05-Nov-2023 20:11:56.808 INFO [http-nio-8089-exec-307] org.apache.catalina.core.ApplicationContext.log Manager: list: Listing contexts for virtual host 'localhost'
05-Nov-2023 20:11:56.852 INFO [http-nio-8089-exec-298] org.apache.catalina.core.ApplicationContext.log Manager: restart: Reloading web application '/Tienda'
05-Nov-2023 20:12:05.564 INFO [http-nio-8089-exec-309] org.apache.catalina.core.ApplicationContext.log Manager: list: Listing contexts for virtual host 'localhost'
05-Nov-2023 20:12:05.620 INFO [http-nio-8089-exec-311] org.apache.catalina.core.ApplicationContext.log Manager: restart: Reloading web application '/Tienda'
05-Nov-2023 20:12:12.090 INFO [http-nio-8089-exec-312] org.apache.catalina.core.ApplicationContext.log Manager: list: Listing contexts for virtual host 'localhost'
05-Nov-2023 20:12:12.361 INFO [http-nio-8089-exec-315] org.apache.catalina.core.ApplicationContext.log Manager: restart: Reloading web application '/Tienda'
05-Nov-2023 20:12:17.094 INFO [http-nio-8089-exec-316] org.apache.catalina.core.ApplicationContext.log Manager: list: Listing contexts for virtual host 'localhost'
05-Nov-2023 20:12:17.112 INFO [http-nio-8089-exec-309] org.apache.catalina.core.ApplicationContext.log Manager: restart: Reloading web application '/Tienda'
05-Nov-2023 20:12:45.725 INFO [http-nio-8089-exec-312] org.apache.catalina.core.ApplicationContext.log Manager: list: Listing contexts for virtual host 'localhost'
05-Nov-2023 20:12:45.746 INFO [http-nio-8089-exec-316] org.apache.catalina.core.ApplicationContext.log Manager: restart: Reloading web application '/Tienda'
05-Nov-2023 20:12:51.499 INFO [http-nio-8089-exec-285] org.apache.catalina.core.ApplicationContext.log Manager: list: Listing contexts for virtual host 'localhost'
05-Nov-2023 20:13:23.566 INFO [http-nio-8089-exec-321] org.apache.catalina.core.ApplicationContext.log Manager: list: Listing contexts for virtual host 'localhost'
05-Nov-2023 20:13:23.589 INFO [http-nio-8089-exec-317] org.apache.catalina.core.ApplicationContext.log Manager: restart: Reloading web application '/Tienda'
05-Nov-2023 20:14:29.346 INFO [http-nio-8089-exec-310] org.apache.catalina.core.ApplicationContext.log Manager: list: Listing contexts for virtual host 'localhost'
05-Nov-2023 20:14:29.368 INFO [http-nio-8089-exec-322] org.apache.catalina.core.ApplicationContext.log Manager: restart: Reloading web application '/Tienda'
05-Nov-2023 20:15:03.810 INFO [http-nio-8089-exec-325] org.apache.catalina.core.ApplicationContext.log Manager: list: Listing contexts for virtual host 'localhost'
05-Nov-2023 20:15:03.842 INFO [http-nio-8089-exec-323] org.apache.catalina.core.ApplicationContext.log Manager: restart: Reloading web application '/Tienda'
05-Nov-2023 20:15:08.223 INFO [http-nio-8089-exec-329] org.apache.catalina.core.ApplicationContext.log Manager: list: Listing contexts for virtual host 'localhost'
05-Nov-2023 20:15:08.239 INFO [http-nio-8089-exec-330] org.apache.catalina.core.ApplicationContext.log Manager: restart: Reloading web application '/Tienda'
05-Nov-2023 20:19:20.824 INFO [http-nio-8089-exec-333] org.apache.catalina.core.ApplicationContext.log Manager: list: Listing contexts for virtual host 'localhost'
05-Nov-2023 20:19:20.846 INFO [http-nio-8089-exec-334] org.apache.catalina.core.ApplicationContext.log Manager: restart: Reloading web application '/Tienda'
05-Nov-2023 20:23:51.960 INFO [http-nio-8089-exec-342] org.apache.catalina.core.ApplicationContext.log Manager: list: Listing contexts for virtual host 'localhost'
05-Nov-2023 20:23:51.989 INFO [http-nio-8089-exec-343] org.apache.catalina.core.ApplicationContext.log Manager: restart: Reloading web application '/Tienda'
05-Nov-2023 20:23:59.607 INFO [http-nio-8089-exec-353] org.apache.catalina.core.ApplicationContext.log Manager: list: Listing contexts for virtual host 'localhost'
05-Nov-2023 20:23:59.628 INFO [http-nio-8089-exec-342] org.apache.catalina.core.ApplicationContext.log Manager: restart: Reloading web application '/Tienda'
05-Nov-2023 20:24:13.944 INFO [http-nio-8089-exec-348] org.apache.catalina.core.ApplicationContext.log Manager: list: Listing contexts for virtual host 'localhost'
05-Nov-2023 20:24:13.962 INFO [http-nio-8089-exec-345] org.apache.catalina.core.ApplicationContext.log Manager: restart: Reloading web application '/Tienda'
05-Nov-2023 20:25:17.872 INFO [375] org.apache.catalina.core.ApplicationContext.log Manager: list: Listing contexts for virtual host 'localhost'
05-Nov-2023 20:31:30.622 INFO [http-nio-8089-exec-365] org.apache.catalina.core.ApplicationContext.log Manager: list: Listing contexts for virtual host 'localhost'
05-Nov-2023 20:31:30.642 INFO [http-nio-8089-exec-357] org.apache.catalina.core.ApplicationContext.log Manager: restart: Reloading web application '/Tienda'
05-Nov-2023 20:31:39.023 INFO [http-nio-8089-exec-356] org.apache.catalina.core.ApplicationContext.log Manager: list: Listing contexts for virtual host 'localhost'
05-Nov-2023 20:31:39.114 INFO [http-nio-8089-exec-363] org.apache.catalina.core.ApplicationContext.log Manager: restart: Reloading web application '/Tienda'
05-Nov-2023 20:32:05.089 INFO [http-nio-8089-exec-362] org.apache.catalina.core.ApplicationContext.log Manager: list: Listing contexts for virtual host 'localhost'
05-Nov-2023 20:32:05.148 INFO [http-nio-8089-exec-358] org.apache.catalina.core.ApplicationContext.log Manager: restart: Reloading web application '/Tienda'
05-Nov-2023 20:33:51.180 INFO [http-nio-8089-exec-369] org.apache.catalina.core.ApplicationContext.log Manager: list: Listing contexts for virtual host 'localhost'
05-Nov-2023 20:33:51.221 INFO [http-nio-8089-exec-361] org.apache.catalina.core.ApplicationContext.log Manager: restart: Reloading web application '/Tienda'
05-Nov-2023 20:34:13.152 INFO [http-nio-8089-exec-369] org.apache.catalina.core.ApplicationContext.log Manager: list: Listing contexts for virtual host 'localhost'
05-Nov-2023 20:34:13.164 INFO [http-nio-8089-exec-373] org.apache.catalina.core.ApplicationContext.log Manager: restart: Reloading web application '/Tienda'
05-Nov-2023 20:34:50.035 INFO [http-nio-8089-exec-371] org.apache.catalina.core.ApplicationContext.log Manager: list: Listing contexts for virtual host 'localhost'
05-Nov-2023 20:38:20.293 INFO [http-nio-8089-exec-371] org.apache.catalina.core.ApplicationContext.log Manager: list: Listing contexts for virtual host 'localhost'
05-Nov-2023 20:38:20.310 INFO [http-nio-8089-exec-371] org.apache.catalina.core.ApplicationContext.log Manager: restart: Reloading web application '/Tienda'
05-Nov-2023 20:39:10.092 INFO [http-nio-8089-exec-385] org.apache.catalina.core.ApplicationContext.log Manager: list: Listing contexts for virtual host 'localhost'
05-Nov-2023 20:39:10.178 INFO [http-nio-8089-exec-376] org.apache.catalina.core.ApplicationContext.log Manager: restart: Reloading web application '/Tienda'
05-Nov-2023 20:40:46.924 INFO [http-nio-8089-exec-387] org.apache.catalina.core.ApplicationContext.log Manager: list: Listing contexts for virtual host 'localhost'
05-Nov-2023 20:40:46.944 INFO [http-nio-8089-exec-377] org.apache.catalina.core.ApplicationContext.log Manager: restart: Reloading web application '/Tienda'
05-Nov-2023 20:41:43.500 INFO [http-nio-8089-exec-384] org.apache.catalina.core.ApplicationContext.log Manager: list: Listing contexts for virtual host 'localhost'
05-Nov-2023 20:41:43.546 INFO [http-nio-8089-exec-390] org.apache.catalina.core.ApplicationContext.log Manager: restart: Reloading web application '/Tienda'
05-Nov-2023 20:42:48.881 INFO [http-nio-8089-exec-388] org.apache.catalina.core.ApplicationContext.log Manager: list: Listing contexts for virtual host 'localhost'
05-Nov-2023 20:42:48.911 INFO [http-nio-8089-exec-384] org.apache.catalina.core.ApplicationContext.log Manager: restart: Reloading web application '/Tienda'
05-Nov-2023 20:43:52.091 INFO [http-nio-8089-exec-379] org.apache.catalina.core.ApplicationContext.log Manager: list: Listing contexts for virtual host 'localhost'
05-Nov-2023 20:43:52.107 INFO [http-nio-8089-exec-380] org.apache.catalina.core.ApplicationContext.log Manager: restart: Reloading web application '/Tienda'
05-Nov-2023 20:43:55.578 INFO [http-nio-8089-exec-397] org.apache.catalina.core.ApplicationContext.log Manager: list: Listing contexts for virtual host 'localhost'
05-Nov-2023 20:43:55.682 INFO [http-nio-8089-exec-387] org.apache.catalina.core.ApplicationContext.log Manager: restart: Reloading web application '/Tienda'
05-Nov-2023 20:43:59.802 INFO [http-nio-8089-exec-399] org.apache.catalina.core.ApplicationContext.log Manager: list: Listing contexts for virtual host 'localhost'
05-Nov-2023 20:43:59.863 INFO [http-nio-8089-exec-400] org.apache.catalina.core.ApplicationContext.log Manager: restart: Reloading web application '/Tienda'
05-Nov-2023 20:46:31.422 INFO [http-nio-8089-exec-402] org.apache.catalina.core.ApplicationContext.log Manager: list: Listing contexts for virtual host 'localhost'
05-Nov-2023 20:47:18.416 INFO [http-nio-8089-exec-405] org.apache.catalina.core.ApplicationContext.log Manager: list: Listing contexts for virtual host 'localhost'
05-Nov-2023 20:48:38.227 INFO [http-nio-8089-exec-407] org.apache.catalina.core.ApplicationContext.log Manager: list: Listing contexts for virtual host 'localhost'
05-Nov-2023 20:48:38.246 INFO [http-nio-8089-exec-405] org.apache.catalina.core.ApplicationContext.log Manager: restart: Reloading web application '/Tienda'
05-Nov-2023 20:50:13.491 INFO [http-nio-8089-exec-410] org.apache.catalina.core.ApplicationContext.log Manager: list: Listing contexts for virtual host 'localhost'
05-Nov-2023 20:50:30.922 INFO [http-nio-8089-exec-413] org.apache.catalina.core.ApplicationContext.log Manager: list: Listing contexts for virtual host 'localhost'
05-Nov-2023 20:51:06.456 INFO [http-nio-8089-exec-403] org.apache.catalina.core.ApplicationContext.log Manager: list: Listing contexts for virtual host 'localhost'
05-Nov-2023 20:51:13.668 INFO [http-nio-8089-exec-412] org.apache.catalina.core.ApplicationContext.log Manager: list: Listing contexts for virtual host 'localhost'
05-Nov-2023 20:51:48.956 INFO [http-nio-8089-exec-412] org.apache.catalina.core.ApplicationContext.log Manager: list: Listing contexts for virtual host 'localhost'
