29-Oct-2023 15:00:07.680 INFO [http-nio-8089-exec-8] org.apache.catalina.core.ApplicationContext.log Manager: init: Associated with Deployer 'Catalina:type=Deployer,host=localhost'
29-Oct-2023 15:00:07.680 INFO [http-nio-8089-exec-8] org.apache.catalina.core.ApplicationContext.log Manager: init: Global resources are available
29-Oct-2023 15:00:08.038 INFO [http-nio-8089-exec-3] org.apache.catalina.core.ApplicationContext.log Manager: list: Listing contexts for virtual host 'localhost'
29-Oct-2023 15:00:08.198 INFO [http-nio-8089-exec-9] org.apache.catalina.core.ApplicationContext.log Manager: list: Listing contexts for virtual host 'localhost'
29-Oct-2023 15:00:08.372 INFO [http-nio-8089-exec-8] org.apache.catalina.core.ApplicationContext.log Manager: restart: Reloading web application '/Tienda'
29-Oct-2023 15:02:05.312 INFO [http-nio-8089-exec-17] org.apache.catalina.core.ApplicationContext.log Manager: list: Listing contexts for virtual host 'localhost'
29-Oct-2023 15:02:13.501 INFO [http-nio-8089-exec-12] org.apache.catalina.core.ApplicationContext.log Manager: list: Listing contexts for virtual host 'localhost'
29-Oct-2023 15:05:43.946 INFO [http-nio-8089-exec-12] org.apache.catalina.core.ApplicationContext.log Manager: list: Listing contexts for virtual host 'localhost'
29-Oct-2023 15:05:46.862 INFO [http-nio-8089-exec-18] org.apache.catalina.core.ApplicationContext.log Manager: list: Listing contexts for virtual host 'localhost'
29-Oct-2023 15:06:01.575 INFO [http-nio-8089-exec-11] org.apache.catalina.core.ApplicationContext.log Manager: list: Listing contexts for virtual host 'localhost'
29-Oct-2023 15:06:01.618 INFO [http-nio-8089-exec-19] org.apache.catalina.core.ApplicationContext.log Manager: restart: Reloading web application '/Tienda'
29-Oct-2023 15:06:24.586 INFO [http-nio-8089-exec-15] org.apache.catalina.core.ApplicationContext.log Manager: list: Listing contexts for virtual host 'localhost'
29-Oct-2023 15:06:24.604 INFO [http-nio-8089-exec-17] org.apache.catalina.core.ApplicationContext.log Manager: restart: Reloading web application '/Tienda'
29-Oct-2023 15:06:35.145 INFO [http-nio-8089-exec-14] org.apache.catalina.core.ApplicationContext.log Manager: list: Listing contexts for virtual host 'localhost'
29-Oct-2023 15:06:38.836 INFO [http-nio-8089-exec-23] org.apache.catalina.core.ApplicationContext.log Manager: list: Listing contexts for virtual host 'localhost'
29-Oct-2023 15:06:52.161 INFO [http-nio-8089-exec-24] org.apache.catalina.core.ApplicationContext.log Manager: list: Listing contexts for virtual host 'localhost'
29-Oct-2023 15:06:52.205 INFO [http-nio-8089-exec-26] org.apache.catalina.core.ApplicationContext.log Manager: restart: Reloading web application '/Tienda'
29-Oct-2023 15:07:07.556 INFO [http-nio-8089-exec-11] org.apache.catalina.core.ApplicationContext.log Manager: list: Listing contexts for virtual host 'localhost'
29-Oct-2023 15:07:07.576 INFO [http-nio-8089-exec-27] org.apache.catalina.core.ApplicationContext.log Manager: restart: Reloading web application '/Tienda'
29-Oct-2023 15:07:22.260 INFO [http-nio-8089-exec-28] org.apache.catalina.core.ApplicationContext.log Manager: list: Listing contexts for virtual host 'localhost'
29-Oct-2023 15:07:25.967 INFO [http-nio-8089-exec-20] org.apache.catalina.core.ApplicationContext.log Manager: list: Listing contexts for virtual host 'localhost'
29-Oct-2023 15:07:40.586 INFO [http-nio-8089-exec-30] org.apache.catalina.core.ApplicationContext.log Manager: list: Listing contexts for virtual host 'localhost'
29-Oct-2023 15:07:40.629 INFO [http-nio-8089-exec-31] org.apache.catalina.core.ApplicationContext.log Manager: restart: Reloading web application '/Tienda'
29-Oct-2023 15:07:54.932 INFO [http-nio-8089-exec-28] org.apache.catalina.core.ApplicationContext.log Manager: list: Listing contexts for virtual host 'localhost'
29-Oct-2023 15:07:54.961 INFO [http-nio-8089-exec-20] org.apache.catalina.core.ApplicationContext.log Manager: restart: Reloading web application '/Tienda'
29-Oct-2023 15:08:18.962 INFO [http-nio-8089-exec-23] org.apache.catalina.core.ApplicationContext.log Manager: list: Listing contexts for virtual host 'localhost'
29-Oct-2023 15:08:18.987 INFO [http-nio-8089-exec-28] org.apache.catalina.core.ApplicationContext.log Manager: restart: Reloading web application '/Tienda'
29-Oct-2023 15:08:31.511 INFO [http-nio-8089-exec-25] org.apache.catalina.core.ApplicationContext.log Manager: list: Listing contexts for virtual host 'localhost'
29-Oct-2023 15:08:34.069 INFO [http-nio-8089-exec-14] org.apache.catalina.core.ApplicationContext.log Manager: list: Listing contexts for virtual host 'localhost'
29-Oct-2023 15:08:44.580 INFO [http-nio-8089-exec-23] org.apache.catalina.core.ApplicationContext.log Manager: list: Listing contexts for virtual host 'localhost'
29-Oct-2023 15:08:44.596 INFO [http-nio-8089-exec-32] org.apache.catalina.core.ApplicationContext.log Manager: restart: Reloading web application '/Tienda'
29-Oct-2023 15:08:57.868 INFO [http-nio-8089-exec-34] org.apache.catalina.core.ApplicationContext.log Manager: list: Listing contexts for virtual host 'localhost'
29-Oct-2023 15:08:57.917 INFO [http-nio-8089-exec-39] org.apache.catalina.core.ApplicationContext.log Manager: restart: Reloading web application '/Tienda'
29-Oct-2023 15:09:05.748 INFO [http-nio-8089-exec-37] org.apache.catalina.core.ApplicationContext.log Manager: list: Listing contexts for virtual host 'localhost'
29-Oct-2023 15:09:10.284 INFO [http-nio-8089-exec-45] org.apache.catalina.core.ApplicationContext.log Manager: list: Listing contexts for virtual host 'localhost'
29-Oct-2023 15:09:26.606 INFO [http-nio-8089-exec-46] org.apache.catalina.core.ApplicationContext.log Manager: list: Listing contexts for virtual host 'localhost'
29-Oct-2023 15:09:26.957 INFO [http-nio-8089-exec-41] org.apache.catalina.core.ApplicationContext.log Manager: restart: Reloading web application '/Tienda'
29-Oct-2023 15:09:40.993 INFO [http-nio-8089-exec-43] org.apache.catalina.core.ApplicationContext.log Manager: list: Listing contexts for virtual host 'localhost'
29-Oct-2023 15:09:41.027 INFO [http-nio-8089-exec-44] org.apache.catalina.core.ApplicationContext.log Manager: restart: Reloading web application '/Tienda'
29-Oct-2023 15:10:01.891 INFO [http-nio-8089-exec-43] org.apache.catalina.core.ApplicationContext.log Manager: list: Listing contexts for virtual host 'localhost'
29-Oct-2023 15:10:04.922 INFO [http-nio-8089-exec-49] org.apache.catalina.core.ApplicationContext.log Manager: list: Listing contexts for virtual host 'localhost'
29-Oct-2023 15:10:15.774 INFO [http-nio-8089-exec-45] org.apache.catalina.core.ApplicationContext.log Manager: list: Listing contexts for virtual host 'localhost'
29-Oct-2023 15:10:15.828 INFO [http-nio-8089-exec-45] org.apache.catalina.core.ApplicationContext.log Manager: restart: Reloading web application '/Tienda'
29-Oct-2023 15:11:13.306 INFO [http-nio-8089-exec-34] org.apache.catalina.core.ApplicationContext.log Manager: list: Listing contexts for virtual host 'localhost'
29-Oct-2023 15:11:13.344 INFO [http-nio-8089-exec-23] org.apache.catalina.core.ApplicationContext.log Manager: restart: Reloading web application '/Tienda'
29-Oct-2023 15:15:02.577 INFO [http-nio-8089-exec-60] org.apache.catalina.core.ApplicationContext.log Manager: list: Listing contexts for virtual host 'localhost'
29-Oct-2023 15:16:39.551 INFO [http-nio-8089-exec-62] org.apache.catalina.core.ApplicationContext.log Manager: list: Listing contexts for virtual host 'localhost'
29-Oct-2023 15:16:41.796 INFO [http-nio-8089-exec-57] org.apache.catalina.core.ApplicationContext.log Manager: list: Listing contexts for virtual host 'localhost'
29-Oct-2023 15:16:47.645 INFO [http-nio-8089-exec-64] org.apache.catalina.core.ApplicationContext.log Manager: list: Listing contexts for virtual host 'localhost'
29-Oct-2023 15:19:00.561 INFO [http-nio-8089-exec-60] org.apache.catalina.core.ApplicationContext.log Manager: list: Listing contexts for virtual host 'localhost'
29-Oct-2023 15:19:04.174 INFO [http-nio-8089-exec-65] org.apache.catalina.core.ApplicationContext.log Manager: list: Listing contexts for virtual host 'localhost'
29-Oct-2023 15:19:04.432 INFO [http-nio-8089-exec-63] org.apache.catalina.core.ApplicationContext.log Manager: list: Listing contexts for virtual host 'localhost'
29-Oct-2023 15:19:21.441 INFO [http-nio-8089-exec-65] org.apache.catalina.core.ApplicationContext.log Manager: list: Listing contexts for virtual host 'localhost'
29-Oct-2023 15:19:34.202 INFO [http-nio-8089-exec-56] org.apache.catalina.core.ApplicationContext.log Manager: list: Listing contexts for virtual host 'localhost'
29-Oct-2023 15:19:34.926 INFO [http-nio-8089-exec-65] org.apache.catalina.core.ApplicationContext.log Manager: list: Listing contexts for virtual host 'localhost'
29-Oct-2023 15:20:58.533 INFO [http-nio-8089-exec-59] org.apache.catalina.core.ApplicationContext.log Manager: list: Listing contexts for virtual host 'localhost'
29-Oct-2023 15:21:15.561 INFO [http-nio-8089-exec-58] org.apache.catalina.core.ApplicationContext.log Manager: list: Listing contexts for virtual host 'localhost'
29-Oct-2023 15:21:20.396 INFO [http-nio-8089-exec-64] org.apache.catalina.core.ApplicationContext.log Manager: list: Listing contexts for virtual host 'localhost'
29-Oct-2023 15:21:25.284 INFO [http-nio-8089-exec-62] org.apache.catalina.core.ApplicationContext.log Manager: list: Listing contexts for virtual host 'localhost'
29-Oct-2023 15:21:36.484 INFO [http-nio-8089-exec-63] org.apache.catalina.core.ApplicationContext.log Manager: list: Listing contexts for virtual host 'localhost'
29-Oct-2023 15:21:42.784 INFO [http-nio-8089-exec-59] org.apache.catalina.core.ApplicationContext.log Manager: list: Listing contexts for virtual host 'localhost'
29-Oct-2023 15:21:48.220 INFO [http-nio-8089-exec-65] org.apache.catalina.core.ApplicationContext.log Manager: list: Listing contexts for virtual host 'localhost'
29-Oct-2023 15:22:06.473 INFO [http-nio-8089-exec-59] org.apache.catalina.core.ApplicationContext.log Manager: list: Listing contexts for virtual host 'localhost'
29-Oct-2023 15:22:47.256 INFO [http-nio-8089-exec-60] org.apache.catalina.core.ApplicationContext.log Manager: list: Listing contexts for virtual host 'localhost'
29-Oct-2023 15:22:47.323 INFO [http-nio-8089-exec-57] org.apache.catalina.core.ApplicationContext.log Manager: restart: Reloading web application '/Tienda'
29-Oct-2023 15:23:00.339 INFO [http-nio-8089-exec-62] org.apache.catalina.core.ApplicationContext.log Manager: list: Listing contexts for virtual host 'localhost'
29-Oct-2023 15:23:00.397 INFO [http-nio-8089-exec-61] org.apache.catalina.core.ApplicationContext.log Manager: restart: Reloading web application '/Tienda'
29-Oct-2023 15:23:08.186 INFO [http-nio-8089-exec-62] org.apache.catalina.core.ApplicationContext.log Manager: list: Listing contexts for virtual host 'localhost'
29-Oct-2023 15:23:08.241 INFO [http-nio-8089-exec-67] org.apache.catalina.core.ApplicationContext.log Manager: restart: Reloading web application '/Tienda'
29-Oct-2023 15:23:15.007 INFO [http-nio-8089-exec-63] org.apache.catalina.core.ApplicationContext.log Manager: list: Listing contexts for virtual host 'localhost'
29-Oct-2023 15:23:15.092 INFO [http-nio-8089-exec-61] org.apache.catalina.core.ApplicationContext.log Manager: restart: Reloading web application '/Tienda'
29-Oct-2023 15:23:28.611 INFO [http-nio-8089-exec-68] org.apache.catalina.core.ApplicationContext.log Manager: list: Listing contexts for virtual host 'localhost'
29-Oct-2023 15:23:28.632 INFO [http-nio-8089-exec-71] org.apache.catalina.core.ApplicationContext.log Manager: restart: Reloading web application '/Tienda'
29-Oct-2023 15:23:42.845 INFO [http-nio-8089-exec-63] org.apache.catalina.core.ApplicationContext.log Manager: list: Listing contexts for virtual host 'localhost'
29-Oct-2023 15:23:42.874 INFO [http-nio-8089-exec-63] org.apache.catalina.core.ApplicationContext.log Manager: restart: Reloading web application '/Tienda'
29-Oct-2023 15:23:54.369 INFO [http-nio-8089-exec-58] org.apache.catalina.core.ApplicationContext.log Manager: list: Listing contexts for virtual host 'localhost'
29-Oct-2023 15:23:54.395 INFO [http-nio-8089-exec-66] org.apache.catalina.core.ApplicationContext.log Manager: restart: Reloading web application '/Tienda'
29-Oct-2023 15:24:02.517 INFO [http-nio-8089-exec-58] org.apache.catalina.core.ApplicationContext.log Manager: list: Listing contexts for virtual host 'localhost'
29-Oct-2023 15:24:18.919 INFO [http-nio-8089-exec-75] org.apache.catalina.core.ApplicationContext.log Manager: list: Listing contexts for virtual host 'localhost'
29-Oct-2023 15:24:23.071 INFO [http-nio-8089-exec-81] org.apache.catalina.core.ApplicationContext.log Manager: list: Listing contexts for virtual host 'localhost'
29-Oct-2023 15:24:26.735 INFO [http-nio-8089-exec-82] org.apache.catalina.core.ApplicationContext.log Manager: list: Listing contexts for virtual host 'localhost'
29-Oct-2023 15:24:29.347 INFO [http-nio-8089-exec-83] org.apache.catalina.core.ApplicationContext.log Manager: list: Listing contexts for virtual host 'localhost'
29-Oct-2023 15:24:33.198 INFO [http-nio-8089-exec-79] org.apache.catalina.core.ApplicationContext.log Manager: list: Listing contexts for virtual host 'localhost'
29-Oct-2023 15:24:36.244 INFO [http-nio-8089-exec-80] org.apache.catalina.core.ApplicationContext.log Manager: list: Listing contexts for virtual host 'localhost'
29-Oct-2023 15:25:07.578 INFO [http-nio-8089-exec-79] org.apache.catalina.core.ApplicationContext.log Manager: list: Listing contexts for virtual host 'localhost'
29-Oct-2023 15:25:07.596 INFO [http-nio-8089-exec-85] org.apache.catalina.core.ApplicationContext.log Manager: restart: Reloading web application '/Tienda'
29-Oct-2023 15:25:12.561 INFO [http-nio-8089-exec-87] org.apache.catalina.core.ApplicationContext.log Manager: list: Listing contexts for virtual host 'localhost'
29-Oct-2023 15:25:12.867 INFO [http-nio-8089-exec-84] org.apache.catalina.core.ApplicationContext.log Manager: restart: Reloading web application '/Tienda'
29-Oct-2023 15:25:19.523 INFO [http-nio-8089-exec-83] org.apache.catalina.core.ApplicationContext.log Manager: list: Listing contexts for virtual host 'localhost'
29-Oct-2023 15:25:19.566 INFO [http-nio-8089-exec-87] org.apache.catalina.core.ApplicationContext.log Manager: restart: Reloading web application '/Tienda'
29-Oct-2023 15:25:30.190 INFO [http-nio-8089-exec-95] org.apache.catalina.core.ApplicationContext.log Manager: list: Listing contexts for virtual host 'localhost'
29-Oct-2023 15:25:30.209 INFO [http-nio-8089-exec-90] org.apache.catalina.core.ApplicationContext.log Manager: restart: Reloading web application '/Tienda'
29-Oct-2023 15:27:51.690 INFO [http-nio-8089-exec-102] org.apache.catalina.core.ApplicationContext.log Manager: list: Listing contexts for virtual host 'localhost'
29-Oct-2023 15:28:05.295 INFO [http-nio-8089-exec-97] org.apache.catalina.core.ApplicationContext.log Manager: list: Listing contexts for virtual host 'localhost'
29-Oct-2023 15:28:16.697 INFO [http-nio-8089-exec-102] org.apache.catalina.core.ApplicationContext.log Manager: list: Listing contexts for virtual host 'localhost'
29-Oct-2023 15:28:19.049 INFO [http-nio-8089-exec-99] org.apache.catalina.core.ApplicationContext.log Manager: list: Listing contexts for virtual host 'localhost'
29-Oct-2023 15:28:35.315 INFO [http-nio-8089-exec-104] org.apache.catalina.core.ApplicationContext.log Manager: list: Listing contexts for virtual host 'localhost'
29-Oct-2023 15:29:01.014 INFO [http-nio-8089-exec-104] org.apache.catalina.core.ApplicationContext.log Manager: list: Listing contexts for virtual host 'localhost'
29-Oct-2023 15:29:26.550 INFO [http-nio-8089-exec-102] org.apache.catalina.core.ApplicationContext.log Manager: list: Listing contexts for virtual host 'localhost'
29-Oct-2023 15:29:39.472 INFO [http-nio-8089-exec-101] org.apache.catalina.core.ApplicationContext.log Manager: list: Listing contexts for virtual host 'localhost'
29-Oct-2023 15:30:47.784 INFO [http-nio-8089-exec-101] org.apache.catalina.core.ApplicationContext.log Manager: list: Listing contexts for virtual host 'localhost'
29-Oct-2023 15:32:14.881 INFO [http-nio-8089-exec-104] org.apache.catalina.core.ApplicationContext.log Manager: list: Listing contexts for virtual host 'localhost'
29-Oct-2023 15:32:19.653 INFO [http-nio-8089-exec-104] org.apache.catalina.core.ApplicationContext.log Manager: list: Listing contexts for virtual host 'localhost'
29-Oct-2023 15:33:30.321 INFO [http-nio-8089-exec-100] org.apache.catalina.core.ApplicationContext.log Manager: list: Listing contexts for virtual host 'localhost'
29-Oct-2023 15:33:42.157 INFO [http-nio-8089-exec-96] org.apache.catalina.core.ApplicationContext.log Manager: list: Listing contexts for virtual host 'localhost'
29-Oct-2023 15:34:00.653 INFO [http-nio-8089-exec-100] org.apache.catalina.core.ApplicationContext.log Manager: list: Listing contexts for virtual host 'localhost'
29-Oct-2023 15:34:28.931 INFO [http-nio-8089-exec-101] org.apache.catalina.core.ApplicationContext.log Manager: list: Listing contexts for virtual host 'localhost'
29-Oct-2023 15:34:43.033 INFO [http-nio-8089-exec-104] org.apache.catalina.core.ApplicationContext.log Manager: list: Listing contexts for virtual host 'localhost'
29-Oct-2023 15:34:46.805 INFO [http-nio-8089-exec-98] org.apache.catalina.core.ApplicationContext.log Manager: list: Listing contexts for virtual host 'localhost'
29-Oct-2023 15:34:53.624 INFO [http-nio-8089-exec-103] org.apache.catalina.core.ApplicationContext.log Manager: list: Listing contexts for virtual host 'localhost'
29-Oct-2023 15:35:28.424 INFO [http-nio-8089-exec-102] org.apache.catalina.core.ApplicationContext.log Manager: list: Listing contexts for virtual host 'localhost'
29-Oct-2023 15:35:42.986 INFO [http-nio-8089-exec-101] org.apache.catalina.core.ApplicationContext.log Manager: list: Listing contexts for virtual host 'localhost'
29-Oct-2023 15:36:14.505 INFO [http-nio-8089-exec-105] org.apache.catalina.core.ApplicationContext.log Manager: list: Listing contexts for virtual host 'localhost'
29-Oct-2023 15:36:29.229 INFO [http-nio-8089-exec-98] org.apache.catalina.core.ApplicationContext.log Manager: list: Listing contexts for virtual host 'localhost'
29-Oct-2023 15:37:19.903 INFO [http-nio-8089-exec-102] org.apache.catalina.core.ApplicationContext.log Manager: list: Listing contexts for virtual host 'localhost'
29-Oct-2023 15:38:20.476 INFO [http-nio-8089-exec-102] org.apache.catalina.core.ApplicationContext.log Manager: list: Listing contexts for virtual host 'localhost'
29-Oct-2023 15:38:35.384 INFO [http-nio-8089-exec-96] org.apache.catalina.core.ApplicationContext.log Manager: list: Listing contexts for virtual host 'localhost'
29-Oct-2023 15:38:56.712 INFO [http-nio-8089-exec-104] org.apache.catalina.core.ApplicationContext.log Manager: list: Listing contexts for virtual host 'localhost'
29-Oct-2023 15:39:19.018 INFO [http-nio-8089-exec-101] org.apache.catalina.core.ApplicationContext.log Manager: list: Listing contexts for virtual host 'localhost'
29-Oct-2023 15:39:43.281 INFO [http-nio-8089-exec-97] org.apache.catalina.core.ApplicationContext.log Manager: list: Listing contexts for virtual host 'localhost'
29-Oct-2023 15:39:59.866 INFO [http-nio-8089-exec-97] org.apache.catalina.core.ApplicationContext.log Manager: list: Listing contexts for virtual host 'localhost'
29-Oct-2023 15:40:11.036 INFO [http-nio-8089-exec-96] org.apache.catalina.core.ApplicationContext.log Manager: list: Listing contexts for virtual host 'localhost'
29-Oct-2023 15:40:19.190 INFO [http-nio-8089-exec-102] org.apache.catalina.core.ApplicationContext.log Manager: list: Listing contexts for virtual host 'localhost'
29-Oct-2023 15:40:23.617 INFO [http-nio-8089-exec-97] org.apache.catalina.core.ApplicationContext.log Manager: list: Listing contexts for virtual host 'localhost'
29-Oct-2023 15:40:33.454 INFO [http-nio-8089-exec-104] org.apache.catalina.core.ApplicationContext.log Manager: list: Listing contexts for virtual host 'localhost'
29-Oct-2023 15:41:04.441 INFO [http-nio-8089-exec-105] org.apache.catalina.core.ApplicationContext.log Manager: list: Listing contexts for virtual host 'localhost'
29-Oct-2023 15:41:32.550 INFO [http-nio-8089-exec-98] org.apache.catalina.core.ApplicationContext.log Manager: list: Listing contexts for virtual host 'localhost'
29-Oct-2023 15:42:09.621 INFO [http-nio-8089-exec-97] org.apache.catalina.core.ApplicationContext.log Manager: list: Listing contexts for virtual host 'localhost'
29-Oct-2023 15:42:23.889 INFO [http-nio-8089-exec-102] org.apache.catalina.core.ApplicationContext.log Manager: list: Listing contexts for virtual host 'localhost'
29-Oct-2023 15:42:30.225 INFO [http-nio-8089-exec-102] org.apache.catalina.core.ApplicationContext.log Manager: list: Listing contexts for virtual host 'localhost'
29-Oct-2023 15:42:35.925 INFO [http-nio-8089-exec-96] org.apache.catalina.core.ApplicationContext.log Manager: list: Listing contexts for virtual host 'localhost'
29-Oct-2023 15:42:56.230 INFO [http-nio-8089-exec-96] org.apache.catalina.core.ApplicationContext.log Manager: list: Listing contexts for virtual host 'localhost'
29-Oct-2023 15:43:18.376 INFO [http-nio-8089-exec-99] org.apache.catalina.core.ApplicationContext.log Manager: list: Listing contexts for virtual host 'localhost'
29-Oct-2023 15:43:32.551 INFO [http-nio-8089-exec-100] org.apache.catalina.core.ApplicationContext.log Manager: list: Listing contexts for virtual host 'localhost'
29-Oct-2023 15:44:01.852 INFO [http-nio-8089-exec-102] org.apache.catalina.core.ApplicationContext.log Manager: list: Listing contexts for virtual host 'localhost'
29-Oct-2023 15:44:16.796 INFO [http-nio-8089-exec-102] org.apache.catalina.core.ApplicationContext.log Manager: list: Listing contexts for virtual host 'localhost'
29-Oct-2023 15:44:30.879 INFO [http-nio-8089-exec-103] org.apache.catalina.core.ApplicationContext.log Manager: list: Listing contexts for virtual host 'localhost'
29-Oct-2023 15:44:59.191 INFO [http-nio-8089-exec-103] org.apache.catalina.core.ApplicationContext.log Manager: list: Listing contexts for virtual host 'localhost'
29-Oct-2023 15:45:36.439 INFO [http-nio-8089-exec-98] org.apache.catalina.core.ApplicationContext.log Manager: list: Listing contexts for virtual host 'localhost'
29-Oct-2023 15:45:50.669 INFO [http-nio-8089-exec-105] org.apache.catalina.core.ApplicationContext.log Manager: list: Listing contexts for virtual host 'localhost'
29-Oct-2023 15:46:13.492 INFO [http-nio-8089-exec-97] org.apache.catalina.core.ApplicationContext.log Manager: list: Listing contexts for virtual host 'localhost'
29-Oct-2023 15:46:25.992 INFO [http-nio-8089-exec-105] org.apache.catalina.core.ApplicationContext.log Manager: list: Listing contexts for virtual host 'localhost'
29-Oct-2023 15:46:30.356 INFO [http-nio-8089-exec-102] org.apache.catalina.core.ApplicationContext.log Manager: list: Listing contexts for virtual host 'localhost'
29-Oct-2023 15:46:45.274 INFO [http-nio-8089-exec-102] org.apache.catalina.core.ApplicationContext.log Manager: list: Listing contexts for virtual host 'localhost'
29-Oct-2023 15:46:51.953 INFO [http-nio-8089-exec-103] org.apache.catalina.core.ApplicationContext.log Manager: list: Listing contexts for virtual host 'localhost'
29-Oct-2023 15:47:40.984 INFO [http-nio-8089-exec-105] org.apache.catalina.core.ApplicationContext.log Manager: list: Listing contexts for virtual host 'localhost'
29-Oct-2023 15:47:57.558 INFO [http-nio-8089-exec-96] org.apache.catalina.core.ApplicationContext.log Manager: list: Listing contexts for virtual host 'localhost'
29-Oct-2023 15:48:42.321 INFO [http-nio-8089-exec-97] org.apache.catalina.core.ApplicationContext.log Manager: list: Listing contexts for virtual host 'localhost'
29-Oct-2023 15:49:41.532 INFO [http-nio-8089-exec-105] org.apache.catalina.core.ApplicationContext.log Manager: list: Listing contexts for virtual host 'localhost'
29-Oct-2023 15:49:49.422 INFO [http-nio-8089-exec-98] org.apache.catalina.core.ApplicationContext.log Manager: list: Listing contexts for virtual host 'localhost'
29-Oct-2023 15:49:59.720 INFO [http-nio-8089-exec-103] org.apache.catalina.core.ApplicationContext.log Manager: list: Listing contexts for virtual host 'localhost'
29-Oct-2023 15:50:05.569 INFO [http-nio-8089-exec-104] org.apache.catalina.core.ApplicationContext.log Manager: list: Listing contexts for virtual host 'localhost'
29-Oct-2023 15:51:02.779 INFO [http-nio-8089-exec-102] org.apache.catalina.core.ApplicationContext.log Manager: list: Listing contexts for virtual host 'localhost'
29-Oct-2023 15:51:11.405 INFO [http-nio-8089-exec-100] org.apache.catalina.core.ApplicationContext.log Manager: list: Listing contexts for virtual host 'localhost'
29-Oct-2023 15:51:33.822 INFO [http-nio-8089-exec-96] org.apache.catalina.core.ApplicationContext.log Manager: list: Listing contexts for virtual host 'localhost'
29-Oct-2023 15:51:50.337 INFO [http-nio-8089-exec-99] org.apache.catalina.core.ApplicationContext.log Manager: list: Listing contexts for virtual host 'localhost'
29-Oct-2023 15:53:17.617 INFO [http-nio-8089-exec-96] org.apache.catalina.core.ApplicationContext.log Manager: list: Listing contexts for virtual host 'localhost'
29-Oct-2023 15:54:45.347 INFO [http-nio-8089-exec-99] org.apache.catalina.core.ApplicationContext.log Manager: list: Listing contexts for virtual host 'localhost'
29-Oct-2023 15:54:46.859 INFO [http-nio-8089-exec-100] org.apache.catalina.core.ApplicationContext.log Manager: list: Listing contexts for virtual host 'localhost'
29-Oct-2023 15:55:47.263 INFO [http-nio-8089-exec-97] org.apache.catalina.core.ApplicationContext.log Manager: list: Listing contexts for virtual host 'localhost'
29-Oct-2023 15:56:05.740 INFO [http-nio-8089-exec-99] org.apache.catalina.core.ApplicationContext.log Manager: list: Listing contexts for virtual host 'localhost'
29-Oct-2023 15:56:30.111 INFO [http-nio-8089-exec-99] org.apache.catalina.core.ApplicationContext.log Manager: list: Listing contexts for virtual host 'localhost'
29-Oct-2023 15:56:44.862 INFO [http-nio-8089-exec-105] org.apache.catalina.core.ApplicationContext.log Manager: list: Listing contexts for virtual host 'localhost'
29-Oct-2023 15:56:58.833 INFO [http-nio-8089-exec-104] org.apache.catalina.core.ApplicationContext.log Manager: list: Listing contexts for virtual host 'localhost'
29-Oct-2023 16:01:14.729 INFO [http-nio-8089-exec-97] org.apache.catalina.core.ApplicationContext.log Manager: list: Listing contexts for virtual host 'localhost'
29-Oct-2023 16:01:15.113 INFO [http-nio-8089-exec-104] org.apache.catalina.core.ApplicationContext.log Manager: list: Listing contexts for virtual host 'localhost'
29-Oct-2023 16:03:13.407 INFO [http-nio-8089-exec-103] org.apache.catalina.core.ApplicationContext.log Manager: list: Listing contexts for virtual host 'localhost'
29-Oct-2023 16:04:42.005 INFO [http-nio-8089-exec-104] org.apache.catalina.core.ApplicationContext.log Manager: list: Listing contexts for virtual host 'localhost'
29-Oct-2023 16:05:52.937 INFO [http-nio-8089-exec-100] org.apache.catalina.core.ApplicationContext.log Manager: list: Listing contexts for virtual host 'localhost'
29-Oct-2023 16:08:56.860 INFO [http-nio-8089-exec-98] org.apache.catalina.core.ApplicationContext.log Manager: list: Listing contexts for virtual host 'localhost'
29-Oct-2023 16:11:05.756 INFO [http-nio-8089-exec-98] org.apache.catalina.core.ApplicationContext.log Manager: list: Listing contexts for virtual host 'localhost'
29-Oct-2023 16:11:14.830 INFO [http-nio-8089-exec-97] org.apache.catalina.core.ApplicationContext.log Manager: list: Listing contexts for virtual host 'localhost'
29-Oct-2023 16:11:26.518 INFO [http-nio-8089-exec-105] org.apache.catalina.core.ApplicationContext.log Manager: list: Listing contexts for virtual host 'localhost'
29-Oct-2023 16:11:34.368 INFO [http-nio-8089-exec-98] org.apache.catalina.core.ApplicationContext.log Manager: list: Listing contexts for virtual host 'localhost'
29-Oct-2023 16:11:56.107 INFO [http-nio-8089-exec-103] org.apache.catalina.core.ApplicationContext.log Manager: list: Listing contexts for virtual host 'localhost'
29-Oct-2023 16:12:10.110 INFO [http-nio-8089-exec-97] org.apache.catalina.core.ApplicationContext.log Manager: list: Listing contexts for virtual host 'localhost'
29-Oct-2023 16:12:22.335 INFO [http-nio-8089-exec-96] org.apache.catalina.core.ApplicationContext.log Manager: list: Listing contexts for virtual host 'localhost'
29-Oct-2023 16:12:26.650 INFO [http-nio-8089-exec-103] org.apache.catalina.core.ApplicationContext.log Manager: list: Listing contexts for virtual host 'localhost'
29-Oct-2023 16:12:48.149 INFO [http-nio-8089-exec-101] org.apache.catalina.core.ApplicationContext.log Manager: list: Listing contexts for virtual host 'localhost'
29-Oct-2023 16:14:03.278 INFO [http-nio-8089-exec-98] org.apache.catalina.core.ApplicationContext.log Manager: list: Listing contexts for virtual host 'localhost'
29-Oct-2023 16:14:47.700 INFO [http-nio-8089-exec-100] org.apache.catalina.core.ApplicationContext.log Manager: list: Listing contexts for virtual host 'localhost'
29-Oct-2023 16:14:50.682 INFO [http-nio-8089-exec-105] org.apache.catalina.core.ApplicationContext.log Manager: list: Listing contexts for virtual host 'localhost'
29-Oct-2023 16:15:18.128 INFO [http-nio-8089-exec-105] org.apache.catalina.core.ApplicationContext.log Manager: list: Listing contexts for virtual host 'localhost'
29-Oct-2023 16:17:03.507 INFO [http-nio-8089-exec-100] org.apache.catalina.core.ApplicationContext.log Manager: list: Listing contexts for virtual host 'localhost'
29-Oct-2023 16:18:17.372 INFO [http-nio-8089-exec-97] org.apache.catalina.core.ApplicationContext.log Manager: list: Listing contexts for virtual host 'localhost'
29-Oct-2023 16:19:03.505 INFO [http-nio-8089-exec-100] org.apache.catalina.core.ApplicationContext.log Manager: list: Listing contexts for virtual host 'localhost'
29-Oct-2023 16:21:10.195 INFO [http-nio-8089-exec-98] org.apache.catalina.core.ApplicationContext.log Manager: list: Listing contexts for virtual host 'localhost'
29-Oct-2023 16:21:28.992 INFO [http-nio-8089-exec-101] org.apache.catalina.core.ApplicationContext.log Manager: list: Listing contexts for virtual host 'localhost'
29-Oct-2023 16:21:57.000 INFO [http-nio-8089-exec-100] org.apache.catalina.core.ApplicationContext.log Manager: list: Listing contexts for virtual host 'localhost'
29-Oct-2023 16:22:06.014 INFO [http-nio-8089-exec-96] org.apache.catalina.core.ApplicationContext.log Manager: list: Listing contexts for virtual host 'localhost'
29-Oct-2023 16:22:19.737 INFO [http-nio-8089-exec-103] org.apache.catalina.core.ApplicationContext.log Manager: list: Listing contexts for virtual host 'localhost'
29-Oct-2023 16:22:25.696 INFO [http-nio-8089-exec-104] org.apache.catalina.core.ApplicationContext.log Manager: list: Listing contexts for virtual host 'localhost'
29-Oct-2023 16:23:53.907 INFO [http-nio-8089-exec-101] org.apache.catalina.core.ApplicationContext.log Manager: list: Listing contexts for virtual host 'localhost'
29-Oct-2023 16:24:08.003 INFO [http-nio-8089-exec-102] org.apache.catalina.core.ApplicationContext.log Manager: list: Listing contexts for virtual host 'localhost'
29-Oct-2023 16:24:24.176 INFO [http-nio-8089-exec-103] org.apache.catalina.core.ApplicationContext.log Manager: list: Listing contexts for virtual host 'localhost'
29-Oct-2023 16:24:49.572 INFO [http-nio-8089-exec-100] org.apache.catalina.core.ApplicationContext.log Manager: list: Listing contexts for virtual host 'localhost'
29-Oct-2023 16:25:08.329 INFO [http-nio-8089-exec-101] org.apache.catalina.core.ApplicationContext.log Manager: list: Listing contexts for virtual host 'localhost'
29-Oct-2023 16:25:17.141 INFO [http-nio-8089-exec-96] org.apache.catalina.core.ApplicationContext.log Manager: list: Listing contexts for virtual host 'localhost'
29-Oct-2023 16:25:29.613 INFO [http-nio-8089-exec-103] org.apache.catalina.core.ApplicationContext.log Manager: list: Listing contexts for virtual host 'localhost'
29-Oct-2023 16:25:36.500 INFO [http-nio-8089-exec-97] org.apache.catalina.core.ApplicationContext.log Manager: list: Listing contexts for virtual host 'localhost'
29-Oct-2023 16:26:02.396 INFO [http-nio-8089-exec-96] org.apache.catalina.core.ApplicationContext.log Manager: list: Listing contexts for virtual host 'localhost'
29-Oct-2023 16:26:11.960 INFO [http-nio-8089-exec-96] org.apache.catalina.core.ApplicationContext.log Manager: list: Listing contexts for virtual host 'localhost'
29-Oct-2023 16:26:35.321 INFO [http-nio-8089-exec-102] org.apache.catalina.core.ApplicationContext.log Manager: list: Listing contexts for virtual host 'localhost'
29-Oct-2023 16:26:46.500 INFO [http-nio-8089-exec-103] org.apache.catalina.core.ApplicationContext.log Manager: list: Listing contexts for virtual host 'localhost'
29-Oct-2023 16:27:06.366 INFO [http-nio-8089-exec-100] org.apache.catalina.core.ApplicationContext.log Manager: list: Listing contexts for virtual host 'localhost'
29-Oct-2023 16:27:46.043 INFO [http-nio-8089-exec-100] org.apache.catalina.core.ApplicationContext.log Manager: list: Listing contexts for virtual host 'localhost'
29-Oct-2023 16:27:56.607 INFO [http-nio-8089-exec-103] org.apache.catalina.core.ApplicationContext.log Manager: list: Listing contexts for virtual host 'localhost'
29-Oct-2023 16:28:36.626 INFO [http-nio-8089-exec-102] org.apache.catalina.core.ApplicationContext.log Manager: list: Listing contexts for virtual host 'localhost'
29-Oct-2023 16:29:05.108 INFO [http-nio-8089-exec-105] org.apache.catalina.core.ApplicationContext.log Manager: list: Listing contexts for virtual host 'localhost'
29-Oct-2023 16:29:23.944 INFO [http-nio-8089-exec-98] org.apache.catalina.core.ApplicationContext.log Manager: list: Listing contexts for virtual host 'localhost'
29-Oct-2023 16:30:22.486 INFO [http-nio-8089-exec-103] org.apache.catalina.core.ApplicationContext.log Manager: list: Listing contexts for virtual host 'localhost'
29-Oct-2023 16:31:37.113 INFO [http-nio-8089-exec-98] org.apache.catalina.core.ApplicationContext.log Manager: list: Listing contexts for virtual host 'localhost'
29-Oct-2023 16:31:37.634 INFO [http-nio-8089-exec-101] org.apache.catalina.core.ApplicationContext.log Manager: list: Listing contexts for virtual host 'localhost'
29-Oct-2023 16:32:21.670 INFO [http-nio-8089-exec-105] org.apache.catalina.core.ApplicationContext.log Manager: list: Listing contexts for virtual host 'localhost'
29-Oct-2023 16:32:30.858 INFO [http-nio-8089-exec-102] org.apache.catalina.core.ApplicationContext.log Manager: list: Listing contexts for virtual host 'localhost'
29-Oct-2023 16:32:39.203 INFO [http-nio-8089-exec-100] org.apache.catalina.core.ApplicationContext.log Manager: list: Listing contexts for virtual host 'localhost'
29-Oct-2023 16:32:39.742 INFO [http-nio-8089-exec-97] org.apache.catalina.core.ApplicationContext.log Manager: list: Listing contexts for virtual host 'localhost'
29-Oct-2023 16:33:17.862 INFO [http-nio-8089-exec-100] org.apache.catalina.core.ApplicationContext.log Manager: list: Listing contexts for virtual host 'localhost'
29-Oct-2023 16:33:35.751 INFO [http-nio-8089-exec-99] org.apache.catalina.core.ApplicationContext.log Manager: list: Listing contexts for virtual host 'localhost'
29-Oct-2023 16:33:45.598 INFO [http-nio-8089-exec-103] org.apache.catalina.core.ApplicationContext.log Manager: list: Listing contexts for virtual host 'localhost'
29-Oct-2023 16:34:04.592 INFO [http-nio-8089-exec-99] org.apache.catalina.core.ApplicationContext.log Manager: list: Listing contexts for virtual host 'localhost'
29-Oct-2023 16:34:23.811 INFO [http-nio-8089-exec-98] org.apache.catalina.core.ApplicationContext.log Manager: list: Listing contexts for virtual host 'localhost'
29-Oct-2023 16:34:35.426 INFO [http-nio-8089-exec-98] org.apache.catalina.core.ApplicationContext.log Manager: list: Listing contexts for virtual host 'localhost'
29-Oct-2023 16:34:51.627 INFO [http-nio-8089-exec-99] org.apache.catalina.core.ApplicationContext.log Manager: list: Listing contexts for virtual host 'localhost'
29-Oct-2023 16:35:06.663 INFO [http-nio-8089-exec-102] org.apache.catalina.core.ApplicationContext.log Manager: list: Listing contexts for virtual host 'localhost'
29-Oct-2023 16:35:21.431 INFO [http-nio-8089-exec-101] org.apache.catalina.core.ApplicationContext.log Manager: list: Listing contexts for virtual host 'localhost'
29-Oct-2023 16:35:37.834 INFO [http-nio-8089-exec-96] org.apache.catalina.core.ApplicationContext.log Manager: list: Listing contexts for virtual host 'localhost'
29-Oct-2023 16:36:00.682 INFO [http-nio-8089-exec-102] org.apache.catalina.core.ApplicationContext.log Manager: list: Listing contexts for virtual host 'localhost'
29-Oct-2023 16:36:56.184 INFO [http-nio-8089-exec-104] org.apache.catalina.core.ApplicationContext.log Manager: list: Listing contexts for virtual host 'localhost'
29-Oct-2023 16:37:12.062 INFO [http-nio-8089-exec-100] org.apache.catalina.core.ApplicationContext.log Manager: list: Listing contexts for virtual host 'localhost'
29-Oct-2023 16:37:36.359 INFO [http-nio-8089-exec-98] org.apache.catalina.core.ApplicationContext.log Manager: list: Listing contexts for virtual host 'localhost'
29-Oct-2023 16:37:48.276 INFO [http-nio-8089-exec-100] org.apache.catalina.core.ApplicationContext.log Manager: list: Listing contexts for virtual host 'localhost'
29-Oct-2023 16:38:04.723 INFO [http-nio-8089-exec-100] org.apache.catalina.core.ApplicationContext.log Manager: list: Listing contexts for virtual host 'localhost'
29-Oct-2023 16:38:13.987 INFO [http-nio-8089-exec-101] org.apache.catalina.core.ApplicationContext.log Manager: list: Listing contexts for virtual host 'localhost'
29-Oct-2023 16:38:21.275 INFO [http-nio-8089-exec-101] org.apache.catalina.core.ApplicationContext.log Manager: list: Listing contexts for virtual host 'localhost'
29-Oct-2023 16:38:31.399 INFO [http-nio-8089-exec-96] org.apache.catalina.core.ApplicationContext.log Manager: list: Listing contexts for virtual host 'localhost'
29-Oct-2023 16:38:40.663 INFO [http-nio-8089-exec-102] org.apache.catalina.core.ApplicationContext.log Manager: list: Listing contexts for virtual host 'localhost'
29-Oct-2023 16:39:08.498 INFO [http-nio-8089-exec-100] org.apache.catalina.core.ApplicationContext.log Manager: list: Listing contexts for virtual host 'localhost'
29-Oct-2023 16:39:25.962 INFO [http-nio-8089-exec-99] org.apache.catalina.core.ApplicationContext.log Manager: list: Listing contexts for virtual host 'localhost'
29-Oct-2023 16:39:33.966 INFO [http-nio-8089-exec-104] org.apache.catalina.core.ApplicationContext.log Manager: list: Listing contexts for virtual host 'localhost'
29-Oct-2023 16:39:39.105 INFO [http-nio-8089-exec-103] org.apache.catalina.core.ApplicationContext.log Manager: list: Listing contexts for virtual host 'localhost'
29-Oct-2023 16:39:47.269 INFO [http-nio-8089-exec-97] org.apache.catalina.core.ApplicationContext.log Manager: list: Listing contexts for virtual host 'localhost'
29-Oct-2023 16:40:00.475 INFO [http-nio-8089-exec-97] org.apache.catalina.core.ApplicationContext.log Manager: list: Listing contexts for virtual host 'localhost'
29-Oct-2023 16:40:11.085 INFO [http-nio-8089-exec-102] org.apache.catalina.core.ApplicationContext.log Manager: list: Listing contexts for virtual host 'localhost'
29-Oct-2023 16:40:25.663 INFO [http-nio-8089-exec-96] org.apache.catalina.core.ApplicationContext.log Manager: list: Listing contexts for virtual host 'localhost'
29-Oct-2023 16:40:33.894 INFO [http-nio-8089-exec-99] org.apache.catalina.core.ApplicationContext.log Manager: list: Listing contexts for virtual host 'localhost'
29-Oct-2023 16:40:41.174 INFO [http-nio-8089-exec-102] org.apache.catalina.core.ApplicationContext.log Manager: list: Listing contexts for virtual host 'localhost'
29-Oct-2023 16:40:53.255 INFO [http-nio-8089-exec-104] org.apache.catalina.core.ApplicationContext.log Manager: list: Listing contexts for virtual host 'localhost'
29-Oct-2023 16:41:00.599 INFO [http-nio-8089-exec-105] org.apache.catalina.core.ApplicationContext.log Manager: list: Listing contexts for virtual host 'localhost'
29-Oct-2023 16:41:09.264 INFO [http-nio-8089-exec-96] org.apache.catalina.core.ApplicationContext.log Manager: list: Listing contexts for virtual host 'localhost'
29-Oct-2023 16:41:19.194 INFO [http-nio-8089-exec-100] org.apache.catalina.core.ApplicationContext.log Manager: list: Listing contexts for virtual host 'localhost'
29-Oct-2023 16:42:51.002 INFO [http-nio-8089-exec-96] org.apache.catalina.core.ApplicationContext.log Manager: list: Listing contexts for virtual host 'localhost'
29-Oct-2023 16:43:33.004 INFO [http-nio-8089-exec-105] org.apache.catalina.core.ApplicationContext.log Manager: list: Listing contexts for virtual host 'localhost'
29-Oct-2023 16:44:01.518 INFO [http-nio-8089-exec-102] org.apache.catalina.core.ApplicationContext.log Manager: list: Listing contexts for virtual host 'localhost'
29-Oct-2023 16:44:13.430 INFO [http-nio-8089-exec-103] org.apache.catalina.core.ApplicationContext.log Manager: list: Listing contexts for virtual host 'localhost'
29-Oct-2023 16:44:19.653 INFO [http-nio-8089-exec-97] org.apache.catalina.core.ApplicationContext.log Manager: list: Listing contexts for virtual host 'localhost'
29-Oct-2023 16:44:39.583 INFO [http-nio-8089-exec-96] org.apache.catalina.core.ApplicationContext.log Manager: list: Listing contexts for virtual host 'localhost'
29-Oct-2023 16:44:41.963 INFO [http-nio-8089-exec-101] org.apache.catalina.core.ApplicationContext.log Manager: list: Listing contexts for virtual host 'localhost'
29-Oct-2023 16:46:23.743 INFO [http-nio-8089-exec-103] org.apache.catalina.core.ApplicationContext.log Manager: list: Listing contexts for virtual host 'localhost'
29-Oct-2023 16:46:51.358 INFO [http-nio-8089-exec-103] org.apache.catalina.core.ApplicationContext.log Manager: list: Listing contexts for virtual host 'localhost'
29-Oct-2023 16:47:03.090 INFO [http-nio-8089-exec-98] org.apache.catalina.core.ApplicationContext.log Manager: list: Listing contexts for virtual host 'localhost'
29-Oct-2023 16:47:06.656 INFO [http-nio-8089-exec-98] org.apache.catalina.core.ApplicationContext.log Manager: list: Listing contexts for virtual host 'localhost'
29-Oct-2023 16:48:57.478 INFO [http-nio-8089-exec-102] org.apache.catalina.core.ApplicationContext.log Manager: list: Listing contexts for virtual host 'localhost'
29-Oct-2023 16:49:00.244 INFO [http-nio-8089-exec-103] org.apache.catalina.core.ApplicationContext.log Manager: list: Listing contexts for virtual host 'localhost'
29-Oct-2023 16:49:11.821 INFO [http-nio-8089-exec-99] org.apache.catalina.core.ApplicationContext.log Manager: list: Listing contexts for virtual host 'localhost'
29-Oct-2023 16:49:28.545 INFO [http-nio-8089-exec-105] org.apache.catalina.core.ApplicationContext.log Manager: list: Listing contexts for virtual host 'localhost'
29-Oct-2023 16:49:48.102 INFO [http-nio-8089-exec-104] org.apache.catalina.core.ApplicationContext.log Manager: list: Listing contexts for virtual host 'localhost'
29-Oct-2023 16:49:53.925 INFO [http-nio-8089-exec-103] org.apache.catalina.core.ApplicationContext.log Manager: list: Listing contexts for virtual host 'localhost'
29-Oct-2023 16:50:50.222 INFO [http-nio-8089-exec-100] org.apache.catalina.core.ApplicationContext.log Manager: list: Listing contexts for virtual host 'localhost'
29-Oct-2023 16:51:43.683 INFO [http-nio-8089-exec-105] org.apache.catalina.core.ApplicationContext.log Manager: list: Listing contexts for virtual host 'localhost'
29-Oct-2023 16:51:54.351 INFO [http-nio-8089-exec-98] org.apache.catalina.core.ApplicationContext.log Manager: list: Listing contexts for virtual host 'localhost'
29-Oct-2023 16:51:57.362 INFO [http-nio-8089-exec-97] org.apache.catalina.core.ApplicationContext.log Manager: list: Listing contexts for virtual host 'localhost'
29-Oct-2023 16:54:25.865 INFO [http-nio-8089-exec-102] org.apache.catalina.core.ApplicationContext.log Manager: list: Listing contexts for virtual host 'localhost'
29-Oct-2023 16:55:12.169 INFO [http-nio-8089-exec-105] org.apache.catalina.core.ApplicationContext.log Manager: list: Listing contexts for virtual host 'localhost'
29-Oct-2023 16:55:13.460 INFO [http-nio-8089-exec-103] org.apache.catalina.core.ApplicationContext.log Manager: list: Listing contexts for virtual host 'localhost'
29-Oct-2023 16:55:13.858 INFO [http-nio-8089-exec-96] org.apache.catalina.core.ApplicationContext.log Manager: list: Listing contexts for virtual host 'localhost'
29-Oct-2023 16:55:13.997 INFO [http-nio-8089-exec-104] org.apache.catalina.core.ApplicationContext.log Manager: list: Listing contexts for virtual host 'localhost'
29-Oct-2023 16:55:14.801 INFO [http-nio-8089-exec-105] org.apache.catalina.core.ApplicationContext.log Manager: list: Listing contexts for virtual host 'localhost'
29-Oct-2023 16:55:15.175 INFO [http-nio-8089-exec-102] org.apache.catalina.core.ApplicationContext.log Manager: list: Listing contexts for virtual host 'localhost'
29-Oct-2023 16:56:01.657 INFO [http-nio-8089-exec-97] org.apache.catalina.core.ApplicationContext.log Manager: list: Listing contexts for virtual host 'localhost'
29-Oct-2023 16:56:05.691 INFO [http-nio-8089-exec-101] org.apache.catalina.core.ApplicationContext.log Manager: list: Listing contexts for virtual host 'localhost'
29-Oct-2023 16:56:09.840 INFO [http-nio-8089-exec-102] org.apache.catalina.core.ApplicationContext.log Manager: list: Listing contexts for virtual host 'localhost'
29-Oct-2023 16:57:04.954 INFO [http-nio-8089-exec-98] org.apache.catalina.core.ApplicationContext.log Manager: list: Listing contexts for virtual host 'localhost'
29-Oct-2023 16:57:10.787 INFO [http-nio-8089-exec-105] org.apache.catalina.core.ApplicationContext.log Manager: list: Listing contexts for virtual host 'localhost'
29-Oct-2023 16:57:14.622 INFO [http-nio-8089-exec-97] org.apache.catalina.core.ApplicationContext.log Manager: list: Listing contexts for virtual host 'localhost'
29-Oct-2023 16:59:00.506 INFO [http-nio-8089-exec-105] org.apache.catalina.core.ApplicationContext.log Manager: list: Listing contexts for virtual host 'localhost'
29-Oct-2023 16:59:29.567 INFO [http-nio-8089-exec-103] org.apache.catalina.core.ApplicationContext.log Manager: list: Listing contexts for virtual host 'localhost'
29-Oct-2023 17:01:26.774 INFO [http-nio-8089-exec-99] org.apache.catalina.core.ApplicationContext.log Manager: list: Listing contexts for virtual host 'localhost'
29-Oct-2023 17:02:02.430 INFO [http-nio-8089-exec-96] org.apache.catalina.core.ApplicationContext.log Manager: list: Listing contexts for virtual host 'localhost'
29-Oct-2023 17:02:43.095 INFO [http-nio-8089-exec-100] org.apache.catalina.core.ApplicationContext.log Manager: list: Listing contexts for virtual host 'localhost'
29-Oct-2023 17:02:52.840 INFO [http-nio-8089-exec-104] org.apache.catalina.core.ApplicationContext.log Manager: list: Listing contexts for virtual host 'localhost'
29-Oct-2023 17:03:06.791 INFO [http-nio-8089-exec-105] org.apache.catalina.core.ApplicationContext.log Manager: list: Listing contexts for virtual host 'localhost'
29-Oct-2023 17:03:20.024 INFO [http-nio-8089-exec-99] org.apache.catalina.core.ApplicationContext.log Manager: list: Listing contexts for virtual host 'localhost'
29-Oct-2023 17:04:10.692 INFO [http-nio-8089-exec-103] org.apache.catalina.core.ApplicationContext.log Manager: list: Listing contexts for virtual host 'localhost'
29-Oct-2023 17:04:17.561 INFO [http-nio-8089-exec-97] org.apache.catalina.core.ApplicationContext.log Manager: list: Listing contexts for virtual host 'localhost'
29-Oct-2023 17:04:27.025 INFO [http-nio-8089-exec-100] org.apache.catalina.core.ApplicationContext.log Manager: list: Listing contexts for virtual host 'localhost'
29-Oct-2023 17:05:04.184 INFO [http-nio-8089-exec-100] org.apache.catalina.core.ApplicationContext.log Manager: list: Listing contexts for virtual host 'localhost'
29-Oct-2023 17:05:18.121 INFO [http-nio-8089-exec-103] org.apache.catalina.core.ApplicationContext.log Manager: list: Listing contexts for virtual host 'localhost'
29-Oct-2023 17:05:40.952 INFO [http-nio-8089-exec-105] org.apache.catalina.core.ApplicationContext.log Manager: list: Listing contexts for virtual host 'localhost'
29-Oct-2023 17:05:45.466 INFO [http-nio-8089-exec-103] org.apache.catalina.core.ApplicationContext.log Manager: list: Listing contexts for virtual host 'localhost'
29-Oct-2023 17:06:03.205 INFO [http-nio-8089-exec-98] org.apache.catalina.core.ApplicationContext.log Manager: list: Listing contexts for virtual host 'localhost'
29-Oct-2023 17:06:05.703 INFO [http-nio-8089-exec-105] org.apache.catalina.core.ApplicationContext.log Manager: list: Listing contexts for virtual host 'localhost'
29-Oct-2023 17:06:09.195 INFO [http-nio-8089-exec-97] org.apache.catalina.core.ApplicationContext.log Manager: list: Listing contexts for virtual host 'localhost'
29-Oct-2023 17:06:19.285 INFO [http-nio-8089-exec-101] org.apache.catalina.core.ApplicationContext.log Manager: list: Listing contexts for virtual host 'localhost'
29-Oct-2023 17:06:24.592 INFO [http-nio-8089-exec-103] org.apache.catalina.core.ApplicationContext.log Manager: list: Listing contexts for virtual host 'localhost'
29-Oct-2023 17:06:29.237 INFO [http-nio-8089-exec-104] org.apache.catalina.core.ApplicationContext.log Manager: list: Listing contexts for virtual host 'localhost'
29-Oct-2023 17:06:35.057 INFO [http-nio-8089-exec-100] org.apache.catalina.core.ApplicationContext.log Manager: list: Listing contexts for virtual host 'localhost'
29-Oct-2023 17:07:32.309 INFO [http-nio-8089-exec-104] org.apache.catalina.core.ApplicationContext.log Manager: list: Listing contexts for virtual host 'localhost'
29-Oct-2023 17:07:37.956 INFO [http-nio-8089-exec-105] org.apache.catalina.core.ApplicationContext.log Manager: list: Listing contexts for virtual host 'localhost'
29-Oct-2023 17:08:20.621 INFO [http-nio-8089-exec-101] org.apache.catalina.core.ApplicationContext.log Manager: list: Listing contexts for virtual host 'localhost'
29-Oct-2023 17:08:26.482 INFO [http-nio-8089-exec-103] org.apache.catalina.core.ApplicationContext.log Manager: list: Listing contexts for virtual host 'localhost'
29-Oct-2023 17:08:35.970 INFO [http-nio-8089-exec-98] org.apache.catalina.core.ApplicationContext.log Manager: list: Listing contexts for virtual host 'localhost'
29-Oct-2023 17:08:45.307 INFO [http-nio-8089-exec-105] org.apache.catalina.core.ApplicationContext.log Manager: list: Listing contexts for virtual host 'localhost'
29-Oct-2023 18:04:29.529 INFO [http-nio-8089-exec-103] org.apache.catalina.core.ApplicationContext.log Manager: list: Listing contexts for virtual host 'localhost'
29-Oct-2023 18:04:58.605 INFO [http-nio-8089-exec-97] org.apache.catalina.core.ApplicationContext.log Manager: list: Listing contexts for virtual host 'localhost'
29-Oct-2023 18:05:17.631 INFO [http-nio-8089-exec-101] org.apache.catalina.core.ApplicationContext.log Manager: list: Listing contexts for virtual host 'localhost'
29-Oct-2023 18:05:48.803 INFO [http-nio-8089-exec-99] org.apache.catalina.core.ApplicationContext.log Manager: list: Listing contexts for virtual host 'localhost'
29-Oct-2023 18:06:06.346 INFO [http-nio-8089-exec-96] org.apache.catalina.core.ApplicationContext.log Manager: list: Listing contexts for virtual host 'localhost'
29-Oct-2023 18:06:20.203 INFO [http-nio-8089-exec-99] org.apache.catalina.core.ApplicationContext.log Manager: list: Listing contexts for virtual host 'localhost'
29-Oct-2023 18:06:34.916 INFO [http-nio-8089-exec-100] org.apache.catalina.core.ApplicationContext.log Manager: list: Listing contexts for virtual host 'localhost'
29-Oct-2023 18:06:44.400 INFO [http-nio-8089-exec-99] org.apache.catalina.core.ApplicationContext.log Manager: list: Listing contexts for virtual host 'localhost'
29-Oct-2023 18:07:59.842 INFO [http-nio-8089-exec-99] org.apache.catalina.core.ApplicationContext.log Manager: list: Listing contexts for virtual host 'localhost'
29-Oct-2023 18:08:19.080 INFO [http-nio-8089-exec-99] org.apache.catalina.core.ApplicationContext.log Manager: list: Listing contexts for virtual host 'localhost'
29-Oct-2023 18:09:56.038 INFO [http-nio-8089-exec-102] org.apache.catalina.core.ApplicationContext.log Manager: list: Listing contexts for virtual host 'localhost'
29-Oct-2023 18:10:15.356 INFO [http-nio-8089-exec-104] org.apache.catalina.core.ApplicationContext.log Manager: list: Listing contexts for virtual host 'localhost'
29-Oct-2023 18:10:28.420 INFO [http-nio-8089-exec-103] org.apache.catalina.core.ApplicationContext.log Manager: list: Listing contexts for virtual host 'localhost'
29-Oct-2023 18:10:38.966 INFO [http-nio-8089-exec-99] org.apache.catalina.core.ApplicationContext.log Manager: list: Listing contexts for virtual host 'localhost'
29-Oct-2023 18:10:50.291 INFO [http-nio-8089-exec-101] org.apache.catalina.core.ApplicationContext.log Manager: list: Listing contexts for virtual host 'localhost'
29-Oct-2023 18:11:00.427 INFO [http-nio-8089-exec-101] org.apache.catalina.core.ApplicationContext.log Manager: list: Listing contexts for virtual host 'localhost'
29-Oct-2023 18:16:35.145 INFO [http-nio-8089-exec-104] org.apache.catalina.core.ApplicationContext.log Manager: list: Listing contexts for virtual host 'localhost'
29-Oct-2023 18:16:35.545 INFO [http-nio-8089-exec-96] org.apache.catalina.core.ApplicationContext.log Manager: list: Listing contexts for virtual host 'localhost'
29-Oct-2023 18:16:37.591 INFO [http-nio-8089-exec-98] org.apache.catalina.core.ApplicationContext.log Manager: list: Listing contexts for virtual host 'localhost'
29-Oct-2023 18:23:17.752 INFO [http-nio-8089-exec-105] org.apache.catalina.core.ApplicationContext.log Manager: list: Listing contexts for virtual host 'localhost'
29-Oct-2023 18:23:55.083 INFO [http-nio-8089-exec-104] org.apache.catalina.core.ApplicationContext.log Manager: list: Listing contexts for virtual host 'localhost'
29-Oct-2023 18:24:03.506 INFO [http-nio-8089-exec-99] org.apache.catalina.core.ApplicationContext.log Manager: list: Listing contexts for virtual host 'localhost'
29-Oct-2023 18:24:33.074 INFO [http-nio-8089-exec-103] org.apache.catalina.core.ApplicationContext.log Manager: list: Listing contexts for virtual host 'localhost'
29-Oct-2023 18:24:37.812 INFO [http-nio-8089-exec-97] org.apache.catalina.core.ApplicationContext.log Manager: list: Listing contexts for virtual host 'localhost'
29-Oct-2023 18:24:50.326 INFO [http-nio-8089-exec-96] org.apache.catalina.core.ApplicationContext.log Manager: list: Listing contexts for virtual host 'localhost'
29-Oct-2023 18:25:28.769 INFO [http-nio-8089-exec-97] org.apache.catalina.core.ApplicationContext.log Manager: list: Listing contexts for virtual host 'localhost'
29-Oct-2023 18:26:07.921 INFO [http-nio-8089-exec-98] org.apache.catalina.core.ApplicationContext.log Manager: list: Listing contexts for virtual host 'localhost'
29-Oct-2023 18:26:51.720 INFO [http-nio-8089-exec-99] org.apache.catalina.core.ApplicationContext.log Manager: list: Listing contexts for virtual host 'localhost'
29-Oct-2023 18:26:58.218 INFO [http-nio-8089-exec-102] org.apache.catalina.core.ApplicationContext.log Manager: list: Listing contexts for virtual host 'localhost'
29-Oct-2023 18:27:52.778 INFO [http-nio-8089-exec-97] org.apache.catalina.core.ApplicationContext.log Manager: list: Listing contexts for virtual host 'localhost'
29-Oct-2023 18:28:25.522 INFO [http-nio-8089-exec-104] org.apache.catalina.core.ApplicationContext.log Manager: list: Listing contexts for virtual host 'localhost'
29-Oct-2023 18:29:19.267 INFO [http-nio-8089-exec-104] org.apache.catalina.core.ApplicationContext.log Manager: list: Listing contexts for virtual host 'localhost'
29-Oct-2023 18:29:31.974 INFO [http-nio-8089-exec-104] org.apache.catalina.core.ApplicationContext.log Manager: list: Listing contexts for virtual host 'localhost'
29-Oct-2023 18:29:55.187 INFO [http-nio-8089-exec-99] org.apache.catalina.core.ApplicationContext.log Manager: list: Listing contexts for virtual host 'localhost'
29-Oct-2023 18:30:04.449 INFO [http-nio-8089-exec-101] org.apache.catalina.core.ApplicationContext.log Manager: list: Listing contexts for virtual host 'localhost'
29-Oct-2023 18:30:05.808 INFO [http-nio-8089-exec-100] org.apache.catalina.core.ApplicationContext.log Manager: list: Listing contexts for virtual host 'localhost'
29-Oct-2023 18:30:21.538 INFO [http-nio-8089-exec-101] org.apache.catalina.core.ApplicationContext.log Manager: list: Listing contexts for virtual host 'localhost'
29-Oct-2023 18:30:37.954 INFO [http-nio-8089-exec-100] org.apache.catalina.core.ApplicationContext.log Manager: list: Listing contexts for virtual host 'localhost'
29-Oct-2023 18:30:46.917 INFO [http-nio-8089-exec-105] org.apache.catalina.core.ApplicationContext.log Manager: list: Listing contexts for virtual host 'localhost'
29-Oct-2023 18:30:48.194 INFO [http-nio-8089-exec-100] org.apache.catalina.core.ApplicationContext.log Manager: list: Listing contexts for virtual host 'localhost'
29-Oct-2023 18:31:18.879 INFO [http-nio-8089-exec-104] org.apache.catalina.core.ApplicationContext.log Manager: list: Listing contexts for virtual host 'localhost'
29-Oct-2023 18:32:04.340 INFO [http-nio-8089-exec-96] org.apache.catalina.core.ApplicationContext.log Manager: list: Listing contexts for virtual host 'localhost'
29-Oct-2023 18:32:10.659 INFO [http-nio-8089-exec-102] org.apache.catalina.core.ApplicationContext.log Manager: list: Listing contexts for virtual host 'localhost'
29-Oct-2023 18:32:17.017 INFO [http-nio-8089-exec-102] org.apache.catalina.core.ApplicationContext.log Manager: list: Listing contexts for virtual host 'localhost'
29-Oct-2023 18:32:22.050 INFO [http-nio-8089-exec-102] org.apache.catalina.core.ApplicationContext.log Manager: list: Listing contexts for virtual host 'localhost'
29-Oct-2023 18:32:28.950 INFO [http-nio-8089-exec-97] org.apache.catalina.core.ApplicationContext.log Manager: list: Listing contexts for virtual host 'localhost'
29-Oct-2023 18:32:40.434 INFO [http-nio-8089-exec-102] org.apache.catalina.core.ApplicationContext.log Manager: list: Listing contexts for virtual host 'localhost'
29-Oct-2023 18:32:59.864 INFO [http-nio-8089-exec-96] org.apache.catalina.core.ApplicationContext.log Manager: list: Listing contexts for virtual host 'localhost'
29-Oct-2023 18:33:33.003 INFO [http-nio-8089-exec-96] org.apache.catalina.core.ApplicationContext.log Manager: list: Listing contexts for virtual host 'localhost'
29-Oct-2023 18:34:32.760 INFO [http-nio-8089-exec-101] org.apache.catalina.core.ApplicationContext.log Manager: list: Listing contexts for virtual host 'localhost'
29-Oct-2023 18:35:05.611 INFO [http-nio-8089-exec-105] org.apache.catalina.core.ApplicationContext.log Manager: list: Listing contexts for virtual host 'localhost'
29-Oct-2023 18:35:10.045 INFO [http-nio-8089-exec-97] org.apache.catalina.core.ApplicationContext.log Manager: list: Listing contexts for virtual host 'localhost'
29-Oct-2023 18:35:14.848 INFO [http-nio-8089-exec-99] org.apache.catalina.core.ApplicationContext.log Manager: list: Listing contexts for virtual host 'localhost'
29-Oct-2023 18:35:20.197 INFO [http-nio-8089-exec-103] org.apache.catalina.core.ApplicationContext.log Manager: list: Listing contexts for virtual host 'localhost'
29-Oct-2023 18:35:24.452 INFO [http-nio-8089-exec-98] org.apache.catalina.core.ApplicationContext.log Manager: list: Listing contexts for virtual host 'localhost'
29-Oct-2023 18:35:28.424 INFO [http-nio-8089-exec-102] org.apache.catalina.core.ApplicationContext.log Manager: list: Listing contexts for virtual host 'localhost'
29-Oct-2023 18:36:12.205 INFO [http-nio-8089-exec-103] org.apache.catalina.core.ApplicationContext.log Manager: list: Listing contexts for virtual host 'localhost'
29-Oct-2023 18:37:15.819 INFO [http-nio-8089-exec-100] org.apache.catalina.core.ApplicationContext.log Manager: list: Listing contexts for virtual host 'localhost'
29-Oct-2023 18:38:04.768 INFO [http-nio-8089-exec-96] org.apache.catalina.core.ApplicationContext.log Manager: list: Listing contexts for virtual host 'localhost'
29-Oct-2023 18:38:47.373 INFO [http-nio-8089-exec-97] org.apache.catalina.core.ApplicationContext.log Manager: list: Listing contexts for virtual host 'localhost'
29-Oct-2023 18:38:59.957 INFO [http-nio-8089-exec-102] org.apache.catalina.core.ApplicationContext.log Manager: list: Listing contexts for virtual host 'localhost'
29-Oct-2023 18:39:18.417 INFO [http-nio-8089-exec-102] org.apache.catalina.core.ApplicationContext.log Manager: list: Listing contexts for virtual host 'localhost'
29-Oct-2023 18:39:42.337 INFO [http-nio-8089-exec-104] org.apache.catalina.core.ApplicationContext.log Manager: list: Listing contexts for virtual host 'localhost'
29-Oct-2023 18:40:08.939 INFO [http-nio-8089-exec-97] org.apache.catalina.core.ApplicationContext.log Manager: list: Listing contexts for virtual host 'localhost'
29-Oct-2023 18:40:21.333 INFO [http-nio-8089-exec-97] org.apache.catalina.core.ApplicationContext.log Manager: list: Listing contexts for virtual host 'localhost'
29-Oct-2023 18:40:26.555 INFO [http-nio-8089-exec-102] org.apache.catalina.core.ApplicationContext.log Manager: list: Listing contexts for virtual host 'localhost'
29-Oct-2023 18:41:52.928 INFO [http-nio-8089-exec-102] org.apache.catalina.core.ApplicationContext.log Manager: list: Listing contexts for virtual host 'localhost'
29-Oct-2023 18:43:04.684 INFO [http-nio-8089-exec-104] org.apache.catalina.core.ApplicationContext.log Manager: list: Listing contexts for virtual host 'localhost'
29-Oct-2023 18:44:32.069 INFO [http-nio-8089-exec-105] org.apache.catalina.core.ApplicationContext.log Manager: list: Listing contexts for virtual host 'localhost'
29-Oct-2023 18:44:46.617 INFO [http-nio-8089-exec-105] org.apache.catalina.core.ApplicationContext.log Manager: list: Listing contexts for virtual host 'localhost'
29-Oct-2023 18:45:01.265 INFO [http-nio-8089-exec-104] org.apache.catalina.core.ApplicationContext.log Manager: list: Listing contexts for virtual host 'localhost'
29-Oct-2023 18:46:01.945 INFO [http-nio-8089-exec-103] org.apache.catalina.core.ApplicationContext.log Manager: list: Listing contexts for virtual host 'localhost'
29-Oct-2023 18:46:35.820 INFO [http-nio-8089-exec-98] org.apache.catalina.core.ApplicationContext.log Manager: list: Listing contexts for virtual host 'localhost'
29-Oct-2023 18:46:45.562 INFO [http-nio-8089-exec-105] org.apache.catalina.core.ApplicationContext.log Manager: list: Listing contexts for virtual host 'localhost'
29-Oct-2023 18:47:03.290 INFO [http-nio-8089-exec-105] org.apache.catalina.core.ApplicationContext.log Manager: list: Listing contexts for virtual host 'localhost'
29-Oct-2023 18:47:50.159 INFO [http-nio-8089-exec-101] org.apache.catalina.core.ApplicationContext.log Manager: list: Listing contexts for virtual host 'localhost'
29-Oct-2023 18:48:00.669 INFO [http-nio-8089-exec-105] org.apache.catalina.core.ApplicationContext.log Manager: list: Listing contexts for virtual host 'localhost'
29-Oct-2023 18:48:08.787 INFO [http-nio-8089-exec-105] org.apache.catalina.core.ApplicationContext.log Manager: list: Listing contexts for virtual host 'localhost'
29-Oct-2023 18:48:14.936 INFO [http-nio-8089-exec-98] org.apache.catalina.core.ApplicationContext.log Manager: list: Listing contexts for virtual host 'localhost'
29-Oct-2023 18:50:04.194 INFO [http-nio-8089-exec-104] org.apache.catalina.core.ApplicationContext.log Manager: list: Listing contexts for virtual host 'localhost'
29-Oct-2023 18:50:04.620 INFO [http-nio-8089-exec-97] org.apache.catalina.core.ApplicationContext.log Manager: list: Listing contexts for virtual host 'localhost'
29-Oct-2023 18:50:21.149 INFO [http-nio-8089-exec-96] org.apache.catalina.core.ApplicationContext.log Manager: list: Listing contexts for virtual host 'localhost'
29-Oct-2023 18:50:31.346 INFO [http-nio-8089-exec-96] org.apache.catalina.core.ApplicationContext.log Manager: list: Listing contexts for virtual host 'localhost'
29-Oct-2023 18:51:23.116 INFO [http-nio-8089-exec-104] org.apache.catalina.core.ApplicationContext.log Manager: list: Listing contexts for virtual host 'localhost'
29-Oct-2023 18:51:40.240 INFO [http-nio-8089-exec-102] org.apache.catalina.core.ApplicationContext.log Manager: list: Listing contexts for virtual host 'localhost'
29-Oct-2023 18:51:51.664 INFO [http-nio-8089-exec-105] org.apache.catalina.core.ApplicationContext.log Manager: list: Listing contexts for virtual host 'localhost'
29-Oct-2023 18:52:12.553 INFO [http-nio-8089-exec-99] org.apache.catalina.core.ApplicationContext.log Manager: list: Listing contexts for virtual host 'localhost'
29-Oct-2023 18:53:09.011 INFO [http-nio-8089-exec-104] org.apache.catalina.core.ApplicationContext.log Manager: list: Listing contexts for virtual host 'localhost'
29-Oct-2023 18:53:17.836 INFO [http-nio-8089-exec-105] org.apache.catalina.core.ApplicationContext.log Manager: list: Listing contexts for virtual host 'localhost'
29-Oct-2023 18:53:47.670 INFO [http-nio-8089-exec-96] org.apache.catalina.core.ApplicationContext.log Manager: list: Listing contexts for virtual host 'localhost'
29-Oct-2023 18:54:53.743 INFO [http-nio-8089-exec-101] org.apache.catalina.core.ApplicationContext.log Manager: list: Listing contexts for virtual host 'localhost'
29-Oct-2023 18:56:09.305 INFO [http-nio-8089-exec-98] org.apache.catalina.core.ApplicationContext.log Manager: list: Listing contexts for virtual host 'localhost'
29-Oct-2023 18:56:15.895 INFO [http-nio-8089-exec-99] org.apache.catalina.core.ApplicationContext.log Manager: list: Listing contexts for virtual host 'localhost'
29-Oct-2023 18:56:20.546 INFO [http-nio-8089-exec-98] org.apache.catalina.core.ApplicationContext.log Manager: list: Listing contexts for virtual host 'localhost'
29-Oct-2023 18:56:37.744 INFO [http-nio-8089-exec-101] org.apache.catalina.core.ApplicationContext.log Manager: list: Listing contexts for virtual host 'localhost'
29-Oct-2023 18:56:51.238 INFO [http-nio-8089-exec-98] org.apache.catalina.core.ApplicationContext.log Manager: list: Listing contexts for virtual host 'localhost'
29-Oct-2023 18:57:32.907 INFO [http-nio-8089-exec-100] org.apache.catalina.core.ApplicationContext.log Manager: list: Listing contexts for virtual host 'localhost'
29-Oct-2023 18:57:45.031 INFO [http-nio-8089-exec-96] org.apache.catalina.core.ApplicationContext.log Manager: list: Listing contexts for virtual host 'localhost'
29-Oct-2023 18:58:31.331 INFO [http-nio-8089-exec-98] org.apache.catalina.core.ApplicationContext.log Manager: list: Listing contexts for virtual host 'localhost'
29-Oct-2023 18:58:50.747 INFO [http-nio-8089-exec-103] org.apache.catalina.core.ApplicationContext.log Manager: list: Listing contexts for virtual host 'localhost'
29-Oct-2023 19:00:27.975 INFO [http-nio-8089-exec-105] org.apache.catalina.core.ApplicationContext.log Manager: list: Listing contexts for virtual host 'localhost'
29-Oct-2023 19:00:58.750 INFO [http-nio-8089-exec-99] org.apache.catalina.core.ApplicationContext.log Manager: list: Listing contexts for virtual host 'localhost'
29-Oct-2023 19:01:45.562 INFO [http-nio-8089-exec-99] org.apache.catalina.core.ApplicationContext.log Manager: list: Listing contexts for virtual host 'localhost'
29-Oct-2023 19:02:43.103 INFO [http-nio-8089-exec-99] org.apache.catalina.core.ApplicationContext.log Manager: list: Listing contexts for virtual host 'localhost'
29-Oct-2023 19:02:51.937 INFO [http-nio-8089-exec-102] org.apache.catalina.core.ApplicationContext.log Manager: list: Listing contexts for virtual host 'localhost'
29-Oct-2023 19:03:24.967 INFO [http-nio-8089-exec-97] org.apache.catalina.core.ApplicationContext.log Manager: list: Listing contexts for virtual host 'localhost'
29-Oct-2023 19:03:39.159 INFO [http-nio-8089-exec-96] org.apache.catalina.core.ApplicationContext.log Manager: list: Listing contexts for virtual host 'localhost'
29-Oct-2023 19:03:51.273 INFO [http-nio-8089-exec-101] org.apache.catalina.core.ApplicationContext.log Manager: list: Listing contexts for virtual host 'localhost'
29-Oct-2023 19:04:46.271 INFO [http-nio-8089-exec-97] org.apache.catalina.core.ApplicationContext.log Manager: list: Listing contexts for virtual host 'localhost'
29-Oct-2023 19:04:54.678 INFO [http-nio-8089-exec-96] org.apache.catalina.core.ApplicationContext.log Manager: list: Listing contexts for virtual host 'localhost'
29-Oct-2023 19:06:11.098 INFO [http-nio-8089-exec-100] org.apache.catalina.core.ApplicationContext.log Manager: list: Listing contexts for virtual host 'localhost'
29-Oct-2023 19:06:34.197 INFO [http-nio-8089-exec-102] org.apache.catalina.core.ApplicationContext.log Manager: list: Listing contexts for virtual host 'localhost'
29-Oct-2023 19:07:37.109 INFO [http-nio-8089-exec-97] org.apache.catalina.core.ApplicationContext.log Manager: list: Listing contexts for virtual host 'localhost'
29-Oct-2023 19:08:40.904 INFO [http-nio-8089-exec-98] org.apache.catalina.core.ApplicationContext.log Manager: list: Listing contexts for virtual host 'localhost'
29-Oct-2023 19:09:46.503 INFO [http-nio-8089-exec-103] org.apache.catalina.core.ApplicationContext.log Manager: list: Listing contexts for virtual host 'localhost'
29-Oct-2023 19:09:59.834 INFO [http-nio-8089-exec-99] org.apache.catalina.core.ApplicationContext.log Manager: list: Listing contexts for virtual host 'localhost'
29-Oct-2023 19:10:08.663 INFO [http-nio-8089-exec-103] org.apache.catalina.core.ApplicationContext.log Manager: list: Listing contexts for virtual host 'localhost'
29-Oct-2023 19:12:15.323 INFO [http-nio-8089-exec-102] org.apache.catalina.core.ApplicationContext.log Manager: list: Listing contexts for virtual host 'localhost'
29-Oct-2023 19:12:43.379 INFO [http-nio-8089-exec-105] org.apache.catalina.core.ApplicationContext.log Manager: list: Listing contexts for virtual host 'localhost'
29-Oct-2023 19:13:10.703 INFO [http-nio-8089-exec-101] org.apache.catalina.core.ApplicationContext.log Manager: list: Listing contexts for virtual host 'localhost'
29-Oct-2023 19:13:42.720 INFO [http-nio-8089-exec-97] org.apache.catalina.core.ApplicationContext.log Manager: list: Listing contexts for virtual host 'localhost'
29-Oct-2023 19:14:05.646 INFO [http-nio-8089-exec-97] org.apache.catalina.core.ApplicationContext.log Manager: list: Listing contexts for virtual host 'localhost'
29-Oct-2023 19:14:19.424 INFO [http-nio-8089-exec-97] org.apache.catalina.core.ApplicationContext.log Manager: list: Listing contexts for virtual host 'localhost'
29-Oct-2023 19:14:25.451 INFO [http-nio-8089-exec-105] org.apache.catalina.core.ApplicationContext.log Manager: list: Listing contexts for virtual host 'localhost'
29-Oct-2023 19:17:34.609 INFO [http-nio-8089-exec-104] org.apache.catalina.core.ApplicationContext.log Manager: list: Listing contexts for virtual host 'localhost'
29-Oct-2023 19:17:38.159 INFO [http-nio-8089-exec-99] org.apache.catalina.core.ApplicationContext.log Manager: list: Listing contexts for virtual host 'localhost'
29-Oct-2023 19:18:12.739 INFO [http-nio-8089-exec-103] org.apache.catalina.core.ApplicationContext.log Manager: list: Listing contexts for virtual host 'localhost'
29-Oct-2023 19:21:39.266 INFO [http-nio-8089-exec-101] org.apache.catalina.core.ApplicationContext.log Manager: list: Listing contexts for virtual host 'localhost'
29-Oct-2023 19:21:59.840 INFO [http-nio-8089-exec-99] org.apache.catalina.core.ApplicationContext.log Manager: list: Listing contexts for virtual host 'localhost'
29-Oct-2023 19:22:18.706 INFO [http-nio-8089-exec-97] org.apache.catalina.core.ApplicationContext.log Manager: list: Listing contexts for virtual host 'localhost'
29-Oct-2023 19:22:25.572 INFO [http-nio-8089-exec-102] org.apache.catalina.core.ApplicationContext.log Manager: list: Listing contexts for virtual host 'localhost'
29-Oct-2023 19:23:25.083 INFO [http-nio-8089-exec-97] org.apache.catalina.core.ApplicationContext.log Manager: list: Listing contexts for virtual host 'localhost'
29-Oct-2023 19:23:50.379 INFO [http-nio-8089-exec-103] org.apache.catalina.core.ApplicationContext.log Manager: list: Listing contexts for virtual host 'localhost'
