04-Nov-2023 17:42:59.782 INFO [http-nio-8089-exec-1] org.apache.catalina.core.ApplicationContext.log Manager: init: Associated with Deployer 'Catalina:type=Deployer,host=localhost'
04-Nov-2023 17:42:59.784 INFO [http-nio-8089-exec-1] org.apache.catalina.core.ApplicationContext.log Manager: init: Global resources are available
04-Nov-2023 17:43:00.026 INFO [http-nio-8089-exec-7] org.apache.catalina.core.ApplicationContext.log Manager: list: Listing contexts for virtual host 'localhost'
04-Nov-2023 17:43:00.178 INFO [http-nio-8089-exec-8] org.apache.catalina.core.ApplicationContext.log Manager: undeploy: Undeploying web application at '/Tienda'
04-Nov-2023 17:43:00.839 INFO [http-nio-8089-exec-9] org.apache.catalina.core.ApplicationContext.log Manager: install: Installing context configuration at 'file:/C:/Users/karin/AppData/Local/Temp/context12163433914479357711.xml'
04-Nov-2023 17:43:03.677 INFO [http-nio-8089-exec-9] org.apache.catalina.core.ApplicationContext.log Manager: start: Starting web application '/Tienda'
04-Nov-2023 17:45:26.058 INFO [http-nio-8089-exec-13] org.apache.catalina.core.ApplicationContext.log Manager: list: Listing contexts for virtual host 'localhost'
04-Nov-2023 17:45:26.705 INFO [http-nio-8089-exec-19] org.apache.catalina.core.ApplicationContext.log Manager: restart: Reloading web application '/Tienda'
04-Nov-2023 17:47:32.403 INFO [http-nio-8089-exec-21] org.apache.catalina.core.ApplicationContext.log Manager: list: Listing contexts for virtual host 'localhost'
04-Nov-2023 17:47:32.452 INFO [http-nio-8089-exec-22] org.apache.catalina.core.ApplicationContext.log Manager: restart: Reloading web application '/Tienda'
04-Nov-2023 17:47:40.562 INFO [http-nio-8089-exec-27] org.apache.catalina.core.ApplicationContext.log Manager: list: Listing contexts for virtual host 'localhost'
04-Nov-2023 17:47:40.611 INFO [http-nio-8089-exec-30] org.apache.catalina.core.ApplicationContext.log Manager: list: Listing contexts for virtual host 'localhost'
04-Nov-2023 17:47:40.686 INFO [http-nio-8089-exec-26] org.apache.catalina.core.ApplicationContext.log Manager: undeploy: Undeploying web application at '/Tienda'
04-Nov-2023 17:47:43.011 INFO [http-nio-8089-exec-25] org.apache.catalina.core.ApplicationContext.log Manager: install: Installing context configuration at 'file:/C:/Users/karin/AppData/Local/Temp/context15833183615334981985.xml'
04-Nov-2023 17:47:50.788 INFO [http-nio-8089-exec-27] org.apache.catalina.core.ApplicationContext.log Manager: start: Starting web application '/Tienda'
04-Nov-2023 17:47:57.107 INFO [http-nio-8089-exec-30] org.apache.catalina.core.ApplicationContext.log Manager: list: Listing contexts for virtual host 'localhost'
04-Nov-2023 17:47:57.164 INFO [http-nio-8089-exec-23] org.apache.catalina.core.ApplicationContext.log Manager: restart: Reloading web application '/Tienda'
04-Nov-2023 17:49:13.556 INFO [http-nio-8089-exec-34] org.apache.catalina.core.ApplicationContext.log Manager: list: Listing contexts for virtual host 'localhost'
04-Nov-2023 17:49:13.602 INFO [http-nio-8089-exec-37] org.apache.catalina.core.ApplicationContext.log Manager: restart: Reloading web application '/Tienda'
04-Nov-2023 17:50:10.740 INFO [http-nio-8089-exec-35] org.apache.catalina.core.ApplicationContext.log Manager: list: Listing contexts for virtual host 'localhost'
04-Nov-2023 17:50:10.802 INFO [http-nio-8089-exec-43] org.apache.catalina.core.ApplicationContext.log Manager: restart: Reloading web application '/Tienda'
04-Nov-2023 17:50:18.933 INFO [http-nio-8089-exec-42] org.apache.catalina.core.ApplicationContext.log Manager: list: Listing contexts for virtual host 'localhost'
04-Nov-2023 17:50:19.141 INFO [http-nio-8089-exec-42] org.apache.catalina.core.ApplicationContext.log Manager: restart: Reloading web application '/Tienda'
04-Nov-2023 17:50:34.175 INFO [http-nio-8089-exec-38] org.apache.catalina.core.ApplicationContext.log Manager: list: Listing contexts for virtual host 'localhost'
04-Nov-2023 17:50:34.226 INFO [http-nio-8089-exec-35] org.apache.catalina.core.ApplicationContext.log Manager: restart: Reloading web application '/Tienda'
04-Nov-2023 17:55:15.295 INFO [http-nio-8089-exec-58] org.apache.catalina.core.ApplicationContext.log Manager: list: Listing contexts for virtual host 'localhost'
04-Nov-2023 17:55:15.316 INFO [http-nio-8089-exec-49] org.apache.catalina.core.ApplicationContext.log Manager: restart: Reloading web application '/Tienda'
04-Nov-2023 17:55:31.398 INFO [http-nio-8089-exec-58] org.apache.catalina.core.ApplicationContext.log Manager: list: Listing contexts for virtual host 'localhost'
04-Nov-2023 17:55:31.428 INFO [http-nio-8089-exec-54] org.apache.catalina.core.ApplicationContext.log Manager: restart: Reloading web application '/Tienda'
04-Nov-2023 17:55:39.499 INFO [http-nio-8089-exec-57] org.apache.catalina.core.ApplicationContext.log Manager: list: Listing contexts for virtual host 'localhost'
04-Nov-2023 17:55:39.524 INFO [http-nio-8089-exec-60] org.apache.catalina.core.ApplicationContext.log Manager: restart: Reloading web application '/Tienda'
04-Nov-2023 18:10:01.013 INFO [http-nio-8089-exec-72] org.apache.catalina.core.ApplicationContext.log Manager: list: Listing contexts for virtual host 'localhost'
04-Nov-2023 18:10:01.219 INFO [http-nio-8089-exec-63] org.apache.catalina.core.ApplicationContext.log Manager: restart: Reloading web application '/Tienda'
04-Nov-2023 18:10:10.093 INFO [http-nio-8089-exec-68] org.apache.catalina.core.ApplicationContext.log Manager: list: Listing contexts for virtual host 'localhost'
04-Nov-2023 18:10:10.115 INFO [http-nio-8089-exec-68] org.apache.catalina.core.ApplicationContext.log Manager: restart: Reloading web application '/Tienda'
04-Nov-2023 18:10:13.819 INFO [http-nio-8089-exec-70] org.apache.catalina.core.ApplicationContext.log Manager: list: Listing contexts for virtual host 'localhost'
04-Nov-2023 18:10:13.913 INFO [http-nio-8089-exec-64] org.apache.catalina.core.ApplicationContext.log Manager: restart: Reloading web application '/Tienda'
04-Nov-2023 18:10:51.971 INFO [http-nio-8089-exec-71] org.apache.catalina.core.ApplicationContext.log Manager: list: Listing contexts for virtual host 'localhost'
04-Nov-2023 18:10:51.990 INFO [http-nio-8089-exec-75] org.apache.catalina.core.ApplicationContext.log Manager: restart: Reloading web application '/Tienda'
04-Nov-2023 18:11:00.078 INFO [http-nio-8089-exec-77] org.apache.catalina.core.ApplicationContext.log Manager: list: Listing contexts for virtual host 'localhost'
04-Nov-2023 18:11:00.108 INFO [http-nio-8089-exec-78] org.apache.catalina.core.ApplicationContext.log Manager: restart: Reloading web application '/Tienda'
04-Nov-2023 18:11:15.713 INFO [http-nio-8089-exec-77] org.apache.catalina.core.ApplicationContext.log Manager: list: Listing contexts for virtual host 'localhost'
04-Nov-2023 18:11:15.739 INFO [http-nio-8089-exec-66] org.apache.catalina.core.ApplicationContext.log Manager: restart: Reloading web application '/Tienda'
04-Nov-2023 18:11:31.047 INFO [http-nio-8089-exec-82] org.apache.catalina.core.ApplicationContext.log Manager: list: Listing contexts for virtual host 'localhost'
04-Nov-2023 18:11:31.080 INFO [http-nio-8089-exec-67] org.apache.catalina.core.ApplicationContext.log Manager: restart: Reloading web application '/Tienda'
04-Nov-2023 18:12:09.133 INFO [http-nio-8089-exec-85] org.apache.catalina.core.ApplicationContext.log Manager: list: Listing contexts for virtual host 'localhost'
04-Nov-2023 18:12:09.161 INFO [http-nio-8089-exec-81] org.apache.catalina.core.ApplicationContext.log Manager: restart: Reloading web application '/Tienda'
04-Nov-2023 18:12:13.233 INFO [http-nio-8089-exec-71] org.apache.catalina.core.ApplicationContext.log Manager: list: Listing contexts for virtual host 'localhost'
04-Nov-2023 18:12:13.274 INFO [http-nio-8089-exec-87] org.apache.catalina.core.ApplicationContext.log Manager: restart: Reloading web application '/Tienda'
04-Nov-2023 18:12:25.156 INFO [http-nio-8089-exec-72] org.apache.catalina.core.ApplicationContext.log Manager: list: Listing contexts for virtual host 'localhost'
04-Nov-2023 18:12:25.181 INFO [http-nio-8089-exec-71] org.apache.catalina.core.ApplicationContext.log Manager: restart: Reloading web application '/Tienda'
04-Nov-2023 18:13:13.696 INFO [http-nio-8089-exec-86] org.apache.catalina.core.ApplicationContext.log Manager: list: Listing contexts for virtual host 'localhost'
04-Nov-2023 18:13:13.735 INFO [http-nio-8089-exec-89] org.apache.catalina.core.ApplicationContext.log Manager: restart: Reloading web application '/Tienda'
04-Nov-2023 18:15:11.921 INFO [http-nio-8089-exec-95] org.apache.catalina.core.ApplicationContext.log Manager: list: Listing contexts for virtual host 'localhost'
04-Nov-2023 18:15:12.015 INFO [http-nio-8089-exec-92] org.apache.catalina.core.ApplicationContext.log Manager: restart: Reloading web application '/Tienda'
04-Nov-2023 18:15:15.687 INFO [http-nio-8089-exec-86] org.apache.catalina.core.ApplicationContext.log Manager: list: Listing contexts for virtual host 'localhost'
04-Nov-2023 18:15:15.734 INFO [http-nio-8089-exec-72] org.apache.catalina.core.ApplicationContext.log Manager: restart: Reloading web application '/Tienda'
04-Nov-2023 18:15:21.200 INFO [http-nio-8089-exec-83] org.apache.catalina.core.ApplicationContext.log Manager: list: Listing contexts for virtual host 'localhost'
04-Nov-2023 18:15:21.257 INFO [http-nio-8089-exec-84] org.apache.catalina.core.ApplicationContext.log Manager: restart: Reloading web application '/Tienda'
04-Nov-2023 18:15:34.251 INFO [http-nio-8089-exec-98] org.apache.catalina.core.ApplicationContext.log Manager: list: Listing contexts for virtual host 'localhost'
04-Nov-2023 18:15:34.396 INFO [http-nio-8089-exec-83] org.apache.catalina.core.ApplicationContext.log Manager: restart: Reloading web application '/Tienda'
04-Nov-2023 18:15:41.588 INFO [http-nio-8089-exec-94] org.apache.catalina.core.ApplicationContext.log Manager: list: Listing contexts for virtual host 'localhost'
04-Nov-2023 18:15:41.621 INFO [http-nio-8089-exec-99] org.apache.catalina.core.ApplicationContext.log Manager: restart: Reloading web application '/Tienda'
04-Nov-2023 18:16:14.106 INFO [http-nio-8089-exec-101] org.apache.catalina.core.ApplicationContext.log Manager: list: Listing contexts for virtual host 'localhost'
04-Nov-2023 18:16:14.123 INFO [http-nio-8089-exec-93] org.apache.catalina.core.ApplicationContext.log Manager: restart: Reloading web application '/Tienda'
04-Nov-2023 18:16:33.278 INFO [http-nio-8089-exec-96] org.apache.catalina.core.ApplicationContext.log Manager: list: Listing contexts for virtual host 'localhost'
04-Nov-2023 18:16:33.302 INFO [http-nio-8089-exec-96] org.apache.catalina.core.ApplicationContext.log Manager: restart: Reloading web application '/Tienda'
04-Nov-2023 18:17:59.860 INFO [http-nio-8089-exec-90] org.apache.catalina.core.ApplicationContext.log Manager: list: Listing contexts for virtual host 'localhost'
04-Nov-2023 18:17:59.893 INFO [http-nio-8089-exec-108] org.apache.catalina.core.ApplicationContext.log Manager: restart: Reloading web application '/Tienda'
04-Nov-2023 18:20:42.761 INFO [http-nio-8089-exec-114] org.apache.catalina.core.ApplicationContext.log Manager: list: Listing contexts for virtual host 'localhost'
04-Nov-2023 18:20:42.797 INFO [http-nio-8089-exec-114] org.apache.catalina.core.ApplicationContext.log Manager: restart: Reloading web application '/Tienda'
04-Nov-2023 18:21:33.831 INFO [http-nio-8089-exec-117] org.apache.catalina.core.ApplicationContext.log Manager: list: Listing contexts for virtual host 'localhost'
04-Nov-2023 18:21:33.881 INFO [http-nio-8089-exec-113] org.apache.catalina.core.ApplicationContext.log Manager: restart: Reloading web application '/Tienda'
04-Nov-2023 18:21:38.987 INFO [http-nio-8089-exec-109] org.apache.catalina.core.ApplicationContext.log Manager: list: Listing contexts for virtual host 'localhost'
04-Nov-2023 18:21:39.099 INFO [http-nio-8089-exec-116] org.apache.catalina.core.ApplicationContext.log Manager: restart: Reloading web application '/Tienda'
04-Nov-2023 18:22:00.125 INFO [http-nio-8089-exec-117] org.apache.catalina.core.ApplicationContext.log Manager: list: Listing contexts for virtual host 'localhost'
04-Nov-2023 18:22:00.167 INFO [http-nio-8089-exec-115] org.apache.catalina.core.ApplicationContext.log Manager: restart: Reloading web application '/Tienda'
04-Nov-2023 18:22:06.651 INFO [http-nio-8089-exec-121] org.apache.catalina.core.ApplicationContext.log Manager: list: Listing contexts for virtual host 'localhost'
04-Nov-2023 18:22:06.670 INFO [http-nio-8089-exec-122] org.apache.catalina.core.ApplicationContext.log Manager: restart: Reloading web application '/Tienda'
04-Nov-2023 18:23:32.450 INFO [http-nio-8089-exec-128] org.apache.catalina.core.ApplicationContext.log Manager: list: Listing contexts for virtual host 'localhost'
04-Nov-2023 18:23:32.473 INFO [http-nio-8089-exec-100] org.apache.catalina.core.ApplicationContext.log Manager: restart: Reloading web application '/Tienda'
04-Nov-2023 18:23:53.462 INFO [http-nio-8089-exec-127] org.apache.catalina.core.ApplicationContext.log Manager: list: Listing contexts for virtual host 'localhost'
04-Nov-2023 18:23:53.484 INFO [http-nio-8089-exec-117] org.apache.catalina.core.ApplicationContext.log Manager: restart: Reloading web application '/Tienda'
04-Nov-2023 18:24:15.118 INFO [http-nio-8089-exec-127] org.apache.catalina.core.ApplicationContext.log Manager: list: Listing contexts for virtual host 'localhost'
04-Nov-2023 18:24:15.159 INFO [http-nio-8089-exec-128] org.apache.catalina.core.ApplicationContext.log Manager: restart: Reloading web application '/Tienda'
04-Nov-2023 18:24:35.723 INFO [http-nio-8089-exec-127] org.apache.catalina.core.ApplicationContext.log Manager: list: Listing contexts for virtual host 'localhost'
04-Nov-2023 18:25:13.838 INFO [http-nio-8089-exec-136] org.apache.catalina.core.ApplicationContext.log Manager: list: Listing contexts for virtual host 'localhost'
04-Nov-2023 18:26:23.404 INFO [http-nio-8089-exec-137] org.apache.catalina.core.ApplicationContext.log Manager: list: Listing contexts for virtual host 'localhost'
04-Nov-2023 18:26:25.147 INFO [152] org.apache.catalina.core.ApplicationContext.log Manager: list: Listing contexts for virtual host 'localhost'
04-Nov-2023 18:26:33.267 INFO [http-nio-8089-exec-139] org.apache.catalina.core.ApplicationContext.log Manager: list: Listing contexts for virtual host 'localhost'
04-Nov-2023 18:26:48.358 INFO [http-nio-8089-exec-138] org.apache.catalina.core.ApplicationContext.log Manager: list: Listing contexts for virtual host 'localhost'
04-Nov-2023 18:26:48.578 INFO [http-nio-8089-exec-134] org.apache.catalina.core.ApplicationContext.log Manager: list: Listing contexts for virtual host 'localhost'
04-Nov-2023 18:26:58.186 INFO [http-nio-8089-exec-137] org.apache.catalina.core.ApplicationContext.log Manager: list: Listing contexts for virtual host 'localhost'
04-Nov-2023 18:27:52.396 INFO [http-nio-8089-exec-136] org.apache.catalina.core.ApplicationContext.log Manager: list: Listing contexts for virtual host 'localhost'
04-Nov-2023 18:27:52.444 INFO [http-nio-8089-exec-136] org.apache.catalina.core.ApplicationContext.log Manager: restart: Reloading web application '/Tienda'
04-Nov-2023 18:28:04.252 INFO [http-nio-8089-exec-142] org.apache.catalina.core.ApplicationContext.log Manager: list: Listing contexts for virtual host 'localhost'
04-Nov-2023 18:28:04.666 INFO [http-nio-8089-exec-134] org.apache.catalina.core.ApplicationContext.log Manager: restart: Reloading web application '/Tienda'
04-Nov-2023 18:28:16.607 INFO [http-nio-8089-exec-140] org.apache.catalina.core.ApplicationContext.log Manager: list: Listing contexts for virtual host 'localhost'
04-Nov-2023 18:28:16.659 INFO [http-nio-8089-exec-138] org.apache.catalina.core.ApplicationContext.log Manager: restart: Reloading web application '/Tienda'
04-Nov-2023 18:29:05.332 INFO [http-nio-8089-exec-148] org.apache.catalina.core.ApplicationContext.log Manager: list: Listing contexts for virtual host 'localhost'
04-Nov-2023 18:29:05.351 INFO [http-nio-8089-exec-135] org.apache.catalina.core.ApplicationContext.log Manager: restart: Reloading web application '/Tienda'
04-Nov-2023 18:29:21.695 INFO [http-nio-8089-exec-149] org.apache.catalina.core.ApplicationContext.log Manager: list: Listing contexts for virtual host 'localhost'
04-Nov-2023 18:29:21.737 INFO [http-nio-8089-exec-148] org.apache.catalina.core.ApplicationContext.log Manager: restart: Reloading web application '/Tienda'
04-Nov-2023 18:29:56.891 INFO [http-nio-8089-exec-153] org.apache.catalina.core.ApplicationContext.log Manager: list: Listing contexts for virtual host 'localhost'
04-Nov-2023 18:29:56.920 INFO [http-nio-8089-exec-152] org.apache.catalina.core.ApplicationContext.log Manager: restart: Reloading web application '/Tienda'
04-Nov-2023 18:32:40.579 INFO [http-nio-8089-exec-160] org.apache.catalina.core.ApplicationContext.log Manager: list: Listing contexts for virtual host 'localhost'
04-Nov-2023 18:32:40.620 INFO [http-nio-8089-exec-161] org.apache.catalina.core.ApplicationContext.log Manager: restart: Reloading web application '/Tienda'
04-Nov-2023 18:34:00.524 INFO [http-nio-8089-exec-169] org.apache.catalina.core.ApplicationContext.log Manager: list: Listing contexts for virtual host 'localhost'
04-Nov-2023 18:34:00.546 INFO [http-nio-8089-exec-170] org.apache.catalina.core.ApplicationContext.log Manager: restart: Reloading web application '/Tienda'
04-Nov-2023 18:34:36.831 INFO [http-nio-8089-exec-164] org.apache.catalina.core.ApplicationContext.log Manager: list: Listing contexts for virtual host 'localhost'
04-Nov-2023 18:34:36.848 INFO [http-nio-8089-exec-164] org.apache.catalina.core.ApplicationContext.log Manager: restart: Reloading web application '/Tienda'
04-Nov-2023 18:34:48.084 INFO [http-nio-8089-exec-167] org.apache.catalina.core.ApplicationContext.log Manager: list: Listing contexts for virtual host 'localhost'
04-Nov-2023 18:34:48.104 INFO [http-nio-8089-exec-171] org.apache.catalina.core.ApplicationContext.log Manager: restart: Reloading web application '/Tienda'
04-Nov-2023 18:35:49.045 INFO [http-nio-8089-exec-187] org.apache.catalina.core.ApplicationContext.log Manager: list: Listing contexts for virtual host 'localhost'
04-Nov-2023 18:37:20.878 INFO [http-nio-8089-exec-184] org.apache.catalina.core.ApplicationContext.log Manager: list: Listing contexts for virtual host 'localhost'
04-Nov-2023 18:38:03.128 INFO [http-nio-8089-exec-184] org.apache.catalina.core.ApplicationContext.log Manager: list: Listing contexts for virtual host 'localhost'
04-Nov-2023 18:38:03.141 INFO [http-nio-8089-exec-192] org.apache.catalina.core.ApplicationContext.log Manager: list: Listing contexts for virtual host 'localhost'
04-Nov-2023 18:38:03.264 INFO [http-nio-8089-exec-187] org.apache.catalina.core.ApplicationContext.log Manager: undeploy: Undeploying web application at '/Tienda'
04-Nov-2023 18:38:04.381 INFO [http-nio-8089-exec-185] org.apache.catalina.core.ApplicationContext.log Manager: install: Installing context configuration at 'file:/C:/Users/karin/AppData/Local/Temp/context2973094113041971973.xml'
04-Nov-2023 18:38:07.113 INFO [http-nio-8089-exec-185] org.apache.catalina.core.ApplicationContext.log Manager: start: Starting web application '/Tienda'
04-Nov-2023 18:38:25.305 INFO [http-nio-8089-exec-193] org.apache.catalina.core.ApplicationContext.log Manager: list: Listing contexts for virtual host 'localhost'
04-Nov-2023 18:38:34.826 INFO [http-nio-8089-exec-189] org.apache.catalina.core.ApplicationContext.log Manager: list: Listing contexts for virtual host 'localhost'
04-Nov-2023 18:38:40.336 INFO [http-nio-8089-exec-195] org.apache.catalina.core.ApplicationContext.log Manager: list: Listing contexts for virtual host 'localhost'
04-Nov-2023 18:38:50.944 INFO [http-nio-8089-exec-196] org.apache.catalina.core.ApplicationContext.log Manager: list: Listing contexts for virtual host 'localhost'
04-Nov-2023 18:39:14.584 INFO [http-nio-8089-exec-199] org.apache.catalina.core.ApplicationContext.log Manager: list: Listing contexts for virtual host 'localhost'
04-Nov-2023 18:40:02.654 INFO [http-nio-8089-exec-200] org.apache.catalina.core.ApplicationContext.log Manager: list: Listing contexts for virtual host 'localhost'
04-Nov-2023 18:40:44.360 INFO [http-nio-8089-exec-202] org.apache.catalina.core.ApplicationContext.log Manager: list: Listing contexts for virtual host 'localhost'
04-Nov-2023 20:40:36.484 INFO [http-nio-8089-exec-202] org.apache.catalina.core.ApplicationContext.log Manager: list: Listing contexts for virtual host 'localhost'
04-Nov-2023 20:40:36.522 INFO [http-nio-8089-exec-202] org.apache.catalina.core.ApplicationContext.log Manager: restart: Reloading web application '/Tienda'
04-Nov-2023 20:40:45.827 INFO [http-nio-8089-exec-196] org.apache.catalina.core.ApplicationContext.log Manager: list: Listing contexts for virtual host 'localhost'
04-Nov-2023 20:40:45.847 INFO [http-nio-8089-exec-200] org.apache.catalina.core.ApplicationContext.log Manager: restart: Reloading web application '/Tienda'
04-Nov-2023 20:40:54.392 INFO [http-nio-8089-exec-203] org.apache.catalina.core.ApplicationContext.log Manager: list: Listing contexts for virtual host 'localhost'
04-Nov-2023 20:40:54.411 INFO [http-nio-8089-exec-199] org.apache.catalina.core.ApplicationContext.log Manager: restart: Reloading web application '/Tienda'
04-Nov-2023 20:41:25.302 INFO [http-nio-8089-exec-207] org.apache.catalina.core.ApplicationContext.log Manager: list: Listing contexts for virtual host 'localhost'
04-Nov-2023 20:41:25.323 INFO [http-nio-8089-exec-205] org.apache.catalina.core.ApplicationContext.log Manager: restart: Reloading web application '/Tienda'
04-Nov-2023 20:41:31.372 INFO [http-nio-8089-exec-206] org.apache.catalina.core.ApplicationContext.log Manager: list: Listing contexts for virtual host 'localhost'
04-Nov-2023 20:41:31.391 INFO [http-nio-8089-exec-206] org.apache.catalina.core.ApplicationContext.log Manager: restart: Reloading web application '/Tienda'
04-Nov-2023 20:41:50.847 INFO [http-nio-8089-exec-207] org.apache.catalina.core.ApplicationContext.log Manager: list: Listing contexts for virtual host 'localhost'
04-Nov-2023 20:41:50.867 INFO [http-nio-8089-exec-211] org.apache.catalina.core.ApplicationContext.log Manager: restart: Reloading web application '/Tienda'
04-Nov-2023 20:42:12.711 INFO [http-nio-8089-exec-207] org.apache.catalina.core.ApplicationContext.log Manager: list: Listing contexts for virtual host 'localhost'
04-Nov-2023 20:42:13.589 INFO [http-nio-8089-exec-195] org.apache.catalina.core.ApplicationContext.log Manager: restart: Reloading web application '/Tienda'
04-Nov-2023 20:42:59.441 INFO [http-nio-8089-exec-223] org.apache.catalina.core.ApplicationContext.log Manager: list: Listing contexts for virtual host 'localhost'
04-Nov-2023 20:42:59.476 INFO [http-nio-8089-exec-225] org.apache.catalina.core.ApplicationContext.log Manager: restart: Reloading web application '/Tienda'
04-Nov-2023 20:44:20.857 INFO [http-nio-8089-exec-226] org.apache.catalina.core.ApplicationContext.log Manager: list: Listing contexts for virtual host 'localhost'
04-Nov-2023 20:44:20.910 INFO [http-nio-8089-exec-222] org.apache.catalina.core.ApplicationContext.log Manager: restart: Reloading web application '/Tienda'
04-Nov-2023 20:45:05.498 INFO [http-nio-8089-exec-220] org.apache.catalina.core.ApplicationContext.log Manager: list: Listing contexts for virtual host 'localhost'
04-Nov-2023 20:45:05.614 INFO [http-nio-8089-exec-227] org.apache.catalina.core.ApplicationContext.log Manager: restart: Reloading web application '/Tienda'
04-Nov-2023 20:45:42.741 INFO [http-nio-8089-exec-230] org.apache.catalina.core.ApplicationContext.log Manager: list: Listing contexts for virtual host 'localhost'
04-Nov-2023 20:45:42.764 INFO [http-nio-8089-exec-197] org.apache.catalina.core.ApplicationContext.log Manager: restart: Reloading web application '/Tienda'
04-Nov-2023 20:46:17.950 INFO [http-nio-8089-exec-234] org.apache.catalina.core.ApplicationContext.log Manager: list: Listing contexts for virtual host 'localhost'
04-Nov-2023 20:46:17.972 INFO [http-nio-8089-exec-233] org.apache.catalina.core.ApplicationContext.log Manager: restart: Reloading web application '/Tienda'
04-Nov-2023 20:47:20.417 INFO [http-nio-8089-exec-234] org.apache.catalina.core.ApplicationContext.log Manager: list: Listing contexts for virtual host 'localhost'
04-Nov-2023 20:47:20.435 INFO [http-nio-8089-exec-221] org.apache.catalina.core.ApplicationContext.log Manager: restart: Reloading web application '/Tienda'
04-Nov-2023 20:47:33.639 INFO [http-nio-8089-exec-234] org.apache.catalina.core.ApplicationContext.log Manager: list: Listing contexts for virtual host 'localhost'
04-Nov-2023 20:47:33.655 INFO [http-nio-8089-exec-237] org.apache.catalina.core.ApplicationContext.log Manager: restart: Reloading web application '/Tienda'
04-Nov-2023 20:47:47.741 INFO [http-nio-8089-exec-247] org.apache.catalina.core.ApplicationContext.log Manager: list: Listing contexts for virtual host 'localhost'
04-Nov-2023 20:47:47.759 INFO [http-nio-8089-exec-247] org.apache.catalina.core.ApplicationContext.log Manager: restart: Reloading web application '/Tienda'
04-Nov-2023 20:48:02.760 INFO [http-nio-8089-exec-245] org.apache.catalina.core.ApplicationContext.log Manager: list: Listing contexts for virtual host 'localhost'
04-Nov-2023 20:48:02.806 INFO [http-nio-8089-exec-251] org.apache.catalina.core.ApplicationContext.log Manager: restart: Reloading web application '/Tienda'
04-Nov-2023 20:48:56.609 INFO [http-nio-8089-exec-243] org.apache.catalina.core.ApplicationContext.log Manager: list: Listing contexts for virtual host 'localhost'
04-Nov-2023 20:48:56.627 INFO [http-nio-8089-exec-254] org.apache.catalina.core.ApplicationContext.log Manager: restart: Reloading web application '/Tienda'
04-Nov-2023 20:49:56.588 INFO [http-nio-8089-exec-244] org.apache.catalina.core.ApplicationContext.log Manager: list: Listing contexts for virtual host 'localhost'
04-Nov-2023 20:49:56.685 INFO [http-nio-8089-exec-260] org.apache.catalina.core.ApplicationContext.log Manager: restart: Reloading web application '/Tienda'
04-Nov-2023 20:50:10.553 INFO [http-nio-8089-exec-255] org.apache.catalina.core.ApplicationContext.log Manager: list: Listing contexts for virtual host 'localhost'
04-Nov-2023 20:50:10.876 INFO [http-nio-8089-exec-245] org.apache.catalina.core.ApplicationContext.log Manager: restart: Reloading web application '/Tienda'
04-Nov-2023 20:52:40.000 INFO [http-nio-8089-exec-265] org.apache.catalina.core.ApplicationContext.log Manager: list: Listing contexts for virtual host 'localhost'
04-Nov-2023 20:52:40.041 INFO [http-nio-8089-exec-266] org.apache.catalina.core.ApplicationContext.log Manager: restart: Reloading web application '/Tienda'
04-Nov-2023 20:52:46.057 INFO [http-nio-8089-exec-268] org.apache.catalina.core.ApplicationContext.log Manager: list: Listing contexts for virtual host 'localhost'
04-Nov-2023 20:52:46.093 INFO [http-nio-8089-exec-269] org.apache.catalina.core.ApplicationContext.log Manager: restart: Reloading web application '/Tienda'
04-Nov-2023 20:53:41.852 INFO [http-nio-8089-exec-280] org.apache.catalina.core.ApplicationContext.log Manager: list: Listing contexts for virtual host 'localhost'
04-Nov-2023 20:53:41.871 INFO [http-nio-8089-exec-270] org.apache.catalina.core.ApplicationContext.log Manager: restart: Reloading web application '/Tienda'
04-Nov-2023 20:54:48.280 INFO [http-nio-8089-exec-277] org.apache.catalina.core.ApplicationContext.log Manager: list: Listing contexts for virtual host 'localhost'
04-Nov-2023 20:54:48.356 INFO [http-nio-8089-exec-272] org.apache.catalina.core.ApplicationContext.log Manager: restart: Reloading web application '/Tienda'
04-Nov-2023 20:54:54.290 INFO [http-nio-8089-exec-279] org.apache.catalina.core.ApplicationContext.log Manager: list: Listing contexts for virtual host 'localhost'
04-Nov-2023 20:54:54.313 INFO [http-nio-8089-exec-281] org.apache.catalina.core.ApplicationContext.log Manager: restart: Reloading web application '/Tienda'
04-Nov-2023 20:55:18.119 INFO [http-nio-8089-exec-279] org.apache.catalina.core.ApplicationContext.log Manager: list: Listing contexts for virtual host 'localhost'
04-Nov-2023 20:55:18.141 INFO [http-nio-8089-exec-282] org.apache.catalina.core.ApplicationContext.log Manager: restart: Reloading web application '/Tienda'
04-Nov-2023 20:56:19.822 INFO [http-nio-8089-exec-274] org.apache.catalina.core.ApplicationContext.log Manager: list: Listing contexts for virtual host 'localhost'
04-Nov-2023 20:56:19.852 INFO [http-nio-8089-exec-293] org.apache.catalina.core.ApplicationContext.log Manager: restart: Reloading web application '/Tienda'
04-Nov-2023 20:57:29.252 INFO [http-nio-8089-exec-290] org.apache.catalina.core.ApplicationContext.log Manager: list: Listing contexts for virtual host 'localhost'
04-Nov-2023 20:57:29.391 INFO [http-nio-8089-exec-298] org.apache.catalina.core.ApplicationContext.log Manager: restart: Reloading web application '/Tienda'
04-Nov-2023 20:58:22.328 INFO [http-nio-8089-exec-290] org.apache.catalina.core.ApplicationContext.log Manager: list: Listing contexts for virtual host 'localhost'
04-Nov-2023 20:58:22.368 INFO [http-nio-8089-exec-299] org.apache.catalina.core.ApplicationContext.log Manager: restart: Reloading web application '/Tienda'
04-Nov-2023 20:59:56.944 INFO [http-nio-8089-exec-307] org.apache.catalina.core.ApplicationContext.log Manager: list: Listing contexts for virtual host 'localhost'
04-Nov-2023 20:59:56.969 INFO [http-nio-8089-exec-311] org.apache.catalina.core.ApplicationContext.log Manager: restart: Reloading web application '/Tienda'
04-Nov-2023 21:00:43.686 INFO [http-nio-8089-exec-317] org.apache.catalina.core.ApplicationContext.log Manager: list: Listing contexts for virtual host 'localhost'
04-Nov-2023 21:00:43.774 INFO [http-nio-8089-exec-309] org.apache.catalina.core.ApplicationContext.log Manager: restart: Reloading web application '/Tienda'
04-Nov-2023 21:00:51.836 INFO [http-nio-8089-exec-321] org.apache.catalina.core.ApplicationContext.log Manager: list: Listing contexts for virtual host 'localhost'
04-Nov-2023 21:00:51.920 INFO [http-nio-8089-exec-318] org.apache.catalina.core.ApplicationContext.log Manager: restart: Reloading web application '/Tienda'
04-Nov-2023 21:01:19.137 INFO [http-nio-8089-exec-315] org.apache.catalina.core.ApplicationContext.log Manager: list: Listing contexts for virtual host 'localhost'
04-Nov-2023 21:01:19.154 INFO [http-nio-8089-exec-324] org.apache.catalina.core.ApplicationContext.log Manager: restart: Reloading web application '/Tienda'
04-Nov-2023 21:03:36.835 INFO [http-nio-8089-exec-332] org.apache.catalina.core.ApplicationContext.log Manager: list: Listing contexts for virtual host 'localhost'
04-Nov-2023 21:03:36.855 INFO [http-nio-8089-exec-335] org.apache.catalina.core.ApplicationContext.log Manager: restart: Reloading web application '/Tienda'
04-Nov-2023 21:03:39.926 INFO [http-nio-8089-exec-336] org.apache.catalina.core.ApplicationContext.log Manager: list: Listing contexts for virtual host 'localhost'
04-Nov-2023 21:03:39.995 INFO [http-nio-8089-exec-338] org.apache.catalina.core.ApplicationContext.log Manager: restart: Reloading web application '/Tienda'
04-Nov-2023 21:03:48.352 INFO [http-nio-8089-exec-336] org.apache.catalina.core.ApplicationContext.log Manager: list: Listing contexts for virtual host 'localhost'
04-Nov-2023 21:03:48.395 INFO [http-nio-8089-exec-331] org.apache.catalina.core.ApplicationContext.log Manager: restart: Reloading web application '/Tienda'
04-Nov-2023 21:03:53.561 INFO [http-nio-8089-exec-330] org.apache.catalina.core.ApplicationContext.log Manager: list: Listing contexts for virtual host 'localhost'
04-Nov-2023 21:03:53.577 INFO [http-nio-8089-exec-343] org.apache.catalina.core.ApplicationContext.log Manager: restart: Reloading web application '/Tienda'
04-Nov-2023 21:04:13.858 INFO [http-nio-8089-exec-344] org.apache.catalina.core.ApplicationContext.log Manager: list: Listing contexts for virtual host 'localhost'
04-Nov-2023 21:04:13.875 INFO [http-nio-8089-exec-344] org.apache.catalina.core.ApplicationContext.log Manager: restart: Reloading web application '/Tienda'
04-Nov-2023 21:04:23.102 INFO [http-nio-8089-exec-342] org.apache.catalina.core.ApplicationContext.log Manager: list: Listing contexts for virtual host 'localhost'
04-Nov-2023 21:04:23.146 INFO [http-nio-8089-exec-336] org.apache.catalina.core.ApplicationContext.log Manager: restart: Reloading web application '/Tienda'
04-Nov-2023 21:04:29.097 INFO [http-nio-8089-exec-332] org.apache.catalina.core.ApplicationContext.log Manager: list: Listing contexts for virtual host 'localhost'
04-Nov-2023 21:04:29.130 INFO [http-nio-8089-exec-342] org.apache.catalina.core.ApplicationContext.log Manager: restart: Reloading web application '/Tienda'
04-Nov-2023 21:05:01.461 INFO [http-nio-8089-exec-350] org.apache.catalina.core.ApplicationContext.log Manager: list: Listing contexts for virtual host 'localhost'
04-Nov-2023 21:05:01.508 INFO [http-nio-8089-exec-349] org.apache.catalina.core.ApplicationContext.log Manager: restart: Reloading web application '/Tienda'
04-Nov-2023 21:05:18.002 INFO [http-nio-8089-exec-348] org.apache.catalina.core.ApplicationContext.log Manager: list: Listing contexts for virtual host 'localhost'
04-Nov-2023 21:05:18.019 INFO [http-nio-8089-exec-348] org.apache.catalina.core.ApplicationContext.log Manager: restart: Reloading web application '/Tienda'
04-Nov-2023 21:05:22.872 INFO [http-nio-8089-exec-341] org.apache.catalina.core.ApplicationContext.log Manager: list: Listing contexts for virtual host 'localhost'
04-Nov-2023 21:05:22.887 INFO [http-nio-8089-exec-353] org.apache.catalina.core.ApplicationContext.log Manager: restart: Reloading web application '/Tienda'
04-Nov-2023 21:05:26.799 INFO [http-nio-8089-exec-339] org.apache.catalina.core.ApplicationContext.log Manager: list: Listing contexts for virtual host 'localhost'
04-Nov-2023 21:05:27.061 INFO [http-nio-8089-exec-341] org.apache.catalina.core.ApplicationContext.log Manager: restart: Reloading web application '/Tienda'
04-Nov-2023 21:09:33.474 INFO [http-nio-8089-exec-360] org.apache.catalina.core.ApplicationContext.log Manager: list: Listing contexts for virtual host 'localhost'
04-Nov-2023 21:09:33.501 INFO [http-nio-8089-exec-358] org.apache.catalina.core.ApplicationContext.log Manager: restart: Reloading web application '/Tienda'
04-Nov-2023 21:09:45.029 INFO [http-nio-8089-exec-360] org.apache.catalina.core.ApplicationContext.log Manager: list: Listing contexts for virtual host 'localhost'
04-Nov-2023 21:09:45.042 INFO [http-nio-8089-exec-355] org.apache.catalina.core.ApplicationContext.log Manager: restart: Reloading web application '/Tienda'
04-Nov-2023 21:09:52.232 INFO [http-nio-8089-exec-364] org.apache.catalina.core.ApplicationContext.log Manager: list: Listing contexts for virtual host 'localhost'
04-Nov-2023 21:09:52.251 INFO [http-nio-8089-exec-366] org.apache.catalina.core.ApplicationContext.log Manager: restart: Reloading web application '/Tienda'
04-Nov-2023 21:10:06.055 INFO [http-nio-8089-exec-367] org.apache.catalina.core.ApplicationContext.log Manager: list: Listing contexts for virtual host 'localhost'
04-Nov-2023 21:10:06.092 INFO [http-nio-8089-exec-365] org.apache.catalina.core.ApplicationContext.log Manager: restart: Reloading web application '/Tienda'
04-Nov-2023 21:10:50.531 INFO [http-nio-8089-exec-369] org.apache.catalina.core.ApplicationContext.log Manager: list: Listing contexts for virtual host 'localhost'
04-Nov-2023 21:10:50.553 INFO [http-nio-8089-exec-361] org.apache.catalina.core.ApplicationContext.log Manager: restart: Reloading web application '/Tienda'
04-Nov-2023 21:10:56.843 INFO [http-nio-8089-exec-369] org.apache.catalina.core.ApplicationContext.log Manager: list: Listing contexts for virtual host 'localhost'
04-Nov-2023 21:10:56.870 INFO [http-nio-8089-exec-364] org.apache.catalina.core.ApplicationContext.log Manager: restart: Reloading web application '/Tienda'
04-Nov-2023 21:11:26.041 INFO [http-nio-8089-exec-376] org.apache.catalina.core.ApplicationContext.log Manager: list: Listing contexts for virtual host 'localhost'
04-Nov-2023 21:11:26.100 INFO [http-nio-8089-exec-380] org.apache.catalina.core.ApplicationContext.log Manager: restart: Reloading web application '/Tienda'
04-Nov-2023 21:11:58.607 INFO [http-nio-8089-exec-381] org.apache.catalina.core.ApplicationContext.log Manager: list: Listing contexts for virtual host 'localhost'
04-Nov-2023 21:11:58.637 INFO [http-nio-8089-exec-381] org.apache.catalina.core.ApplicationContext.log Manager: restart: Reloading web application '/Tienda'
04-Nov-2023 21:12:06.067 INFO [http-nio-8089-exec-385] org.apache.catalina.core.ApplicationContext.log Manager: list: Listing contexts for virtual host 'localhost'
04-Nov-2023 21:12:06.088 INFO [http-nio-8089-exec-375] org.apache.catalina.core.ApplicationContext.log Manager: restart: Reloading web application '/Tienda'
04-Nov-2023 21:12:12.586 INFO [http-nio-8089-exec-374] org.apache.catalina.core.ApplicationContext.log Manager: list: Listing contexts for virtual host 'localhost'
04-Nov-2023 21:12:12.605 INFO [http-nio-8089-exec-370] org.apache.catalina.core.ApplicationContext.log Manager: restart: Reloading web application '/Tienda'
04-Nov-2023 21:12:19.797 INFO [http-nio-8089-exec-371] org.apache.catalina.core.ApplicationContext.log Manager: list: Listing contexts for virtual host 'localhost'
04-Nov-2023 21:12:19.835 INFO [http-nio-8089-exec-371] org.apache.catalina.core.ApplicationContext.log Manager: restart: Reloading web application '/Tienda'
04-Nov-2023 21:14:28.885 INFO [http-nio-8089-exec-393] org.apache.catalina.core.ApplicationContext.log Manager: list: Listing contexts for virtual host 'localhost'
04-Nov-2023 21:14:28.936 INFO [http-nio-8089-exec-376] org.apache.catalina.core.ApplicationContext.log Manager: restart: Reloading web application '/Tienda'
04-Nov-2023 21:14:42.841 INFO [http-nio-8089-exec-390] org.apache.catalina.core.ApplicationContext.log Manager: list: Listing contexts for virtual host 'localhost'
04-Nov-2023 21:14:42.859 INFO [http-nio-8089-exec-394] org.apache.catalina.core.ApplicationContext.log Manager: restart: Reloading web application '/Tienda'
04-Nov-2023 21:15:20.966 INFO [http-nio-8089-exec-387] org.apache.catalina.core.ApplicationContext.log Manager: list: Listing contexts for virtual host 'localhost'
04-Nov-2023 21:15:20.992 INFO [http-nio-8089-exec-393] org.apache.catalina.core.ApplicationContext.log Manager: restart: Reloading web application '/Tienda'
04-Nov-2023 21:17:32.167 INFO [http-nio-8089-exec-407] org.apache.catalina.core.ApplicationContext.log Manager: list: Listing contexts for virtual host 'localhost'
04-Nov-2023 21:17:32.206 INFO [http-nio-8089-exec-408] org.apache.catalina.core.ApplicationContext.log Manager: restart: Reloading web application '/Tienda'
