14-Nov-2023 11:28:54.193 INFO [http-nio-8089-exec-6] org.apache.catalina.core.ApplicationContext.log Manager: init: Associated with Deployer 'Catalina:type=Deployer,host=localhost'
14-Nov-2023 11:28:54.194 INFO [http-nio-8089-exec-6] org.apache.catalina.core.ApplicationContext.log Manager: init: Global resources are available
14-Nov-2023 11:28:54.250 INFO [http-nio-8089-exec-9] org.apache.catalina.core.ApplicationContext.log Manager: list: Listing contexts for virtual host 'localhost'
14-Nov-2023 11:28:54.260 INFO [http-nio-8089-exec-10] org.apache.catalina.core.ApplicationContext.log Manager: undeploy: Undeploying web application at '/Tienda'
14-Nov-2023 11:28:55.835 INFO [http-nio-8089-exec-6] org.apache.catalina.core.ApplicationContext.log Manager: install: Installing context configuration at 'file:/C:/Users/ET36/AppData/Local/Temp/context7863711994310583556.xml'
14-Nov-2023 11:28:56.318 INFO [http-nio-8089-exec-8] org.apache.catalina.core.ApplicationContext.log Manager: start: Starting web application '/Tienda'
14-Nov-2023 11:29:51.714 INFO [http-nio-8089-exec-17] org.apache.catalina.core.ApplicationContext.log Manager: list: Listing contexts for virtual host 'localhost'
14-Nov-2023 11:29:51.734 INFO [http-nio-8089-exec-12] org.apache.catalina.core.ApplicationContext.log Manager: restart: Reloading web application '/Tienda'
14-Nov-2023 11:30:36.873 INFO [http-nio-8089-exec-5] org.apache.catalina.core.ApplicationContext.log Manager: list: Listing contexts for virtual host 'localhost'
14-Nov-2023 11:30:36.877 INFO [http-nio-8089-exec-2] org.apache.catalina.core.ApplicationContext.log Manager: restart: Reloading web application '/Tienda'
14-Nov-2023 11:31:27.103 INFO [http-nio-8089-exec-15] org.apache.catalina.core.ApplicationContext.log Manager: list: Listing contexts for virtual host 'localhost'
14-Nov-2023 11:31:27.107 INFO [http-nio-8089-exec-18] org.apache.catalina.core.ApplicationContext.log Manager: restart: Reloading web application '/Tienda'
14-Nov-2023 11:35:13.247 INFO [http-nio-8089-exec-30] org.apache.catalina.core.ApplicationContext.log Manager: list: Listing contexts for virtual host 'localhost'
14-Nov-2023 11:35:13.252 INFO [http-nio-8089-exec-31] org.apache.catalina.core.ApplicationContext.log Manager: restart: Reloading web application '/Tienda'
14-Nov-2023 11:38:00.583 INFO [http-nio-8089-exec-33] org.apache.catalina.core.ApplicationContext.log Manager: list: Listing contexts for virtual host 'localhost'
14-Nov-2023 11:38:12.026 INFO [http-nio-8089-exec-27] org.apache.catalina.core.ApplicationContext.log Manager: list: Listing contexts for virtual host 'localhost'
14-Nov-2023 11:38:47.585 INFO [http-nio-8089-exec-38] org.apache.catalina.core.ApplicationContext.log Manager: list: Listing contexts for virtual host 'localhost'
14-Nov-2023 11:40:13.716 INFO [http-nio-8089-exec-41] org.apache.catalina.core.ApplicationContext.log Manager: list: Listing contexts for virtual host 'localhost'
14-Nov-2023 11:40:13.721 INFO [http-nio-8089-exec-40] org.apache.catalina.core.ApplicationContext.log Manager: restart: Reloading web application '/Tienda'
14-Nov-2023 11:41:15.189 INFO [http-nio-8089-exec-47] org.apache.catalina.core.ApplicationContext.log Manager: list: Listing contexts for virtual host 'localhost'
14-Nov-2023 11:41:34.721 INFO [http-nio-8089-exec-39] org.apache.catalina.core.ApplicationContext.log Manager: list: Listing contexts for virtual host 'localhost'
14-Nov-2023 11:42:16.083 INFO [http-nio-8089-exec-49] org.apache.catalina.core.ApplicationContext.log Manager: list: Listing contexts for virtual host 'localhost'
14-Nov-2023 11:44:51.296 INFO [http-nio-8089-exec-46] org.apache.catalina.core.ApplicationContext.log Manager: list: Listing contexts for virtual host 'localhost'
14-Nov-2023 11:44:51.298 INFO [http-nio-8089-exec-48] org.apache.catalina.core.ApplicationContext.log Manager: list: Listing contexts for virtual host 'localhost'
14-Nov-2023 11:44:51.315 INFO [http-nio-8089-exec-50] org.apache.catalina.core.ApplicationContext.log Manager: restart: Reloading web application '/Tienda'
